

================================================================
== Vivado HLS Report for 'rgb2yuv'
================================================================
* Date:           Wed Apr 20 15:46:13 2022

* Version:        2017.2 (Build 1909853 on Thu Jun 15 18:55:24 MDT 2017)
* Project:        yuv_filter.prj
* Solution:       solution2
* Product family: zynq
* Target device:  xc7z010clg400-1


================================================================
== Performance Estimates
================================================================
+ Timing (ns): 
    * Summary: 
    +--------+-------+----------+------------+
    |  Clock | Target| Estimated| Uncertainty|
    +--------+-------+----------+------------+
    |ap_clk  |   8.00|      8.77|        1.00|
    +--------+-------+----------+------------+

+ Latency (clock cycles): 
    * Summary: 
    +-------+---------+-------+---------+---------+
    |     Latency     |     Interval    | Pipeline|
    |  min  |   max   |  min  |   max   |   Type  |
    +-------+---------+-------+---------+---------+
    |  40010|  2457610|  40010|  2457610|   none  |
    +-------+---------+-------+---------+---------+

    + Detail: 
        * Instance: 
        N/A

        * Loop: 
        +---------------------------------+-------+---------+----------+-----------+-----------+-----------------+----------+
        |                                 |     Latency     | Iteration|  Initiation Interval  |       Trip      |          |
        |            Loop Name            |  min  |   max   |  Latency |  achieved |   target  |      Count      | Pipelined|
        +---------------------------------+-------+---------+----------+-----------+-----------+-----------------+----------+
        |- RGB2YUV_LOOP_X_RGB2YUV_LOOP_Y  |  40008|  2457608|        10|          1|          1| 40000 ~ 2457600 |    yes   |
        +---------------------------------+-------+---------+----------+-----------+-----------+-----------------+----------+

============================================================
+ Verbose Summary: Synthesis Manager
============================================================
InlineROM: 1
ExposeGlobal: 0
============================================================
+ Verbose Summary: CDFG Model
============================================================
IsTopModel: 0
ResetActiveHigh: 1
IsCombinational: 0
IsDatapathOnly: 0
HasWiredReturn: 1
HasMFsm: 0
HasVarLatency: 1
IsPipeline: 0
IsRtlPipelined: 0
IsInstanceOverlapped: 0
IsDontTouch: 0
HasImplIP: 0
IsGatedGlobalClock: 0

+ Individual pipeline summary: 
  * Pipeline-0: initiation interval (II) = 1, depth = 10


============================================================
+ Verbose Summary: Schedule
============================================================
* Number of FSM states: 12
* Pipeline: 1
  Pipeline-0: II = 1, D = 10, States = { 2 3 4 5 6 7 8 9 10 11 }
* Dataflow Pipeline: 0

* FSM state transitions: 
1 --> 
	2  / true
2 --> 
	12  / (exitcond_flatten)
	3  / (!exitcond_flatten)
3 --> 
	4  / true
4 --> 
	5  / true
5 --> 
	6  / true
6 --> 
	7  / true
7 --> 
	8  / true
8 --> 
	9  / true
9 --> 
	10  / true
10 --> 
	11  / true
11 --> 
	2  / true
12 --> 
* FSM state operations: 

 <State 1>: 6.38ns
ST_1: in_height_read11 (9)  [1/1] 0.00ns
:0  %in_height_read11 = call i16 @_ssdm_op_Read.ap_auto.i16(i16 %in_height_read)

ST_1: in_width_read_3 (10)  [1/1] 0.00ns
:1  %in_width_read_3 = call i16 @_ssdm_op_Read.ap_auto.i16(i16 %in_width_read)

ST_1: cast (11)  [1/1] 0.00ns
:2  %cast = zext i16 %in_width_read_3 to i32

ST_1: cast1 (12)  [1/1] 0.00ns
:3  %cast1 = zext i16 %in_height_read11 to i32

ST_1: bound (13)  [1/1] 6.38ns
:4  %bound = mul i32 %cast1, %cast

ST_1: StgValue_18 (14)  [1/1] 1.59ns  loc: yuv_filter.c:49
:5  br label %1


 <State 2>: 5.10ns
ST_2: indvar_flatten (16)  [1/1] 0.00ns
:0  %indvar_flatten = phi i32 [ 0, %0 ], [ %indvar_flatten_next, %.reset ]

ST_2: x (17)  [1/1] 0.00ns  loc: yuv_filter.c:54
:1  %x = phi i16 [ 0, %0 ], [ %tmp_mid2_v, %.reset ]

ST_2: y (18)  [1/1] 0.00ns
:2  %y = phi i16 [ 0, %0 ], [ %y_3, %.reset ]

ST_2: exitcond_flatten (19)  [1/1] 3.26ns
:3  %exitcond_flatten = icmp eq i32 %indvar_flatten, %bound

ST_2: indvar_flatten_next (20)  [1/1] 2.90ns
:4  %indvar_flatten_next = add i32 %indvar_flatten, 1

ST_2: StgValue_24 (21)  [1/1] 0.00ns
:5  br i1 %exitcond_flatten, label %2, label %.reset

ST_2: x_3 (23)  [1/1] 2.39ns  loc: yuv_filter.c:49
.reset:0  %x_3 = add i16 1, %x

ST_2: exitcond9 (26)  [1/1] 3.03ns  loc: yuv_filter.c:52
.reset:3  %exitcond9 = icmp eq i16 %y, %in_height_read11

ST_2: y_mid2 (27)  [1/1] 2.07ns  loc: yuv_filter.c:52
.reset:4  %y_mid2 = select i1 %exitcond9, i16 0, i16 %y

ST_2: tmp_mid2_v (28)  [1/1] 2.07ns  loc: yuv_filter.c:54
.reset:5  %tmp_mid2_v = select i1 %exitcond9, i16 %x_3, i16 %x

ST_2: tmp (29)  [1/1] 0.00ns  loc: yuv_filter.c:54
.reset:6  %tmp = trunc i16 %tmp_mid2_v to i13

ST_2: tmp_21 (31)  [1/1] 0.00ns  loc: yuv_filter.c:54
.reset:8  %tmp_21 = trunc i16 %tmp_mid2_v to i15


 <State 3>: 4.11ns
ST_3: p_shl_cast (30)  [1/1] 0.00ns  loc: yuv_filter.c:54
.reset:7  %p_shl_cast = call i23 @_ssdm_op_BitConcatenate.i23.i13.i10(i13 %tmp, i10 0)

ST_3: p_shl7_cast (32)  [1/1] 0.00ns  loc: yuv_filter.c:54
.reset:9  %p_shl7_cast = call i23 @_ssdm_op_BitConcatenate.i23.i15.i8(i15 %tmp_21, i8 0)

ST_3: tmp_s (33)  [1/1] 2.05ns  loc: yuv_filter.c:54
.reset:10  %tmp_s = add i23 %p_shl_cast, %p_shl7_cast

ST_3: tmp_cast (37)  [1/1] 0.00ns  loc: yuv_filter.c:54
.reset:14  %tmp_cast = zext i16 %y_mid2 to i23

ST_3: tmp_20 (38)  [1/1] 2.05ns  loc: yuv_filter.c:54
.reset:15  %tmp_20 = add i23 %tmp_cast, %tmp_s

ST_3: y_3 (102)  [1/1] 2.39ns  loc: yuv_filter.c:52
.reset:79  %y_3 = add i16 1, %y_mid2


 <State 4>: 3.25ns
ST_4: tmp_42_cast (39)  [1/1] 0.00ns  loc: yuv_filter.c:54
.reset:16  %tmp_42_cast = zext i23 %tmp_20 to i32

ST_4: in_channels_ch1_addr (40)  [1/1] 0.00ns  loc: yuv_filter.c:54
.reset:17  %in_channels_ch1_addr = getelementptr [2457600 x i8]* %in_channels_ch1, i32 0, i32 %tmp_42_cast

ST_4: in_channels_ch2_addr (41)  [1/1] 0.00ns  loc: yuv_filter.c:55
.reset:18  %in_channels_ch2_addr = getelementptr [2457600 x i8]* %in_channels_ch2, i32 0, i32 %tmp_42_cast

ST_4: in_channels_ch3_addr (42)  [1/1] 0.00ns  loc: yuv_filter.c:56
.reset:19  %in_channels_ch3_addr = getelementptr [2457600 x i8]* %in_channels_ch3, i32 0, i32 %tmp_42_cast

ST_4: R (46)  [4/4] 3.25ns  loc: yuv_filter.c:54
.reset:23  %R = load i8* %in_channels_ch1_addr, align 1

ST_4: G (47)  [4/4] 3.25ns  loc: yuv_filter.c:55
.reset:24  %G = load i8* %in_channels_ch2_addr, align 1

ST_4: B (48)  [4/4] 3.25ns  loc: yuv_filter.c:56
.reset:25  %B = load i8* %in_channels_ch3_addr, align 1


 <State 5>: 3.25ns
ST_5: R (46)  [3/4] 3.25ns  loc: yuv_filter.c:54
.reset:23  %R = load i8* %in_channels_ch1_addr, align 1

ST_5: G (47)  [3/4] 3.25ns  loc: yuv_filter.c:55
.reset:24  %G = load i8* %in_channels_ch2_addr, align 1

ST_5: B (48)  [3/4] 3.25ns  loc: yuv_filter.c:56
.reset:25  %B = load i8* %in_channels_ch3_addr, align 1


 <State 6>: 3.25ns
ST_6: R (46)  [2/4] 3.25ns  loc: yuv_filter.c:54
.reset:23  %R = load i8* %in_channels_ch1_addr, align 1

ST_6: G (47)  [2/4] 3.25ns  loc: yuv_filter.c:55
.reset:24  %G = load i8* %in_channels_ch2_addr, align 1

ST_6: B (48)  [2/4] 3.25ns  loc: yuv_filter.c:56
.reset:25  %B = load i8* %in_channels_ch3_addr, align 1


 <State 7>: 5.58ns
ST_7: R (46)  [1/4] 3.25ns  loc: yuv_filter.c:54
.reset:23  %R = load i8* %in_channels_ch1_addr, align 1

ST_7: G (47)  [1/4] 3.25ns  loc: yuv_filter.c:55
.reset:24  %G = load i8* %in_channels_ch2_addr, align 1

ST_7: B (48)  [1/4] 3.25ns  loc: yuv_filter.c:56
.reset:25  %B = load i8* %in_channels_ch3_addr, align 1

ST_7: tmp_42_cast2 (56)  [1/1] 0.00ns  loc: yuv_filter.c:57
.reset:33  %tmp_42_cast2 = zext i8 %G to i9

ST_7: tmp4 (64)  [1/1] 2.32ns  loc: yuv_filter.c:57
.reset:41  %tmp4 = add i9 128, %tmp_42_cast2


 <State 8>: 8.33ns
ST_8: tmp_40_cast1 (49)  [1/1] 0.00ns  loc: yuv_filter.c:57
.reset:26  %tmp_40_cast1 = zext i8 %R to i16

ST_8: p_shl5 (51)  [1/1] 0.00ns  loc: yuv_filter.c:57
.reset:28  %p_shl5 = call i14 @_ssdm_op_BitConcatenate.i14.i8.i6(i8 %R, i6 0)

ST_8: p_shl5_cast (52)  [1/1] 0.00ns  loc: yuv_filter.c:57
.reset:29  %p_shl5_cast = zext i14 %p_shl5 to i15

ST_8: p_shl6 (53)  [1/1] 0.00ns  loc: yuv_filter.c:57
.reset:30  %p_shl6 = call i9 @_ssdm_op_BitConcatenate.i9.i8.i1(i8 %R, i1 false)

ST_8: p_shl6_cast (54)  [1/1] 0.00ns  loc: yuv_filter.c:57
.reset:31  %p_shl6_cast = zext i9 %p_shl6 to i15

ST_8: tmp_42_cast1 (55)  [1/1] 0.00ns  loc: yuv_filter.c:57
.reset:32  %tmp_42_cast1 = zext i8 %G to i16

ST_8: p_shl4 (57)  [1/1] 0.00ns  loc: yuv_filter.c:57
.reset:34  %p_shl4 = call i15 @_ssdm_op_BitConcatenate.i15.i8.i7(i8 %G, i7 0)

ST_8: p_shl4_cast (58)  [1/1] 0.00ns  loc: yuv_filter.c:57
.reset:35  %p_shl4_cast = zext i15 %p_shl4 to i16

ST_8: tmp_44_cast1 (59)  [1/1] 0.00ns  loc: yuv_filter.c:57
.reset:36  %tmp_44_cast1 = zext i8 %B to i13

ST_8: tmp_22 (60)  [1/1] 3.36ns  loc: yuv_filter.c:57
.reset:37  %tmp_22 = mul i13 25, %tmp_44_cast1

ST_8: tmp2 (61)  [1/1] 2.34ns  loc: yuv_filter.c:57
.reset:38  %tmp2 = add i15 %p_shl6_cast, %p_shl5_cast

ST_8: tmp2_cast (62)  [1/1] 0.00ns  loc: yuv_filter.c:57
.reset:39  %tmp2_cast = zext i15 %tmp2 to i16

ST_8: tmp1 (63)  [1/1] 1.95ns  loc: yuv_filter.c:57
.reset:40  %tmp1 = add i16 %tmp2_cast, %p_shl4_cast

ST_8: tmp4_cast (65)  [1/1] 0.00ns  loc: yuv_filter.c:57
.reset:42  %tmp4_cast = zext i9 %tmp4 to i13

ST_8: tmp3 (66)  [1/1] 3.02ns  loc: yuv_filter.c:57
.reset:43  %tmp3 = add i13 %tmp4_cast, %tmp_22

ST_8: tmp3_cast (67)  [1/1] 0.00ns  loc: yuv_filter.c:57
.reset:44  %tmp3_cast = zext i13 %tmp3 to i16

ST_8: tmp_23 (68)  [1/1] 1.95ns  loc: yuv_filter.c:57
.reset:45  %tmp_23 = add i16 %tmp3_cast, %tmp1

ST_8: tmp_24 (69)  [1/1] 0.00ns  loc: yuv_filter.c:57
.reset:46  %tmp_24 = call i8 @_ssdm_op_PartSelect.i8.i16.i32.i32(i16 %tmp_23, i32 8, i32 15)

ST_8: tmp_26 (73)  [1/1] 6.43ns  loc: yuv_filter.c:58
.reset:50  %tmp_26 = mul i16 -74, %tmp_42_cast1

ST_8: p_shl2 (74)  [1/1] 0.00ns  loc: yuv_filter.c:58
.reset:51  %p_shl2 = call i15 @_ssdm_op_BitConcatenate.i15.i8.i7(i8 %B, i7 0)

ST_8: p_shl2_cast (75)  [1/1] 0.00ns  loc: yuv_filter.c:58
.reset:52  %p_shl2_cast = zext i15 %p_shl2 to i16

ST_8: p_shl3 (76)  [1/1] 0.00ns  loc: yuv_filter.c:58
.reset:53  %p_shl3 = call i12 @_ssdm_op_BitConcatenate.i12.i8.i4(i8 %B, i4 0)

ST_8: p_shl3_cast9 (77)  [1/1] 0.00ns  loc: yuv_filter.c:58
.reset:54  %p_shl3_cast9 = zext i12 %p_shl3 to i13

ST_8: p_shl3_cast (78)  [1/1] 0.00ns  loc: yuv_filter.c:58
.reset:55  %p_shl3_cast = zext i12 %p_shl3 to i16

ST_8: tmp_27 (79)  [1/1] 2.35ns  loc: yuv_filter.c:58
.reset:56  %tmp_27 = sub i16 %p_shl2_cast, %p_shl3_cast

ST_8: tmp_30 (85)  [1/1] 6.43ns  loc: yuv_filter.c:59
.reset:62  %tmp_30 = mul i16 122, %tmp_40_cast1

ST_8: p_neg (87)  [1/1] 2.33ns  loc: yuv_filter.c:58
.reset:64  %p_neg = sub i13 0, %p_shl3_cast9

ST_8: p_neg_cast (88)  [1/1] 0.00ns  loc: yuv_filter.c:58
.reset:65  %p_neg_cast = sext i13 %p_neg to i14

ST_8: p_shl1 (89)  [1/1] 0.00ns  loc: yuv_filter.c:59
.reset:66  %p_shl1 = call i9 @_ssdm_op_BitConcatenate.i9.i8.i1(i8 %B, i1 false)

ST_8: p_shl1_cast (90)  [1/1] 0.00ns  loc: yuv_filter.c:59
.reset:67  %p_shl1_cast = zext i9 %p_shl1 to i14

ST_8: tmp_32 (91)  [1/1] 1.92ns  loc: yuv_filter.c:59
.reset:68  %tmp_32 = sub i14 %p_neg_cast, %p_shl1_cast

ST_8: tmp8 (93)  [1/1] 1.92ns  loc: yuv_filter.c:59
.reset:70  %tmp8 = add i14 128, %tmp_32


 <State 9>: 8.77ns
ST_9: out_channels_ch1_add (43)  [1/1] 0.00ns  loc: yuv_filter.c:60
.reset:20  %out_channels_ch1_add = getelementptr [2457600 x i8]* %out_channels_ch1, i32 0, i32 %tmp_42_cast

ST_9: tmp_40_cast2 (50)  [1/1] 0.00ns  loc: yuv_filter.c:57
.reset:27  %tmp_40_cast2 = zext i8 %R to i15

ST_9: Y (70)  [1/1] 2.32ns  loc: yuv_filter.c:57
.reset:47  %Y = add i8 16, %tmp_24

ST_9: tmp_25 (71)  [1/1] 3.36ns  loc: yuv_filter.c:58
.reset:48  %tmp_25 = mul i15 -38, %tmp_40_cast2

ST_9: tmp_51_cast (72)  [1/1] 0.00ns  loc: yuv_filter.c:58
.reset:49  %tmp_51_cast = sext i15 %tmp_25 to i16

ST_9: tmp5 (80)  [1/1] 3.02ns  loc: yuv_filter.c:58
.reset:57  %tmp5 = add i16 %tmp_51_cast, %tmp_26

ST_9: tmp6 (81)  [1/1] 1.95ns  loc: yuv_filter.c:58
.reset:58  %tmp6 = add i16 128, %tmp_27

ST_9: tmp_28 (82)  [1/1] 1.95ns  loc: yuv_filter.c:58
.reset:59  %tmp_28 = add i16 %tmp6, %tmp5

ST_9: tmp_29 (83)  [1/1] 0.00ns  loc: yuv_filter.c:58
.reset:60  %tmp_29 = call i8 @_ssdm_op_PartSelect.i8.i16.i32.i32(i16 %tmp_28, i32 8, i32 15)

ST_9: tmp_31 (86)  [1/1] 3.36ns  loc: yuv_filter.c:59
.reset:63  %tmp_31 = mul i16 -94, %tmp_42_cast1

ST_9: tmp7 (92)  [1/1] 3.02ns  loc: yuv_filter.c:59
.reset:69  %tmp7 = add i16 %tmp_30, %tmp_31

ST_9: tmp8_cast (94)  [1/1] 0.00ns  loc: yuv_filter.c:59
.reset:71  %tmp8_cast = sext i14 %tmp8 to i16

ST_9: tmp_33 (95)  [1/1] 2.39ns  loc: yuv_filter.c:59
.reset:72  %tmp_33 = add i16 %tmp8_cast, %tmp7

ST_9: tmp_34 (96)  [1/1] 0.00ns  loc: yuv_filter.c:59
.reset:73  %tmp_34 = call i8 @_ssdm_op_PartSelect.i8.i16.i32.i32(i16 %tmp_33, i32 8, i32 15)

ST_9: StgValue_101 (98)  [2/2] 3.25ns  loc: yuv_filter.c:60
.reset:75  store i8 %Y, i8* %out_channels_ch1_add, align 1


 <State 10>: 5.32ns
ST_10: out_channels_ch2_add (44)  [1/1] 0.00ns  loc: yuv_filter.c:61
.reset:21  %out_channels_ch2_add = getelementptr [2457600 x i8]* %out_channels_ch2, i32 0, i32 %tmp_42_cast

ST_10: out_channels_ch3_add (45)  [1/1] 0.00ns  loc: yuv_filter.c:62
.reset:22  %out_channels_ch3_add = getelementptr [2457600 x i8]* %out_channels_ch3, i32 0, i32 %tmp_42_cast

ST_10: U (84)  [1/1] 2.07ns  loc: yuv_filter.c:58
.reset:61  %U = xor i8 %tmp_29, -128

ST_10: V (97)  [1/1] 2.07ns  loc: yuv_filter.c:59
.reset:74  %V = xor i8 %tmp_34, -128

ST_10: StgValue_106 (98)  [1/2] 3.25ns  loc: yuv_filter.c:60
.reset:75  store i8 %Y, i8* %out_channels_ch1_add, align 1

ST_10: StgValue_107 (99)  [2/2] 3.25ns  loc: yuv_filter.c:61
.reset:76  store i8 %U, i8* %out_channels_ch2_add, align 1

ST_10: StgValue_108 (100)  [2/2] 3.25ns  loc: yuv_filter.c:62
.reset:77  store i8 %V, i8* %out_channels_ch3_add, align 1


 <State 11>: 3.25ns
ST_11: StgValue_109 (24)  [1/1] 0.00ns
.reset:1  call void (...)* @_ssdm_op_SpecLoopName([30 x i8]* @RGB2YUV_LOOP_X_RGB2Y)

ST_11: StgValue_110 (25)  [1/1] 0.00ns
.reset:2  call void (...)* @_ssdm_op_SpecLoopTripCount(i64 40000, i64 2457600, i64 784400)

ST_11: StgValue_111 (34)  [1/1] 0.00ns  loc: yuv_filter.c:52
.reset:11  call void (...)* @_ssdm_op_SpecLoopName([15 x i8]* @p_str2) nounwind

ST_11: tmp_19 (35)  [1/1] 0.00ns  loc: yuv_filter.c:52
.reset:12  %tmp_19 = call i32 (...)* @_ssdm_op_SpecRegionBegin([15 x i8]* @p_str2)

ST_11: StgValue_113 (36)  [1/1] 0.00ns  loc: yuv_filter.c:53
.reset:13  call void (...)* @_ssdm_op_SpecPipeline(i32 -1, i32 1, i32 1, i32 0, [1 x i8]* @p_str1) nounwind

ST_11: StgValue_114 (99)  [1/2] 3.25ns  loc: yuv_filter.c:61
.reset:76  store i8 %U, i8* %out_channels_ch2_add, align 1

ST_11: StgValue_115 (100)  [1/2] 3.25ns  loc: yuv_filter.c:62
.reset:77  store i8 %V, i8* %out_channels_ch3_add, align 1

ST_11: empty (101)  [1/1] 0.00ns  loc: yuv_filter.c:63
.reset:78  %empty = call i32 (...)* @_ssdm_op_SpecRegionEnd([15 x i8]* @p_str2, i32 %tmp_19)

ST_11: StgValue_117 (103)  [1/1] 0.00ns  loc: yuv_filter.c:52
.reset:80  br label %1


 <State 12>: 0.00ns
ST_12: mrv (105)  [1/1] 0.00ns  loc: yuv_filter.c:65
:0  %mrv = insertvalue { i16, i16 } undef, i16 %in_width_read_3, 0

ST_12: mrv_1 (106)  [1/1] 0.00ns  loc: yuv_filter.c:65
:1  %mrv_1 = insertvalue { i16, i16 } %mrv, i16 %in_height_read11, 1

ST_12: StgValue_120 (107)  [1/1] 0.00ns  loc: yuv_filter.c:65
:2  ret { i16, i16 } %mrv_1



============================================================
+ Verbose Summary: Binding
============================================================
STG Binding: 
---------------- STG Properties BEGIN ----------------
- Is combinational: 0
- Is one-state seq: 0
- Is datapath-only: 0
- Is pipelined: 0
- Is top level: 0
Port [ Return ] is wired: 1; IO mode=ap_ctrl_hs:ce=0
Port [ in_channels_ch1]:  wired=1; compound=1; hidden=0; nouse=0; global=0; static=0; extern=0; dir=0; type=1; pingpong=0; private_global=0; MemPort=[13]; IO mode=ap_memory:ce=0
Port [ in_channels_ch2]:  wired=1; compound=1; hidden=0; nouse=0; global=0; static=0; extern=0; dir=0; type=1; pingpong=0; private_global=0; MemPort=[13]; IO mode=ap_memory:ce=0
Port [ in_channels_ch3]:  wired=1; compound=1; hidden=0; nouse=0; global=0; static=0; extern=0; dir=0; type=1; pingpong=0; private_global=0; MemPort=[13]; IO mode=ap_memory:ce=0
Port [ in_width_read]:  wired=1; compound=0; hidden=0; nouse=0; global=0; static=0; extern=0; dir=0; type=0; pingpong=0; private_global=0; IO mode=ap_none:ce=0
Port [ in_height_read]:  wired=1; compound=0; hidden=0; nouse=0; global=0; static=0; extern=0; dir=0; type=0; pingpong=0; private_global=0; IO mode=ap_none:ce=0
Port [ out_channels_ch1]:  wired=1; compound=1; hidden=0; nouse=0; global=0; static=0; extern=0; dir=1; type=1; pingpong=0; private_global=0; MemPort=[03]; IO mode=ap_memory:ce=0
Port [ out_channels_ch2]:  wired=1; compound=1; hidden=0; nouse=0; global=0; static=0; extern=0; dir=1; type=1; pingpong=0; private_global=0; MemPort=[03]; IO mode=ap_memory:ce=0
Port [ out_channels_ch3]:  wired=1; compound=1; hidden=0; nouse=0; global=0; static=0; extern=0; dir=1; type=1; pingpong=0; private_global=0; MemPort=[03]; IO mode=ap_memory:ce=0
---------------- STG Properties END ------------------

---------------- Datapath Model BEGIN ----------------

<LifeTime>
<method=bitvector/>
in_height_read11     (read             ) [ 0011111111111]
in_width_read_3      (read             ) [ 0011111111111]
cast                 (zext             ) [ 0000000000000]
cast1                (zext             ) [ 0000000000000]
bound                (mul              ) [ 0011111111110]
StgValue_18          (br               ) [ 0111111111110]
indvar_flatten       (phi              ) [ 0010000000000]
x                    (phi              ) [ 0010000000000]
y                    (phi              ) [ 0010000000000]
exitcond_flatten     (icmp             ) [ 0011111111110]
indvar_flatten_next  (add              ) [ 0111111111110]
StgValue_24          (br               ) [ 0000000000000]
x_3                  (add              ) [ 0000000000000]
exitcond9            (icmp             ) [ 0000000000000]
y_mid2               (select           ) [ 0011000000000]
tmp_mid2_v           (select           ) [ 0111111111110]
tmp                  (trunc            ) [ 0011000000000]
tmp_21               (trunc            ) [ 0011000000000]
p_shl_cast           (bitconcatenate   ) [ 0000000000000]
p_shl7_cast          (bitconcatenate   ) [ 0000000000000]
tmp_s                (add              ) [ 0000000000000]
tmp_cast             (zext             ) [ 0000000000000]
tmp_20               (add              ) [ 0010100000000]
y_3                  (add              ) [ 0110111111110]
tmp_42_cast          (zext             ) [ 0010011111100]
in_channels_ch1_addr (getelementptr    ) [ 0010011100000]
in_channels_ch2_addr (getelementptr    ) [ 0010011100000]
in_channels_ch3_addr (getelementptr    ) [ 0010011100000]
R                    (load             ) [ 0010000011000]
G                    (load             ) [ 0010000010000]
B                    (load             ) [ 0010000010000]
tmp_42_cast2         (zext             ) [ 0000000000000]
tmp4                 (add              ) [ 0010000010000]
tmp_40_cast1         (zext             ) [ 0000000000000]
p_shl5               (bitconcatenate   ) [ 0000000000000]
p_shl5_cast          (zext             ) [ 0000000000000]
p_shl6               (bitconcatenate   ) [ 0000000000000]
p_shl6_cast          (zext             ) [ 0000000000000]
tmp_42_cast1         (zext             ) [ 0010000001000]
p_shl4               (bitconcatenate   ) [ 0000000000000]
p_shl4_cast          (zext             ) [ 0000000000000]
tmp_44_cast1         (zext             ) [ 0000000000000]
tmp_22               (mul              ) [ 0000000000000]
tmp2                 (add              ) [ 0000000000000]
tmp2_cast            (zext             ) [ 0000000000000]
tmp1                 (add              ) [ 0000000000000]
tmp4_cast            (zext             ) [ 0000000000000]
tmp3                 (add              ) [ 0000000000000]
tmp3_cast            (zext             ) [ 0000000000000]
tmp_23               (add              ) [ 0000000000000]
tmp_24               (partselect       ) [ 0010000001000]
tmp_26               (mul              ) [ 0010000001000]
p_shl2               (bitconcatenate   ) [ 0000000000000]
p_shl2_cast          (zext             ) [ 0000000000000]
p_shl3               (bitconcatenate   ) [ 0000000000000]
p_shl3_cast9         (zext             ) [ 0000000000000]
p_shl3_cast          (zext             ) [ 0000000000000]
tmp_27               (sub              ) [ 0010000001000]
tmp_30               (mul              ) [ 0010000001000]
p_neg                (sub              ) [ 0000000000000]
p_neg_cast           (sext             ) [ 0000000000000]
p_shl1               (bitconcatenate   ) [ 0000000000000]
p_shl1_cast          (zext             ) [ 0000000000000]
tmp_32               (sub              ) [ 0000000000000]
tmp8                 (add              ) [ 0010000001000]
out_channels_ch1_add (getelementptr    ) [ 0010000000100]
tmp_40_cast2         (zext             ) [ 0000000000000]
Y                    (add              ) [ 0010000000100]
tmp_25               (mul              ) [ 0000000000000]
tmp_51_cast          (sext             ) [ 0000000000000]
tmp5                 (add              ) [ 0000000000000]
tmp6                 (add              ) [ 0000000000000]
tmp_28               (add              ) [ 0000000000000]
tmp_29               (partselect       ) [ 0010000000100]
tmp_31               (mul              ) [ 0000000000000]
tmp7                 (add              ) [ 0000000000000]
tmp8_cast            (sext             ) [ 0000000000000]
tmp_33               (add              ) [ 0000000000000]
tmp_34               (partselect       ) [ 0010000000100]
out_channels_ch2_add (getelementptr    ) [ 0010000000010]
out_channels_ch3_add (getelementptr    ) [ 0010000000010]
U                    (xor              ) [ 0010000000010]
V                    (xor              ) [ 0010000000010]
StgValue_106         (store            ) [ 0000000000000]
StgValue_109         (specloopname     ) [ 0000000000000]
StgValue_110         (speclooptripcount) [ 0000000000000]
StgValue_111         (specloopname     ) [ 0000000000000]
tmp_19               (specregionbegin  ) [ 0000000000000]
StgValue_113         (specpipeline     ) [ 0000000000000]
StgValue_114         (store            ) [ 0000000000000]
StgValue_115         (store            ) [ 0000000000000]
empty                (specregionend    ) [ 0000000000000]
StgValue_117         (br               ) [ 0111111111110]
mrv                  (insertvalue      ) [ 0000000000000]
mrv_1                (insertvalue      ) [ 0000000000000]
StgValue_120         (ret              ) [ 0000000000000]
</LifeTime>

<model>

<comp_list>
<comp id="0" class="1000" name="in_channels_ch1">
<pin_list>
<pin id="1" dir="1" index="0" bw="1" slack="0"/>
</pin_list>
<bind>
<StgValue><ssdm name="in_channels_ch1"/><MemPortTyVec>1 3 </MemPortTyVec>
</StgValue>
</bind>
</comp>

<comp id="2" class="1000" name="in_channels_ch2">
<pin_list>
<pin id="3" dir="1" index="0" bw="1" slack="0"/>
</pin_list>
<bind>
<StgValue><ssdm name="in_channels_ch2"/><MemPortTyVec>1 3 </MemPortTyVec>
</StgValue>
</bind>
</comp>

<comp id="4" class="1000" name="in_channels_ch3">
<pin_list>
<pin id="5" dir="1" index="0" bw="1" slack="0"/>
</pin_list>
<bind>
<StgValue><ssdm name="in_channels_ch3"/><MemPortTyVec>1 3 </MemPortTyVec>
</StgValue>
</bind>
</comp>

<comp id="6" class="1000" name="in_width_read">
<pin_list>
<pin id="7" dir="1" index="0" bw="1" slack="0"/>
</pin_list>
<bind>
<StgValue><ssdm name="in_width_read"/></StgValue>
</bind>
</comp>

<comp id="8" class="1000" name="in_height_read">
<pin_list>
<pin id="9" dir="1" index="0" bw="1" slack="0"/>
</pin_list>
<bind>
<StgValue><ssdm name="in_height_read"/></StgValue>
</bind>
</comp>

<comp id="10" class="1000" name="out_channels_ch1">
<pin_list>
<pin id="11" dir="1" index="0" bw="1" slack="0"/>
</pin_list>
<bind>
<StgValue><ssdm name="out_channels_ch1"/><MemPortTyVec>0 3 </MemPortTyVec>
</StgValue>
</bind>
</comp>

<comp id="12" class="1000" name="out_channels_ch2">
<pin_list>
<pin id="13" dir="1" index="0" bw="1" slack="0"/>
</pin_list>
<bind>
<StgValue><ssdm name="out_channels_ch2"/><MemPortTyVec>0 3 </MemPortTyVec>
</StgValue>
</bind>
</comp>

<comp id="14" class="1000" name="out_channels_ch3">
<pin_list>
<pin id="15" dir="1" index="0" bw="1" slack="0"/>
</pin_list>
<bind>
<StgValue><ssdm name="out_channels_ch3"/><MemPortTyVec>0 3 </MemPortTyVec>
</StgValue>
</bind>
</comp>

<comp id="16" class="1001" name="const_16">
<pin_list>
<pin id="17" dir="1" index="0" bw="1" slack="0"/>
</pin_list>
<bind>
<StgValue><ssdm name="_ssdm_op_Read.ap_auto.i16"/></StgValue>
</bind>
</comp>

<comp id="18" class="1001" name="const_18">
<pin_list>
<pin id="19" dir="1" index="0" bw="1" slack="0"/>
</pin_list>
<bind>
<StgValue><ssdm name=""/></StgValue>
</bind>
</comp>

<comp id="20" class="1001" name="const_20">
<pin_list>
<pin id="21" dir="1" index="0" bw="1" slack="0"/>
</pin_list>
<bind>
<StgValue><ssdm name=""/></StgValue>
</bind>
</comp>

<comp id="22" class="1001" name="const_22">
<pin_list>
<pin id="23" dir="1" index="0" bw="1" slack="0"/>
</pin_list>
<bind>
<StgValue><ssdm name=""/></StgValue>
</bind>
</comp>

<comp id="24" class="1001" name="const_24">
<pin_list>
<pin id="25" dir="1" index="0" bw="1" slack="0"/>
</pin_list>
<bind>
<StgValue><ssdm name=""/></StgValue>
</bind>
</comp>

<comp id="26" class="1001" name="const_26">
<pin_list>
<pin id="27" dir="1" index="0" bw="1" slack="0"/>
</pin_list>
<bind>
<StgValue><ssdm name="_ssdm_op_BitConcatenate.i23.i13.i10"/></StgValue>
</bind>
</comp>

<comp id="28" class="1001" name="const_28">
<pin_list>
<pin id="29" dir="1" index="0" bw="1" slack="0"/>
</pin_list>
<bind>
<StgValue><ssdm name=""/></StgValue>
</bind>
</comp>

<comp id="30" class="1001" name="const_30">
<pin_list>
<pin id="31" dir="1" index="0" bw="1" slack="0"/>
</pin_list>
<bind>
<StgValue><ssdm name="_ssdm_op_BitConcatenate.i23.i15.i8"/></StgValue>
</bind>
</comp>

<comp id="32" class="1001" name="const_32">
<pin_list>
<pin id="33" dir="1" index="0" bw="1" slack="0"/>
</pin_list>
<bind>
<StgValue><ssdm name=""/></StgValue>
</bind>
</comp>

<comp id="34" class="1001" name="const_34">
<pin_list>
<pin id="35" dir="1" index="0" bw="1" slack="0"/>
</pin_list>
<bind>
<StgValue><ssdm name=""/></StgValue>
</bind>
</comp>

<comp id="36" class="1001" name="const_36">
<pin_list>
<pin id="37" dir="1" index="0" bw="1" slack="0"/>
</pin_list>
<bind>
<StgValue><ssdm name="_ssdm_op_BitConcatenate.i14.i8.i6"/></StgValue>
</bind>
</comp>

<comp id="38" class="1001" name="const_38">
<pin_list>
<pin id="39" dir="1" index="0" bw="1" slack="0"/>
</pin_list>
<bind>
<StgValue><ssdm name=""/></StgValue>
</bind>
</comp>

<comp id="40" class="1001" name="const_40">
<pin_list>
<pin id="41" dir="1" index="0" bw="1" slack="0"/>
</pin_list>
<bind>
<StgValue><ssdm name="_ssdm_op_BitConcatenate.i9.i8.i1"/></StgValue>
</bind>
</comp>

<comp id="42" class="1001" name="const_42">
<pin_list>
<pin id="43" dir="1" index="0" bw="1" slack="0"/>
</pin_list>
<bind>
<StgValue><ssdm name=""/></StgValue>
</bind>
</comp>

<comp id="44" class="1001" name="const_44">
<pin_list>
<pin id="45" dir="1" index="0" bw="1" slack="0"/>
</pin_list>
<bind>
<StgValue><ssdm name="_ssdm_op_BitConcatenate.i15.i8.i7"/></StgValue>
</bind>
</comp>

<comp id="46" class="1001" name="const_46">
<pin_list>
<pin id="47" dir="1" index="0" bw="1" slack="0"/>
</pin_list>
<bind>
<StgValue><ssdm name=""/></StgValue>
</bind>
</comp>

<comp id="48" class="1001" name="const_48">
<pin_list>
<pin id="49" dir="1" index="0" bw="1" slack="0"/>
</pin_list>
<bind>
<StgValue><ssdm name=""/></StgValue>
</bind>
</comp>

<comp id="50" class="1001" name="const_50">
<pin_list>
<pin id="51" dir="1" index="0" bw="1" slack="0"/>
</pin_list>
<bind>
<StgValue><ssdm name="_ssdm_op_PartSelect.i8.i16.i32.i32"/></StgValue>
</bind>
</comp>

<comp id="52" class="1001" name="const_52">
<pin_list>
<pin id="53" dir="1" index="0" bw="1" slack="0"/>
</pin_list>
<bind>
<StgValue><ssdm name=""/></StgValue>
</bind>
</comp>

<comp id="54" class="1001" name="const_54">
<pin_list>
<pin id="55" dir="1" index="0" bw="1" slack="0"/>
</pin_list>
<bind>
<StgValue><ssdm name=""/></StgValue>
</bind>
</comp>

<comp id="56" class="1001" name="const_56">
<pin_list>
<pin id="57" dir="1" index="0" bw="1" slack="0"/>
</pin_list>
<bind>
<StgValue><ssdm name=""/></StgValue>
</bind>
</comp>

<comp id="58" class="1001" name="const_58">
<pin_list>
<pin id="59" dir="1" index="0" bw="1" slack="0"/>
</pin_list>
<bind>
<StgValue><ssdm name="_ssdm_op_BitConcatenate.i12.i8.i4"/></StgValue>
</bind>
</comp>

<comp id="60" class="1001" name="const_60">
<pin_list>
<pin id="61" dir="1" index="0" bw="1" slack="0"/>
</pin_list>
<bind>
<StgValue><ssdm name=""/></StgValue>
</bind>
</comp>

<comp id="62" class="1001" name="const_62">
<pin_list>
<pin id="63" dir="1" index="0" bw="1" slack="0"/>
</pin_list>
<bind>
<StgValue><ssdm name=""/></StgValue>
</bind>
</comp>

<comp id="64" class="1001" name="const_64">
<pin_list>
<pin id="65" dir="1" index="0" bw="1" slack="0"/>
</pin_list>
<bind>
<StgValue><ssdm name=""/></StgValue>
</bind>
</comp>

<comp id="66" class="1001" name="const_66">
<pin_list>
<pin id="67" dir="1" index="0" bw="1" slack="0"/>
</pin_list>
<bind>
<StgValue><ssdm name=""/></StgValue>
</bind>
</comp>

<comp id="68" class="1001" name="const_68">
<pin_list>
<pin id="69" dir="1" index="0" bw="1" slack="0"/>
</pin_list>
<bind>
<StgValue><ssdm name=""/></StgValue>
</bind>
</comp>

<comp id="70" class="1001" name="const_70">
<pin_list>
<pin id="71" dir="1" index="0" bw="1" slack="0"/>
</pin_list>
<bind>
<StgValue><ssdm name=""/></StgValue>
</bind>
</comp>

<comp id="72" class="1001" name="const_72">
<pin_list>
<pin id="73" dir="1" index="0" bw="1" slack="0"/>
</pin_list>
<bind>
<StgValue><ssdm name=""/></StgValue>
</bind>
</comp>

<comp id="74" class="1001" name="const_74">
<pin_list>
<pin id="75" dir="1" index="0" bw="1" slack="0"/>
</pin_list>
<bind>
<StgValue><ssdm name=""/></StgValue>
</bind>
</comp>

<comp id="76" class="1001" name="const_76">
<pin_list>
<pin id="77" dir="1" index="0" bw="1" slack="0"/>
</pin_list>
<bind>
<StgValue><ssdm name=""/></StgValue>
</bind>
</comp>

<comp id="78" class="1001" name="const_78">
<pin_list>
<pin id="79" dir="1" index="0" bw="1" slack="2147483647"/>
</pin_list>
<bind>
<StgValue><ssdm name="_ssdm_op_SpecLoopName"/></StgValue>
</bind>
</comp>

<comp id="80" class="1001" name="const_80">
<pin_list>
<pin id="81" dir="1" index="0" bw="1" slack="2147483647"/>
</pin_list>
<bind>
<StgValue><ssdm name="RGB2YUV_LOOP_X_RGB2Y"/></StgValue>
</bind>
</comp>

<comp id="82" class="1001" name="const_82">
<pin_list>
<pin id="83" dir="1" index="0" bw="1" slack="2147483647"/>
</pin_list>
<bind>
<StgValue><ssdm name="_ssdm_op_SpecLoopTripCount"/></StgValue>
</bind>
</comp>

<comp id="84" class="1001" name="const_84">
<pin_list>
<pin id="85" dir="1" index="0" bw="1" slack="2147483647"/>
</pin_list>
<bind>
<StgValue><ssdm name=""/></StgValue>
</bind>
</comp>

<comp id="86" class="1001" name="const_86">
<pin_list>
<pin id="87" dir="1" index="0" bw="1" slack="2147483647"/>
</pin_list>
<bind>
<StgValue><ssdm name=""/></StgValue>
</bind>
</comp>

<comp id="88" class="1001" name="const_88">
<pin_list>
<pin id="89" dir="1" index="0" bw="1" slack="2147483647"/>
</pin_list>
<bind>
<StgValue><ssdm name=""/></StgValue>
</bind>
</comp>

<comp id="90" class="1001" name="const_90">
<pin_list>
<pin id="91" dir="1" index="0" bw="1" slack="2147483647"/>
</pin_list>
<bind>
<StgValue><ssdm name="p_str2"/></StgValue>
</bind>
</comp>

<comp id="92" class="1001" name="const_92">
<pin_list>
<pin id="93" dir="1" index="0" bw="1" slack="2147483647"/>
</pin_list>
<bind>
<StgValue><ssdm name="_ssdm_op_SpecRegionBegin"/></StgValue>
</bind>
</comp>

<comp id="94" class="1001" name="const_94">
<pin_list>
<pin id="95" dir="1" index="0" bw="1" slack="2147483647"/>
</pin_list>
<bind>
<StgValue><ssdm name="_ssdm_op_SpecPipeline"/></StgValue>
</bind>
</comp>

<comp id="96" class="1001" name="const_96">
<pin_list>
<pin id="97" dir="1" index="0" bw="1" slack="2147483647"/>
</pin_list>
<bind>
<StgValue><ssdm name=""/></StgValue>
</bind>
</comp>

<comp id="98" class="1001" name="const_98">
<pin_list>
<pin id="99" dir="1" index="0" bw="1" slack="2147483647"/>
</pin_list>
<bind>
<StgValue><ssdm name="p_str1"/></StgValue>
</bind>
</comp>

<comp id="100" class="1001" name="const_100">
<pin_list>
<pin id="101" dir="1" index="0" bw="1" slack="2147483647"/>
</pin_list>
<bind>
<StgValue><ssdm name="_ssdm_op_SpecRegionEnd"/></StgValue>
</bind>
</comp>

<comp id="102" class="1001" name="const_102">
<pin_list>
<pin id="103" dir="1" index="0" bw="1" slack="0"/>
</pin_list>
<bind>
<StgValue><ssdm name=""/></StgValue>
</bind>
</comp>

<comp id="104" class="1004" name="in_height_read11_read_fu_104">
<pin_list>
<pin id="105" dir="0" index="0" bw="16" slack="0"/>
<pin id="106" dir="0" index="1" bw="16" slack="0"/>
<pin id="107" dir="1" index="2" bw="16" slack="0"/>
</pin_list>
<bind>
<opcode="read(1150) " fcode="read"/>
<opset="in_height_read11/1 "/>
</bind>
</comp>

<comp id="110" class="1004" name="in_width_read_3_read_fu_110">
<pin_list>
<pin id="111" dir="0" index="0" bw="16" slack="0"/>
<pin id="112" dir="0" index="1" bw="16" slack="0"/>
<pin id="113" dir="1" index="2" bw="16" slack="0"/>
</pin_list>
<bind>
<opcode="read(1150) " fcode="read"/>
<opset="in_width_read_3/1 "/>
</bind>
</comp>

<comp id="116" class="1004" name="in_channels_ch1_addr_gep_fu_116">
<pin_list>
<pin id="117" dir="0" index="0" bw="8" slack="0"/>
<pin id="118" dir="0" index="1" bw="1" slack="0"/>
<pin id="119" dir="0" index="2" bw="23" slack="0"/>
<pin id="120" dir="1" index="3" bw="22" slack="0"/>
</pin_list>
<bind>
<opcode="getelementptr(29) " fcode="getelementptr"/>
<opset="in_channels_ch1_addr/4 "/>
</bind>
</comp>

<comp id="123" class="1004" name="in_channels_ch2_addr_gep_fu_123">
<pin_list>
<pin id="124" dir="0" index="0" bw="8" slack="0"/>
<pin id="125" dir="0" index="1" bw="1" slack="0"/>
<pin id="126" dir="0" index="2" bw="23" slack="0"/>
<pin id="127" dir="1" index="3" bw="22" slack="0"/>
</pin_list>
<bind>
<opcode="getelementptr(29) " fcode="getelementptr"/>
<opset="in_channels_ch2_addr/4 "/>
</bind>
</comp>

<comp id="130" class="1004" name="in_channels_ch3_addr_gep_fu_130">
<pin_list>
<pin id="131" dir="0" index="0" bw="8" slack="0"/>
<pin id="132" dir="0" index="1" bw="1" slack="0"/>
<pin id="133" dir="0" index="2" bw="23" slack="0"/>
<pin id="134" dir="1" index="3" bw="22" slack="0"/>
</pin_list>
<bind>
<opcode="getelementptr(29) " fcode="getelementptr"/>
<opset="in_channels_ch3_addr/4 "/>
</bind>
</comp>

<comp id="137" class="1004" name="grp_access_fu_137">
<pin_list>
<pin id="138" dir="0" index="0" bw="22" slack="0"/>
<pin id="139" dir="0" index="1" bw="8" slack="2147483647"/>
<pin id="140" dir="1" index="2" bw="8" slack="1"/>
</pin_list>
<bind>
<opcode="load(27) " fcode="load"/>
<opset="R/4 "/>
</bind>
</comp>

<comp id="142" class="1004" name="grp_access_fu_142">
<pin_list>
<pin id="143" dir="0" index="0" bw="22" slack="0"/>
<pin id="144" dir="0" index="1" bw="8" slack="2147483647"/>
<pin id="145" dir="1" index="2" bw="8" slack="0"/>
</pin_list>
<bind>
<opcode="load(27) " fcode="load"/>
<opset="G/4 "/>
</bind>
</comp>

<comp id="147" class="1004" name="grp_access_fu_147">
<pin_list>
<pin id="148" dir="0" index="0" bw="22" slack="0"/>
<pin id="149" dir="0" index="1" bw="8" slack="2147483647"/>
<pin id="150" dir="1" index="2" bw="8" slack="1"/>
</pin_list>
<bind>
<opcode="load(27) " fcode="load"/>
<opset="B/4 "/>
</bind>
</comp>

<comp id="152" class="1004" name="out_channels_ch1_add_gep_fu_152">
<pin_list>
<pin id="153" dir="0" index="0" bw="8" slack="0"/>
<pin id="154" dir="0" index="1" bw="1" slack="0"/>
<pin id="155" dir="0" index="2" bw="23" slack="5"/>
<pin id="156" dir="1" index="3" bw="22" slack="0"/>
</pin_list>
<bind>
<opcode="getelementptr(29) " fcode="getelementptr"/>
<opset="out_channels_ch1_add/9 "/>
</bind>
</comp>

<comp id="159" class="1004" name="grp_access_fu_159">
<pin_list>
<pin id="160" dir="0" index="0" bw="22" slack="0"/>
<pin id="161" dir="0" index="1" bw="8" slack="0"/>
<pin id="162" dir="1" index="2" bw="8" slack="2147483647"/>
</pin_list>
<bind>
<opcode="store(28) " fcode="store"/>
<opset="StgValue_101/9 "/>
</bind>
</comp>

<comp id="164" class="1004" name="out_channels_ch2_add_gep_fu_164">
<pin_list>
<pin id="165" dir="0" index="0" bw="8" slack="0"/>
<pin id="166" dir="0" index="1" bw="1" slack="0"/>
<pin id="167" dir="0" index="2" bw="23" slack="6"/>
<pin id="168" dir="1" index="3" bw="22" slack="0"/>
</pin_list>
<bind>
<opcode="getelementptr(29) " fcode="getelementptr"/>
<opset="out_channels_ch2_add/10 "/>
</bind>
</comp>

<comp id="171" class="1004" name="out_channels_ch3_add_gep_fu_171">
<pin_list>
<pin id="172" dir="0" index="0" bw="8" slack="0"/>
<pin id="173" dir="0" index="1" bw="1" slack="0"/>
<pin id="174" dir="0" index="2" bw="23" slack="6"/>
<pin id="175" dir="1" index="3" bw="22" slack="0"/>
</pin_list>
<bind>
<opcode="getelementptr(29) " fcode="getelementptr"/>
<opset="out_channels_ch3_add/10 "/>
</bind>
</comp>

<comp id="178" class="1004" name="grp_access_fu_178">
<pin_list>
<pin id="179" dir="0" index="0" bw="22" slack="0"/>
<pin id="180" dir="0" index="1" bw="8" slack="0"/>
<pin id="181" dir="1" index="2" bw="8" slack="2147483647"/>
</pin_list>
<bind>
<opcode="store(28) " fcode="store"/>
<opset="StgValue_107/10 "/>
</bind>
</comp>

<comp id="183" class="1004" name="grp_access_fu_183">
<pin_list>
<pin id="184" dir="0" index="0" bw="22" slack="0"/>
<pin id="185" dir="0" index="1" bw="8" slack="0"/>
<pin id="186" dir="1" index="2" bw="8" slack="2147483647"/>
</pin_list>
<bind>
<opcode="store(28) " fcode="store"/>
<opset="StgValue_108/10 "/>
</bind>
</comp>

<comp id="188" class="1005" name="indvar_flatten_reg_188">
<pin_list>
<pin id="189" dir="0" index="0" bw="32" slack="1"/>
<pin id="190" dir="1" index="1" bw="32" slack="1"/>
</pin_list>
<bind>
<opset="indvar_flatten (phireg) "/>
</bind>
</comp>

<comp id="192" class="1004" name="indvar_flatten_phi_fu_192">
<pin_list>
<pin id="193" dir="0" index="0" bw="1" slack="1"/>
<pin id="194" dir="0" index="1" bw="0" slack="2147483647"/>
<pin id="195" dir="0" index="2" bw="32" slack="0"/>
<pin id="196" dir="0" index="3" bw="0" slack="2147483647"/>
<pin id="197" dir="1" index="4" bw="32" slack="0"/>
</pin_list>
<bind>
<opcode="phi(47) " fcode="phi"/>
<opset="indvar_flatten/2 "/>
</bind>
</comp>

<comp id="199" class="1005" name="x_reg_199">
<pin_list>
<pin id="200" dir="0" index="0" bw="16" slack="1"/>
<pin id="201" dir="1" index="1" bw="16" slack="1"/>
</pin_list>
<bind>
<opset="x (phireg) "/>
</bind>
</comp>

<comp id="203" class="1004" name="x_phi_fu_203">
<pin_list>
<pin id="204" dir="0" index="0" bw="1" slack="1"/>
<pin id="205" dir="0" index="1" bw="0" slack="2147483647"/>
<pin id="206" dir="0" index="2" bw="16" slack="0"/>
<pin id="207" dir="0" index="3" bw="0" slack="2147483647"/>
<pin id="208" dir="1" index="4" bw="16" slack="0"/>
</pin_list>
<bind>
<opcode="phi(47) " fcode="phi"/>
<opset="x/2 "/>
</bind>
</comp>

<comp id="210" class="1005" name="y_reg_210">
<pin_list>
<pin id="211" dir="0" index="0" bw="16" slack="1"/>
<pin id="212" dir="1" index="1" bw="16" slack="1"/>
</pin_list>
<bind>
<opset="y (phireg) "/>
</bind>
</comp>

<comp id="214" class="1004" name="y_phi_fu_214">
<pin_list>
<pin id="215" dir="0" index="0" bw="1" slack="1"/>
<pin id="216" dir="0" index="1" bw="0" slack="2147483647"/>
<pin id="217" dir="0" index="2" bw="16" slack="1"/>
<pin id="218" dir="0" index="3" bw="0" slack="2147483647"/>
<pin id="219" dir="1" index="4" bw="16" slack="0"/>
</pin_list>
<bind>
<opcode="phi(47) " fcode="phi"/>
<opset="y/2 "/>
</bind>
</comp>

<comp id="221" class="1004" name="cast_fu_221">
<pin_list>
<pin id="222" dir="0" index="0" bw="16" slack="0"/>
<pin id="223" dir="1" index="1" bw="32" slack="0"/>
</pin_list>
<bind>
<opcode="zext(34) " fcode="zext"/>
<opset="cast/1 "/>
</bind>
</comp>

<comp id="225" class="1004" name="cast1_fu_225">
<pin_list>
<pin id="226" dir="0" index="0" bw="16" slack="0"/>
<pin id="227" dir="1" index="1" bw="32" slack="0"/>
</pin_list>
<bind>
<opcode="zext(34) " fcode="zext"/>
<opset="cast1/1 "/>
</bind>
</comp>

<comp id="229" class="1004" name="exitcond_flatten_fu_229">
<pin_list>
<pin id="230" dir="0" index="0" bw="32" slack="0"/>
<pin id="231" dir="0" index="1" bw="32" slack="1"/>
<pin id="232" dir="1" index="2" bw="1" slack="1"/>
</pin_list>
<bind>
<opcode="icmp(45) " fcode="icmp"/>
<opset="exitcond_flatten/2 "/>
</bind>
</comp>

<comp id="234" class="1004" name="indvar_flatten_next_fu_234">
<pin_list>
<pin id="235" dir="0" index="0" bw="32" slack="0"/>
<pin id="236" dir="0" index="1" bw="1" slack="0"/>
<pin id="237" dir="1" index="2" bw="32" slack="0"/>
</pin_list>
<bind>
<opcode="add(8) " fcode="add"/>
<opset="indvar_flatten_next/2 "/>
</bind>
</comp>

<comp id="240" class="1004" name="x_3_fu_240">
<pin_list>
<pin id="241" dir="0" index="0" bw="1" slack="0"/>
<pin id="242" dir="0" index="1" bw="16" slack="0"/>
<pin id="243" dir="1" index="2" bw="16" slack="0"/>
</pin_list>
<bind>
<opcode="add(8) " fcode="add"/>
<opset="x_3/2 "/>
</bind>
</comp>

<comp id="246" class="1004" name="exitcond9_fu_246">
<pin_list>
<pin id="247" dir="0" index="0" bw="16" slack="0"/>
<pin id="248" dir="0" index="1" bw="16" slack="1"/>
<pin id="249" dir="1" index="2" bw="1" slack="0"/>
</pin_list>
<bind>
<opcode="icmp(45) " fcode="icmp"/>
<opset="exitcond9/2 "/>
</bind>
</comp>

<comp id="251" class="1004" name="y_mid2_fu_251">
<pin_list>
<pin id="252" dir="0" index="0" bw="1" slack="0"/>
<pin id="253" dir="0" index="1" bw="1" slack="0"/>
<pin id="254" dir="0" index="2" bw="16" slack="0"/>
<pin id="255" dir="1" index="3" bw="16" slack="1"/>
</pin_list>
<bind>
<opcode="select(49) " fcode="select"/>
<opset="y_mid2/2 "/>
</bind>
</comp>

<comp id="259" class="1004" name="tmp_mid2_v_fu_259">
<pin_list>
<pin id="260" dir="0" index="0" bw="1" slack="0"/>
<pin id="261" dir="0" index="1" bw="16" slack="0"/>
<pin id="262" dir="0" index="2" bw="16" slack="0"/>
<pin id="263" dir="1" index="3" bw="16" slack="0"/>
</pin_list>
<bind>
<opcode="select(49) " fcode="select"/>
<opset="tmp_mid2_v/2 "/>
</bind>
</comp>

<comp id="267" class="1004" name="tmp_fu_267">
<pin_list>
<pin id="268" dir="0" index="0" bw="16" slack="0"/>
<pin id="269" dir="1" index="1" bw="13" slack="1"/>
</pin_list>
<bind>
<opcode="trunc(33) " fcode="trunc"/>
<opset="tmp/2 "/>
</bind>
</comp>

<comp id="271" class="1004" name="tmp_21_fu_271">
<pin_list>
<pin id="272" dir="0" index="0" bw="16" slack="0"/>
<pin id="273" dir="1" index="1" bw="15" slack="1"/>
</pin_list>
<bind>
<opcode="trunc(33) " fcode="trunc"/>
<opset="tmp_21/2 "/>
</bind>
</comp>

<comp id="275" class="1004" name="p_shl_cast_fu_275">
<pin_list>
<pin id="276" dir="0" index="0" bw="23" slack="0"/>
<pin id="277" dir="0" index="1" bw="13" slack="1"/>
<pin id="278" dir="0" index="2" bw="1" slack="0"/>
<pin id="279" dir="1" index="3" bw="23" slack="0"/>
</pin_list>
<bind>
<opcode="bitconcatenate(1004) " fcode="bitconcatenate"/>
<opset="p_shl_cast/3 "/>
</bind>
</comp>

<comp id="282" class="1004" name="p_shl7_cast_fu_282">
<pin_list>
<pin id="283" dir="0" index="0" bw="23" slack="0"/>
<pin id="284" dir="0" index="1" bw="15" slack="1"/>
<pin id="285" dir="0" index="2" bw="1" slack="0"/>
<pin id="286" dir="1" index="3" bw="23" slack="0"/>
</pin_list>
<bind>
<opcode="bitconcatenate(1004) " fcode="bitconcatenate"/>
<opset="p_shl7_cast/3 "/>
</bind>
</comp>

<comp id="289" class="1004" name="tmp_s_fu_289">
<pin_list>
<pin id="290" dir="0" index="0" bw="23" slack="0"/>
<pin id="291" dir="0" index="1" bw="23" slack="0"/>
<pin id="292" dir="1" index="2" bw="23" slack="0"/>
</pin_list>
<bind>
<opcode="add(8) " fcode="add"/>
<opset="tmp_s/3 "/>
</bind>
</comp>

<comp id="295" class="1004" name="tmp_cast_fu_295">
<pin_list>
<pin id="296" dir="0" index="0" bw="16" slack="1"/>
<pin id="297" dir="1" index="1" bw="23" slack="0"/>
</pin_list>
<bind>
<opcode="zext(34) " fcode="zext"/>
<opset="tmp_cast/3 "/>
</bind>
</comp>

<comp id="298" class="1004" name="tmp_20_fu_298">
<pin_list>
<pin id="299" dir="0" index="0" bw="16" slack="0"/>
<pin id="300" dir="0" index="1" bw="23" slack="0"/>
<pin id="301" dir="1" index="2" bw="23" slack="1"/>
</pin_list>
<bind>
<opcode="add(8) " fcode="add"/>
<opset="tmp_20/3 "/>
</bind>
</comp>

<comp id="304" class="1004" name="y_3_fu_304">
<pin_list>
<pin id="305" dir="0" index="0" bw="1" slack="0"/>
<pin id="306" dir="0" index="1" bw="16" slack="1"/>
<pin id="307" dir="1" index="2" bw="16" slack="1"/>
</pin_list>
<bind>
<opcode="add(8) " fcode="add"/>
<opset="y_3/3 "/>
</bind>
</comp>

<comp id="309" class="1004" name="tmp_42_cast_fu_309">
<pin_list>
<pin id="310" dir="0" index="0" bw="23" slack="1"/>
<pin id="311" dir="1" index="1" bw="32" slack="0"/>
</pin_list>
<bind>
<opcode="zext(34) " fcode="zext"/>
<opset="tmp_42_cast/4 "/>
</bind>
</comp>

<comp id="315" class="1004" name="tmp_42_cast2_fu_315">
<pin_list>
<pin id="316" dir="0" index="0" bw="8" slack="0"/>
<pin id="317" dir="1" index="1" bw="9" slack="0"/>
</pin_list>
<bind>
<opcode="zext(34) " fcode="zext"/>
<opset="tmp_42_cast2/7 "/>
</bind>
</comp>

<comp id="319" class="1004" name="tmp4_fu_319">
<pin_list>
<pin id="320" dir="0" index="0" bw="9" slack="0"/>
<pin id="321" dir="0" index="1" bw="8" slack="0"/>
<pin id="322" dir="1" index="2" bw="9" slack="1"/>
</pin_list>
<bind>
<opcode="add(8) " fcode="add"/>
<opset="tmp4/7 "/>
</bind>
</comp>

<comp id="325" class="1004" name="tmp_40_cast1_fu_325">
<pin_list>
<pin id="326" dir="0" index="0" bw="8" slack="1"/>
<pin id="327" dir="1" index="1" bw="16" slack="0"/>
</pin_list>
<bind>
<opcode="zext(34) " fcode="zext"/>
<opset="tmp_40_cast1/8 "/>
</bind>
</comp>

<comp id="328" class="1004" name="p_shl5_fu_328">
<pin_list>
<pin id="329" dir="0" index="0" bw="14" slack="0"/>
<pin id="330" dir="0" index="1" bw="8" slack="1"/>
<pin id="331" dir="0" index="2" bw="1" slack="0"/>
<pin id="332" dir="1" index="3" bw="14" slack="0"/>
</pin_list>
<bind>
<opcode="bitconcatenate(1004) " fcode="bitconcatenate"/>
<opset="p_shl5/8 "/>
</bind>
</comp>

<comp id="335" class="1004" name="p_shl5_cast_fu_335">
<pin_list>
<pin id="336" dir="0" index="0" bw="14" slack="0"/>
<pin id="337" dir="1" index="1" bw="15" slack="0"/>
</pin_list>
<bind>
<opcode="zext(34) " fcode="zext"/>
<opset="p_shl5_cast/8 "/>
</bind>
</comp>

<comp id="339" class="1004" name="p_shl6_fu_339">
<pin_list>
<pin id="340" dir="0" index="0" bw="9" slack="0"/>
<pin id="341" dir="0" index="1" bw="8" slack="1"/>
<pin id="342" dir="0" index="2" bw="1" slack="0"/>
<pin id="343" dir="1" index="3" bw="9" slack="0"/>
</pin_list>
<bind>
<opcode="bitconcatenate(1004) " fcode="bitconcatenate"/>
<opset="p_shl6/8 "/>
</bind>
</comp>

<comp id="346" class="1004" name="p_shl6_cast_fu_346">
<pin_list>
<pin id="347" dir="0" index="0" bw="9" slack="0"/>
<pin id="348" dir="1" index="1" bw="15" slack="0"/>
</pin_list>
<bind>
<opcode="zext(34) " fcode="zext"/>
<opset="p_shl6_cast/8 "/>
</bind>
</comp>

<comp id="350" class="1004" name="tmp_42_cast1_fu_350">
<pin_list>
<pin id="351" dir="0" index="0" bw="8" slack="1"/>
<pin id="352" dir="1" index="1" bw="16" slack="0"/>
</pin_list>
<bind>
<opcode="zext(34) " fcode="zext"/>
<opset="tmp_42_cast1/8 "/>
</bind>
</comp>

<comp id="353" class="1004" name="p_shl4_fu_353">
<pin_list>
<pin id="354" dir="0" index="0" bw="15" slack="0"/>
<pin id="355" dir="0" index="1" bw="8" slack="1"/>
<pin id="356" dir="0" index="2" bw="1" slack="0"/>
<pin id="357" dir="1" index="3" bw="15" slack="0"/>
</pin_list>
<bind>
<opcode="bitconcatenate(1004) " fcode="bitconcatenate"/>
<opset="p_shl4/8 "/>
</bind>
</comp>

<comp id="360" class="1004" name="p_shl4_cast_fu_360">
<pin_list>
<pin id="361" dir="0" index="0" bw="15" slack="0"/>
<pin id="362" dir="1" index="1" bw="16" slack="0"/>
</pin_list>
<bind>
<opcode="zext(34) " fcode="zext"/>
<opset="p_shl4_cast/8 "/>
</bind>
</comp>

<comp id="364" class="1004" name="tmp_44_cast1_fu_364">
<pin_list>
<pin id="365" dir="0" index="0" bw="8" slack="1"/>
<pin id="366" dir="1" index="1" bw="13" slack="0"/>
</pin_list>
<bind>
<opcode="zext(34) " fcode="zext"/>
<opset="tmp_44_cast1/8 "/>
</bind>
</comp>

<comp id="367" class="1004" name="tmp2_fu_367">
<pin_list>
<pin id="368" dir="0" index="0" bw="9" slack="0"/>
<pin id="369" dir="0" index="1" bw="14" slack="0"/>
<pin id="370" dir="1" index="2" bw="15" slack="0"/>
</pin_list>
<bind>
<opcode="add(8) " fcode="add"/>
<opset="tmp2/8 "/>
</bind>
</comp>

<comp id="373" class="1004" name="tmp2_cast_fu_373">
<pin_list>
<pin id="374" dir="0" index="0" bw="15" slack="0"/>
<pin id="375" dir="1" index="1" bw="16" slack="0"/>
</pin_list>
<bind>
<opcode="zext(34) " fcode="zext"/>
<opset="tmp2_cast/8 "/>
</bind>
</comp>

<comp id="377" class="1004" name="tmp1_fu_377">
<pin_list>
<pin id="378" dir="0" index="0" bw="15" slack="0"/>
<pin id="379" dir="0" index="1" bw="15" slack="0"/>
<pin id="380" dir="1" index="2" bw="16" slack="0"/>
</pin_list>
<bind>
<opcode="add(8) " fcode="add"/>
<opset="tmp1/8 "/>
</bind>
</comp>

<comp id="383" class="1004" name="tmp4_cast_fu_383">
<pin_list>
<pin id="384" dir="0" index="0" bw="9" slack="1"/>
<pin id="385" dir="1" index="1" bw="13" slack="0"/>
</pin_list>
<bind>
<opcode="zext(34) " fcode="zext"/>
<opset="tmp4_cast/8 "/>
</bind>
</comp>

<comp id="386" class="1004" name="tmp3_cast_fu_386">
<pin_list>
<pin id="387" dir="0" index="0" bw="13" slack="0"/>
<pin id="388" dir="1" index="1" bw="16" slack="0"/>
</pin_list>
<bind>
<opcode="zext(34) " fcode="zext"/>
<opset="tmp3_cast/8 "/>
</bind>
</comp>

<comp id="389" class="1004" name="tmp_23_fu_389">
<pin_list>
<pin id="390" dir="0" index="0" bw="13" slack="0"/>
<pin id="391" dir="0" index="1" bw="16" slack="0"/>
<pin id="392" dir="1" index="2" bw="16" slack="0"/>
</pin_list>
<bind>
<opcode="add(8) " fcode="add"/>
<opset="tmp_23/8 "/>
</bind>
</comp>

<comp id="395" class="1004" name="tmp_24_fu_395">
<pin_list>
<pin id="396" dir="0" index="0" bw="8" slack="0"/>
<pin id="397" dir="0" index="1" bw="16" slack="0"/>
<pin id="398" dir="0" index="2" bw="5" slack="0"/>
<pin id="399" dir="0" index="3" bw="5" slack="0"/>
<pin id="400" dir="1" index="4" bw="8" slack="1"/>
</pin_list>
<bind>
<opcode="partselect(1002) " fcode="partselect"/>
<opset="tmp_24/8 "/>
</bind>
</comp>

<comp id="405" class="1004" name="tmp_26_fu_405">
<pin_list>
<pin id="406" dir="0" index="0" bw="8" slack="0"/>
<pin id="407" dir="0" index="1" bw="8" slack="0"/>
<pin id="408" dir="1" index="2" bw="16" slack="1"/>
</pin_list>
<bind>
<opcode="mul(12) " fcode="mul"/>
<opset="tmp_26/8 "/>
</bind>
</comp>

<comp id="411" class="1004" name="p_shl2_fu_411">
<pin_list>
<pin id="412" dir="0" index="0" bw="15" slack="0"/>
<pin id="413" dir="0" index="1" bw="8" slack="1"/>
<pin id="414" dir="0" index="2" bw="1" slack="0"/>
<pin id="415" dir="1" index="3" bw="15" slack="0"/>
</pin_list>
<bind>
<opcode="bitconcatenate(1004) " fcode="bitconcatenate"/>
<opset="p_shl2/8 "/>
</bind>
</comp>

<comp id="418" class="1004" name="p_shl2_cast_fu_418">
<pin_list>
<pin id="419" dir="0" index="0" bw="15" slack="0"/>
<pin id="420" dir="1" index="1" bw="16" slack="0"/>
</pin_list>
<bind>
<opcode="zext(34) " fcode="zext"/>
<opset="p_shl2_cast/8 "/>
</bind>
</comp>

<comp id="422" class="1004" name="p_shl3_fu_422">
<pin_list>
<pin id="423" dir="0" index="0" bw="12" slack="0"/>
<pin id="424" dir="0" index="1" bw="8" slack="1"/>
<pin id="425" dir="0" index="2" bw="1" slack="0"/>
<pin id="426" dir="1" index="3" bw="12" slack="0"/>
</pin_list>
<bind>
<opcode="bitconcatenate(1004) " fcode="bitconcatenate"/>
<opset="p_shl3/8 "/>
</bind>
</comp>

<comp id="429" class="1004" name="p_shl3_cast9_fu_429">
<pin_list>
<pin id="430" dir="0" index="0" bw="12" slack="0"/>
<pin id="431" dir="1" index="1" bw="13" slack="0"/>
</pin_list>
<bind>
<opcode="zext(34) " fcode="zext"/>
<opset="p_shl3_cast9/8 "/>
</bind>
</comp>

<comp id="433" class="1004" name="p_shl3_cast_fu_433">
<pin_list>
<pin id="434" dir="0" index="0" bw="12" slack="0"/>
<pin id="435" dir="1" index="1" bw="16" slack="0"/>
</pin_list>
<bind>
<opcode="zext(34) " fcode="zext"/>
<opset="p_shl3_cast/8 "/>
</bind>
</comp>

<comp id="437" class="1004" name="tmp_27_fu_437">
<pin_list>
<pin id="438" dir="0" index="0" bw="15" slack="0"/>
<pin id="439" dir="0" index="1" bw="12" slack="0"/>
<pin id="440" dir="1" index="2" bw="16" slack="1"/>
</pin_list>
<bind>
<opcode="sub(10) " fcode="sub"/>
<opset="tmp_27/8 "/>
</bind>
</comp>

<comp id="443" class="1004" name="tmp_30_fu_443">
<pin_list>
<pin id="444" dir="0" index="0" bw="8" slack="0"/>
<pin id="445" dir="0" index="1" bw="8" slack="0"/>
<pin id="446" dir="1" index="2" bw="16" slack="1"/>
</pin_list>
<bind>
<opcode="mul(12) " fcode="mul"/>
<opset="tmp_30/8 "/>
</bind>
</comp>

<comp id="449" class="1004" name="p_neg_fu_449">
<pin_list>
<pin id="450" dir="0" index="0" bw="1" slack="0"/>
<pin id="451" dir="0" index="1" bw="12" slack="0"/>
<pin id="452" dir="1" index="2" bw="13" slack="0"/>
</pin_list>
<bind>
<opcode="sub(10) " fcode="sub"/>
<opset="p_neg/8 "/>
</bind>
</comp>

<comp id="455" class="1004" name="p_neg_cast_fu_455">
<pin_list>
<pin id="456" dir="0" index="0" bw="13" slack="0"/>
<pin id="457" dir="1" index="1" bw="14" slack="0"/>
</pin_list>
<bind>
<opcode="sext(35) " fcode="sext"/>
<opset="p_neg_cast/8 "/>
</bind>
</comp>

<comp id="459" class="1004" name="p_shl1_fu_459">
<pin_list>
<pin id="460" dir="0" index="0" bw="9" slack="0"/>
<pin id="461" dir="0" index="1" bw="8" slack="1"/>
<pin id="462" dir="0" index="2" bw="1" slack="0"/>
<pin id="463" dir="1" index="3" bw="9" slack="0"/>
</pin_list>
<bind>
<opcode="bitconcatenate(1004) " fcode="bitconcatenate"/>
<opset="p_shl1/8 "/>
</bind>
</comp>

<comp id="466" class="1004" name="p_shl1_cast_fu_466">
<pin_list>
<pin id="467" dir="0" index="0" bw="9" slack="0"/>
<pin id="468" dir="1" index="1" bw="14" slack="0"/>
</pin_list>
<bind>
<opcode="zext(34) " fcode="zext"/>
<opset="p_shl1_cast/8 "/>
</bind>
</comp>

<comp id="470" class="1004" name="tmp_32_fu_470">
<pin_list>
<pin id="471" dir="0" index="0" bw="13" slack="0"/>
<pin id="472" dir="0" index="1" bw="9" slack="0"/>
<pin id="473" dir="1" index="2" bw="14" slack="0"/>
</pin_list>
<bind>
<opcode="sub(10) " fcode="sub"/>
<opset="tmp_32/8 "/>
</bind>
</comp>

<comp id="476" class="1004" name="tmp8_fu_476">
<pin_list>
<pin id="477" dir="0" index="0" bw="9" slack="0"/>
<pin id="478" dir="0" index="1" bw="14" slack="0"/>
<pin id="479" dir="1" index="2" bw="14" slack="1"/>
</pin_list>
<bind>
<opcode="add(8) " fcode="add"/>
<opset="tmp8/8 "/>
</bind>
</comp>

<comp id="482" class="1004" name="tmp_40_cast2_fu_482">
<pin_list>
<pin id="483" dir="0" index="0" bw="8" slack="2"/>
<pin id="484" dir="1" index="1" bw="15" slack="0"/>
</pin_list>
<bind>
<opcode="zext(34) " fcode="zext"/>
<opset="tmp_40_cast2/9 "/>
</bind>
</comp>

<comp id="485" class="1004" name="Y_fu_485">
<pin_list>
<pin id="486" dir="0" index="0" bw="6" slack="0"/>
<pin id="487" dir="0" index="1" bw="8" slack="1"/>
<pin id="488" dir="1" index="2" bw="8" slack="0"/>
</pin_list>
<bind>
<opcode="add(8) " fcode="add"/>
<opset="Y/9 "/>
</bind>
</comp>

<comp id="491" class="1004" name="tmp6_fu_491">
<pin_list>
<pin id="492" dir="0" index="0" bw="9" slack="0"/>
<pin id="493" dir="0" index="1" bw="16" slack="1"/>
<pin id="494" dir="1" index="2" bw="16" slack="0"/>
</pin_list>
<bind>
<opcode="add(8) " fcode="add"/>
<opset="tmp6/9 "/>
</bind>
</comp>

<comp id="496" class="1004" name="tmp_28_fu_496">
<pin_list>
<pin id="497" dir="0" index="0" bw="16" slack="0"/>
<pin id="498" dir="0" index="1" bw="16" slack="0"/>
<pin id="499" dir="1" index="2" bw="16" slack="0"/>
</pin_list>
<bind>
<opcode="add(8) " fcode="add"/>
<opset="tmp_28/9 "/>
</bind>
</comp>

<comp id="501" class="1004" name="tmp_29_fu_501">
<pin_list>
<pin id="502" dir="0" index="0" bw="8" slack="0"/>
<pin id="503" dir="0" index="1" bw="16" slack="0"/>
<pin id="504" dir="0" index="2" bw="5" slack="0"/>
<pin id="505" dir="0" index="3" bw="5" slack="0"/>
<pin id="506" dir="1" index="4" bw="8" slack="1"/>
</pin_list>
<bind>
<opcode="partselect(1002) " fcode="partselect"/>
<opset="tmp_29/9 "/>
</bind>
</comp>

<comp id="511" class="1004" name="tmp8_cast_fu_511">
<pin_list>
<pin id="512" dir="0" index="0" bw="14" slack="1"/>
<pin id="513" dir="1" index="1" bw="16" slack="0"/>
</pin_list>
<bind>
<opcode="sext(35) " fcode="sext"/>
<opset="tmp8_cast/9 "/>
</bind>
</comp>

<comp id="514" class="1004" name="tmp_33_fu_514">
<pin_list>
<pin id="515" dir="0" index="0" bw="14" slack="0"/>
<pin id="516" dir="0" index="1" bw="16" slack="0"/>
<pin id="517" dir="1" index="2" bw="16" slack="0"/>
</pin_list>
<bind>
<opcode="add(8) " fcode="add"/>
<opset="tmp_33/9 "/>
</bind>
</comp>

<comp id="519" class="1004" name="tmp_34_fu_519">
<pin_list>
<pin id="520" dir="0" index="0" bw="8" slack="0"/>
<pin id="521" dir="0" index="1" bw="16" slack="0"/>
<pin id="522" dir="0" index="2" bw="5" slack="0"/>
<pin id="523" dir="0" index="3" bw="5" slack="0"/>
<pin id="524" dir="1" index="4" bw="8" slack="1"/>
</pin_list>
<bind>
<opcode="partselect(1002) " fcode="partselect"/>
<opset="tmp_34/9 "/>
</bind>
</comp>

<comp id="529" class="1004" name="U_fu_529">
<pin_list>
<pin id="530" dir="0" index="0" bw="8" slack="1"/>
<pin id="531" dir="0" index="1" bw="8" slack="0"/>
<pin id="532" dir="1" index="2" bw="8" slack="0"/>
</pin_list>
<bind>
<opcode="xor(25) " fcode="xor"/>
<opset="U/10 "/>
</bind>
</comp>

<comp id="535" class="1004" name="V_fu_535">
<pin_list>
<pin id="536" dir="0" index="0" bw="8" slack="1"/>
<pin id="537" dir="0" index="1" bw="8" slack="0"/>
<pin id="538" dir="1" index="2" bw="8" slack="0"/>
</pin_list>
<bind>
<opcode="xor(25) " fcode="xor"/>
<opset="V/10 "/>
</bind>
</comp>

<comp id="541" class="1004" name="mrv_fu_541">
<pin_list>
<pin id="542" dir="0" index="0" bw="32" slack="0"/>
<pin id="543" dir="0" index="1" bw="16" slack="2"/>
<pin id="544" dir="1" index="2" bw="32" slack="0"/>
</pin_list>
<bind>
<opcode="insertvalue(57) " fcode="insertvalue"/>
<opset="mrv/12 "/>
</bind>
</comp>

<comp id="546" class="1004" name="mrv_1_fu_546">
<pin_list>
<pin id="547" dir="0" index="0" bw="32" slack="0"/>
<pin id="548" dir="0" index="1" bw="16" slack="2"/>
<pin id="549" dir="1" index="2" bw="32" slack="2147483647"/>
</pin_list>
<bind>
<opcode="insertvalue(57) " fcode="insertvalue"/>
<opset="mrv_1/12 "/>
</bind>
</comp>

<comp id="551" class="1007" name="bound_fu_551">
<pin_list>
<pin id="552" dir="0" index="0" bw="16" slack="0"/>
<pin id="553" dir="0" index="1" bw="16" slack="0"/>
<pin id="554" dir="1" index="2" bw="32" slack="1"/>
</pin_list>
<bind>
<opcode="mul(12) " fcode="mul"/>
<opset="bound/1 "/>
</bind>
</comp>

<comp id="557" class="1007" name="grp_fu_557">
<pin_list>
<pin id="558" dir="0" index="0" bw="13" slack="0"/>
<pin id="559" dir="0" index="1" bw="8" slack="0"/>
<pin id="560" dir="0" index="2" bw="9" slack="0"/>
<pin id="561" dir="1" index="3" bw="13" slack="0"/>
</pin_list>
<bind>
<opcode="muladd(1172) " fcode="muladd"/>
<opset="tmp_22/8 tmp3/8 "/>
</bind>
</comp>

<comp id="566" class="1007" name="grp_fu_566">
<pin_list>
<pin id="567" dir="0" index="0" bw="15" slack="0"/>
<pin id="568" dir="0" index="1" bw="8" slack="0"/>
<pin id="569" dir="0" index="2" bw="16" slack="2147483647"/>
<pin id="570" dir="1" index="3" bw="16" slack="0"/>
</pin_list>
<bind>
<opcode="muladd(1172) " fcode="muladd"/>
<opset="tmp_25/9 tmp_51_cast/9 tmp5/9 "/>
</bind>
</comp>

<comp id="574" class="1007" name="grp_fu_574">
<pin_list>
<pin id="575" dir="0" index="0" bw="16" slack="0"/>
<pin id="576" dir="0" index="1" bw="8" slack="1"/>
<pin id="577" dir="0" index="2" bw="16" slack="2147483647"/>
<pin id="578" dir="1" index="3" bw="16" slack="0"/>
</pin_list>
<bind>
<opcode="muladd(1172) " fcode="muladd"/>
<opset="tmp_31/9 tmp7/9 "/>
</bind>
</comp>

<comp id="581" class="1005" name="in_height_read11_reg_581">
<pin_list>
<pin id="582" dir="0" index="0" bw="16" slack="1"/>
<pin id="583" dir="1" index="1" bw="16" slack="1"/>
</pin_list>
<bind>
<opset="in_height_read11 "/>
</bind>
</comp>

<comp id="587" class="1005" name="in_width_read_3_reg_587">
<pin_list>
<pin id="588" dir="0" index="0" bw="16" slack="2"/>
<pin id="589" dir="1" index="1" bw="16" slack="2"/>
</pin_list>
<bind>
<opset="in_width_read_3 "/>
</bind>
</comp>

<comp id="592" class="1005" name="bound_reg_592">
<pin_list>
<pin id="593" dir="0" index="0" bw="32" slack="1"/>
<pin id="594" dir="1" index="1" bw="32" slack="1"/>
</pin_list>
<bind>
<opset="bound "/>
</bind>
</comp>

<comp id="597" class="1005" name="exitcond_flatten_reg_597">
<pin_list>
<pin id="598" dir="0" index="0" bw="1" slack="1"/>
<pin id="599" dir="1" index="1" bw="1" slack="2147483647"/>
</pin_list>
<bind>
<opset="exitcond_flatten "/>
</bind>
</comp>

<comp id="601" class="1005" name="indvar_flatten_next_reg_601">
<pin_list>
<pin id="602" dir="0" index="0" bw="32" slack="0"/>
<pin id="603" dir="1" index="1" bw="32" slack="0"/>
</pin_list>
<bind>
<opset="indvar_flatten_next "/>
</bind>
</comp>

<comp id="606" class="1005" name="y_mid2_reg_606">
<pin_list>
<pin id="607" dir="0" index="0" bw="16" slack="1"/>
<pin id="608" dir="1" index="1" bw="16" slack="1"/>
</pin_list>
<bind>
<opset="y_mid2 "/>
</bind>
</comp>

<comp id="612" class="1005" name="tmp_mid2_v_reg_612">
<pin_list>
<pin id="613" dir="0" index="0" bw="16" slack="0"/>
<pin id="614" dir="1" index="1" bw="16" slack="0"/>
</pin_list>
<bind>
<opset="tmp_mid2_v "/>
</bind>
</comp>

<comp id="617" class="1005" name="tmp_reg_617">
<pin_list>
<pin id="618" dir="0" index="0" bw="13" slack="1"/>
<pin id="619" dir="1" index="1" bw="13" slack="1"/>
</pin_list>
<bind>
<opset="tmp "/>
</bind>
</comp>

<comp id="622" class="1005" name="tmp_21_reg_622">
<pin_list>
<pin id="623" dir="0" index="0" bw="15" slack="1"/>
<pin id="624" dir="1" index="1" bw="15" slack="1"/>
</pin_list>
<bind>
<opset="tmp_21 "/>
</bind>
</comp>

<comp id="627" class="1005" name="tmp_20_reg_627">
<pin_list>
<pin id="628" dir="0" index="0" bw="23" slack="1"/>
<pin id="629" dir="1" index="1" bw="23" slack="1"/>
</pin_list>
<bind>
<opset="tmp_20 "/>
</bind>
</comp>

<comp id="632" class="1005" name="y_3_reg_632">
<pin_list>
<pin id="633" dir="0" index="0" bw="16" slack="1"/>
<pin id="634" dir="1" index="1" bw="16" slack="1"/>
</pin_list>
<bind>
<opset="y_3 "/>
</bind>
</comp>

<comp id="637" class="1005" name="tmp_42_cast_reg_637">
<pin_list>
<pin id="638" dir="0" index="0" bw="32" slack="5"/>
<pin id="639" dir="1" index="1" bw="32" slack="5"/>
</pin_list>
<bind>
<opset="tmp_42_cast "/>
</bind>
</comp>

<comp id="644" class="1005" name="in_channels_ch1_addr_reg_644">
<pin_list>
<pin id="645" dir="0" index="0" bw="22" slack="1"/>
<pin id="646" dir="1" index="1" bw="22" slack="1"/>
</pin_list>
<bind>
<opset="in_channels_ch1_addr "/>
</bind>
</comp>

<comp id="649" class="1005" name="in_channels_ch2_addr_reg_649">
<pin_list>
<pin id="650" dir="0" index="0" bw="22" slack="1"/>
<pin id="651" dir="1" index="1" bw="22" slack="1"/>
</pin_list>
<bind>
<opset="in_channels_ch2_addr "/>
</bind>
</comp>

<comp id="654" class="1005" name="in_channels_ch3_addr_reg_654">
<pin_list>
<pin id="655" dir="0" index="0" bw="22" slack="1"/>
<pin id="656" dir="1" index="1" bw="22" slack="1"/>
</pin_list>
<bind>
<opset="in_channels_ch3_addr "/>
</bind>
</comp>

<comp id="659" class="1005" name="R_reg_659">
<pin_list>
<pin id="660" dir="0" index="0" bw="8" slack="1"/>
<pin id="661" dir="1" index="1" bw="8" slack="1"/>
</pin_list>
<bind>
<opset="R "/>
</bind>
</comp>

<comp id="667" class="1005" name="G_reg_667">
<pin_list>
<pin id="668" dir="0" index="0" bw="8" slack="1"/>
<pin id="669" dir="1" index="1" bw="8" slack="1"/>
</pin_list>
<bind>
<opset="G "/>
</bind>
</comp>

<comp id="673" class="1005" name="B_reg_673">
<pin_list>
<pin id="674" dir="0" index="0" bw="8" slack="1"/>
<pin id="675" dir="1" index="1" bw="8" slack="1"/>
</pin_list>
<bind>
<opset="B "/>
</bind>
</comp>

<comp id="681" class="1005" name="tmp4_reg_681">
<pin_list>
<pin id="682" dir="0" index="0" bw="9" slack="1"/>
<pin id="683" dir="1" index="1" bw="9" slack="1"/>
</pin_list>
<bind>
<opset="tmp4 "/>
</bind>
</comp>

<comp id="686" class="1005" name="tmp_42_cast1_reg_686">
<pin_list>
<pin id="687" dir="0" index="0" bw="16" slack="1"/>
<pin id="688" dir="1" index="1" bw="16" slack="1"/>
</pin_list>
<bind>
<opset="tmp_42_cast1 "/>
</bind>
</comp>

<comp id="691" class="1005" name="tmp_24_reg_691">
<pin_list>
<pin id="692" dir="0" index="0" bw="8" slack="1"/>
<pin id="693" dir="1" index="1" bw="8" slack="1"/>
</pin_list>
<bind>
<opset="tmp_24 "/>
</bind>
</comp>

<comp id="696" class="1005" name="tmp_26_reg_696">
<pin_list>
<pin id="697" dir="0" index="0" bw="16" slack="1"/>
<pin id="698" dir="1" index="1" bw="16" slack="1"/>
</pin_list>
<bind>
<opset="tmp_26 "/>
</bind>
</comp>

<comp id="701" class="1005" name="tmp_27_reg_701">
<pin_list>
<pin id="702" dir="0" index="0" bw="16" slack="1"/>
<pin id="703" dir="1" index="1" bw="16" slack="1"/>
</pin_list>
<bind>
<opset="tmp_27 "/>
</bind>
</comp>

<comp id="706" class="1005" name="tmp_30_reg_706">
<pin_list>
<pin id="707" dir="0" index="0" bw="16" slack="1"/>
<pin id="708" dir="1" index="1" bw="16" slack="1"/>
</pin_list>
<bind>
<opset="tmp_30 "/>
</bind>
</comp>

<comp id="711" class="1005" name="tmp8_reg_711">
<pin_list>
<pin id="712" dir="0" index="0" bw="14" slack="1"/>
<pin id="713" dir="1" index="1" bw="14" slack="1"/>
</pin_list>
<bind>
<opset="tmp8 "/>
</bind>
</comp>

<comp id="716" class="1005" name="out_channels_ch1_add_reg_716">
<pin_list>
<pin id="717" dir="0" index="0" bw="22" slack="1"/>
<pin id="718" dir="1" index="1" bw="22" slack="1"/>
</pin_list>
<bind>
<opset="out_channels_ch1_add "/>
</bind>
</comp>

<comp id="721" class="1005" name="Y_reg_721">
<pin_list>
<pin id="722" dir="0" index="0" bw="8" slack="1"/>
<pin id="723" dir="1" index="1" bw="8" slack="1"/>
</pin_list>
<bind>
<opset="Y "/>
</bind>
</comp>

<comp id="726" class="1005" name="tmp_29_reg_726">
<pin_list>
<pin id="727" dir="0" index="0" bw="8" slack="1"/>
<pin id="728" dir="1" index="1" bw="8" slack="1"/>
</pin_list>
<bind>
<opset="tmp_29 "/>
</bind>
</comp>

<comp id="731" class="1005" name="tmp_34_reg_731">
<pin_list>
<pin id="732" dir="0" index="0" bw="8" slack="1"/>
<pin id="733" dir="1" index="1" bw="8" slack="1"/>
</pin_list>
<bind>
<opset="tmp_34 "/>
</bind>
</comp>

<comp id="736" class="1005" name="out_channels_ch2_add_reg_736">
<pin_list>
<pin id="737" dir="0" index="0" bw="22" slack="1"/>
<pin id="738" dir="1" index="1" bw="22" slack="1"/>
</pin_list>
<bind>
<opset="out_channels_ch2_add "/>
</bind>
</comp>

<comp id="741" class="1005" name="out_channels_ch3_add_reg_741">
<pin_list>
<pin id="742" dir="0" index="0" bw="22" slack="1"/>
<pin id="743" dir="1" index="1" bw="22" slack="1"/>
</pin_list>
<bind>
<opset="out_channels_ch3_add "/>
</bind>
</comp>

<comp id="746" class="1005" name="U_reg_746">
<pin_list>
<pin id="747" dir="0" index="0" bw="8" slack="1"/>
<pin id="748" dir="1" index="1" bw="8" slack="1"/>
</pin_list>
<bind>
<opset="U "/>
</bind>
</comp>

<comp id="751" class="1005" name="V_reg_751">
<pin_list>
<pin id="752" dir="0" index="0" bw="8" slack="1"/>
<pin id="753" dir="1" index="1" bw="8" slack="1"/>
</pin_list>
<bind>
<opset="V "/>
</bind>
</comp>

</comp_list>

<net_list>
<net id="108"><net_src comp="16" pin="0"/><net_sink comp="104" pin=0"/></net>

<net id="109"><net_src comp="8" pin="0"/><net_sink comp="104" pin=1"/></net>

<net id="114"><net_src comp="16" pin="0"/><net_sink comp="110" pin=0"/></net>

<net id="115"><net_src comp="6" pin="0"/><net_sink comp="110" pin=1"/></net>

<net id="121"><net_src comp="0" pin="0"/><net_sink comp="116" pin=0"/></net>

<net id="122"><net_src comp="18" pin="0"/><net_sink comp="116" pin=1"/></net>

<net id="128"><net_src comp="2" pin="0"/><net_sink comp="123" pin=0"/></net>

<net id="129"><net_src comp="18" pin="0"/><net_sink comp="123" pin=1"/></net>

<net id="135"><net_src comp="4" pin="0"/><net_sink comp="130" pin=0"/></net>

<net id="136"><net_src comp="18" pin="0"/><net_sink comp="130" pin=1"/></net>

<net id="141"><net_src comp="116" pin="3"/><net_sink comp="137" pin=0"/></net>

<net id="146"><net_src comp="123" pin="3"/><net_sink comp="142" pin=0"/></net>

<net id="151"><net_src comp="130" pin="3"/><net_sink comp="147" pin=0"/></net>

<net id="157"><net_src comp="10" pin="0"/><net_sink comp="152" pin=0"/></net>

<net id="158"><net_src comp="18" pin="0"/><net_sink comp="152" pin=1"/></net>

<net id="163"><net_src comp="152" pin="3"/><net_sink comp="159" pin=0"/></net>

<net id="169"><net_src comp="12" pin="0"/><net_sink comp="164" pin=0"/></net>

<net id="170"><net_src comp="18" pin="0"/><net_sink comp="164" pin=1"/></net>

<net id="176"><net_src comp="14" pin="0"/><net_sink comp="171" pin=0"/></net>

<net id="177"><net_src comp="18" pin="0"/><net_sink comp="171" pin=1"/></net>

<net id="182"><net_src comp="164" pin="3"/><net_sink comp="178" pin=0"/></net>

<net id="187"><net_src comp="171" pin="3"/><net_sink comp="183" pin=0"/></net>

<net id="191"><net_src comp="18" pin="0"/><net_sink comp="188" pin=0"/></net>

<net id="198"><net_src comp="188" pin="1"/><net_sink comp="192" pin=0"/></net>

<net id="202"><net_src comp="20" pin="0"/><net_sink comp="199" pin=0"/></net>

<net id="209"><net_src comp="199" pin="1"/><net_sink comp="203" pin=0"/></net>

<net id="213"><net_src comp="20" pin="0"/><net_sink comp="210" pin=0"/></net>

<net id="220"><net_src comp="210" pin="1"/><net_sink comp="214" pin=0"/></net>

<net id="224"><net_src comp="110" pin="2"/><net_sink comp="221" pin=0"/></net>

<net id="228"><net_src comp="104" pin="2"/><net_sink comp="225" pin=0"/></net>

<net id="233"><net_src comp="192" pin="4"/><net_sink comp="229" pin=0"/></net>

<net id="238"><net_src comp="192" pin="4"/><net_sink comp="234" pin=0"/></net>

<net id="239"><net_src comp="22" pin="0"/><net_sink comp="234" pin=1"/></net>

<net id="244"><net_src comp="24" pin="0"/><net_sink comp="240" pin=0"/></net>

<net id="245"><net_src comp="203" pin="4"/><net_sink comp="240" pin=1"/></net>

<net id="250"><net_src comp="214" pin="4"/><net_sink comp="246" pin=0"/></net>

<net id="256"><net_src comp="246" pin="2"/><net_sink comp="251" pin=0"/></net>

<net id="257"><net_src comp="20" pin="0"/><net_sink comp="251" pin=1"/></net>

<net id="258"><net_src comp="214" pin="4"/><net_sink comp="251" pin=2"/></net>

<net id="264"><net_src comp="246" pin="2"/><net_sink comp="259" pin=0"/></net>

<net id="265"><net_src comp="240" pin="2"/><net_sink comp="259" pin=1"/></net>

<net id="266"><net_src comp="203" pin="4"/><net_sink comp="259" pin=2"/></net>

<net id="270"><net_src comp="259" pin="3"/><net_sink comp="267" pin=0"/></net>

<net id="274"><net_src comp="259" pin="3"/><net_sink comp="271" pin=0"/></net>

<net id="280"><net_src comp="26" pin="0"/><net_sink comp="275" pin=0"/></net>

<net id="281"><net_src comp="28" pin="0"/><net_sink comp="275" pin=2"/></net>

<net id="287"><net_src comp="30" pin="0"/><net_sink comp="282" pin=0"/></net>

<net id="288"><net_src comp="32" pin="0"/><net_sink comp="282" pin=2"/></net>

<net id="293"><net_src comp="275" pin="3"/><net_sink comp="289" pin=0"/></net>

<net id="294"><net_src comp="282" pin="3"/><net_sink comp="289" pin=1"/></net>

<net id="302"><net_src comp="295" pin="1"/><net_sink comp="298" pin=0"/></net>

<net id="303"><net_src comp="289" pin="2"/><net_sink comp="298" pin=1"/></net>

<net id="308"><net_src comp="24" pin="0"/><net_sink comp="304" pin=0"/></net>

<net id="312"><net_src comp="309" pin="1"/><net_sink comp="116" pin=2"/></net>

<net id="313"><net_src comp="309" pin="1"/><net_sink comp="123" pin=2"/></net>

<net id="314"><net_src comp="309" pin="1"/><net_sink comp="130" pin=2"/></net>

<net id="318"><net_src comp="142" pin="2"/><net_sink comp="315" pin=0"/></net>

<net id="323"><net_src comp="34" pin="0"/><net_sink comp="319" pin=0"/></net>

<net id="324"><net_src comp="315" pin="1"/><net_sink comp="319" pin=1"/></net>

<net id="333"><net_src comp="36" pin="0"/><net_sink comp="328" pin=0"/></net>

<net id="334"><net_src comp="38" pin="0"/><net_sink comp="328" pin=2"/></net>

<net id="338"><net_src comp="328" pin="3"/><net_sink comp="335" pin=0"/></net>

<net id="344"><net_src comp="40" pin="0"/><net_sink comp="339" pin=0"/></net>

<net id="345"><net_src comp="42" pin="0"/><net_sink comp="339" pin=2"/></net>

<net id="349"><net_src comp="339" pin="3"/><net_sink comp="346" pin=0"/></net>

<net id="358"><net_src comp="44" pin="0"/><net_sink comp="353" pin=0"/></net>

<net id="359"><net_src comp="46" pin="0"/><net_sink comp="353" pin=2"/></net>

<net id="363"><net_src comp="353" pin="3"/><net_sink comp="360" pin=0"/></net>

<net id="371"><net_src comp="346" pin="1"/><net_sink comp="367" pin=0"/></net>

<net id="372"><net_src comp="335" pin="1"/><net_sink comp="367" pin=1"/></net>

<net id="376"><net_src comp="367" pin="2"/><net_sink comp="373" pin=0"/></net>

<net id="381"><net_src comp="373" pin="1"/><net_sink comp="377" pin=0"/></net>

<net id="382"><net_src comp="360" pin="1"/><net_sink comp="377" pin=1"/></net>

<net id="393"><net_src comp="386" pin="1"/><net_sink comp="389" pin=0"/></net>

<net id="394"><net_src comp="377" pin="2"/><net_sink comp="389" pin=1"/></net>

<net id="401"><net_src comp="50" pin="0"/><net_sink comp="395" pin=0"/></net>

<net id="402"><net_src comp="389" pin="2"/><net_sink comp="395" pin=1"/></net>

<net id="403"><net_src comp="52" pin="0"/><net_sink comp="395" pin=2"/></net>

<net id="404"><net_src comp="54" pin="0"/><net_sink comp="395" pin=3"/></net>

<net id="409"><net_src comp="56" pin="0"/><net_sink comp="405" pin=0"/></net>

<net id="410"><net_src comp="350" pin="1"/><net_sink comp="405" pin=1"/></net>

<net id="416"><net_src comp="44" pin="0"/><net_sink comp="411" pin=0"/></net>

<net id="417"><net_src comp="46" pin="0"/><net_sink comp="411" pin=2"/></net>

<net id="421"><net_src comp="411" pin="3"/><net_sink comp="418" pin=0"/></net>

<net id="427"><net_src comp="58" pin="0"/><net_sink comp="422" pin=0"/></net>

<net id="428"><net_src comp="60" pin="0"/><net_sink comp="422" pin=2"/></net>

<net id="432"><net_src comp="422" pin="3"/><net_sink comp="429" pin=0"/></net>

<net id="436"><net_src comp="422" pin="3"/><net_sink comp="433" pin=0"/></net>

<net id="441"><net_src comp="418" pin="1"/><net_sink comp="437" pin=0"/></net>

<net id="442"><net_src comp="433" pin="1"/><net_sink comp="437" pin=1"/></net>

<net id="447"><net_src comp="62" pin="0"/><net_sink comp="443" pin=0"/></net>

<net id="448"><net_src comp="325" pin="1"/><net_sink comp="443" pin=1"/></net>

<net id="453"><net_src comp="64" pin="0"/><net_sink comp="449" pin=0"/></net>

<net id="454"><net_src comp="429" pin="1"/><net_sink comp="449" pin=1"/></net>

<net id="458"><net_src comp="449" pin="2"/><net_sink comp="455" pin=0"/></net>

<net id="464"><net_src comp="40" pin="0"/><net_sink comp="459" pin=0"/></net>

<net id="465"><net_src comp="42" pin="0"/><net_sink comp="459" pin=2"/></net>

<net id="469"><net_src comp="459" pin="3"/><net_sink comp="466" pin=0"/></net>

<net id="474"><net_src comp="455" pin="1"/><net_sink comp="470" pin=0"/></net>

<net id="475"><net_src comp="466" pin="1"/><net_sink comp="470" pin=1"/></net>

<net id="480"><net_src comp="66" pin="0"/><net_sink comp="476" pin=0"/></net>

<net id="481"><net_src comp="470" pin="2"/><net_sink comp="476" pin=1"/></net>

<net id="489"><net_src comp="68" pin="0"/><net_sink comp="485" pin=0"/></net>

<net id="490"><net_src comp="485" pin="2"/><net_sink comp="159" pin=1"/></net>

<net id="495"><net_src comp="72" pin="0"/><net_sink comp="491" pin=0"/></net>

<net id="500"><net_src comp="491" pin="2"/><net_sink comp="496" pin=0"/></net>

<net id="507"><net_src comp="50" pin="0"/><net_sink comp="501" pin=0"/></net>

<net id="508"><net_src comp="496" pin="2"/><net_sink comp="501" pin=1"/></net>

<net id="509"><net_src comp="52" pin="0"/><net_sink comp="501" pin=2"/></net>

<net id="510"><net_src comp="54" pin="0"/><net_sink comp="501" pin=3"/></net>

<net id="518"><net_src comp="511" pin="1"/><net_sink comp="514" pin=0"/></net>

<net id="525"><net_src comp="50" pin="0"/><net_sink comp="519" pin=0"/></net>

<net id="526"><net_src comp="514" pin="2"/><net_sink comp="519" pin=1"/></net>

<net id="527"><net_src comp="52" pin="0"/><net_sink comp="519" pin=2"/></net>

<net id="528"><net_src comp="54" pin="0"/><net_sink comp="519" pin=3"/></net>

<net id="533"><net_src comp="76" pin="0"/><net_sink comp="529" pin=1"/></net>

<net id="534"><net_src comp="529" pin="2"/><net_sink comp="178" pin=1"/></net>

<net id="539"><net_src comp="76" pin="0"/><net_sink comp="535" pin=1"/></net>

<net id="540"><net_src comp="535" pin="2"/><net_sink comp="183" pin=1"/></net>

<net id="545"><net_src comp="102" pin="0"/><net_sink comp="541" pin=0"/></net>

<net id="550"><net_src comp="541" pin="2"/><net_sink comp="546" pin=0"/></net>

<net id="555"><net_src comp="225" pin="1"/><net_sink comp="551" pin=0"/></net>

<net id="556"><net_src comp="221" pin="1"/><net_sink comp="551" pin=1"/></net>

<net id="562"><net_src comp="48" pin="0"/><net_sink comp="557" pin=0"/></net>

<net id="563"><net_src comp="364" pin="1"/><net_sink comp="557" pin=1"/></net>

<net id="564"><net_src comp="383" pin="1"/><net_sink comp="557" pin=2"/></net>

<net id="565"><net_src comp="557" pin="3"/><net_sink comp="386" pin=0"/></net>

<net id="571"><net_src comp="70" pin="0"/><net_sink comp="566" pin=0"/></net>

<net id="572"><net_src comp="482" pin="1"/><net_sink comp="566" pin=1"/></net>

<net id="573"><net_src comp="566" pin="3"/><net_sink comp="496" pin=1"/></net>

<net id="579"><net_src comp="74" pin="0"/><net_sink comp="574" pin=0"/></net>

<net id="580"><net_src comp="574" pin="3"/><net_sink comp="514" pin=1"/></net>

<net id="584"><net_src comp="104" pin="2"/><net_sink comp="581" pin=0"/></net>

<net id="585"><net_src comp="581" pin="1"/><net_sink comp="246" pin=1"/></net>

<net id="586"><net_src comp="581" pin="1"/><net_sink comp="546" pin=1"/></net>

<net id="590"><net_src comp="110" pin="2"/><net_sink comp="587" pin=0"/></net>

<net id="591"><net_src comp="587" pin="1"/><net_sink comp="541" pin=1"/></net>

<net id="595"><net_src comp="551" pin="2"/><net_sink comp="592" pin=0"/></net>

<net id="596"><net_src comp="592" pin="1"/><net_sink comp="229" pin=1"/></net>

<net id="600"><net_src comp="229" pin="2"/><net_sink comp="597" pin=0"/></net>

<net id="604"><net_src comp="234" pin="2"/><net_sink comp="601" pin=0"/></net>

<net id="605"><net_src comp="601" pin="1"/><net_sink comp="192" pin=2"/></net>

<net id="609"><net_src comp="251" pin="3"/><net_sink comp="606" pin=0"/></net>

<net id="610"><net_src comp="606" pin="1"/><net_sink comp="295" pin=0"/></net>

<net id="611"><net_src comp="606" pin="1"/><net_sink comp="304" pin=1"/></net>

<net id="615"><net_src comp="259" pin="3"/><net_sink comp="612" pin=0"/></net>

<net id="616"><net_src comp="612" pin="1"/><net_sink comp="203" pin=2"/></net>

<net id="620"><net_src comp="267" pin="1"/><net_sink comp="617" pin=0"/></net>

<net id="621"><net_src comp="617" pin="1"/><net_sink comp="275" pin=1"/></net>

<net id="625"><net_src comp="271" pin="1"/><net_sink comp="622" pin=0"/></net>

<net id="626"><net_src comp="622" pin="1"/><net_sink comp="282" pin=1"/></net>

<net id="630"><net_src comp="298" pin="2"/><net_sink comp="627" pin=0"/></net>

<net id="631"><net_src comp="627" pin="1"/><net_sink comp="309" pin=0"/></net>

<net id="635"><net_src comp="304" pin="2"/><net_sink comp="632" pin=0"/></net>

<net id="636"><net_src comp="632" pin="1"/><net_sink comp="214" pin=2"/></net>

<net id="640"><net_src comp="309" pin="1"/><net_sink comp="637" pin=0"/></net>

<net id="641"><net_src comp="637" pin="1"/><net_sink comp="152" pin=2"/></net>

<net id="642"><net_src comp="637" pin="1"/><net_sink comp="164" pin=2"/></net>

<net id="643"><net_src comp="637" pin="1"/><net_sink comp="171" pin=2"/></net>

<net id="647"><net_src comp="116" pin="3"/><net_sink comp="644" pin=0"/></net>

<net id="648"><net_src comp="644" pin="1"/><net_sink comp="137" pin=0"/></net>

<net id="652"><net_src comp="123" pin="3"/><net_sink comp="649" pin=0"/></net>

<net id="653"><net_src comp="649" pin="1"/><net_sink comp="142" pin=0"/></net>

<net id="657"><net_src comp="130" pin="3"/><net_sink comp="654" pin=0"/></net>

<net id="658"><net_src comp="654" pin="1"/><net_sink comp="147" pin=0"/></net>

<net id="662"><net_src comp="137" pin="2"/><net_sink comp="659" pin=0"/></net>

<net id="663"><net_src comp="659" pin="1"/><net_sink comp="325" pin=0"/></net>

<net id="664"><net_src comp="659" pin="1"/><net_sink comp="328" pin=1"/></net>

<net id="665"><net_src comp="659" pin="1"/><net_sink comp="339" pin=1"/></net>

<net id="666"><net_src comp="659" pin="1"/><net_sink comp="482" pin=0"/></net>

<net id="670"><net_src comp="142" pin="2"/><net_sink comp="667" pin=0"/></net>

<net id="671"><net_src comp="667" pin="1"/><net_sink comp="350" pin=0"/></net>

<net id="672"><net_src comp="667" pin="1"/><net_sink comp="353" pin=1"/></net>

<net id="676"><net_src comp="147" pin="2"/><net_sink comp="673" pin=0"/></net>

<net id="677"><net_src comp="673" pin="1"/><net_sink comp="364" pin=0"/></net>

<net id="678"><net_src comp="673" pin="1"/><net_sink comp="411" pin=1"/></net>

<net id="679"><net_src comp="673" pin="1"/><net_sink comp="422" pin=1"/></net>

<net id="680"><net_src comp="673" pin="1"/><net_sink comp="459" pin=1"/></net>

<net id="684"><net_src comp="319" pin="2"/><net_sink comp="681" pin=0"/></net>

<net id="685"><net_src comp="681" pin="1"/><net_sink comp="383" pin=0"/></net>

<net id="689"><net_src comp="350" pin="1"/><net_sink comp="686" pin=0"/></net>

<net id="690"><net_src comp="686" pin="1"/><net_sink comp="574" pin=1"/></net>

<net id="694"><net_src comp="395" pin="4"/><net_sink comp="691" pin=0"/></net>

<net id="695"><net_src comp="691" pin="1"/><net_sink comp="485" pin=1"/></net>

<net id="699"><net_src comp="405" pin="2"/><net_sink comp="696" pin=0"/></net>

<net id="700"><net_src comp="696" pin="1"/><net_sink comp="566" pin=1"/></net>

<net id="704"><net_src comp="437" pin="2"/><net_sink comp="701" pin=0"/></net>

<net id="705"><net_src comp="701" pin="1"/><net_sink comp="491" pin=1"/></net>

<net id="709"><net_src comp="443" pin="2"/><net_sink comp="706" pin=0"/></net>

<net id="710"><net_src comp="706" pin="1"/><net_sink comp="574" pin=0"/></net>

<net id="714"><net_src comp="476" pin="2"/><net_sink comp="711" pin=0"/></net>

<net id="715"><net_src comp="711" pin="1"/><net_sink comp="511" pin=0"/></net>

<net id="719"><net_src comp="152" pin="3"/><net_sink comp="716" pin=0"/></net>

<net id="720"><net_src comp="716" pin="1"/><net_sink comp="159" pin=0"/></net>

<net id="724"><net_src comp="485" pin="2"/><net_sink comp="721" pin=0"/></net>

<net id="725"><net_src comp="721" pin="1"/><net_sink comp="159" pin=1"/></net>

<net id="729"><net_src comp="501" pin="4"/><net_sink comp="726" pin=0"/></net>

<net id="730"><net_src comp="726" pin="1"/><net_sink comp="529" pin=0"/></net>

<net id="734"><net_src comp="519" pin="4"/><net_sink comp="731" pin=0"/></net>

<net id="735"><net_src comp="731" pin="1"/><net_sink comp="535" pin=0"/></net>

<net id="739"><net_src comp="164" pin="3"/><net_sink comp="736" pin=0"/></net>

<net id="740"><net_src comp="736" pin="1"/><net_sink comp="178" pin=0"/></net>

<net id="744"><net_src comp="171" pin="3"/><net_sink comp="741" pin=0"/></net>

<net id="745"><net_src comp="741" pin="1"/><net_sink comp="183" pin=0"/></net>

<net id="749"><net_src comp="529" pin="2"/><net_sink comp="746" pin=0"/></net>

<net id="750"><net_src comp="746" pin="1"/><net_sink comp="178" pin=1"/></net>

<net id="754"><net_src comp="535" pin="2"/><net_sink comp="751" pin=0"/></net>

<net id="755"><net_src comp="751" pin="1"/><net_sink comp="183" pin=1"/></net>

</net_list>

</model> 
---------------- Datapath Model END ------------------

* FSMD analyzer results:
  - Output states:
	Port: out_channels_ch1 | {9 10 }
	Port: out_channels_ch2 | {10 11 }
	Port: out_channels_ch3 | {10 11 }
 - Input state : 
	Port: rgb2yuv : in_channels_ch1 | {4 5 6 7 }
	Port: rgb2yuv : in_channels_ch2 | {4 5 6 7 }
	Port: rgb2yuv : in_channels_ch3 | {4 5 6 7 }
	Port: rgb2yuv : in_width_read | {1 }
	Port: rgb2yuv : in_height_read | {1 }
  - Chain level:
	State 1
		bound : 1
	State 2
		exitcond_flatten : 1
		indvar_flatten_next : 1
		StgValue_24 : 2
		x_3 : 1
		exitcond9 : 1
		y_mid2 : 2
		tmp_mid2_v : 2
		tmp : 3
		tmp_21 : 3
	State 3
		tmp_s : 1
		tmp_20 : 2
	State 4
		in_channels_ch1_addr : 1
		in_channels_ch2_addr : 1
		in_channels_ch3_addr : 1
		R : 2
		G : 2
		B : 2
	State 5
	State 6
	State 7
		tmp_42_cast2 : 1
		tmp4 : 2
	State 8
		p_shl5_cast : 1
		p_shl6_cast : 1
		p_shl4_cast : 1
		tmp_22 : 1
		tmp2 : 2
		tmp2_cast : 3
		tmp1 : 4
		tmp3 : 2
		tmp3_cast : 3
		tmp_23 : 5
		tmp_24 : 6
		tmp_26 : 1
		p_shl2_cast : 1
		p_shl3_cast9 : 1
		p_shl3_cast : 1
		tmp_27 : 2
		tmp_30 : 1
		p_neg : 2
		p_neg_cast : 3
		p_shl1_cast : 1
		tmp_32 : 4
		tmp8 : 5
	State 9
		tmp_25 : 1
		tmp_51_cast : 2
		tmp5 : 3
		tmp_28 : 4
		tmp_29 : 5
		tmp7 : 1
		tmp_33 : 2
		tmp_34 : 3
		StgValue_101 : 1
	State 10
	State 11
		empty : 1
	State 12
		mrv_1 : 1
		StgValue_120 : 2


============================================================
+ Verbose Summary: Datapath Resource usage 
============================================================

* Functional unit list:
|----------|------------------------------|---------|---------|---------|
| Operation|        Functional Unit       |  DSP48E |    FF   |   LUT   |
|----------|------------------------------|---------|---------|---------|
|          |  indvar_flatten_next_fu_234  |    0    |   101   |    37   |
|          |          x_3_fu_240          |    0    |    53   |    21   |
|          |         tmp_s_fu_289         |    0    |    0    |    14   |
|          |         tmp_20_fu_298        |    0    |    0    |    14   |
|          |          y_3_fu_304          |    0    |    53   |    21   |
|          |          tmp4_fu_319         |    0    |    32   |    14   |
|    add   |          tmp2_fu_367         |    0    |    47   |    19   |
|          |          tmp1_fu_377         |    0    |    0    |    14   |
|          |         tmp_23_fu_389        |    0    |    0    |    14   |
|          |          tmp8_fu_476         |    0    |    0    |    14   |
|          |           Y_fu_485           |    0    |    29   |    13   |
|          |          tmp6_fu_491         |    0    |    0    |    14   |
|          |         tmp_28_fu_496        |    0    |    0    |    14   |
|          |         tmp_33_fu_514        |    0    |    53   |    21   |
|----------|------------------------------|---------|---------|---------|
|          |         tmp_27_fu_437        |    0    |    50   |    20   |
|    sub   |         p_neg_fu_449         |    0    |    41   |    17   |
|          |         tmp_32_fu_470        |    0    |    0    |    14   |
|----------|------------------------------|---------|---------|---------|
|          |         tmp_26_fu_405        |    0    |    0    |    62   |
|    mul   |         tmp_30_fu_443        |    0    |    0    |    62   |
|          |         bound_fu_551         |    1    |    0    |    0    |
|----------|------------------------------|---------|---------|---------|
|  select  |         y_mid2_fu_251        |    0    |    0    |    16   |
|          |       tmp_mid2_v_fu_259      |    0    |    0    |    16   |
|----------|------------------------------|---------|---------|---------|
|   icmp   |    exitcond_flatten_fu_229   |    0    |    0    |    16   |
|          |       exitcond9_fu_246       |    0    |    0    |    8    |
|----------|------------------------------|---------|---------|---------|
|    xor   |           U_fu_529           |    0    |    0    |    8    |
|          |           V_fu_535           |    0    |    0    |    8    |
|----------|------------------------------|---------|---------|---------|
|          |          grp_fu_557          |    1    |    0    |    0    |
|  muladd  |          grp_fu_566          |    1    |    0    |    0    |
|          |          grp_fu_574          |    1    |    0    |    0    |
|----------|------------------------------|---------|---------|---------|
|   read   | in_height_read11_read_fu_104 |    0    |    0    |    0    |
|          |  in_width_read_3_read_fu_110 |    0    |    0    |    0    |
|----------|------------------------------|---------|---------|---------|
|          |          cast_fu_221         |    0    |    0    |    0    |
|          |         cast1_fu_225         |    0    |    0    |    0    |
|          |        tmp_cast_fu_295       |    0    |    0    |    0    |
|          |      tmp_42_cast_fu_309      |    0    |    0    |    0    |
|          |      tmp_42_cast2_fu_315     |    0    |    0    |    0    |
|          |      tmp_40_cast1_fu_325     |    0    |    0    |    0    |
|          |      p_shl5_cast_fu_335      |    0    |    0    |    0    |
|          |      p_shl6_cast_fu_346      |    0    |    0    |    0    |
|          |      tmp_42_cast1_fu_350     |    0    |    0    |    0    |
|   zext   |      p_shl4_cast_fu_360      |    0    |    0    |    0    |
|          |      tmp_44_cast1_fu_364     |    0    |    0    |    0    |
|          |       tmp2_cast_fu_373       |    0    |    0    |    0    |
|          |       tmp4_cast_fu_383       |    0    |    0    |    0    |
|          |       tmp3_cast_fu_386       |    0    |    0    |    0    |
|          |      p_shl2_cast_fu_418      |    0    |    0    |    0    |
|          |      p_shl3_cast9_fu_429     |    0    |    0    |    0    |
|          |      p_shl3_cast_fu_433      |    0    |    0    |    0    |
|          |      p_shl1_cast_fu_466      |    0    |    0    |    0    |
|          |      tmp_40_cast2_fu_482     |    0    |    0    |    0    |
|----------|------------------------------|---------|---------|---------|
|   trunc  |          tmp_fu_267          |    0    |    0    |    0    |
|          |         tmp_21_fu_271        |    0    |    0    |    0    |
|----------|------------------------------|---------|---------|---------|
|          |       p_shl_cast_fu_275      |    0    |    0    |    0    |
|          |      p_shl7_cast_fu_282      |    0    |    0    |    0    |
|          |         p_shl5_fu_328        |    0    |    0    |    0    |
|bitconcatenate|         p_shl6_fu_339        |    0    |    0    |    0    |
|          |         p_shl4_fu_353        |    0    |    0    |    0    |
|          |         p_shl2_fu_411        |    0    |    0    |    0    |
|          |         p_shl3_fu_422        |    0    |    0    |    0    |
|          |         p_shl1_fu_459        |    0    |    0    |    0    |
|----------|------------------------------|---------|---------|---------|
|          |         tmp_24_fu_395        |    0    |    0    |    0    |
|partselect|         tmp_29_fu_501        |    0    |    0    |    0    |
|          |         tmp_34_fu_519        |    0    |    0    |    0    |
|----------|------------------------------|---------|---------|---------|
|   sext   |       p_neg_cast_fu_455      |    0    |    0    |    0    |
|          |       tmp8_cast_fu_511       |    0    |    0    |    0    |
|----------|------------------------------|---------|---------|---------|
|insertvalue|          mrv_fu_541          |    0    |    0    |    0    |
|          |         mrv_1_fu_546         |    0    |    0    |    0    |
|----------|------------------------------|---------|---------|---------|
|   Total  |                              |    4    |   459   |   491   |
|----------|------------------------------|---------|---------|---------|

Memories:
N/A

* Register list:
+----------------------------+--------+
|                            |   FF   |
+----------------------------+--------+
|          B_reg_673         |    8   |
|          G_reg_667         |    8   |
|          R_reg_659         |    8   |
|          U_reg_746         |    8   |
|          V_reg_751         |    8   |
|          Y_reg_721         |    8   |
|        bound_reg_592       |   32   |
|  exitcond_flatten_reg_597  |    1   |
|in_channels_ch1_addr_reg_644|   22   |
|in_channels_ch2_addr_reg_649|   22   |
|in_channels_ch3_addr_reg_654|   22   |
|  in_height_read11_reg_581  |   16   |
|   in_width_read_3_reg_587  |   16   |
| indvar_flatten_next_reg_601|   32   |
|   indvar_flatten_reg_188   |   32   |
|out_channels_ch1_add_reg_716|   22   |
|out_channels_ch2_add_reg_736|   22   |
|out_channels_ch3_add_reg_741|   22   |
|        tmp4_reg_681        |    9   |
|        tmp8_reg_711        |   14   |
|       tmp_20_reg_627       |   23   |
|       tmp_21_reg_622       |   15   |
|       tmp_24_reg_691       |    8   |
|       tmp_26_reg_696       |   16   |
|       tmp_27_reg_701       |   16   |
|       tmp_29_reg_726       |    8   |
|       tmp_30_reg_706       |   16   |
|       tmp_34_reg_731       |    8   |
|    tmp_42_cast1_reg_686    |   16   |
|     tmp_42_cast_reg_637    |   32   |
|     tmp_mid2_v_reg_612     |   16   |
|         tmp_reg_617        |   13   |
|          x_reg_199         |   16   |
|         y_3_reg_632        |   16   |
|       y_mid2_reg_606       |   16   |
|          y_reg_210         |   16   |
+----------------------------+--------+
|            Total           |   583  |
+----------------------------+--------+

* Multiplexer (MUX) list: 
|-------------------|------|------|------|--------||---------||---------|
|        Comp       |  Pin | Size |  BW  | S x BW ||  Delay  ||   LUT   |
|-------------------|------|------|------|--------||---------||---------|
| grp_access_fu_137 |  p0  |   2  |  22  |   44   ||    9    |
| grp_access_fu_142 |  p0  |   2  |  22  |   44   ||    9    |
| grp_access_fu_147 |  p0  |   2  |  22  |   44   ||    9    |
| grp_access_fu_159 |  p0  |   2  |  22  |   44   ||    9    |
| grp_access_fu_159 |  p1  |   2  |   8  |   16   ||    9    |
| grp_access_fu_178 |  p0  |   2  |  22  |   44   ||    9    |
| grp_access_fu_178 |  p1  |   2  |   8  |   16   ||    9    |
| grp_access_fu_183 |  p0  |   2  |  22  |   44   ||    9    |
| grp_access_fu_183 |  p1  |   2  |   8  |   16   ||    9    |
|     grp_fu_566    |  p1  |   2  |   8  |   16   ||    9    |
|     grp_fu_574    |  p0  |   2  |  16  |   32   ||    9    |
|-------------------|------|------|------|--------||---------||---------|
|       Total       |      |      |      |   360  ||  17.468 ||    99   |
|-------------------|------|------|------|--------||---------||---------|



* Summary:
+-----------+--------+--------+--------+--------+
|           | DSP48E |  Delay |   FF   |   LUT  |
+-----------+--------+--------+--------+--------+
|  Function |    4   |    -   |   459  |   491  |
|   Memory  |    -   |    -   |    -   |    -   |
|Multiplexer|    -   |   17   |    -   |   99   |
|  Register |    -   |    -   |   583  |    -   |
+-----------+--------+--------+--------+--------+
|   Total   |    4   |   17   |  1042  |   590  |
+-----------+--------+--------+--------+--------+
