

================================================================
== Vivado HLS Report for 'yuv2rgb'
================================================================
* Date:           Wed Apr 20 15:46:14 2022

* Version:        2017.2 (Build 1909853 on Thu Jun 15 18:55:24 MDT 2017)
* Project:        yuv_filter.prj
* Solution:       solution2
* Product family: zynq
* Target device:  xc7z010clg400-1


================================================================
== Performance Estimates
================================================================
+ Timing (ns): 
    * Summary: 
    +--------+-------+----------+------------+
    |  Clock | Target| Estimated| Uncertainty|
    +--------+-------+----------+------------+
    |ap_clk  |   8.00|      8.85|        1.00|
    +--------+-------+----------+------------+

+ Latency (clock cycles): 
    * Summary: 
    +-------+---------+-------+---------+---------+
    |     Latency     |     Interval    | Pipeline|
    |  min  |   max   |  min  |   max   |   Type  |
    +-------+---------+-------+---------+---------+
    |  40011|  2457611|  40011|  2457611|   none  |
    +-------+---------+-------+---------+---------+

    + Detail: 
        * Instance: 
        N/A

        * Loop: 
        +---------------------------------+-------+---------+----------+-----------+-----------+-----------------+----------+
        |                                 |     Latency     | Iteration|  Initiation Interval  |       Trip      |          |
        |            Loop Name            |  min  |   max   |  Latency |  achieved |   target  |      Count      | Pipelined|
        +---------------------------------+-------+---------+----------+-----------+-----------+-----------------+----------+
        |- YUV2RGB_LOOP_X_YUV2RGB_LOOP_Y  |  40009|  2457609|        11|          1|          1| 40000 ~ 2457600 |    yes   |
        +---------------------------------+-------+---------+----------+-----------+-----------+-----------------+----------+

============================================================
+ Verbose Summary: Synthesis Manager
============================================================
InlineROM: 1
ExposeGlobal: 0
============================================================
+ Verbose Summary: CDFG Model
============================================================
IsTopModel: 0
ResetActiveHigh: 1
IsCombinational: 0
IsDatapathOnly: 0
HasWiredReturn: 1
HasMFsm: 0
HasVarLatency: 1
IsPipeline: 0
IsRtlPipelined: 0
IsInstanceOverlapped: 0
IsDontTouch: 0
HasImplIP: 0
IsGatedGlobalClock: 0

+ Individual pipeline summary: 
  * Pipeline-0: initiation interval (II) = 1, depth = 11


============================================================
+ Verbose Summary: Schedule
============================================================
* Number of FSM states: 13
* Pipeline: 1
  Pipeline-0: II = 1, D = 11, States = { 2 3 4 5 6 7 8 9 10 11 12 }
* Dataflow Pipeline: 0

* FSM state transitions: 
1 --> 
	2  / true
2 --> 
	13  / (exitcond_flatten)
	3  / (!exitcond_flatten)
3 --> 
	4  / true
4 --> 
	5  / true
5 --> 
	6  / true
6 --> 
	7  / true
7 --> 
	8  / true
8 --> 
	9  / true
9 --> 
	10  / true
10 --> 
	11  / true
11 --> 
	12  / true
12 --> 
	2  / true
13 --> 
* FSM state operations: 

 <State 1>: 6.38ns
ST_1: in_height_read_2 (9)  [1/1] 0.00ns
:0  %in_height_read_2 = call i16 @_ssdm_op_Read.ap_auto.i16(i16 %in_height_read)

ST_1: in_width_read_2 (10)  [1/1] 0.00ns
:1  %in_width_read_2 = call i16 @_ssdm_op_Read.ap_auto.i16(i16 %in_width_read)

ST_1: cast (11)  [1/1] 0.00ns
:2  %cast = zext i16 %in_width_read_2 to i32

ST_1: cast1 (12)  [1/1] 0.00ns
:3  %cast1 = zext i16 %in_height_read_2 to i32

ST_1: bound (13)  [1/1] 6.38ns
:4  %bound = mul i32 %cast1, %cast

ST_1: StgValue_19 (14)  [1/1] 1.59ns  loc: yuv_filter.c:89
:5  br label %1


 <State 2>: 5.10ns
ST_2: indvar_flatten (16)  [1/1] 0.00ns
:0  %indvar_flatten = phi i32 [ 0, %0 ], [ %indvar_flatten_next, %.reset ]

ST_2: x (17)  [1/1] 0.00ns  loc: yuv_filter.c:94
:1  %x = phi i16 [ 0, %0 ], [ %tmp_mid2_v, %.reset ]

ST_2: y (18)  [1/1] 0.00ns
:2  %y = phi i16 [ 0, %0 ], [ %y_2, %.reset ]

ST_2: exitcond_flatten (19)  [1/1] 3.26ns
:3  %exitcond_flatten = icmp eq i32 %indvar_flatten, %bound

ST_2: indvar_flatten_next (20)  [1/1] 2.90ns
:4  %indvar_flatten_next = add i32 %indvar_flatten, 1

ST_2: StgValue_25 (21)  [1/1] 0.00ns
:5  br i1 %exitcond_flatten, label %2, label %.reset

ST_2: x_2 (23)  [1/1] 2.39ns  loc: yuv_filter.c:89
.reset:0  %x_2 = add i16 1, %x

ST_2: exitcond5 (26)  [1/1] 3.03ns  loc: yuv_filter.c:92
.reset:3  %exitcond5 = icmp eq i16 %y, %in_height_read_2

ST_2: y_mid2 (27)  [1/1] 2.07ns  loc: yuv_filter.c:92
.reset:4  %y_mid2 = select i1 %exitcond5, i16 0, i16 %y

ST_2: tmp_mid2_v (28)  [1/1] 2.07ns  loc: yuv_filter.c:94
.reset:5  %tmp_mid2_v = select i1 %exitcond5, i16 %x_2, i16 %x

ST_2: tmp (29)  [1/1] 0.00ns  loc: yuv_filter.c:94
.reset:6  %tmp = trunc i16 %tmp_mid2_v to i13

ST_2: tmp_2 (31)  [1/1] 0.00ns  loc: yuv_filter.c:94
.reset:8  %tmp_2 = trunc i16 %tmp_mid2_v to i15


 <State 3>: 4.11ns
ST_3: p_shl2_cast (30)  [1/1] 0.00ns  loc: yuv_filter.c:94
.reset:7  %p_shl2_cast = call i23 @_ssdm_op_BitConcatenate.i23.i13.i10(i13 %tmp, i10 0)

ST_3: p_shl3_cast (32)  [1/1] 0.00ns  loc: yuv_filter.c:94
.reset:9  %p_shl3_cast = call i23 @_ssdm_op_BitConcatenate.i23.i15.i8(i15 %tmp_2, i8 0)

ST_3: tmp_s (33)  [1/1] 2.05ns  loc: yuv_filter.c:94
.reset:10  %tmp_s = add i23 %p_shl3_cast, %p_shl2_cast

ST_3: tmp_cast (37)  [1/1] 0.00ns  loc: yuv_filter.c:94
.reset:14  %tmp_cast = zext i16 %y_mid2 to i23

ST_3: tmp_8 (38)  [1/1] 2.05ns  loc: yuv_filter.c:94
.reset:15  %tmp_8 = add i23 %tmp_s, %tmp_cast

ST_3: y_2 (99)  [1/1] 2.39ns  loc: yuv_filter.c:92
.reset:76  %y_2 = add i16 1, %y_mid2


 <State 4>: 3.25ns
ST_4: tmp_28_cast (39)  [1/1] 0.00ns  loc: yuv_filter.c:94
.reset:16  %tmp_28_cast = zext i23 %tmp_8 to i32

ST_4: in_channels_ch3_addr (42)  [1/1] 0.00ns  loc: yuv_filter.c:96
.reset:19  %in_channels_ch3_addr = getelementptr [2457600 x i8]* %in_channels_ch3, i32 0, i32 %tmp_28_cast

ST_4: V (48)  [4/4] 3.25ns  loc: yuv_filter.c:96
.reset:25  %V = load i8* %in_channels_ch3_addr, align 1


 <State 5>: 3.25ns
ST_5: in_channels_ch1_addr (40)  [1/1] 0.00ns  loc: yuv_filter.c:94
.reset:17  %in_channels_ch1_addr = getelementptr [2457600 x i8]* %in_channels_ch1, i32 0, i32 %tmp_28_cast

ST_5: in_channels_ch2_addr (41)  [1/1] 0.00ns  loc: yuv_filter.c:95
.reset:18  %in_channels_ch2_addr = getelementptr [2457600 x i8]* %in_channels_ch2, i32 0, i32 %tmp_28_cast

ST_5: Y (46)  [4/4] 3.25ns  loc: yuv_filter.c:94
.reset:23  %Y = load i8* %in_channels_ch1_addr, align 1

ST_5: U (47)  [4/4] 3.25ns  loc: yuv_filter.c:95
.reset:24  %U = load i8* %in_channels_ch2_addr, align 1

ST_5: V (48)  [3/4] 3.25ns  loc: yuv_filter.c:96
.reset:25  %V = load i8* %in_channels_ch3_addr, align 1


 <State 6>: 3.25ns
ST_6: Y (46)  [3/4] 3.25ns  loc: yuv_filter.c:94
.reset:23  %Y = load i8* %in_channels_ch1_addr, align 1

ST_6: U (47)  [3/4] 3.25ns  loc: yuv_filter.c:95
.reset:24  %U = load i8* %in_channels_ch2_addr, align 1

ST_6: V (48)  [2/4] 3.25ns  loc: yuv_filter.c:96
.reset:25  %V = load i8* %in_channels_ch3_addr, align 1


 <State 7>: 5.32ns
ST_7: Y (46)  [2/4] 3.25ns  loc: yuv_filter.c:94
.reset:23  %Y = load i8* %in_channels_ch1_addr, align 1

ST_7: U (47)  [2/4] 3.25ns  loc: yuv_filter.c:95
.reset:24  %U = load i8* %in_channels_ch2_addr, align 1

ST_7: V (48)  [1/4] 3.25ns  loc: yuv_filter.c:96
.reset:25  %V = load i8* %in_channels_ch3_addr, align 1

ST_7: E (52)  [1/1] 2.07ns  loc: yuv_filter.c:99
.reset:29  %E = xor i8 %V, -128


 <State 8>: 6.77ns
ST_8: Y (46)  [1/4] 3.25ns  loc: yuv_filter.c:94
.reset:23  %Y = load i8* %in_channels_ch1_addr, align 1

ST_8: U (47)  [1/4] 3.25ns  loc: yuv_filter.c:95
.reset:24  %U = load i8* %in_channels_ch2_addr, align 1

ST_8: D (51)  [1/1] 2.07ns  loc: yuv_filter.c:98
.reset:28  %D = xor i8 %U, -128

ST_8: tmp_18_cast5 (55)  [1/1] 0.00ns  loc: yuv_filter.c:101
.reset:32  %tmp_18_cast5 = sext i8 %E to i17

ST_8: tmp_14 (70)  [1/1] 6.77ns  loc: yuv_filter.c:101
.reset:47  %tmp_14 = mul i17 -208, %tmp_18_cast5


 <State 9>: 8.85ns
ST_9: tmp_13_cast (49)  [1/1] 0.00ns  loc: yuv_filter.c:97
.reset:26  %tmp_13_cast = zext i8 %Y to i9

ST_9: C (50)  [1/1] 0.00ns  loc: yuv_filter.c:97
.reset:27  %C = add i9 -16, %tmp_13_cast

ST_9: tmp_16_cast (53)  [1/1] 0.00ns  loc: yuv_filter.c:100
.reset:30  %tmp_16_cast = sext i9 %C to i18

ST_9: tmp_4 (54)  [1/1] 3.36ns  loc: yuv_filter.c:100
.reset:31  %tmp_4 = mul i18 298, %tmp_16_cast

ST_9: tmp_10 (58)  [1/1] 3.02ns  loc: yuv_filter.c:100
.reset:35  %tmp_10 = add i18 128, %tmp_4

ST_9: tmp_26_cast4_cast (67)  [1/1] 0.00ns  loc: yuv_filter.c:101
.reset:44  %tmp_26_cast4_cast = sext i8 %D to i16

ST_9: tmp_13 (68)  [1/1] 3.36ns  loc: yuv_filter.c:101
.reset:45  %tmp_13 = mul i16 -100, %tmp_26_cast4_cast

ST_9: tmp_14_cast (69)  [1/1] 0.00ns  loc: yuv_filter.c:101
.reset:46  %tmp_14_cast = sext i16 %tmp_13 to i17

ST_9: tmp1 (71)  [1/1] 3.02ns  loc: yuv_filter.c:101
.reset:48  %tmp1 = add i17 %tmp_14, %tmp_14_cast

ST_9: p_shl1 (83)  [1/1] 0.00ns  loc: yuv_filter.c:102
.reset:60  %p_shl1 = call i10 @_ssdm_op_BitConcatenate.i10.i8.i2(i8 %D, i2 0)

ST_9: p_shl1_cast (84)  [1/1] 0.00ns  loc: yuv_filter.c:102
.reset:61  %p_shl1_cast = sext i10 %p_shl1 to i18

ST_9: tmp2 (85)  [1/1] 2.47ns  loc: yuv_filter.c:102
.reset:62  %tmp2 = add i18 %tmp_10, %p_shl1_cast


 <State 10>: 8.45ns
ST_10: tmp_18_cast (56)  [1/1] 0.00ns  loc: yuv_filter.c:100
.reset:33  %tmp_18_cast = sext i8 %E to i18

ST_10: tmp_7 (57)  [1/1] 3.36ns  loc: yuv_filter.c:100
.reset:34  %tmp_7 = mul i18 409, %tmp_18_cast

ST_10: tmp_11 (59)  [1/1] 3.02ns  loc: yuv_filter.c:100
.reset:36  %tmp_11 = add i18 %tmp_7, %tmp_10

ST_10: tmp_5 (60)  [1/1] 0.00ns  loc: yuv_filter.c:100
.reset:37  %tmp_5 = call i2 @_ssdm_op_PartSelect.i2.i18.i32.i32(i18 %tmp_11, i32 16, i32 17)

ST_10: icmp (61)  [1/1] 2.07ns  loc: yuv_filter.c:100
.reset:38  %icmp = icmp eq i2 %tmp_5, 1

ST_10: tmp1_cast (72)  [1/1] 0.00ns  loc: yuv_filter.c:101
.reset:49  %tmp1_cast = sext i17 %tmp1 to i18

ST_10: tmp_15 (73)  [1/1] 2.47ns  loc: yuv_filter.c:101
.reset:50  %tmp_15 = add i18 %tmp_10, %tmp1_cast

ST_10: tmp_16 (74)  [1/1] 0.00ns  loc: yuv_filter.c:101
.reset:51  %tmp_16 = call i2 @_ssdm_op_PartSelect.i2.i18.i32.i32(i18 %tmp_15, i32 16, i32 17)

ST_10: icmp1 (75)  [1/1] 2.07ns  loc: yuv_filter.c:101
.reset:52  %icmp1 = icmp eq i2 %tmp_16, 1

ST_10: tmp_17 (76)  [1/1] 0.00ns  loc: yuv_filter.c:101 (grouped into LUT with out node G)
.reset:53  %tmp_17 = call i1 @_ssdm_op_BitSelect.i1.i18.i32(i18 %tmp_15, i32 17)

ST_10: phitmp2 (77)  [1/1] 0.00ns  loc: yuv_filter.c:101 (grouped into LUT with out node G)
.reset:54  %phitmp2 = call i8 @_ssdm_op_PartSelect.i8.i18.i32.i32(i18 %tmp_15, i32 8, i32 15)

ST_10: p_phitmp2 (78)  [1/1] 0.00ns  loc: yuv_filter.c:101 (grouped into LUT with out node G)
.reset:55  %p_phitmp2 = select i1 %icmp1, i8 -1, i8 0

ST_10: tmp_6 (79)  [1/1] 0.00ns  loc: yuv_filter.c:101 (grouped into LUT with out node G)
.reset:56  %tmp_6 = or i1 %icmp1, %tmp_17

ST_10: G (80)  [1/1] 2.07ns  loc: yuv_filter.c:101 (out node of the LUT)
.reset:57  %G = select i1 %tmp_6, i8 %p_phitmp2, i8 %phitmp2

ST_10: p_shl (81)  [1/1] 0.00ns  loc: yuv_filter.c:102
.reset:58  %p_shl = call i17 @_ssdm_op_BitConcatenate.i17.i8.i9(i8 %D, i9 0)

ST_10: p_shl_cast (82)  [1/1] 0.00ns  loc: yuv_filter.c:102
.reset:59  %p_shl_cast = sext i17 %p_shl to i19

ST_10: tmp2_cast (86)  [1/1] 0.00ns  loc: yuv_filter.c:102
.reset:63  %tmp2_cast = sext i18 %tmp2 to i19

ST_10: tmp_18 (87)  [1/1] 2.47ns  loc: yuv_filter.c:102
.reset:64  %tmp_18 = add i19 %p_shl_cast, %tmp2_cast

ST_10: tmp_19 (88)  [1/1] 0.00ns  loc: yuv_filter.c:102
.reset:65  %tmp_19 = call i3 @_ssdm_op_PartSelect.i3.i19.i32.i32(i19 %tmp_18, i32 16, i32 18)

ST_10: icmp2 (89)  [1/1] 2.07ns  loc: yuv_filter.c:102
.reset:66  %icmp2 = icmp sgt i3 %tmp_19, 0

ST_10: tmp_20 (90)  [1/1] 0.00ns  loc: yuv_filter.c:102 (grouped into LUT with out node B)
.reset:67  %tmp_20 = call i1 @_ssdm_op_BitSelect.i1.i19.i32(i19 %tmp_18, i32 18)

ST_10: phitmp3 (91)  [1/1] 0.00ns  loc: yuv_filter.c:102 (grouped into LUT with out node B)
.reset:68  %phitmp3 = call i8 @_ssdm_op_PartSelect.i8.i19.i32.i32(i19 %tmp_18, i32 8, i32 15)

ST_10: p_phitmp3 (92)  [1/1] 0.00ns  loc: yuv_filter.c:102 (grouped into LUT with out node B)
.reset:69  %p_phitmp3 = select i1 %icmp2, i8 -1, i8 0

ST_10: tmp_9 (93)  [1/1] 0.00ns  loc: yuv_filter.c:102 (grouped into LUT with out node B)
.reset:70  %tmp_9 = or i1 %icmp2, %tmp_20

ST_10: B (94)  [1/1] 2.07ns  loc: yuv_filter.c:102 (out node of the LUT)
.reset:71  %B = select i1 %tmp_9, i8 %p_phitmp3, i8 %phitmp3


 <State 11>: 5.32ns
ST_11: out_channels_ch1_add (43)  [1/1] 0.00ns  loc: yuv_filter.c:103
.reset:20  %out_channels_ch1_add = getelementptr [2457600 x i8]* %out_channels_ch1, i32 0, i32 %tmp_28_cast

ST_11: out_channels_ch2_add (44)  [1/1] 0.00ns  loc: yuv_filter.c:104
.reset:21  %out_channels_ch2_add = getelementptr [2457600 x i8]* %out_channels_ch2, i32 0, i32 %tmp_28_cast

ST_11: out_channels_ch3_add (45)  [1/1] 0.00ns  loc: yuv_filter.c:105
.reset:22  %out_channels_ch3_add = getelementptr [2457600 x i8]* %out_channels_ch3, i32 0, i32 %tmp_28_cast

ST_11: tmp_12 (62)  [1/1] 0.00ns  loc: yuv_filter.c:100 (grouped into LUT with out node R)
.reset:39  %tmp_12 = call i1 @_ssdm_op_BitSelect.i1.i18.i32(i18 %tmp_11, i32 17)

ST_11: phitmp (63)  [1/1] 0.00ns  loc: yuv_filter.c:100 (grouped into LUT with out node R)
.reset:40  %phitmp = call i8 @_ssdm_op_PartSelect.i8.i18.i32.i32(i18 %tmp_11, i32 8, i32 15)

ST_11: p_phitmp (64)  [1/1] 0.00ns  loc: yuv_filter.c:100 (grouped into LUT with out node R)
.reset:41  %p_phitmp = select i1 %icmp, i8 -1, i8 0

ST_11: tmp_3 (65)  [1/1] 0.00ns  loc: yuv_filter.c:100 (grouped into LUT with out node R)
.reset:42  %tmp_3 = or i1 %icmp, %tmp_12

ST_11: R (66)  [1/1] 2.07ns  loc: yuv_filter.c:100 (out node of the LUT)
.reset:43  %R = select i1 %tmp_3, i8 %p_phitmp, i8 %phitmp

ST_11: StgValue_103 (95)  [2/2] 3.25ns  loc: yuv_filter.c:103
.reset:72  store i8 %R, i8* %out_channels_ch1_add, align 1

ST_11: StgValue_104 (96)  [2/2] 3.25ns  loc: yuv_filter.c:104
.reset:73  store i8 %G, i8* %out_channels_ch2_add, align 1

ST_11: StgValue_105 (97)  [2/2] 3.25ns  loc: yuv_filter.c:105
.reset:74  store i8 %B, i8* %out_channels_ch3_add, align 1


 <State 12>: 3.25ns
ST_12: StgValue_106 (24)  [1/1] 0.00ns
.reset:1  call void (...)* @_ssdm_op_SpecLoopName([30 x i8]* @YUV2RGB_LOOP_X_YUV2R)

ST_12: StgValue_107 (25)  [1/1] 0.00ns
.reset:2  call void (...)* @_ssdm_op_SpecLoopTripCount(i64 40000, i64 2457600, i64 784400)

ST_12: StgValue_108 (34)  [1/1] 0.00ns  loc: yuv_filter.c:92
.reset:11  call void (...)* @_ssdm_op_SpecLoopName([15 x i8]* @p_str4) nounwind

ST_12: tmp_1 (35)  [1/1] 0.00ns  loc: yuv_filter.c:92
.reset:12  %tmp_1 = call i32 (...)* @_ssdm_op_SpecRegionBegin([15 x i8]* @p_str4)

ST_12: StgValue_110 (36)  [1/1] 0.00ns  loc: yuv_filter.c:93
.reset:13  call void (...)* @_ssdm_op_SpecPipeline(i32 -1, i32 1, i32 1, i32 0, [1 x i8]* @p_str1) nounwind

ST_12: StgValue_111 (95)  [1/2] 3.25ns  loc: yuv_filter.c:103
.reset:72  store i8 %R, i8* %out_channels_ch1_add, align 1

ST_12: StgValue_112 (96)  [1/2] 3.25ns  loc: yuv_filter.c:104
.reset:73  store i8 %G, i8* %out_channels_ch2_add, align 1

ST_12: StgValue_113 (97)  [1/2] 3.25ns  loc: yuv_filter.c:105
.reset:74  store i8 %B, i8* %out_channels_ch3_add, align 1

ST_12: empty (98)  [1/1] 0.00ns  loc: yuv_filter.c:106
.reset:75  %empty = call i32 (...)* @_ssdm_op_SpecRegionEnd([15 x i8]* @p_str4, i32 %tmp_1)

ST_12: StgValue_115 (100)  [1/1] 0.00ns  loc: yuv_filter.c:92
.reset:77  br label %1


 <State 13>: 0.00ns
ST_13: mrv (102)  [1/1] 0.00ns  loc: yuv_filter.c:108
:0  %mrv = insertvalue { i16, i16 } undef, i16 %in_width_read_2, 0

ST_13: mrv_1 (103)  [1/1] 0.00ns  loc: yuv_filter.c:108
:1  %mrv_1 = insertvalue { i16, i16 } %mrv, i16 %in_height_read_2, 1

ST_13: StgValue_118 (104)  [1/1] 0.00ns  loc: yuv_filter.c:108
:2  ret { i16, i16 } %mrv_1



============================================================
+ Verbose Summary: Binding
============================================================
STG Binding: 
---------------- STG Properties BEGIN ----------------
- Is combinational: 0
- Is one-state seq: 0
- Is datapath-only: 0
- Is pipelined: 0
- Is top level: 0
Port [ Return ] is wired: 1; IO mode=ap_ctrl_hs:ce=0
Port [ in_channels_ch1]:  wired=1; compound=1; hidden=0; nouse=0; global=0; static=0; extern=0; dir=0; type=1; pingpong=0; private_global=0; MemPort=[13]; IO mode=ap_memory:ce=0
Port [ in_channels_ch2]:  wired=1; compound=1; hidden=0; nouse=0; global=0; static=0; extern=0; dir=0; type=1; pingpong=0; private_global=0; MemPort=[13]; IO mode=ap_memory:ce=0
Port [ in_channels_ch3]:  wired=1; compound=1; hidden=0; nouse=0; global=0; static=0; extern=0; dir=0; type=1; pingpong=0; private_global=0; MemPort=[13]; IO mode=ap_memory:ce=0
Port [ in_width_read]:  wired=1; compound=0; hidden=0; nouse=0; global=0; static=0; extern=0; dir=0; type=0; pingpong=0; private_global=0; IO mode=ap_none:ce=0
Port [ in_height_read]:  wired=1; compound=0; hidden=0; nouse=0; global=0; static=0; extern=0; dir=0; type=0; pingpong=0; private_global=0; IO mode=ap_none:ce=0
Port [ out_channels_ch1]:  wired=1; compound=1; hidden=0; nouse=0; global=0; static=0; extern=0; dir=1; type=1; pingpong=0; private_global=0; MemPort=[03]; IO mode=ap_memory:ce=0
Port [ out_channels_ch2]:  wired=1; compound=1; hidden=0; nouse=0; global=0; static=0; extern=0; dir=1; type=1; pingpong=0; private_global=0; MemPort=[03]; IO mode=ap_memory:ce=0
Port [ out_channels_ch3]:  wired=1; compound=1; hidden=0; nouse=0; global=0; static=0; extern=0; dir=1; type=1; pingpong=0; private_global=0; MemPort=[03]; IO mode=ap_memory:ce=0
---------------- STG Properties END ------------------

---------------- Datapath Model BEGIN ----------------

<LifeTime>
<method=bitvector/>
in_height_read_2     (read             ) [ 00111111111111]
in_width_read_2      (read             ) [ 00111111111111]
cast                 (zext             ) [ 00000000000000]
cast1                (zext             ) [ 00000000000000]
bound                (mul              ) [ 00111111111110]
StgValue_19          (br               ) [ 01111111111110]
indvar_flatten       (phi              ) [ 00100000000000]
x                    (phi              ) [ 00100000000000]
y                    (phi              ) [ 00100000000000]
exitcond_flatten     (icmp             ) [ 00111111111110]
indvar_flatten_next  (add              ) [ 01111111111110]
StgValue_25          (br               ) [ 00000000000000]
x_2                  (add              ) [ 00000000000000]
exitcond5            (icmp             ) [ 00000000000000]
y_mid2               (select           ) [ 00110000000000]
tmp_mid2_v           (select           ) [ 01111111111110]
tmp                  (trunc            ) [ 00110000000000]
tmp_2                (trunc            ) [ 00110000000000]
p_shl2_cast          (bitconcatenate   ) [ 00000000000000]
p_shl3_cast          (bitconcatenate   ) [ 00000000000000]
tmp_s                (add              ) [ 00000000000000]
tmp_cast             (zext             ) [ 00000000000000]
tmp_8                (add              ) [ 00101000000000]
y_2                  (add              ) [ 01101111111110]
tmp_28_cast          (zext             ) [ 00100111111100]
in_channels_ch3_addr (getelementptr    ) [ 00100111000000]
in_channels_ch1_addr (getelementptr    ) [ 00100011100000]
in_channels_ch2_addr (getelementptr    ) [ 00100011100000]
V                    (load             ) [ 00000000000000]
E                    (xor              ) [ 00100000111000]
Y                    (load             ) [ 00100000010000]
U                    (load             ) [ 00000000000000]
D                    (xor              ) [ 00100000011000]
tmp_18_cast5         (sext             ) [ 00000000000000]
tmp_14               (mul              ) [ 00100000010000]
tmp_13_cast          (zext             ) [ 00000000000000]
C                    (add              ) [ 00000000000000]
tmp_16_cast          (sext             ) [ 00000000000000]
tmp_4                (mul              ) [ 00000000000000]
tmp_10               (add              ) [ 00100000001000]
tmp_26_cast4_cast    (sext             ) [ 00000000000000]
tmp_13               (mul              ) [ 00000000000000]
tmp_14_cast          (sext             ) [ 00000000000000]
tmp1                 (add              ) [ 00100000001000]
p_shl1               (bitconcatenate   ) [ 00000000000000]
p_shl1_cast          (sext             ) [ 00000000000000]
tmp2                 (add              ) [ 00100000001000]
tmp_18_cast          (sext             ) [ 00000000000000]
tmp_7                (mul              ) [ 00000000000000]
tmp_11               (add              ) [ 00100000000100]
tmp_5                (partselect       ) [ 00000000000000]
icmp                 (icmp             ) [ 00100000000100]
tmp1_cast            (sext             ) [ 00000000000000]
tmp_15               (add              ) [ 00000000000000]
tmp_16               (partselect       ) [ 00000000000000]
icmp1                (icmp             ) [ 00000000000000]
tmp_17               (bitselect        ) [ 00000000000000]
phitmp2              (partselect       ) [ 00000000000000]
p_phitmp2            (select           ) [ 00000000000000]
tmp_6                (or               ) [ 00000000000000]
G                    (select           ) [ 00100000000110]
p_shl                (bitconcatenate   ) [ 00000000000000]
p_shl_cast           (sext             ) [ 00000000000000]
tmp2_cast            (sext             ) [ 00000000000000]
tmp_18               (add              ) [ 00000000000000]
tmp_19               (partselect       ) [ 00000000000000]
icmp2                (icmp             ) [ 00000000000000]
tmp_20               (bitselect        ) [ 00000000000000]
phitmp3              (partselect       ) [ 00000000000000]
p_phitmp3            (select           ) [ 00000000000000]
tmp_9                (or               ) [ 00000000000000]
B                    (select           ) [ 00100000000110]
out_channels_ch1_add (getelementptr    ) [ 00100000000010]
out_channels_ch2_add (getelementptr    ) [ 00100000000010]
out_channels_ch3_add (getelementptr    ) [ 00100000000010]
tmp_12               (bitselect        ) [ 00000000000000]
phitmp               (partselect       ) [ 00000000000000]
p_phitmp             (select           ) [ 00000000000000]
tmp_3                (or               ) [ 00000000000000]
R                    (select           ) [ 00100000000010]
StgValue_106         (specloopname     ) [ 00000000000000]
StgValue_107         (speclooptripcount) [ 00000000000000]
StgValue_108         (specloopname     ) [ 00000000000000]
tmp_1                (specregionbegin  ) [ 00000000000000]
StgValue_110         (specpipeline     ) [ 00000000000000]
StgValue_111         (store            ) [ 00000000000000]
StgValue_112         (store            ) [ 00000000000000]
StgValue_113         (store            ) [ 00000000000000]
empty                (specregionend    ) [ 00000000000000]
StgValue_115         (br               ) [ 01111111111110]
mrv                  (insertvalue      ) [ 00000000000000]
mrv_1                (insertvalue      ) [ 00000000000000]
StgValue_118         (ret              ) [ 00000000000000]
</LifeTime>

<model>

<comp_list>
<comp id="0" class="1000" name="in_channels_ch1">
<pin_list>
<pin id="1" dir="1" index="0" bw="1" slack="0"/>
</pin_list>
<bind>
<StgValue><ssdm name="in_channels_ch1"/><MemPortTyVec>1 3 </MemPortTyVec>
</StgValue>
</bind>
</comp>

<comp id="2" class="1000" name="in_channels_ch2">
<pin_list>
<pin id="3" dir="1" index="0" bw="1" slack="0"/>
</pin_list>
<bind>
<StgValue><ssdm name="in_channels_ch2"/><MemPortTyVec>1 3 </MemPortTyVec>
</StgValue>
</bind>
</comp>

<comp id="4" class="1000" name="in_channels_ch3">
<pin_list>
<pin id="5" dir="1" index="0" bw="1" slack="0"/>
</pin_list>
<bind>
<StgValue><ssdm name="in_channels_ch3"/><MemPortTyVec>1 3 </MemPortTyVec>
</StgValue>
</bind>
</comp>

<comp id="6" class="1000" name="in_width_read">
<pin_list>
<pin id="7" dir="1" index="0" bw="1" slack="0"/>
</pin_list>
<bind>
<StgValue><ssdm name="in_width_read"/></StgValue>
</bind>
</comp>

<comp id="8" class="1000" name="in_height_read">
<pin_list>
<pin id="9" dir="1" index="0" bw="1" slack="0"/>
</pin_list>
<bind>
<StgValue><ssdm name="in_height_read"/></StgValue>
</bind>
</comp>

<comp id="10" class="1000" name="out_channels_ch1">
<pin_list>
<pin id="11" dir="1" index="0" bw="1" slack="0"/>
</pin_list>
<bind>
<StgValue><ssdm name="out_channels_ch1"/><MemPortTyVec>0 3 </MemPortTyVec>
</StgValue>
</bind>
</comp>

<comp id="12" class="1000" name="out_channels_ch2">
<pin_list>
<pin id="13" dir="1" index="0" bw="1" slack="0"/>
</pin_list>
<bind>
<StgValue><ssdm name="out_channels_ch2"/><MemPortTyVec>0 3 </MemPortTyVec>
</StgValue>
</bind>
</comp>

<comp id="14" class="1000" name="out_channels_ch3">
<pin_list>
<pin id="15" dir="1" index="0" bw="1" slack="0"/>
</pin_list>
<bind>
<StgValue><ssdm name="out_channels_ch3"/><MemPortTyVec>0 3 </MemPortTyVec>
</StgValue>
</bind>
</comp>

<comp id="16" class="1001" name="const_16">
<pin_list>
<pin id="17" dir="1" index="0" bw="1" slack="0"/>
</pin_list>
<bind>
<StgValue><ssdm name="_ssdm_op_Read.ap_auto.i16"/></StgValue>
</bind>
</comp>

<comp id="18" class="1001" name="const_18">
<pin_list>
<pin id="19" dir="1" index="0" bw="1" slack="0"/>
</pin_list>
<bind>
<StgValue><ssdm name=""/></StgValue>
</bind>
</comp>

<comp id="20" class="1001" name="const_20">
<pin_list>
<pin id="21" dir="1" index="0" bw="1" slack="0"/>
</pin_list>
<bind>
<StgValue><ssdm name=""/></StgValue>
</bind>
</comp>

<comp id="22" class="1001" name="const_22">
<pin_list>
<pin id="23" dir="1" index="0" bw="1" slack="0"/>
</pin_list>
<bind>
<StgValue><ssdm name=""/></StgValue>
</bind>
</comp>

<comp id="24" class="1001" name="const_24">
<pin_list>
<pin id="25" dir="1" index="0" bw="1" slack="0"/>
</pin_list>
<bind>
<StgValue><ssdm name=""/></StgValue>
</bind>
</comp>

<comp id="26" class="1001" name="const_26">
<pin_list>
<pin id="27" dir="1" index="0" bw="1" slack="0"/>
</pin_list>
<bind>
<StgValue><ssdm name="_ssdm_op_BitConcatenate.i23.i13.i10"/></StgValue>
</bind>
</comp>

<comp id="28" class="1001" name="const_28">
<pin_list>
<pin id="29" dir="1" index="0" bw="1" slack="0"/>
</pin_list>
<bind>
<StgValue><ssdm name=""/></StgValue>
</bind>
</comp>

<comp id="30" class="1001" name="const_30">
<pin_list>
<pin id="31" dir="1" index="0" bw="1" slack="0"/>
</pin_list>
<bind>
<StgValue><ssdm name="_ssdm_op_BitConcatenate.i23.i15.i8"/></StgValue>
</bind>
</comp>

<comp id="32" class="1001" name="const_32">
<pin_list>
<pin id="33" dir="1" index="0" bw="1" slack="0"/>
</pin_list>
<bind>
<StgValue><ssdm name=""/></StgValue>
</bind>
</comp>

<comp id="34" class="1001" name="const_34">
<pin_list>
<pin id="35" dir="1" index="0" bw="1" slack="0"/>
</pin_list>
<bind>
<StgValue><ssdm name=""/></StgValue>
</bind>
</comp>

<comp id="36" class="1001" name="const_36">
<pin_list>
<pin id="37" dir="1" index="0" bw="1" slack="0"/>
</pin_list>
<bind>
<StgValue><ssdm name=""/></StgValue>
</bind>
</comp>

<comp id="38" class="1001" name="const_38">
<pin_list>
<pin id="39" dir="1" index="0" bw="1" slack="0"/>
</pin_list>
<bind>
<StgValue><ssdm name=""/></StgValue>
</bind>
</comp>

<comp id="40" class="1001" name="const_40">
<pin_list>
<pin id="41" dir="1" index="0" bw="1" slack="0"/>
</pin_list>
<bind>
<StgValue><ssdm name=""/></StgValue>
</bind>
</comp>

<comp id="42" class="1001" name="const_42">
<pin_list>
<pin id="43" dir="1" index="0" bw="1" slack="0"/>
</pin_list>
<bind>
<StgValue><ssdm name=""/></StgValue>
</bind>
</comp>

<comp id="44" class="1001" name="const_44">
<pin_list>
<pin id="45" dir="1" index="0" bw="1" slack="0"/>
</pin_list>
<bind>
<StgValue><ssdm name=""/></StgValue>
</bind>
</comp>

<comp id="46" class="1001" name="const_46">
<pin_list>
<pin id="47" dir="1" index="0" bw="1" slack="0"/>
</pin_list>
<bind>
<StgValue><ssdm name="_ssdm_op_BitConcatenate.i10.i8.i2"/></StgValue>
</bind>
</comp>

<comp id="48" class="1001" name="const_48">
<pin_list>
<pin id="49" dir="1" index="0" bw="1" slack="0"/>
</pin_list>
<bind>
<StgValue><ssdm name=""/></StgValue>
</bind>
</comp>

<comp id="50" class="1001" name="const_50">
<pin_list>
<pin id="51" dir="1" index="0" bw="1" slack="0"/>
</pin_list>
<bind>
<StgValue><ssdm name=""/></StgValue>
</bind>
</comp>

<comp id="52" class="1001" name="const_52">
<pin_list>
<pin id="53" dir="1" index="0" bw="1" slack="0"/>
</pin_list>
<bind>
<StgValue><ssdm name="_ssdm_op_PartSelect.i2.i18.i32.i32"/></StgValue>
</bind>
</comp>

<comp id="54" class="1001" name="const_54">
<pin_list>
<pin id="55" dir="1" index="0" bw="1" slack="0"/>
</pin_list>
<bind>
<StgValue><ssdm name=""/></StgValue>
</bind>
</comp>

<comp id="56" class="1001" name="const_56">
<pin_list>
<pin id="57" dir="1" index="0" bw="1" slack="0"/>
</pin_list>
<bind>
<StgValue><ssdm name=""/></StgValue>
</bind>
</comp>

<comp id="58" class="1001" name="const_58">
<pin_list>
<pin id="59" dir="1" index="0" bw="1" slack="0"/>
</pin_list>
<bind>
<StgValue><ssdm name=""/></StgValue>
</bind>
</comp>

<comp id="60" class="1001" name="const_60">
<pin_list>
<pin id="61" dir="1" index="0" bw="1" slack="0"/>
</pin_list>
<bind>
<StgValue><ssdm name="_ssdm_op_BitSelect.i1.i18.i32"/></StgValue>
</bind>
</comp>

<comp id="62" class="1001" name="const_62">
<pin_list>
<pin id="63" dir="1" index="0" bw="1" slack="0"/>
</pin_list>
<bind>
<StgValue><ssdm name="_ssdm_op_PartSelect.i8.i18.i32.i32"/></StgValue>
</bind>
</comp>

<comp id="64" class="1001" name="const_64">
<pin_list>
<pin id="65" dir="1" index="0" bw="1" slack="0"/>
</pin_list>
<bind>
<StgValue><ssdm name=""/></StgValue>
</bind>
</comp>

<comp id="66" class="1001" name="const_66">
<pin_list>
<pin id="67" dir="1" index="0" bw="1" slack="0"/>
</pin_list>
<bind>
<StgValue><ssdm name=""/></StgValue>
</bind>
</comp>

<comp id="68" class="1001" name="const_68">
<pin_list>
<pin id="69" dir="1" index="0" bw="1" slack="0"/>
</pin_list>
<bind>
<StgValue><ssdm name=""/></StgValue>
</bind>
</comp>

<comp id="70" class="1001" name="const_70">
<pin_list>
<pin id="71" dir="1" index="0" bw="1" slack="0"/>
</pin_list>
<bind>
<StgValue><ssdm name="_ssdm_op_BitConcatenate.i17.i8.i9"/></StgValue>
</bind>
</comp>

<comp id="72" class="1001" name="const_72">
<pin_list>
<pin id="73" dir="1" index="0" bw="1" slack="0"/>
</pin_list>
<bind>
<StgValue><ssdm name=""/></StgValue>
</bind>
</comp>

<comp id="74" class="1001" name="const_74">
<pin_list>
<pin id="75" dir="1" index="0" bw="1" slack="0"/>
</pin_list>
<bind>
<StgValue><ssdm name="_ssdm_op_PartSelect.i3.i19.i32.i32"/></StgValue>
</bind>
</comp>

<comp id="76" class="1001" name="const_76">
<pin_list>
<pin id="77" dir="1" index="0" bw="1" slack="0"/>
</pin_list>
<bind>
<StgValue><ssdm name=""/></StgValue>
</bind>
</comp>

<comp id="78" class="1001" name="const_78">
<pin_list>
<pin id="79" dir="1" index="0" bw="1" slack="0"/>
</pin_list>
<bind>
<StgValue><ssdm name=""/></StgValue>
</bind>
</comp>

<comp id="80" class="1001" name="const_80">
<pin_list>
<pin id="81" dir="1" index="0" bw="1" slack="0"/>
</pin_list>
<bind>
<StgValue><ssdm name="_ssdm_op_BitSelect.i1.i19.i32"/></StgValue>
</bind>
</comp>

<comp id="82" class="1001" name="const_82">
<pin_list>
<pin id="83" dir="1" index="0" bw="1" slack="0"/>
</pin_list>
<bind>
<StgValue><ssdm name="_ssdm_op_PartSelect.i8.i19.i32.i32"/></StgValue>
</bind>
</comp>

<comp id="84" class="1001" name="const_84">
<pin_list>
<pin id="85" dir="1" index="0" bw="1" slack="2147483647"/>
</pin_list>
<bind>
<StgValue><ssdm name="_ssdm_op_SpecLoopName"/></StgValue>
</bind>
</comp>

<comp id="86" class="1001" name="const_86">
<pin_list>
<pin id="87" dir="1" index="0" bw="1" slack="2147483647"/>
</pin_list>
<bind>
<StgValue><ssdm name="YUV2RGB_LOOP_X_YUV2R"/></StgValue>
</bind>
</comp>

<comp id="88" class="1001" name="const_88">
<pin_list>
<pin id="89" dir="1" index="0" bw="1" slack="2147483647"/>
</pin_list>
<bind>
<StgValue><ssdm name="_ssdm_op_SpecLoopTripCount"/></StgValue>
</bind>
</comp>

<comp id="90" class="1001" name="const_90">
<pin_list>
<pin id="91" dir="1" index="0" bw="1" slack="2147483647"/>
</pin_list>
<bind>
<StgValue><ssdm name=""/></StgValue>
</bind>
</comp>

<comp id="92" class="1001" name="const_92">
<pin_list>
<pin id="93" dir="1" index="0" bw="1" slack="2147483647"/>
</pin_list>
<bind>
<StgValue><ssdm name=""/></StgValue>
</bind>
</comp>

<comp id="94" class="1001" name="const_94">
<pin_list>
<pin id="95" dir="1" index="0" bw="1" slack="2147483647"/>
</pin_list>
<bind>
<StgValue><ssdm name=""/></StgValue>
</bind>
</comp>

<comp id="96" class="1001" name="const_96">
<pin_list>
<pin id="97" dir="1" index="0" bw="1" slack="2147483647"/>
</pin_list>
<bind>
<StgValue><ssdm name="p_str4"/></StgValue>
</bind>
</comp>

<comp id="98" class="1001" name="const_98">
<pin_list>
<pin id="99" dir="1" index="0" bw="1" slack="2147483647"/>
</pin_list>
<bind>
<StgValue><ssdm name="_ssdm_op_SpecRegionBegin"/></StgValue>
</bind>
</comp>

<comp id="100" class="1001" name="const_100">
<pin_list>
<pin id="101" dir="1" index="0" bw="1" slack="2147483647"/>
</pin_list>
<bind>
<StgValue><ssdm name="_ssdm_op_SpecPipeline"/></StgValue>
</bind>
</comp>

<comp id="102" class="1001" name="const_102">
<pin_list>
<pin id="103" dir="1" index="0" bw="1" slack="2147483647"/>
</pin_list>
<bind>
<StgValue><ssdm name=""/></StgValue>
</bind>
</comp>

<comp id="104" class="1001" name="const_104">
<pin_list>
<pin id="105" dir="1" index="0" bw="1" slack="2147483647"/>
</pin_list>
<bind>
<StgValue><ssdm name="p_str1"/></StgValue>
</bind>
</comp>

<comp id="106" class="1001" name="const_106">
<pin_list>
<pin id="107" dir="1" index="0" bw="1" slack="2147483647"/>
</pin_list>
<bind>
<StgValue><ssdm name="_ssdm_op_SpecRegionEnd"/></StgValue>
</bind>
</comp>

<comp id="108" class="1001" name="const_108">
<pin_list>
<pin id="109" dir="1" index="0" bw="1" slack="0"/>
</pin_list>
<bind>
<StgValue><ssdm name=""/></StgValue>
</bind>
</comp>

<comp id="110" class="1004" name="in_height_read_2_read_fu_110">
<pin_list>
<pin id="111" dir="0" index="0" bw="16" slack="0"/>
<pin id="112" dir="0" index="1" bw="16" slack="0"/>
<pin id="113" dir="1" index="2" bw="16" slack="0"/>
</pin_list>
<bind>
<opcode="read(1150) " fcode="read"/>
<opset="in_height_read_2/1 "/>
</bind>
</comp>

<comp id="116" class="1004" name="in_width_read_2_read_fu_116">
<pin_list>
<pin id="117" dir="0" index="0" bw="16" slack="0"/>
<pin id="118" dir="0" index="1" bw="16" slack="0"/>
<pin id="119" dir="1" index="2" bw="16" slack="0"/>
</pin_list>
<bind>
<opcode="read(1150) " fcode="read"/>
<opset="in_width_read_2/1 "/>
</bind>
</comp>

<comp id="122" class="1004" name="in_channels_ch3_addr_gep_fu_122">
<pin_list>
<pin id="123" dir="0" index="0" bw="8" slack="0"/>
<pin id="124" dir="0" index="1" bw="1" slack="0"/>
<pin id="125" dir="0" index="2" bw="23" slack="0"/>
<pin id="126" dir="1" index="3" bw="22" slack="0"/>
</pin_list>
<bind>
<opcode="getelementptr(29) " fcode="getelementptr"/>
<opset="in_channels_ch3_addr/4 "/>
</bind>
</comp>

<comp id="129" class="1004" name="grp_access_fu_129">
<pin_list>
<pin id="130" dir="0" index="0" bw="22" slack="0"/>
<pin id="131" dir="0" index="1" bw="8" slack="2147483647"/>
<pin id="132" dir="1" index="2" bw="8" slack="0"/>
</pin_list>
<bind>
<opcode="load(27) " fcode="load"/>
<opset="V/4 "/>
</bind>
</comp>

<comp id="134" class="1004" name="in_channels_ch1_addr_gep_fu_134">
<pin_list>
<pin id="135" dir="0" index="0" bw="8" slack="0"/>
<pin id="136" dir="0" index="1" bw="1" slack="0"/>
<pin id="137" dir="0" index="2" bw="23" slack="1"/>
<pin id="138" dir="1" index="3" bw="22" slack="0"/>
</pin_list>
<bind>
<opcode="getelementptr(29) " fcode="getelementptr"/>
<opset="in_channels_ch1_addr/5 "/>
</bind>
</comp>

<comp id="141" class="1004" name="in_channels_ch2_addr_gep_fu_141">
<pin_list>
<pin id="142" dir="0" index="0" bw="8" slack="0"/>
<pin id="143" dir="0" index="1" bw="1" slack="0"/>
<pin id="144" dir="0" index="2" bw="23" slack="1"/>
<pin id="145" dir="1" index="3" bw="22" slack="0"/>
</pin_list>
<bind>
<opcode="getelementptr(29) " fcode="getelementptr"/>
<opset="in_channels_ch2_addr/5 "/>
</bind>
</comp>

<comp id="148" class="1004" name="grp_access_fu_148">
<pin_list>
<pin id="149" dir="0" index="0" bw="22" slack="0"/>
<pin id="150" dir="0" index="1" bw="8" slack="2147483647"/>
<pin id="151" dir="1" index="2" bw="8" slack="1"/>
</pin_list>
<bind>
<opcode="load(27) " fcode="load"/>
<opset="Y/5 "/>
</bind>
</comp>

<comp id="153" class="1004" name="grp_access_fu_153">
<pin_list>
<pin id="154" dir="0" index="0" bw="22" slack="0"/>
<pin id="155" dir="0" index="1" bw="8" slack="2147483647"/>
<pin id="156" dir="1" index="2" bw="8" slack="0"/>
</pin_list>
<bind>
<opcode="load(27) " fcode="load"/>
<opset="U/5 "/>
</bind>
</comp>

<comp id="158" class="1004" name="out_channels_ch1_add_gep_fu_158">
<pin_list>
<pin id="159" dir="0" index="0" bw="8" slack="0"/>
<pin id="160" dir="0" index="1" bw="1" slack="0"/>
<pin id="161" dir="0" index="2" bw="23" slack="7"/>
<pin id="162" dir="1" index="3" bw="22" slack="0"/>
</pin_list>
<bind>
<opcode="getelementptr(29) " fcode="getelementptr"/>
<opset="out_channels_ch1_add/11 "/>
</bind>
</comp>

<comp id="165" class="1004" name="out_channels_ch2_add_gep_fu_165">
<pin_list>
<pin id="166" dir="0" index="0" bw="8" slack="0"/>
<pin id="167" dir="0" index="1" bw="1" slack="0"/>
<pin id="168" dir="0" index="2" bw="23" slack="7"/>
<pin id="169" dir="1" index="3" bw="22" slack="0"/>
</pin_list>
<bind>
<opcode="getelementptr(29) " fcode="getelementptr"/>
<opset="out_channels_ch2_add/11 "/>
</bind>
</comp>

<comp id="172" class="1004" name="out_channels_ch3_add_gep_fu_172">
<pin_list>
<pin id="173" dir="0" index="0" bw="8" slack="0"/>
<pin id="174" dir="0" index="1" bw="1" slack="0"/>
<pin id="175" dir="0" index="2" bw="23" slack="7"/>
<pin id="176" dir="1" index="3" bw="22" slack="0"/>
</pin_list>
<bind>
<opcode="getelementptr(29) " fcode="getelementptr"/>
<opset="out_channels_ch3_add/11 "/>
</bind>
</comp>

<comp id="179" class="1004" name="grp_access_fu_179">
<pin_list>
<pin id="180" dir="0" index="0" bw="22" slack="0"/>
<pin id="181" dir="0" index="1" bw="8" slack="0"/>
<pin id="182" dir="1" index="2" bw="8" slack="2147483647"/>
</pin_list>
<bind>
<opcode="store(28) " fcode="store"/>
<opset="StgValue_103/11 "/>
</bind>
</comp>

<comp id="184" class="1004" name="grp_access_fu_184">
<pin_list>
<pin id="185" dir="0" index="0" bw="22" slack="0"/>
<pin id="186" dir="0" index="1" bw="8" slack="1"/>
<pin id="187" dir="1" index="2" bw="8" slack="2147483647"/>
</pin_list>
<bind>
<opcode="store(28) " fcode="store"/>
<opset="StgValue_104/11 "/>
</bind>
</comp>

<comp id="189" class="1004" name="grp_access_fu_189">
<pin_list>
<pin id="190" dir="0" index="0" bw="22" slack="0"/>
<pin id="191" dir="0" index="1" bw="8" slack="1"/>
<pin id="192" dir="1" index="2" bw="8" slack="2147483647"/>
</pin_list>
<bind>
<opcode="store(28) " fcode="store"/>
<opset="StgValue_105/11 "/>
</bind>
</comp>

<comp id="194" class="1005" name="indvar_flatten_reg_194">
<pin_list>
<pin id="195" dir="0" index="0" bw="32" slack="1"/>
<pin id="196" dir="1" index="1" bw="32" slack="1"/>
</pin_list>
<bind>
<opset="indvar_flatten (phireg) "/>
</bind>
</comp>

<comp id="198" class="1004" name="indvar_flatten_phi_fu_198">
<pin_list>
<pin id="199" dir="0" index="0" bw="1" slack="1"/>
<pin id="200" dir="0" index="1" bw="0" slack="2147483647"/>
<pin id="201" dir="0" index="2" bw="32" slack="0"/>
<pin id="202" dir="0" index="3" bw="0" slack="2147483647"/>
<pin id="203" dir="1" index="4" bw="32" slack="0"/>
</pin_list>
<bind>
<opcode="phi(47) " fcode="phi"/>
<opset="indvar_flatten/2 "/>
</bind>
</comp>

<comp id="205" class="1005" name="x_reg_205">
<pin_list>
<pin id="206" dir="0" index="0" bw="16" slack="1"/>
<pin id="207" dir="1" index="1" bw="16" slack="1"/>
</pin_list>
<bind>
<opset="x (phireg) "/>
</bind>
</comp>

<comp id="209" class="1004" name="x_phi_fu_209">
<pin_list>
<pin id="210" dir="0" index="0" bw="1" slack="1"/>
<pin id="211" dir="0" index="1" bw="0" slack="2147483647"/>
<pin id="212" dir="0" index="2" bw="16" slack="0"/>
<pin id="213" dir="0" index="3" bw="0" slack="2147483647"/>
<pin id="214" dir="1" index="4" bw="16" slack="0"/>
</pin_list>
<bind>
<opcode="phi(47) " fcode="phi"/>
<opset="x/2 "/>
</bind>
</comp>

<comp id="216" class="1005" name="y_reg_216">
<pin_list>
<pin id="217" dir="0" index="0" bw="16" slack="1"/>
<pin id="218" dir="1" index="1" bw="16" slack="1"/>
</pin_list>
<bind>
<opset="y (phireg) "/>
</bind>
</comp>

<comp id="220" class="1004" name="y_phi_fu_220">
<pin_list>
<pin id="221" dir="0" index="0" bw="1" slack="1"/>
<pin id="222" dir="0" index="1" bw="0" slack="2147483647"/>
<pin id="223" dir="0" index="2" bw="16" slack="1"/>
<pin id="224" dir="0" index="3" bw="0" slack="2147483647"/>
<pin id="225" dir="1" index="4" bw="16" slack="0"/>
</pin_list>
<bind>
<opcode="phi(47) " fcode="phi"/>
<opset="y/2 "/>
</bind>
</comp>

<comp id="227" class="1004" name="cast_fu_227">
<pin_list>
<pin id="228" dir="0" index="0" bw="16" slack="0"/>
<pin id="229" dir="1" index="1" bw="32" slack="0"/>
</pin_list>
<bind>
<opcode="zext(34) " fcode="zext"/>
<opset="cast/1 "/>
</bind>
</comp>

<comp id="231" class="1004" name="cast1_fu_231">
<pin_list>
<pin id="232" dir="0" index="0" bw="16" slack="0"/>
<pin id="233" dir="1" index="1" bw="32" slack="0"/>
</pin_list>
<bind>
<opcode="zext(34) " fcode="zext"/>
<opset="cast1/1 "/>
</bind>
</comp>

<comp id="235" class="1004" name="exitcond_flatten_fu_235">
<pin_list>
<pin id="236" dir="0" index="0" bw="32" slack="0"/>
<pin id="237" dir="0" index="1" bw="32" slack="1"/>
<pin id="238" dir="1" index="2" bw="1" slack="1"/>
</pin_list>
<bind>
<opcode="icmp(45) " fcode="icmp"/>
<opset="exitcond_flatten/2 "/>
</bind>
</comp>

<comp id="240" class="1004" name="indvar_flatten_next_fu_240">
<pin_list>
<pin id="241" dir="0" index="0" bw="32" slack="0"/>
<pin id="242" dir="0" index="1" bw="1" slack="0"/>
<pin id="243" dir="1" index="2" bw="32" slack="0"/>
</pin_list>
<bind>
<opcode="add(8) " fcode="add"/>
<opset="indvar_flatten_next/2 "/>
</bind>
</comp>

<comp id="246" class="1004" name="x_2_fu_246">
<pin_list>
<pin id="247" dir="0" index="0" bw="1" slack="0"/>
<pin id="248" dir="0" index="1" bw="16" slack="0"/>
<pin id="249" dir="1" index="2" bw="16" slack="0"/>
</pin_list>
<bind>
<opcode="add(8) " fcode="add"/>
<opset="x_2/2 "/>
</bind>
</comp>

<comp id="252" class="1004" name="exitcond5_fu_252">
<pin_list>
<pin id="253" dir="0" index="0" bw="16" slack="0"/>
<pin id="254" dir="0" index="1" bw="16" slack="1"/>
<pin id="255" dir="1" index="2" bw="1" slack="0"/>
</pin_list>
<bind>
<opcode="icmp(45) " fcode="icmp"/>
<opset="exitcond5/2 "/>
</bind>
</comp>

<comp id="257" class="1004" name="y_mid2_fu_257">
<pin_list>
<pin id="258" dir="0" index="0" bw="1" slack="0"/>
<pin id="259" dir="0" index="1" bw="1" slack="0"/>
<pin id="260" dir="0" index="2" bw="16" slack="0"/>
<pin id="261" dir="1" index="3" bw="16" slack="1"/>
</pin_list>
<bind>
<opcode="select(49) " fcode="select"/>
<opset="y_mid2/2 "/>
</bind>
</comp>

<comp id="265" class="1004" name="tmp_mid2_v_fu_265">
<pin_list>
<pin id="266" dir="0" index="0" bw="1" slack="0"/>
<pin id="267" dir="0" index="1" bw="16" slack="0"/>
<pin id="268" dir="0" index="2" bw="16" slack="0"/>
<pin id="269" dir="1" index="3" bw="16" slack="0"/>
</pin_list>
<bind>
<opcode="select(49) " fcode="select"/>
<opset="tmp_mid2_v/2 "/>
</bind>
</comp>

<comp id="273" class="1004" name="tmp_fu_273">
<pin_list>
<pin id="274" dir="0" index="0" bw="16" slack="0"/>
<pin id="275" dir="1" index="1" bw="13" slack="1"/>
</pin_list>
<bind>
<opcode="trunc(33) " fcode="trunc"/>
<opset="tmp/2 "/>
</bind>
</comp>

<comp id="277" class="1004" name="tmp_2_fu_277">
<pin_list>
<pin id="278" dir="0" index="0" bw="16" slack="0"/>
<pin id="279" dir="1" index="1" bw="15" slack="1"/>
</pin_list>
<bind>
<opcode="trunc(33) " fcode="trunc"/>
<opset="tmp_2/2 "/>
</bind>
</comp>

<comp id="281" class="1004" name="p_shl2_cast_fu_281">
<pin_list>
<pin id="282" dir="0" index="0" bw="23" slack="0"/>
<pin id="283" dir="0" index="1" bw="13" slack="1"/>
<pin id="284" dir="0" index="2" bw="1" slack="0"/>
<pin id="285" dir="1" index="3" bw="23" slack="0"/>
</pin_list>
<bind>
<opcode="bitconcatenate(1004) " fcode="bitconcatenate"/>
<opset="p_shl2_cast/3 "/>
</bind>
</comp>

<comp id="288" class="1004" name="p_shl3_cast_fu_288">
<pin_list>
<pin id="289" dir="0" index="0" bw="23" slack="0"/>
<pin id="290" dir="0" index="1" bw="15" slack="1"/>
<pin id="291" dir="0" index="2" bw="1" slack="0"/>
<pin id="292" dir="1" index="3" bw="23" slack="0"/>
</pin_list>
<bind>
<opcode="bitconcatenate(1004) " fcode="bitconcatenate"/>
<opset="p_shl3_cast/3 "/>
</bind>
</comp>

<comp id="295" class="1004" name="tmp_s_fu_295">
<pin_list>
<pin id="296" dir="0" index="0" bw="23" slack="0"/>
<pin id="297" dir="0" index="1" bw="23" slack="0"/>
<pin id="298" dir="1" index="2" bw="23" slack="0"/>
</pin_list>
<bind>
<opcode="add(8) " fcode="add"/>
<opset="tmp_s/3 "/>
</bind>
</comp>

<comp id="301" class="1004" name="tmp_cast_fu_301">
<pin_list>
<pin id="302" dir="0" index="0" bw="16" slack="1"/>
<pin id="303" dir="1" index="1" bw="23" slack="0"/>
</pin_list>
<bind>
<opcode="zext(34) " fcode="zext"/>
<opset="tmp_cast/3 "/>
</bind>
</comp>

<comp id="304" class="1004" name="tmp_8_fu_304">
<pin_list>
<pin id="305" dir="0" index="0" bw="23" slack="0"/>
<pin id="306" dir="0" index="1" bw="16" slack="0"/>
<pin id="307" dir="1" index="2" bw="23" slack="1"/>
</pin_list>
<bind>
<opcode="add(8) " fcode="add"/>
<opset="tmp_8/3 "/>
</bind>
</comp>

<comp id="310" class="1004" name="y_2_fu_310">
<pin_list>
<pin id="311" dir="0" index="0" bw="1" slack="0"/>
<pin id="312" dir="0" index="1" bw="16" slack="1"/>
<pin id="313" dir="1" index="2" bw="16" slack="1"/>
</pin_list>
<bind>
<opcode="add(8) " fcode="add"/>
<opset="y_2/3 "/>
</bind>
</comp>

<comp id="315" class="1004" name="tmp_28_cast_fu_315">
<pin_list>
<pin id="316" dir="0" index="0" bw="23" slack="1"/>
<pin id="317" dir="1" index="1" bw="32" slack="0"/>
</pin_list>
<bind>
<opcode="zext(34) " fcode="zext"/>
<opset="tmp_28_cast/4 "/>
</bind>
</comp>

<comp id="319" class="1004" name="E_fu_319">
<pin_list>
<pin id="320" dir="0" index="0" bw="8" slack="0"/>
<pin id="321" dir="0" index="1" bw="8" slack="0"/>
<pin id="322" dir="1" index="2" bw="8" slack="1"/>
</pin_list>
<bind>
<opcode="xor(25) " fcode="xor"/>
<opset="E/7 "/>
</bind>
</comp>

<comp id="325" class="1004" name="D_fu_325">
<pin_list>
<pin id="326" dir="0" index="0" bw="8" slack="0"/>
<pin id="327" dir="0" index="1" bw="8" slack="0"/>
<pin id="328" dir="1" index="2" bw="8" slack="1"/>
</pin_list>
<bind>
<opcode="xor(25) " fcode="xor"/>
<opset="D/8 "/>
</bind>
</comp>

<comp id="331" class="1004" name="tmp_18_cast5_fu_331">
<pin_list>
<pin id="332" dir="0" index="0" bw="8" slack="1"/>
<pin id="333" dir="1" index="1" bw="17" slack="0"/>
</pin_list>
<bind>
<opcode="sext(35) " fcode="sext"/>
<opset="tmp_18_cast5/8 "/>
</bind>
</comp>

<comp id="334" class="1004" name="tmp_14_fu_334">
<pin_list>
<pin id="335" dir="0" index="0" bw="9" slack="0"/>
<pin id="336" dir="0" index="1" bw="8" slack="0"/>
<pin id="337" dir="1" index="2" bw="17" slack="1"/>
</pin_list>
<bind>
<opcode="mul(12) " fcode="mul"/>
<opset="tmp_14/8 "/>
</bind>
</comp>

<comp id="340" class="1004" name="tmp_13_cast_fu_340">
<pin_list>
<pin id="341" dir="0" index="0" bw="8" slack="1"/>
<pin id="342" dir="1" index="1" bw="9" slack="0"/>
</pin_list>
<bind>
<opcode="zext(34) " fcode="zext"/>
<opset="tmp_13_cast/9 "/>
</bind>
</comp>

<comp id="343" class="1004" name="tmp_26_cast4_cast_fu_343">
<pin_list>
<pin id="344" dir="0" index="0" bw="8" slack="1"/>
<pin id="345" dir="1" index="1" bw="16" slack="0"/>
</pin_list>
<bind>
<opcode="sext(35) " fcode="sext"/>
<opset="tmp_26_cast4_cast/9 "/>
</bind>
</comp>

<comp id="346" class="1004" name="p_shl1_fu_346">
<pin_list>
<pin id="347" dir="0" index="0" bw="10" slack="0"/>
<pin id="348" dir="0" index="1" bw="8" slack="1"/>
<pin id="349" dir="0" index="2" bw="1" slack="0"/>
<pin id="350" dir="1" index="3" bw="10" slack="0"/>
</pin_list>
<bind>
<opcode="bitconcatenate(1004) " fcode="bitconcatenate"/>
<opset="p_shl1/9 "/>
</bind>
</comp>

<comp id="353" class="1004" name="p_shl1_cast_fu_353">
<pin_list>
<pin id="354" dir="0" index="0" bw="10" slack="0"/>
<pin id="355" dir="1" index="1" bw="18" slack="0"/>
</pin_list>
<bind>
<opcode="sext(35) " fcode="sext"/>
<opset="p_shl1_cast/9 "/>
</bind>
</comp>

<comp id="357" class="1004" name="tmp2_fu_357">
<pin_list>
<pin id="358" dir="0" index="0" bw="18" slack="0"/>
<pin id="359" dir="0" index="1" bw="10" slack="0"/>
<pin id="360" dir="1" index="2" bw="18" slack="1"/>
</pin_list>
<bind>
<opcode="add(8) " fcode="add"/>
<opset="tmp2/9 "/>
</bind>
</comp>

<comp id="362" class="1004" name="tmp_18_cast_fu_362">
<pin_list>
<pin id="363" dir="0" index="0" bw="8" slack="3"/>
<pin id="364" dir="1" index="1" bw="18" slack="0"/>
</pin_list>
<bind>
<opcode="sext(35) " fcode="sext"/>
<opset="tmp_18_cast/10 "/>
</bind>
</comp>

<comp id="365" class="1004" name="tmp_5_fu_365">
<pin_list>
<pin id="366" dir="0" index="0" bw="2" slack="0"/>
<pin id="367" dir="0" index="1" bw="18" slack="0"/>
<pin id="368" dir="0" index="2" bw="6" slack="0"/>
<pin id="369" dir="0" index="3" bw="6" slack="0"/>
<pin id="370" dir="1" index="4" bw="2" slack="0"/>
</pin_list>
<bind>
<opcode="partselect(1002) " fcode="partselect"/>
<opset="tmp_5/10 "/>
</bind>
</comp>

<comp id="374" class="1004" name="icmp_fu_374">
<pin_list>
<pin id="375" dir="0" index="0" bw="2" slack="0"/>
<pin id="376" dir="0" index="1" bw="1" slack="0"/>
<pin id="377" dir="1" index="2" bw="1" slack="1"/>
</pin_list>
<bind>
<opcode="icmp(45) " fcode="icmp"/>
<opset="icmp/10 "/>
</bind>
</comp>

<comp id="380" class="1004" name="tmp1_cast_fu_380">
<pin_list>
<pin id="381" dir="0" index="0" bw="17" slack="1"/>
<pin id="382" dir="1" index="1" bw="18" slack="0"/>
</pin_list>
<bind>
<opcode="sext(35) " fcode="sext"/>
<opset="tmp1_cast/10 "/>
</bind>
</comp>

<comp id="383" class="1004" name="tmp_15_fu_383">
<pin_list>
<pin id="384" dir="0" index="0" bw="18" slack="1"/>
<pin id="385" dir="0" index="1" bw="17" slack="0"/>
<pin id="386" dir="1" index="2" bw="18" slack="0"/>
</pin_list>
<bind>
<opcode="add(8) " fcode="add"/>
<opset="tmp_15/10 "/>
</bind>
</comp>

<comp id="388" class="1004" name="tmp_16_fu_388">
<pin_list>
<pin id="389" dir="0" index="0" bw="2" slack="0"/>
<pin id="390" dir="0" index="1" bw="18" slack="0"/>
<pin id="391" dir="0" index="2" bw="6" slack="0"/>
<pin id="392" dir="0" index="3" bw="6" slack="0"/>
<pin id="393" dir="1" index="4" bw="2" slack="0"/>
</pin_list>
<bind>
<opcode="partselect(1002) " fcode="partselect"/>
<opset="tmp_16/10 "/>
</bind>
</comp>

<comp id="398" class="1004" name="icmp1_fu_398">
<pin_list>
<pin id="399" dir="0" index="0" bw="2" slack="0"/>
<pin id="400" dir="0" index="1" bw="1" slack="0"/>
<pin id="401" dir="1" index="2" bw="1" slack="0"/>
</pin_list>
<bind>
<opcode="icmp(45) " fcode="icmp"/>
<opset="icmp1/10 "/>
</bind>
</comp>

<comp id="404" class="1004" name="tmp_17_fu_404">
<pin_list>
<pin id="405" dir="0" index="0" bw="1" slack="0"/>
<pin id="406" dir="0" index="1" bw="18" slack="0"/>
<pin id="407" dir="0" index="2" bw="6" slack="0"/>
<pin id="408" dir="1" index="3" bw="1" slack="0"/>
</pin_list>
<bind>
<opcode="bitselect(1000) " fcode="bitselect"/>
<opset="tmp_17/10 "/>
</bind>
</comp>

<comp id="412" class="1004" name="phitmp2_fu_412">
<pin_list>
<pin id="413" dir="0" index="0" bw="8" slack="0"/>
<pin id="414" dir="0" index="1" bw="18" slack="0"/>
<pin id="415" dir="0" index="2" bw="5" slack="0"/>
<pin id="416" dir="0" index="3" bw="5" slack="0"/>
<pin id="417" dir="1" index="4" bw="8" slack="0"/>
</pin_list>
<bind>
<opcode="partselect(1002) " fcode="partselect"/>
<opset="phitmp2/10 "/>
</bind>
</comp>

<comp id="422" class="1004" name="p_phitmp2_fu_422">
<pin_list>
<pin id="423" dir="0" index="0" bw="1" slack="0"/>
<pin id="424" dir="0" index="1" bw="1" slack="0"/>
<pin id="425" dir="0" index="2" bw="1" slack="0"/>
<pin id="426" dir="1" index="3" bw="8" slack="0"/>
</pin_list>
<bind>
<opcode="select(49) " fcode="select"/>
<opset="p_phitmp2/10 "/>
</bind>
</comp>

<comp id="430" class="1004" name="tmp_6_fu_430">
<pin_list>
<pin id="431" dir="0" index="0" bw="1" slack="0"/>
<pin id="432" dir="0" index="1" bw="1" slack="0"/>
<pin id="433" dir="1" index="2" bw="1" slack="0"/>
</pin_list>
<bind>
<opcode="or(24) " fcode="or"/>
<opset="tmp_6/10 "/>
</bind>
</comp>

<comp id="436" class="1004" name="G_fu_436">
<pin_list>
<pin id="437" dir="0" index="0" bw="1" slack="0"/>
<pin id="438" dir="0" index="1" bw="8" slack="0"/>
<pin id="439" dir="0" index="2" bw="8" slack="0"/>
<pin id="440" dir="1" index="3" bw="8" slack="1"/>
</pin_list>
<bind>
<opcode="select(49) " fcode="select"/>
<opset="G/10 "/>
</bind>
</comp>

<comp id="444" class="1004" name="p_shl_fu_444">
<pin_list>
<pin id="445" dir="0" index="0" bw="17" slack="0"/>
<pin id="446" dir="0" index="1" bw="8" slack="2"/>
<pin id="447" dir="0" index="2" bw="1" slack="0"/>
<pin id="448" dir="1" index="3" bw="17" slack="0"/>
</pin_list>
<bind>
<opcode="bitconcatenate(1004) " fcode="bitconcatenate"/>
<opset="p_shl/10 "/>
</bind>
</comp>

<comp id="451" class="1004" name="p_shl_cast_fu_451">
<pin_list>
<pin id="452" dir="0" index="0" bw="17" slack="0"/>
<pin id="453" dir="1" index="1" bw="19" slack="0"/>
</pin_list>
<bind>
<opcode="sext(35) " fcode="sext"/>
<opset="p_shl_cast/10 "/>
</bind>
</comp>

<comp id="455" class="1004" name="tmp2_cast_fu_455">
<pin_list>
<pin id="456" dir="0" index="0" bw="18" slack="1"/>
<pin id="457" dir="1" index="1" bw="19" slack="0"/>
</pin_list>
<bind>
<opcode="sext(35) " fcode="sext"/>
<opset="tmp2_cast/10 "/>
</bind>
</comp>

<comp id="458" class="1004" name="tmp_18_fu_458">
<pin_list>
<pin id="459" dir="0" index="0" bw="17" slack="0"/>
<pin id="460" dir="0" index="1" bw="18" slack="0"/>
<pin id="461" dir="1" index="2" bw="19" slack="0"/>
</pin_list>
<bind>
<opcode="add(8) " fcode="add"/>
<opset="tmp_18/10 "/>
</bind>
</comp>

<comp id="464" class="1004" name="tmp_19_fu_464">
<pin_list>
<pin id="465" dir="0" index="0" bw="3" slack="0"/>
<pin id="466" dir="0" index="1" bw="19" slack="0"/>
<pin id="467" dir="0" index="2" bw="6" slack="0"/>
<pin id="468" dir="0" index="3" bw="6" slack="0"/>
<pin id="469" dir="1" index="4" bw="3" slack="0"/>
</pin_list>
<bind>
<opcode="partselect(1002) " fcode="partselect"/>
<opset="tmp_19/10 "/>
</bind>
</comp>

<comp id="474" class="1004" name="icmp2_fu_474">
<pin_list>
<pin id="475" dir="0" index="0" bw="3" slack="0"/>
<pin id="476" dir="0" index="1" bw="1" slack="0"/>
<pin id="477" dir="1" index="2" bw="1" slack="0"/>
</pin_list>
<bind>
<opcode="icmp(45) " fcode="icmp"/>
<opset="icmp2/10 "/>
</bind>
</comp>

<comp id="480" class="1004" name="tmp_20_fu_480">
<pin_list>
<pin id="481" dir="0" index="0" bw="1" slack="0"/>
<pin id="482" dir="0" index="1" bw="19" slack="0"/>
<pin id="483" dir="0" index="2" bw="6" slack="0"/>
<pin id="484" dir="1" index="3" bw="1" slack="0"/>
</pin_list>
<bind>
<opcode="bitselect(1000) " fcode="bitselect"/>
<opset="tmp_20/10 "/>
</bind>
</comp>

<comp id="488" class="1004" name="phitmp3_fu_488">
<pin_list>
<pin id="489" dir="0" index="0" bw="8" slack="0"/>
<pin id="490" dir="0" index="1" bw="19" slack="0"/>
<pin id="491" dir="0" index="2" bw="5" slack="0"/>
<pin id="492" dir="0" index="3" bw="5" slack="0"/>
<pin id="493" dir="1" index="4" bw="8" slack="0"/>
</pin_list>
<bind>
<opcode="partselect(1002) " fcode="partselect"/>
<opset="phitmp3/10 "/>
</bind>
</comp>

<comp id="498" class="1004" name="p_phitmp3_fu_498">
<pin_list>
<pin id="499" dir="0" index="0" bw="1" slack="0"/>
<pin id="500" dir="0" index="1" bw="1" slack="0"/>
<pin id="501" dir="0" index="2" bw="1" slack="0"/>
<pin id="502" dir="1" index="3" bw="8" slack="0"/>
</pin_list>
<bind>
<opcode="select(49) " fcode="select"/>
<opset="p_phitmp3/10 "/>
</bind>
</comp>

<comp id="506" class="1004" name="tmp_9_fu_506">
<pin_list>
<pin id="507" dir="0" index="0" bw="1" slack="0"/>
<pin id="508" dir="0" index="1" bw="1" slack="0"/>
<pin id="509" dir="1" index="2" bw="1" slack="0"/>
</pin_list>
<bind>
<opcode="or(24) " fcode="or"/>
<opset="tmp_9/10 "/>
</bind>
</comp>

<comp id="512" class="1004" name="B_fu_512">
<pin_list>
<pin id="513" dir="0" index="0" bw="1" slack="0"/>
<pin id="514" dir="0" index="1" bw="8" slack="0"/>
<pin id="515" dir="0" index="2" bw="8" slack="0"/>
<pin id="516" dir="1" index="3" bw="8" slack="1"/>
</pin_list>
<bind>
<opcode="select(49) " fcode="select"/>
<opset="B/10 "/>
</bind>
</comp>

<comp id="520" class="1004" name="tmp_12_fu_520">
<pin_list>
<pin id="521" dir="0" index="0" bw="1" slack="0"/>
<pin id="522" dir="0" index="1" bw="18" slack="1"/>
<pin id="523" dir="0" index="2" bw="6" slack="0"/>
<pin id="524" dir="1" index="3" bw="1" slack="0"/>
</pin_list>
<bind>
<opcode="bitselect(1000) " fcode="bitselect"/>
<opset="tmp_12/11 "/>
</bind>
</comp>

<comp id="527" class="1004" name="phitmp_fu_527">
<pin_list>
<pin id="528" dir="0" index="0" bw="8" slack="0"/>
<pin id="529" dir="0" index="1" bw="18" slack="1"/>
<pin id="530" dir="0" index="2" bw="5" slack="0"/>
<pin id="531" dir="0" index="3" bw="5" slack="0"/>
<pin id="532" dir="1" index="4" bw="8" slack="0"/>
</pin_list>
<bind>
<opcode="partselect(1002) " fcode="partselect"/>
<opset="phitmp/11 "/>
</bind>
</comp>

<comp id="536" class="1004" name="p_phitmp_fu_536">
<pin_list>
<pin id="537" dir="0" index="0" bw="1" slack="1"/>
<pin id="538" dir="0" index="1" bw="1" slack="0"/>
<pin id="539" dir="0" index="2" bw="1" slack="0"/>
<pin id="540" dir="1" index="3" bw="8" slack="0"/>
</pin_list>
<bind>
<opcode="select(49) " fcode="select"/>
<opset="p_phitmp/11 "/>
</bind>
</comp>

<comp id="543" class="1004" name="tmp_3_fu_543">
<pin_list>
<pin id="544" dir="0" index="0" bw="1" slack="1"/>
<pin id="545" dir="0" index="1" bw="1" slack="0"/>
<pin id="546" dir="1" index="2" bw="1" slack="0"/>
</pin_list>
<bind>
<opcode="or(24) " fcode="or"/>
<opset="tmp_3/11 "/>
</bind>
</comp>

<comp id="548" class="1004" name="R_fu_548">
<pin_list>
<pin id="549" dir="0" index="0" bw="1" slack="0"/>
<pin id="550" dir="0" index="1" bw="8" slack="0"/>
<pin id="551" dir="0" index="2" bw="8" slack="0"/>
<pin id="552" dir="1" index="3" bw="8" slack="0"/>
</pin_list>
<bind>
<opcode="select(49) " fcode="select"/>
<opset="R/11 "/>
</bind>
</comp>

<comp id="557" class="1004" name="mrv_fu_557">
<pin_list>
<pin id="558" dir="0" index="0" bw="32" slack="0"/>
<pin id="559" dir="0" index="1" bw="16" slack="2"/>
<pin id="560" dir="1" index="2" bw="32" slack="0"/>
</pin_list>
<bind>
<opcode="insertvalue(57) " fcode="insertvalue"/>
<opset="mrv/13 "/>
</bind>
</comp>

<comp id="562" class="1004" name="mrv_1_fu_562">
<pin_list>
<pin id="563" dir="0" index="0" bw="32" slack="0"/>
<pin id="564" dir="0" index="1" bw="16" slack="2"/>
<pin id="565" dir="1" index="2" bw="32" slack="2147483647"/>
</pin_list>
<bind>
<opcode="insertvalue(57) " fcode="insertvalue"/>
<opset="mrv_1/13 "/>
</bind>
</comp>

<comp id="567" class="1007" name="bound_fu_567">
<pin_list>
<pin id="568" dir="0" index="0" bw="16" slack="0"/>
<pin id="569" dir="0" index="1" bw="16" slack="0"/>
<pin id="570" dir="1" index="2" bw="32" slack="1"/>
</pin_list>
<bind>
<opcode="mul(12) " fcode="mul"/>
<opset="bound/1 "/>
</bind>
</comp>

<comp id="573" class="1007" name="grp_fu_573">
<pin_list>
<pin id="574" dir="0" index="0" bw="9" slack="0"/>
<pin id="575" dir="0" index="1" bw="8" slack="0"/>
<pin id="576" dir="0" index="2" bw="18" slack="0"/>
<pin id="577" dir="0" index="3" bw="18" slack="0"/>
<pin id="578" dir="1" index="4" bw="18" slack="0"/>
</pin_list>
<bind>
<opcode="addmuladd(1175) " fcode="addmuladd"/>
<opset="C/9 tmp_16_cast/9 tmp_4/9 tmp_10/9 "/>
</bind>
</comp>

<comp id="584" class="1007" name="grp_fu_584">
<pin_list>
<pin id="585" dir="0" index="0" bw="16" slack="0"/>
<pin id="586" dir="0" index="1" bw="8" slack="0"/>
<pin id="587" dir="0" index="2" bw="17" slack="2147483647"/>
<pin id="588" dir="1" index="3" bw="17" slack="1"/>
</pin_list>
<bind>
<opcode="muladd(1172) " fcode="muladd"/>
<opset="tmp_13/9 tmp_14_cast/9 tmp1/9 "/>
</bind>
</comp>

<comp id="591" class="1007" name="grp_fu_591">
<pin_list>
<pin id="592" dir="0" index="0" bw="18" slack="0"/>
<pin id="593" dir="0" index="1" bw="8" slack="0"/>
<pin id="594" dir="0" index="2" bw="18" slack="2147483647"/>
<pin id="595" dir="1" index="3" bw="18" slack="0"/>
</pin_list>
<bind>
<opcode="muladd(1172) " fcode="muladd"/>
<opset="tmp_7/10 tmp_11/10 "/>
</bind>
</comp>

<comp id="599" class="1005" name="in_height_read_2_reg_599">
<pin_list>
<pin id="600" dir="0" index="0" bw="16" slack="1"/>
<pin id="601" dir="1" index="1" bw="16" slack="1"/>
</pin_list>
<bind>
<opset="in_height_read_2 "/>
</bind>
</comp>

<comp id="605" class="1005" name="in_width_read_2_reg_605">
<pin_list>
<pin id="606" dir="0" index="0" bw="16" slack="2"/>
<pin id="607" dir="1" index="1" bw="16" slack="2"/>
</pin_list>
<bind>
<opset="in_width_read_2 "/>
</bind>
</comp>

<comp id="610" class="1005" name="bound_reg_610">
<pin_list>
<pin id="611" dir="0" index="0" bw="32" slack="1"/>
<pin id="612" dir="1" index="1" bw="32" slack="1"/>
</pin_list>
<bind>
<opset="bound "/>
</bind>
</comp>

<comp id="615" class="1005" name="exitcond_flatten_reg_615">
<pin_list>
<pin id="616" dir="0" index="0" bw="1" slack="1"/>
<pin id="617" dir="1" index="1" bw="1" slack="2147483647"/>
</pin_list>
<bind>
<opset="exitcond_flatten "/>
</bind>
</comp>

<comp id="619" class="1005" name="indvar_flatten_next_reg_619">
<pin_list>
<pin id="620" dir="0" index="0" bw="32" slack="0"/>
<pin id="621" dir="1" index="1" bw="32" slack="0"/>
</pin_list>
<bind>
<opset="indvar_flatten_next "/>
</bind>
</comp>

<comp id="624" class="1005" name="y_mid2_reg_624">
<pin_list>
<pin id="625" dir="0" index="0" bw="16" slack="1"/>
<pin id="626" dir="1" index="1" bw="16" slack="1"/>
</pin_list>
<bind>
<opset="y_mid2 "/>
</bind>
</comp>

<comp id="630" class="1005" name="tmp_mid2_v_reg_630">
<pin_list>
<pin id="631" dir="0" index="0" bw="16" slack="0"/>
<pin id="632" dir="1" index="1" bw="16" slack="0"/>
</pin_list>
<bind>
<opset="tmp_mid2_v "/>
</bind>
</comp>

<comp id="635" class="1005" name="tmp_reg_635">
<pin_list>
<pin id="636" dir="0" index="0" bw="13" slack="1"/>
<pin id="637" dir="1" index="1" bw="13" slack="1"/>
</pin_list>
<bind>
<opset="tmp "/>
</bind>
</comp>

<comp id="640" class="1005" name="tmp_2_reg_640">
<pin_list>
<pin id="641" dir="0" index="0" bw="15" slack="1"/>
<pin id="642" dir="1" index="1" bw="15" slack="1"/>
</pin_list>
<bind>
<opset="tmp_2 "/>
</bind>
</comp>

<comp id="645" class="1005" name="tmp_8_reg_645">
<pin_list>
<pin id="646" dir="0" index="0" bw="23" slack="1"/>
<pin id="647" dir="1" index="1" bw="23" slack="1"/>
</pin_list>
<bind>
<opset="tmp_8 "/>
</bind>
</comp>

<comp id="650" class="1005" name="y_2_reg_650">
<pin_list>
<pin id="651" dir="0" index="0" bw="16" slack="1"/>
<pin id="652" dir="1" index="1" bw="16" slack="1"/>
</pin_list>
<bind>
<opset="y_2 "/>
</bind>
</comp>

<comp id="655" class="1005" name="tmp_28_cast_reg_655">
<pin_list>
<pin id="656" dir="0" index="0" bw="32" slack="1"/>
<pin id="657" dir="1" index="1" bw="32" slack="1"/>
</pin_list>
<bind>
<opset="tmp_28_cast "/>
</bind>
</comp>

<comp id="664" class="1005" name="in_channels_ch3_addr_reg_664">
<pin_list>
<pin id="665" dir="0" index="0" bw="22" slack="1"/>
<pin id="666" dir="1" index="1" bw="22" slack="1"/>
</pin_list>
<bind>
<opset="in_channels_ch3_addr "/>
</bind>
</comp>

<comp id="669" class="1005" name="in_channels_ch1_addr_reg_669">
<pin_list>
<pin id="670" dir="0" index="0" bw="22" slack="1"/>
<pin id="671" dir="1" index="1" bw="22" slack="1"/>
</pin_list>
<bind>
<opset="in_channels_ch1_addr "/>
</bind>
</comp>

<comp id="674" class="1005" name="in_channels_ch2_addr_reg_674">
<pin_list>
<pin id="675" dir="0" index="0" bw="22" slack="1"/>
<pin id="676" dir="1" index="1" bw="22" slack="1"/>
</pin_list>
<bind>
<opset="in_channels_ch2_addr "/>
</bind>
</comp>

<comp id="679" class="1005" name="E_reg_679">
<pin_list>
<pin id="680" dir="0" index="0" bw="8" slack="1"/>
<pin id="681" dir="1" index="1" bw="8" slack="1"/>
</pin_list>
<bind>
<opset="E "/>
</bind>
</comp>

<comp id="685" class="1005" name="Y_reg_685">
<pin_list>
<pin id="686" dir="0" index="0" bw="8" slack="1"/>
<pin id="687" dir="1" index="1" bw="8" slack="1"/>
</pin_list>
<bind>
<opset="Y "/>
</bind>
</comp>

<comp id="690" class="1005" name="D_reg_690">
<pin_list>
<pin id="691" dir="0" index="0" bw="8" slack="1"/>
<pin id="692" dir="1" index="1" bw="8" slack="1"/>
</pin_list>
<bind>
<opset="D "/>
</bind>
</comp>

<comp id="697" class="1005" name="tmp_14_reg_697">
<pin_list>
<pin id="698" dir="0" index="0" bw="17" slack="1"/>
<pin id="699" dir="1" index="1" bw="17" slack="1"/>
</pin_list>
<bind>
<opset="tmp_14 "/>
</bind>
</comp>

<comp id="702" class="1005" name="tmp_10_reg_702">
<pin_list>
<pin id="703" dir="0" index="0" bw="18" slack="1"/>
<pin id="704" dir="1" index="1" bw="18" slack="1"/>
</pin_list>
<bind>
<opset="tmp_10 "/>
</bind>
</comp>

<comp id="708" class="1005" name="tmp1_reg_708">
<pin_list>
<pin id="709" dir="0" index="0" bw="17" slack="1"/>
<pin id="710" dir="1" index="1" bw="17" slack="1"/>
</pin_list>
<bind>
<opset="tmp1 "/>
</bind>
</comp>

<comp id="713" class="1005" name="tmp2_reg_713">
<pin_list>
<pin id="714" dir="0" index="0" bw="18" slack="1"/>
<pin id="715" dir="1" index="1" bw="18" slack="1"/>
</pin_list>
<bind>
<opset="tmp2 "/>
</bind>
</comp>

<comp id="718" class="1005" name="tmp_11_reg_718">
<pin_list>
<pin id="719" dir="0" index="0" bw="18" slack="1"/>
<pin id="720" dir="1" index="1" bw="18" slack="1"/>
</pin_list>
<bind>
<opset="tmp_11 "/>
</bind>
</comp>

<comp id="724" class="1005" name="icmp_reg_724">
<pin_list>
<pin id="725" dir="0" index="0" bw="1" slack="1"/>
<pin id="726" dir="1" index="1" bw="1" slack="1"/>
</pin_list>
<bind>
<opset="icmp "/>
</bind>
</comp>

<comp id="730" class="1005" name="G_reg_730">
<pin_list>
<pin id="731" dir="0" index="0" bw="8" slack="1"/>
<pin id="732" dir="1" index="1" bw="8" slack="1"/>
</pin_list>
<bind>
<opset="G "/>
</bind>
</comp>

<comp id="735" class="1005" name="B_reg_735">
<pin_list>
<pin id="736" dir="0" index="0" bw="8" slack="1"/>
<pin id="737" dir="1" index="1" bw="8" slack="1"/>
</pin_list>
<bind>
<opset="B "/>
</bind>
</comp>

<comp id="740" class="1005" name="out_channels_ch1_add_reg_740">
<pin_list>
<pin id="741" dir="0" index="0" bw="22" slack="1"/>
<pin id="742" dir="1" index="1" bw="22" slack="1"/>
</pin_list>
<bind>
<opset="out_channels_ch1_add "/>
</bind>
</comp>

<comp id="745" class="1005" name="out_channels_ch2_add_reg_745">
<pin_list>
<pin id="746" dir="0" index="0" bw="22" slack="1"/>
<pin id="747" dir="1" index="1" bw="22" slack="1"/>
</pin_list>
<bind>
<opset="out_channels_ch2_add "/>
</bind>
</comp>

<comp id="750" class="1005" name="out_channels_ch3_add_reg_750">
<pin_list>
<pin id="751" dir="0" index="0" bw="22" slack="1"/>
<pin id="752" dir="1" index="1" bw="22" slack="1"/>
</pin_list>
<bind>
<opset="out_channels_ch3_add "/>
</bind>
</comp>

<comp id="755" class="1005" name="R_reg_755">
<pin_list>
<pin id="756" dir="0" index="0" bw="8" slack="1"/>
<pin id="757" dir="1" index="1" bw="8" slack="1"/>
</pin_list>
<bind>
<opset="R "/>
</bind>
</comp>

</comp_list>

<net_list>
<net id="114"><net_src comp="16" pin="0"/><net_sink comp="110" pin=0"/></net>

<net id="115"><net_src comp="8" pin="0"/><net_sink comp="110" pin=1"/></net>

<net id="120"><net_src comp="16" pin="0"/><net_sink comp="116" pin=0"/></net>

<net id="121"><net_src comp="6" pin="0"/><net_sink comp="116" pin=1"/></net>

<net id="127"><net_src comp="4" pin="0"/><net_sink comp="122" pin=0"/></net>

<net id="128"><net_src comp="18" pin="0"/><net_sink comp="122" pin=1"/></net>

<net id="133"><net_src comp="122" pin="3"/><net_sink comp="129" pin=0"/></net>

<net id="139"><net_src comp="0" pin="0"/><net_sink comp="134" pin=0"/></net>

<net id="140"><net_src comp="18" pin="0"/><net_sink comp="134" pin=1"/></net>

<net id="146"><net_src comp="2" pin="0"/><net_sink comp="141" pin=0"/></net>

<net id="147"><net_src comp="18" pin="0"/><net_sink comp="141" pin=1"/></net>

<net id="152"><net_src comp="134" pin="3"/><net_sink comp="148" pin=0"/></net>

<net id="157"><net_src comp="141" pin="3"/><net_sink comp="153" pin=0"/></net>

<net id="163"><net_src comp="10" pin="0"/><net_sink comp="158" pin=0"/></net>

<net id="164"><net_src comp="18" pin="0"/><net_sink comp="158" pin=1"/></net>

<net id="170"><net_src comp="12" pin="0"/><net_sink comp="165" pin=0"/></net>

<net id="171"><net_src comp="18" pin="0"/><net_sink comp="165" pin=1"/></net>

<net id="177"><net_src comp="14" pin="0"/><net_sink comp="172" pin=0"/></net>

<net id="178"><net_src comp="18" pin="0"/><net_sink comp="172" pin=1"/></net>

<net id="183"><net_src comp="158" pin="3"/><net_sink comp="179" pin=0"/></net>

<net id="188"><net_src comp="165" pin="3"/><net_sink comp="184" pin=0"/></net>

<net id="193"><net_src comp="172" pin="3"/><net_sink comp="189" pin=0"/></net>

<net id="197"><net_src comp="18" pin="0"/><net_sink comp="194" pin=0"/></net>

<net id="204"><net_src comp="194" pin="1"/><net_sink comp="198" pin=0"/></net>

<net id="208"><net_src comp="20" pin="0"/><net_sink comp="205" pin=0"/></net>

<net id="215"><net_src comp="205" pin="1"/><net_sink comp="209" pin=0"/></net>

<net id="219"><net_src comp="20" pin="0"/><net_sink comp="216" pin=0"/></net>

<net id="226"><net_src comp="216" pin="1"/><net_sink comp="220" pin=0"/></net>

<net id="230"><net_src comp="116" pin="2"/><net_sink comp="227" pin=0"/></net>

<net id="234"><net_src comp="110" pin="2"/><net_sink comp="231" pin=0"/></net>

<net id="239"><net_src comp="198" pin="4"/><net_sink comp="235" pin=0"/></net>

<net id="244"><net_src comp="198" pin="4"/><net_sink comp="240" pin=0"/></net>

<net id="245"><net_src comp="22" pin="0"/><net_sink comp="240" pin=1"/></net>

<net id="250"><net_src comp="24" pin="0"/><net_sink comp="246" pin=0"/></net>

<net id="251"><net_src comp="209" pin="4"/><net_sink comp="246" pin=1"/></net>

<net id="256"><net_src comp="220" pin="4"/><net_sink comp="252" pin=0"/></net>

<net id="262"><net_src comp="252" pin="2"/><net_sink comp="257" pin=0"/></net>

<net id="263"><net_src comp="20" pin="0"/><net_sink comp="257" pin=1"/></net>

<net id="264"><net_src comp="220" pin="4"/><net_sink comp="257" pin=2"/></net>

<net id="270"><net_src comp="252" pin="2"/><net_sink comp="265" pin=0"/></net>

<net id="271"><net_src comp="246" pin="2"/><net_sink comp="265" pin=1"/></net>

<net id="272"><net_src comp="209" pin="4"/><net_sink comp="265" pin=2"/></net>

<net id="276"><net_src comp="265" pin="3"/><net_sink comp="273" pin=0"/></net>

<net id="280"><net_src comp="265" pin="3"/><net_sink comp="277" pin=0"/></net>

<net id="286"><net_src comp="26" pin="0"/><net_sink comp="281" pin=0"/></net>

<net id="287"><net_src comp="28" pin="0"/><net_sink comp="281" pin=2"/></net>

<net id="293"><net_src comp="30" pin="0"/><net_sink comp="288" pin=0"/></net>

<net id="294"><net_src comp="32" pin="0"/><net_sink comp="288" pin=2"/></net>

<net id="299"><net_src comp="288" pin="3"/><net_sink comp="295" pin=0"/></net>

<net id="300"><net_src comp="281" pin="3"/><net_sink comp="295" pin=1"/></net>

<net id="308"><net_src comp="295" pin="2"/><net_sink comp="304" pin=0"/></net>

<net id="309"><net_src comp="301" pin="1"/><net_sink comp="304" pin=1"/></net>

<net id="314"><net_src comp="24" pin="0"/><net_sink comp="310" pin=0"/></net>

<net id="318"><net_src comp="315" pin="1"/><net_sink comp="122" pin=2"/></net>

<net id="323"><net_src comp="129" pin="2"/><net_sink comp="319" pin=0"/></net>

<net id="324"><net_src comp="34" pin="0"/><net_sink comp="319" pin=1"/></net>

<net id="329"><net_src comp="153" pin="2"/><net_sink comp="325" pin=0"/></net>

<net id="330"><net_src comp="34" pin="0"/><net_sink comp="325" pin=1"/></net>

<net id="338"><net_src comp="36" pin="0"/><net_sink comp="334" pin=0"/></net>

<net id="339"><net_src comp="331" pin="1"/><net_sink comp="334" pin=1"/></net>

<net id="351"><net_src comp="46" pin="0"/><net_sink comp="346" pin=0"/></net>

<net id="352"><net_src comp="48" pin="0"/><net_sink comp="346" pin=2"/></net>

<net id="356"><net_src comp="346" pin="3"/><net_sink comp="353" pin=0"/></net>

<net id="361"><net_src comp="353" pin="1"/><net_sink comp="357" pin=1"/></net>

<net id="371"><net_src comp="52" pin="0"/><net_sink comp="365" pin=0"/></net>

<net id="372"><net_src comp="54" pin="0"/><net_sink comp="365" pin=2"/></net>

<net id="373"><net_src comp="56" pin="0"/><net_sink comp="365" pin=3"/></net>

<net id="378"><net_src comp="365" pin="4"/><net_sink comp="374" pin=0"/></net>

<net id="379"><net_src comp="58" pin="0"/><net_sink comp="374" pin=1"/></net>

<net id="387"><net_src comp="380" pin="1"/><net_sink comp="383" pin=1"/></net>

<net id="394"><net_src comp="52" pin="0"/><net_sink comp="388" pin=0"/></net>

<net id="395"><net_src comp="383" pin="2"/><net_sink comp="388" pin=1"/></net>

<net id="396"><net_src comp="54" pin="0"/><net_sink comp="388" pin=2"/></net>

<net id="397"><net_src comp="56" pin="0"/><net_sink comp="388" pin=3"/></net>

<net id="402"><net_src comp="388" pin="4"/><net_sink comp="398" pin=0"/></net>

<net id="403"><net_src comp="58" pin="0"/><net_sink comp="398" pin=1"/></net>

<net id="409"><net_src comp="60" pin="0"/><net_sink comp="404" pin=0"/></net>

<net id="410"><net_src comp="383" pin="2"/><net_sink comp="404" pin=1"/></net>

<net id="411"><net_src comp="56" pin="0"/><net_sink comp="404" pin=2"/></net>

<net id="418"><net_src comp="62" pin="0"/><net_sink comp="412" pin=0"/></net>

<net id="419"><net_src comp="383" pin="2"/><net_sink comp="412" pin=1"/></net>

<net id="420"><net_src comp="64" pin="0"/><net_sink comp="412" pin=2"/></net>

<net id="421"><net_src comp="66" pin="0"/><net_sink comp="412" pin=3"/></net>

<net id="427"><net_src comp="398" pin="2"/><net_sink comp="422" pin=0"/></net>

<net id="428"><net_src comp="68" pin="0"/><net_sink comp="422" pin=1"/></net>

<net id="429"><net_src comp="32" pin="0"/><net_sink comp="422" pin=2"/></net>

<net id="434"><net_src comp="398" pin="2"/><net_sink comp="430" pin=0"/></net>

<net id="435"><net_src comp="404" pin="3"/><net_sink comp="430" pin=1"/></net>

<net id="441"><net_src comp="430" pin="2"/><net_sink comp="436" pin=0"/></net>

<net id="442"><net_src comp="422" pin="3"/><net_sink comp="436" pin=1"/></net>

<net id="443"><net_src comp="412" pin="4"/><net_sink comp="436" pin=2"/></net>

<net id="449"><net_src comp="70" pin="0"/><net_sink comp="444" pin=0"/></net>

<net id="450"><net_src comp="72" pin="0"/><net_sink comp="444" pin=2"/></net>

<net id="454"><net_src comp="444" pin="3"/><net_sink comp="451" pin=0"/></net>

<net id="462"><net_src comp="451" pin="1"/><net_sink comp="458" pin=0"/></net>

<net id="463"><net_src comp="455" pin="1"/><net_sink comp="458" pin=1"/></net>

<net id="470"><net_src comp="74" pin="0"/><net_sink comp="464" pin=0"/></net>

<net id="471"><net_src comp="458" pin="2"/><net_sink comp="464" pin=1"/></net>

<net id="472"><net_src comp="54" pin="0"/><net_sink comp="464" pin=2"/></net>

<net id="473"><net_src comp="76" pin="0"/><net_sink comp="464" pin=3"/></net>

<net id="478"><net_src comp="464" pin="4"/><net_sink comp="474" pin=0"/></net>

<net id="479"><net_src comp="78" pin="0"/><net_sink comp="474" pin=1"/></net>

<net id="485"><net_src comp="80" pin="0"/><net_sink comp="480" pin=0"/></net>

<net id="486"><net_src comp="458" pin="2"/><net_sink comp="480" pin=1"/></net>

<net id="487"><net_src comp="76" pin="0"/><net_sink comp="480" pin=2"/></net>

<net id="494"><net_src comp="82" pin="0"/><net_sink comp="488" pin=0"/></net>

<net id="495"><net_src comp="458" pin="2"/><net_sink comp="488" pin=1"/></net>

<net id="496"><net_src comp="64" pin="0"/><net_sink comp="488" pin=2"/></net>

<net id="497"><net_src comp="66" pin="0"/><net_sink comp="488" pin=3"/></net>

<net id="503"><net_src comp="474" pin="2"/><net_sink comp="498" pin=0"/></net>

<net id="504"><net_src comp="68" pin="0"/><net_sink comp="498" pin=1"/></net>

<net id="505"><net_src comp="32" pin="0"/><net_sink comp="498" pin=2"/></net>

<net id="510"><net_src comp="474" pin="2"/><net_sink comp="506" pin=0"/></net>

<net id="511"><net_src comp="480" pin="3"/><net_sink comp="506" pin=1"/></net>

<net id="517"><net_src comp="506" pin="2"/><net_sink comp="512" pin=0"/></net>

<net id="518"><net_src comp="498" pin="3"/><net_sink comp="512" pin=1"/></net>

<net id="519"><net_src comp="488" pin="4"/><net_sink comp="512" pin=2"/></net>

<net id="525"><net_src comp="60" pin="0"/><net_sink comp="520" pin=0"/></net>

<net id="526"><net_src comp="56" pin="0"/><net_sink comp="520" pin=2"/></net>

<net id="533"><net_src comp="62" pin="0"/><net_sink comp="527" pin=0"/></net>

<net id="534"><net_src comp="64" pin="0"/><net_sink comp="527" pin=2"/></net>

<net id="535"><net_src comp="66" pin="0"/><net_sink comp="527" pin=3"/></net>

<net id="541"><net_src comp="68" pin="0"/><net_sink comp="536" pin=1"/></net>

<net id="542"><net_src comp="32" pin="0"/><net_sink comp="536" pin=2"/></net>

<net id="547"><net_src comp="520" pin="3"/><net_sink comp="543" pin=1"/></net>

<net id="553"><net_src comp="543" pin="2"/><net_sink comp="548" pin=0"/></net>

<net id="554"><net_src comp="536" pin="3"/><net_sink comp="548" pin=1"/></net>

<net id="555"><net_src comp="527" pin="4"/><net_sink comp="548" pin=2"/></net>

<net id="556"><net_src comp="548" pin="3"/><net_sink comp="179" pin=1"/></net>

<net id="561"><net_src comp="108" pin="0"/><net_sink comp="557" pin=0"/></net>

<net id="566"><net_src comp="557" pin="2"/><net_sink comp="562" pin=0"/></net>

<net id="571"><net_src comp="231" pin="1"/><net_sink comp="567" pin=0"/></net>

<net id="572"><net_src comp="227" pin="1"/><net_sink comp="567" pin=1"/></net>

<net id="579"><net_src comp="38" pin="0"/><net_sink comp="573" pin=0"/></net>

<net id="580"><net_src comp="340" pin="1"/><net_sink comp="573" pin=1"/></net>

<net id="581"><net_src comp="40" pin="0"/><net_sink comp="573" pin=2"/></net>

<net id="582"><net_src comp="42" pin="0"/><net_sink comp="573" pin=3"/></net>

<net id="583"><net_src comp="573" pin="4"/><net_sink comp="357" pin=0"/></net>

<net id="589"><net_src comp="44" pin="0"/><net_sink comp="584" pin=0"/></net>

<net id="590"><net_src comp="343" pin="1"/><net_sink comp="584" pin=1"/></net>

<net id="596"><net_src comp="50" pin="0"/><net_sink comp="591" pin=0"/></net>

<net id="597"><net_src comp="362" pin="1"/><net_sink comp="591" pin=1"/></net>

<net id="598"><net_src comp="591" pin="3"/><net_sink comp="365" pin=1"/></net>

<net id="602"><net_src comp="110" pin="2"/><net_sink comp="599" pin=0"/></net>

<net id="603"><net_src comp="599" pin="1"/><net_sink comp="252" pin=1"/></net>

<net id="604"><net_src comp="599" pin="1"/><net_sink comp="562" pin=1"/></net>

<net id="608"><net_src comp="116" pin="2"/><net_sink comp="605" pin=0"/></net>

<net id="609"><net_src comp="605" pin="1"/><net_sink comp="557" pin=1"/></net>

<net id="613"><net_src comp="567" pin="2"/><net_sink comp="610" pin=0"/></net>

<net id="614"><net_src comp="610" pin="1"/><net_sink comp="235" pin=1"/></net>

<net id="618"><net_src comp="235" pin="2"/><net_sink comp="615" pin=0"/></net>

<net id="622"><net_src comp="240" pin="2"/><net_sink comp="619" pin=0"/></net>

<net id="623"><net_src comp="619" pin="1"/><net_sink comp="198" pin=2"/></net>

<net id="627"><net_src comp="257" pin="3"/><net_sink comp="624" pin=0"/></net>

<net id="628"><net_src comp="624" pin="1"/><net_sink comp="301" pin=0"/></net>

<net id="629"><net_src comp="624" pin="1"/><net_sink comp="310" pin=1"/></net>

<net id="633"><net_src comp="265" pin="3"/><net_sink comp="630" pin=0"/></net>

<net id="634"><net_src comp="630" pin="1"/><net_sink comp="209" pin=2"/></net>

<net id="638"><net_src comp="273" pin="1"/><net_sink comp="635" pin=0"/></net>

<net id="639"><net_src comp="635" pin="1"/><net_sink comp="281" pin=1"/></net>

<net id="643"><net_src comp="277" pin="1"/><net_sink comp="640" pin=0"/></net>

<net id="644"><net_src comp="640" pin="1"/><net_sink comp="288" pin=1"/></net>

<net id="648"><net_src comp="304" pin="2"/><net_sink comp="645" pin=0"/></net>

<net id="649"><net_src comp="645" pin="1"/><net_sink comp="315" pin=0"/></net>

<net id="653"><net_src comp="310" pin="2"/><net_sink comp="650" pin=0"/></net>

<net id="654"><net_src comp="650" pin="1"/><net_sink comp="220" pin=2"/></net>

<net id="658"><net_src comp="315" pin="1"/><net_sink comp="655" pin=0"/></net>

<net id="659"><net_src comp="655" pin="1"/><net_sink comp="134" pin=2"/></net>

<net id="660"><net_src comp="655" pin="1"/><net_sink comp="141" pin=2"/></net>

<net id="661"><net_src comp="655" pin="1"/><net_sink comp="158" pin=2"/></net>

<net id="662"><net_src comp="655" pin="1"/><net_sink comp="165" pin=2"/></net>

<net id="663"><net_src comp="655" pin="1"/><net_sink comp="172" pin=2"/></net>

<net id="667"><net_src comp="122" pin="3"/><net_sink comp="664" pin=0"/></net>

<net id="668"><net_src comp="664" pin="1"/><net_sink comp="129" pin=0"/></net>

<net id="672"><net_src comp="134" pin="3"/><net_sink comp="669" pin=0"/></net>

<net id="673"><net_src comp="669" pin="1"/><net_sink comp="148" pin=0"/></net>

<net id="677"><net_src comp="141" pin="3"/><net_sink comp="674" pin=0"/></net>

<net id="678"><net_src comp="674" pin="1"/><net_sink comp="153" pin=0"/></net>

<net id="682"><net_src comp="319" pin="2"/><net_sink comp="679" pin=0"/></net>

<net id="683"><net_src comp="679" pin="1"/><net_sink comp="331" pin=0"/></net>

<net id="684"><net_src comp="679" pin="1"/><net_sink comp="362" pin=0"/></net>

<net id="688"><net_src comp="148" pin="2"/><net_sink comp="685" pin=0"/></net>

<net id="689"><net_src comp="685" pin="1"/><net_sink comp="340" pin=0"/></net>

<net id="693"><net_src comp="325" pin="2"/><net_sink comp="690" pin=0"/></net>

<net id="694"><net_src comp="690" pin="1"/><net_sink comp="343" pin=0"/></net>

<net id="695"><net_src comp="690" pin="1"/><net_sink comp="346" pin=1"/></net>

<net id="696"><net_src comp="690" pin="1"/><net_sink comp="444" pin=1"/></net>

<net id="700"><net_src comp="334" pin="2"/><net_sink comp="697" pin=0"/></net>

<net id="701"><net_src comp="697" pin="1"/><net_sink comp="584" pin=0"/></net>

<net id="705"><net_src comp="573" pin="4"/><net_sink comp="702" pin=0"/></net>

<net id="706"><net_src comp="702" pin="1"/><net_sink comp="591" pin=1"/></net>

<net id="707"><net_src comp="702" pin="1"/><net_sink comp="383" pin=0"/></net>

<net id="711"><net_src comp="584" pin="3"/><net_sink comp="708" pin=0"/></net>

<net id="712"><net_src comp="708" pin="1"/><net_sink comp="380" pin=0"/></net>

<net id="716"><net_src comp="357" pin="2"/><net_sink comp="713" pin=0"/></net>

<net id="717"><net_src comp="713" pin="1"/><net_sink comp="455" pin=0"/></net>

<net id="721"><net_src comp="591" pin="3"/><net_sink comp="718" pin=0"/></net>

<net id="722"><net_src comp="718" pin="1"/><net_sink comp="520" pin=1"/></net>

<net id="723"><net_src comp="718" pin="1"/><net_sink comp="527" pin=1"/></net>

<net id="727"><net_src comp="374" pin="2"/><net_sink comp="724" pin=0"/></net>

<net id="728"><net_src comp="724" pin="1"/><net_sink comp="536" pin=0"/></net>

<net id="729"><net_src comp="724" pin="1"/><net_sink comp="543" pin=0"/></net>

<net id="733"><net_src comp="436" pin="3"/><net_sink comp="730" pin=0"/></net>

<net id="734"><net_src comp="730" pin="1"/><net_sink comp="184" pin=1"/></net>

<net id="738"><net_src comp="512" pin="3"/><net_sink comp="735" pin=0"/></net>

<net id="739"><net_src comp="735" pin="1"/><net_sink comp="189" pin=1"/></net>

<net id="743"><net_src comp="158" pin="3"/><net_sink comp="740" pin=0"/></net>

<net id="744"><net_src comp="740" pin="1"/><net_sink comp="179" pin=0"/></net>

<net id="748"><net_src comp="165" pin="3"/><net_sink comp="745" pin=0"/></net>

<net id="749"><net_src comp="745" pin="1"/><net_sink comp="184" pin=0"/></net>

<net id="753"><net_src comp="172" pin="3"/><net_sink comp="750" pin=0"/></net>

<net id="754"><net_src comp="750" pin="1"/><net_sink comp="189" pin=0"/></net>

<net id="758"><net_src comp="548" pin="3"/><net_sink comp="755" pin=0"/></net>

<net id="759"><net_src comp="755" pin="1"/><net_sink comp="179" pin=1"/></net>

</net_list>

</model> 
---------------- Datapath Model END ------------------

* FSMD analyzer results:
  - Output states:
	Port: out_channels_ch1 | {11 12 }
	Port: out_channels_ch2 | {11 12 }
	Port: out_channels_ch3 | {11 12 }
 - Input state : 
	Port: yuv2rgb : in_channels_ch1 | {5 6 7 8 }
	Port: yuv2rgb : in_channels_ch2 | {5 6 7 8 }
	Port: yuv2rgb : in_channels_ch3 | {4 5 6 7 }
	Port: yuv2rgb : in_width_read | {1 }
	Port: yuv2rgb : in_height_read | {1 }
  - Chain level:
	State 1
		bound : 1
	State 2
		exitcond_flatten : 1
		indvar_flatten_next : 1
		StgValue_25 : 2
		x_2 : 1
		exitcond5 : 1
		y_mid2 : 2
		tmp_mid2_v : 2
		tmp : 3
		tmp_2 : 3
	State 3
		tmp_s : 1
		tmp_8 : 2
	State 4
		in_channels_ch3_addr : 1
		V : 2
	State 5
		Y : 1
		U : 1
	State 6
	State 7
		E : 1
	State 8
		D : 1
		tmp_14 : 1
	State 9
		C : 1
		tmp_16_cast : 2
		tmp_4 : 3
		tmp_10 : 4
		tmp_13 : 1
		tmp_14_cast : 2
		tmp1 : 3
		p_shl1_cast : 1
		tmp2 : 5
	State 10
		tmp_7 : 1
		tmp_11 : 2
		tmp_5 : 3
		icmp : 4
		tmp_15 : 1
		tmp_16 : 2
		icmp1 : 3
		tmp_17 : 2
		phitmp2 : 2
		p_phitmp2 : 4
		tmp_6 : 4
		G : 4
		p_shl_cast : 1
		tmp_18 : 2
		tmp_19 : 3
		icmp2 : 4
		tmp_20 : 3
		phitmp3 : 3
		p_phitmp3 : 5
		tmp_9 : 5
		B : 5
	State 11
		tmp_3 : 1
		R : 1
		StgValue_103 : 2
		StgValue_104 : 1
		StgValue_105 : 1
	State 12
		empty : 1
	State 13
		mrv_1 : 1
		StgValue_118 : 2


============================================================
+ Verbose Summary: Datapath Resource usage 
============================================================

* Functional unit list:
|----------|------------------------------|---------|---------|---------|
| Operation|        Functional Unit       |  DSP48E |    FF   |   LUT   |
|----------|------------------------------|---------|---------|---------|
|          |  indvar_flatten_next_fu_240  |    0    |   101   |    37   |
|          |          x_2_fu_246          |    0    |    53   |    21   |
|          |         tmp_s_fu_295         |    0    |    0    |    23   |
|    add   |         tmp_8_fu_304         |    0    |    0    |    23   |
|          |          y_2_fu_310          |    0    |    53   |    21   |
|          |          tmp2_fu_357         |    0    |    59   |    23   |
|          |         tmp_15_fu_383        |    0    |    59   |    23   |
|          |         tmp_18_fu_458        |    0    |    59   |    23   |
|----------|------------------------------|---------|---------|---------|
|    mul   |         tmp_14_fu_334        |    0    |    0    |    89   |
|          |         bound_fu_567         |    1    |    0    |    0    |
|----------|------------------------------|---------|---------|---------|
|          |         y_mid2_fu_257        |    0    |    0    |    16   |
|          |       tmp_mid2_v_fu_265      |    0    |    0    |    16   |
|          |       p_phitmp2_fu_422       |    0    |    0    |    2    |
|  select  |           G_fu_436           |    0    |    0    |    8    |
|          |       p_phitmp3_fu_498       |    0    |    0    |    2    |
|          |           B_fu_512           |    0    |    0    |    8    |
|          |        p_phitmp_fu_536       |    0    |    0    |    2    |
|          |           R_fu_548           |    0    |    0    |    8    |
|----------|------------------------------|---------|---------|---------|
|          |    exitcond_flatten_fu_235   |    0    |    0    |    16   |
|          |       exitcond5_fu_252       |    0    |    0    |    8    |
|   icmp   |          icmp_fu_374         |    0    |    0    |    1    |
|          |         icmp1_fu_398         |    0    |    0    |    1    |
|          |         icmp2_fu_474         |    0    |    0    |    1    |
|----------|------------------------------|---------|---------|---------|
|    xor   |           E_fu_319           |    0    |    0    |    8    |
|          |           D_fu_325           |    0    |    0    |    8    |
|----------|------------------------------|---------|---------|---------|
|          |         tmp_6_fu_430         |    0    |    0    |    2    |
|    or    |         tmp_9_fu_506         |    0    |    0    |    2    |
|          |         tmp_3_fu_543         |    0    |    0    |    2    |
|----------|------------------------------|---------|---------|---------|
|  muladd  |          grp_fu_584          |    1    |    0    |    0    |
|          |          grp_fu_591          |    1    |    0    |    0    |
|----------|------------------------------|---------|---------|---------|
| addmuladd|          grp_fu_573          |    1    |    0    |    0    |
|----------|------------------------------|---------|---------|---------|
|   read   | in_height_read_2_read_fu_110 |    0    |    0    |    0    |
|          |  in_width_read_2_read_fu_116 |    0    |    0    |    0    |
|----------|------------------------------|---------|---------|---------|
|          |          cast_fu_227         |    0    |    0    |    0    |
|          |         cast1_fu_231         |    0    |    0    |    0    |
|   zext   |        tmp_cast_fu_301       |    0    |    0    |    0    |
|          |      tmp_28_cast_fu_315      |    0    |    0    |    0    |
|          |      tmp_13_cast_fu_340      |    0    |    0    |    0    |
|----------|------------------------------|---------|---------|---------|
|   trunc  |          tmp_fu_273          |    0    |    0    |    0    |
|          |         tmp_2_fu_277         |    0    |    0    |    0    |
|----------|------------------------------|---------|---------|---------|
|          |      p_shl2_cast_fu_281      |    0    |    0    |    0    |
|bitconcatenate|      p_shl3_cast_fu_288      |    0    |    0    |    0    |
|          |         p_shl1_fu_346        |    0    |    0    |    0    |
|          |         p_shl_fu_444         |    0    |    0    |    0    |
|----------|------------------------------|---------|---------|---------|
|          |      tmp_18_cast5_fu_331     |    0    |    0    |    0    |
|          |   tmp_26_cast4_cast_fu_343   |    0    |    0    |    0    |
|          |      p_shl1_cast_fu_353      |    0    |    0    |    0    |
|   sext   |      tmp_18_cast_fu_362      |    0    |    0    |    0    |
|          |       tmp1_cast_fu_380       |    0    |    0    |    0    |
|          |       p_shl_cast_fu_451      |    0    |    0    |    0    |
|          |       tmp2_cast_fu_455       |    0    |    0    |    0    |
|----------|------------------------------|---------|---------|---------|
|          |         tmp_5_fu_365         |    0    |    0    |    0    |
|          |         tmp_16_fu_388        |    0    |    0    |    0    |
|partselect|        phitmp2_fu_412        |    0    |    0    |    0    |
|          |         tmp_19_fu_464        |    0    |    0    |    0    |
|          |        phitmp3_fu_488        |    0    |    0    |    0    |
|          |         phitmp_fu_527        |    0    |    0    |    0    |
|----------|------------------------------|---------|---------|---------|
|          |         tmp_17_fu_404        |    0    |    0    |    0    |
| bitselect|         tmp_20_fu_480        |    0    |    0    |    0    |
|          |         tmp_12_fu_520        |    0    |    0    |    0    |
|----------|------------------------------|---------|---------|---------|
|insertvalue|          mrv_fu_557          |    0    |    0    |    0    |
|          |         mrv_1_fu_562         |    0    |    0    |    0    |
|----------|------------------------------|---------|---------|---------|
|   Total  |                              |    4    |   384   |   394   |
|----------|------------------------------|---------|---------|---------|

Memories:
N/A

* Register list:
+----------------------------+--------+
|                            |   FF   |
+----------------------------+--------+
|          B_reg_735         |    8   |
|          D_reg_690         |    8   |
|          E_reg_679         |    8   |
|          G_reg_730         |    8   |
|          R_reg_755         |    8   |
|          Y_reg_685         |    8   |
|        bound_reg_610       |   32   |
|  exitcond_flatten_reg_615  |    1   |
|        icmp_reg_724        |    1   |
|in_channels_ch1_addr_reg_669|   22   |
|in_channels_ch2_addr_reg_674|   22   |
|in_channels_ch3_addr_reg_664|   22   |
|  in_height_read_2_reg_599  |   16   |
|   in_width_read_2_reg_605  |   16   |
| indvar_flatten_next_reg_619|   32   |
|   indvar_flatten_reg_194   |   32   |
|out_channels_ch1_add_reg_740|   22   |
|out_channels_ch2_add_reg_745|   22   |
|out_channels_ch3_add_reg_750|   22   |
|        tmp1_reg_708        |   17   |
|        tmp2_reg_713        |   18   |
|       tmp_10_reg_702       |   18   |
|       tmp_11_reg_718       |   18   |
|       tmp_14_reg_697       |   17   |
|     tmp_28_cast_reg_655    |   32   |
|        tmp_2_reg_640       |   15   |
|        tmp_8_reg_645       |   23   |
|     tmp_mid2_v_reg_630     |   16   |
|         tmp_reg_635        |   13   |
|          x_reg_205         |   16   |
|         y_2_reg_650        |   16   |
|       y_mid2_reg_624       |   16   |
|          y_reg_216         |   16   |
+----------------------------+--------+
|            Total           |   561  |
+----------------------------+--------+

* Multiplexer (MUX) list: 
|-------------------|------|------|------|--------||---------||---------|
|        Comp       |  Pin | Size |  BW  | S x BW ||  Delay  ||   LUT   |
|-------------------|------|------|------|--------||---------||---------|
| grp_access_fu_129 |  p0  |   2  |  22  |   44   ||    9    |
| grp_access_fu_148 |  p0  |   2  |  22  |   44   ||    9    |
| grp_access_fu_153 |  p0  |   2  |  22  |   44   ||    9    |
| grp_access_fu_179 |  p0  |   2  |  22  |   44   ||    9    |
| grp_access_fu_179 |  p1  |   2  |   8  |   16   ||    9    |
| grp_access_fu_184 |  p0  |   2  |  22  |   44   ||    9    |
| grp_access_fu_189 |  p0  |   2  |  22  |   44   ||    9    |
|     grp_fu_584    |  p0  |   2  |  16  |   32   ||    9    |
|     grp_fu_591    |  p1  |   2  |   8  |   16   ||    9    |
|-------------------|------|------|------|--------||---------||---------|
|       Total       |      |      |      |   328  ||  14.292 ||    81   |
|-------------------|------|------|------|--------||---------||---------|



* Summary:
+-----------+--------+--------+--------+--------+
|           | DSP48E |  Delay |   FF   |   LUT  |
+-----------+--------+--------+--------+--------+
|  Function |    4   |    -   |   384  |   394  |
|   Memory  |    -   |    -   |    -   |    -   |
|Multiplexer|    -   |   14   |    -   |   81   |
|  Register |    -   |    -   |   561  |    -   |
+-----------+--------+--------+--------+--------+
|   Total   |    4   |   14   |   945  |   475  |
+-----------+--------+--------+--------+--------+
