

================================================================
== Vivado HLS Report for 'dct'
================================================================
* Date:           Wed Apr 20 16:01:40 2022

* Version:        2017.2 (Build 1909853 on Thu Jun 15 18:55:24 MDT 2017)
* Project:        dct.prj
* Solution:       solution2
* Product family: zynq
* Target device:  xc7z010clg400-1


================================================================
== Performance Estimates
================================================================
+ Timing (ns): 
    * Summary: 
    +--------+-------+----------+------------+
    |  Clock | Target| Estimated| Uncertainty|
    +--------+-------+----------+------------+
    |ap_clk  |   8.00|      6.51|        1.00|
    +--------+-------+----------+------------+

+ Latency (clock cycles): 
    * Summary: 
    +------+------+------+------+---------+
    |   Latency   |   Interval  | Pipeline|
    |  min |  max |  min |  max |   Type  |
    +------+------+------+------+---------+
    |  1855|  1855|  1856|  1856|   none  |
    +------+------+------+------+---------+

    + Detail: 
        * Instance: 
        +-------------------+--------+------+------+------+------+---------+
        |                   |        |   Latency   |   Interval  | Pipeline|
        |      Instance     | Module |  min |  max |  min |  max |   Type  |
        +-------------------+--------+------+------+------+------+---------+
        |grp_dct_2d_fu_182  |dct_2d  |  1720|  1720|  1720|  1720|   none  |
        +-------------------+--------+------+------+------+------+---------+

        * Loop: 
        +---------------------------+-----+-----+----------+-----------+-----------+------+----------+
        |                           |  Latency  | Iteration|  Initiation Interval  | Trip |          |
        |         Loop Name         | min | max |  Latency |  achieved |   target  | Count| Pipelined|
        +---------------------------+-----+-----+----------+-----------+-----------+------+----------+
        |- RD_Loop_Row_RD_Loop_Col  |   65|   65|         3|          1|          1|    64|    yes   |
        |- WR_Loop_Row_WR_Loop_Col  |   65|   65|         3|          1|          1|    64|    yes   |
        +---------------------------+-----+-----+----------+-----------+-----------+------+----------+



================================================================
== Utilization Estimates
================================================================
* Summary: 
+-----------------+---------+-------+-------+-------+
|       Name      | BRAM_18K| DSP48E|   FF  |  LUT  |
+-----------------+---------+-------+-------+-------+
|DSP              |        -|      -|      -|      -|
|Expression       |        -|      -|    224|    144|
|FIFO             |        -|      -|      -|      -|
|Instance         |        3|      1|    698|    717|
|Memory           |        2|      -|      0|      0|
|Multiplexer      |        -|      -|      -|    235|
|Register         |        -|      -|     83|      -|
+-----------------+---------+-------+-------+-------+
|Total            |        5|      1|   1005|   1096|
+-----------------+---------+-------+-------+-------+
|Available        |      120|     80|  35200|  17600|
+-----------------+---------+-------+-------+-------+
|Utilization (%)  |        4|      1|      2|      6|
+-----------------+---------+-------+-------+-------+

+ Detail: 
    * Instance: 
    +-------------------+--------+---------+-------+-----+-----+
    |      Instance     | Module | BRAM_18K| DSP48E|  FF | LUT |
    +-------------------+--------+---------+-------+-----+-----+
    |grp_dct_2d_fu_182  |dct_2d  |        3|      1|  698|  717|
    +-------------------+--------+---------+-------+-----+-----+
    |Total              |        |        3|      1|  698|  717|
    +-------------------+--------+---------+-------+-----+-----+

    * DSP48: 
    N/A

    * Memory: 
    +--------------+-------------------+---------+---+----+------+-----+------+-------------+
    |    Memory    |       Module      | BRAM_18K| FF| LUT| Words| Bits| Banks| W*Bits*Banks|
    +--------------+-------------------+---------+---+----+------+-----+------+-------------+
    |buf_2d_in_U   |dct_2d_row_outbuf  |        1|  0|   0|    64|   16|     1|         1024|
    |buf_2d_out_U  |dct_2d_row_outbuf  |        1|  0|   0|    64|   16|     1|         1024|
    +--------------+-------------------+---------+---+----+------+-----+------+-------------+
    |Total         |                   |        2|  0|   0|   128|   32|     2|         2048|
    +--------------+-------------------+---------+---+----+------+-----+------+-------------+

    * FIFO: 
    N/A

    * Expression: 
    +--------------------------------+----------+-------+----+----+------------+------------+
    |          Variable Name         | Operation| DSP48E| FF | LUT| Bitwidth P0| Bitwidth P1|
    +--------------------------------+----------+-------+----+----+------------+------------+
    |c_1_fu_370_p2                   |     +    |      0|  17|   9|           1|           4|
    |c_fu_255_p2                     |     +    |      0|  17|   9|           1|           4|
    |indvar_flatten_next2_fu_291_p2  |     +    |      0|  26|  12|           7|           1|
    |indvar_flatten_next_fu_196_p2   |     +    |      0|  26|  12|           7|           1|
    |r_1_fu_297_p2                   |     +    |      0|  17|   9|           1|           4|
    |r_fu_202_p2                     |     +    |      0|  17|   9|           1|           4|
    |sum3_i_fu_364_p2                |     +    |      0|  23|  11|           6|           6|
    |sum_i_fu_244_p2                 |     +    |      0|  23|  11|           6|           6|
    |tmp_20_fu_353_p2                |     +    |      0|  29|  13|           8|           8|
    |tmp_s_fu_274_p2                 |     +    |      0|  29|  13|           8|           8|
    |exitcond_flatten2_fu_285_p2     |   icmp   |      0|   0|   4|           7|           8|
    |exitcond_flatten_fu_190_p2      |   icmp   |      0|   0|   4|           7|           8|
    |exitcond_i1_fu_303_p2           |   icmp   |      0|   0|   2|           4|           5|
    |exitcond_i_fu_208_p2            |   icmp   |      0|   0|   2|           4|           5|
    |c_i5_mid2_fu_309_p3             |  select  |      0|   0|   4|           1|           1|
    |c_i_mid2_fu_214_p3              |  select  |      0|   0|   4|           1|           1|
    |r_i2_cast4_mid2_v_fu_317_p3     |  select  |      0|   0|   4|           1|           4|
    |r_i_cast8_mid2_v_fu_222_p3      |  select  |      0|   0|   4|           1|           4|
    |ap_enable_pp0                   |    xor   |      0|   0|   2|           1|           2|
    |ap_enable_pp1                   |    xor   |      0|   0|   2|           1|           2|
    |ap_enable_reg_pp0_iter1         |    xor   |      0|   0|   2|           1|           2|
    |ap_enable_reg_pp1_iter1         |    xor   |      0|   0|   2|           1|           2|
    +--------------------------------+----------+-------+----+----+------------+------------+
    |Total                           |          |      0| 224| 144|          76|          90|
    +--------------------------------+----------+-------+----+----+------------+------------+

    * Multiplexer: 
    +-------------------------+----+-----------+-----+-----------+
    |           Name          | LUT| Input Size| Bits| Total Bits|
    +-------------------------+----+-----------+-----+-----------+
    |ap_NS_fsm                |  40|          7|    1|          7|
    |ap_enable_reg_pp0_iter1  |   9|          2|    1|          2|
    |ap_enable_reg_pp0_iter2  |   9|          2|    1|          2|
    |ap_enable_reg_pp1_iter1  |   9|          2|    1|          2|
    |ap_enable_reg_pp1_iter2  |   9|          2|    1|          2|
    |buf_2d_in_address0       |  15|          3|    6|         18|
    |buf_2d_in_ce0            |  15|          3|    1|          3|
    |buf_2d_out_address0      |  15|          3|    6|         18|
    |buf_2d_out_ce0           |  15|          3|    1|          3|
    |buf_2d_out_we0           |   9|          2|    1|          2|
    |c_i5_phi_fu_175_p4       |   9|          2|    4|          8|
    |c_i5_reg_171             |   9|          2|    4|          8|
    |c_i_phi_fu_142_p4        |   9|          2|    4|          8|
    |c_i_reg_138              |   9|          2|    4|          8|
    |indvar_flatten2_reg_149  |   9|          2|    7|         14|
    |indvar_flatten_reg_116   |   9|          2|    7|         14|
    |r_i2_phi_fu_164_p4       |   9|          2|    4|          8|
    |r_i2_reg_160             |   9|          2|    4|          8|
    |r_i_phi_fu_131_p4        |   9|          2|    4|          8|
    |r_i_reg_127              |   9|          2|    4|          8|
    +-------------------------+----+-----------+-----+-----------+
    |Total                    | 235|         49|   66|        151|
    +-------------------------+----+-----------+-----+-----------+

    * Register: 
    +--------------------------------------------+---+----+-----+-----------+
    |                    Name                    | FF| LUT| Bits| Const Bits|
    +--------------------------------------------+---+----+-----+-----------+
    |ap_CS_fsm                                   |  6|   0|    6|          0|
    |ap_enable_reg_pp0_iter0                     |  1|   0|    1|          0|
    |ap_enable_reg_pp0_iter1                     |  1|   0|    1|          0|
    |ap_enable_reg_pp0_iter2                     |  1|   0|    1|          0|
    |ap_enable_reg_pp1_iter0                     |  1|   0|    1|          0|
    |ap_enable_reg_pp1_iter1                     |  1|   0|    1|          0|
    |ap_enable_reg_pp1_iter2                     |  1|   0|    1|          0|
    |ap_reg_grp_dct_2d_fu_182_ap_start           |  1|   0|    1|          0|
    |ap_reg_pp0_iter1_c_i_mid2_reg_388           |  4|   0|    4|          0|
    |ap_reg_pp0_iter1_exitcond_flatten_reg_379   |  1|   0|    1|          0|
    |ap_reg_pp0_iter1_r_i_cast8_mid2_v_reg_395   |  4|   0|    4|          0|
    |ap_reg_pp1_iter1_exitcond_flatten2_reg_416  |  1|   0|    1|          0|
    |c_i5_mid2_reg_425                           |  4|   0|    4|          0|
    |c_i5_reg_171                                |  4|   0|    4|          0|
    |c_i_mid2_reg_388                            |  4|   0|    4|          0|
    |c_i_reg_138                                 |  4|   0|    4|          0|
    |exitcond_flatten2_reg_416                   |  1|   0|    1|          0|
    |exitcond_flatten_reg_379                    |  1|   0|    1|          0|
    |indvar_flatten2_reg_149                     |  7|   0|    7|          0|
    |indvar_flatten_reg_116                      |  7|   0|    7|          0|
    |r_i2_cast4_mid2_v_reg_432                   |  4|   0|    4|          0|
    |r_i2_reg_160                                |  4|   0|    4|          0|
    |r_i_cast8_mid2_v_reg_395                    |  4|   0|    4|          0|
    |r_i_reg_127                                 |  4|   0|    4|          0|
    |sum3_i_reg_448                              |  6|   0|    6|          0|
    |tmp_3_reg_401                               |  3|   0|    3|          0|
    |tmp_4_reg_438                               |  3|   0|    3|          0|
    +--------------------------------------------+---+----+-----+-----------+
    |Total                                       | 83|   0|   83|          0|
    +--------------------------------------------+---+----+-----+-----------+



================================================================
== Interface
================================================================
* Summary: 
+-------------------+-----+-----+------------+--------------+--------------+
|     RTL Ports     | Dir | Bits|  Protocol  | Source Object|    C Type    |
+-------------------+-----+-----+------------+--------------+--------------+
|ap_clk             |  in |    1| ap_ctrl_hs |      dct     | return value |
|ap_rst             |  in |    1| ap_ctrl_hs |      dct     | return value |
|ap_start           |  in |    1| ap_ctrl_hs |      dct     | return value |
|ap_done            | out |    1| ap_ctrl_hs |      dct     | return value |
|ap_idle            | out |    1| ap_ctrl_hs |      dct     | return value |
|ap_ready           | out |    1| ap_ctrl_hs |      dct     | return value |
|input_r_address0   | out |    6|  ap_memory |    input_r   |     array    |
|input_r_ce0        | out |    1|  ap_memory |    input_r   |     array    |
|input_r_q0         |  in |   16|  ap_memory |    input_r   |     array    |
|output_r_address0  | out |    6|  ap_memory |   output_r   |     array    |
|output_r_ce0       | out |    1|  ap_memory |   output_r   |     array    |
|output_r_we0       | out |    1|  ap_memory |   output_r   |     array    |
|output_r_d0        | out |   16|  ap_memory |   output_r   |     array    |
+-------------------+-----+-----+------------+--------------+--------------+

