

================================================================
== Vivado HLS Report for 'dct_2d'
================================================================
* Date:           Wed Apr 20 16:01:39 2022

* Version:        2017.2 (Build 1909853 on Thu Jun 15 18:55:24 MDT 2017)
* Project:        dct.prj
* Solution:       solution2
* Product family: zynq
* Target device:  xc7z010clg400-1


================================================================
== Performance Estimates
================================================================
+ Timing (ns): 
    * Summary: 
    +--------+-------+----------+------------+
    |  Clock | Target| Estimated| Uncertainty|
    +--------+-------+----------+------------+
    |ap_clk  |   8.00|      6.51|        1.00|
    +--------+-------+----------+------------+

+ Latency (clock cycles): 
    * Summary: 
    +------+------+------+------+---------+
    |   Latency   |   Interval  | Pipeline|
    |  min |  max |  min |  max |   Type  |
    +------+------+------+------+---------+
    |  1720|  1720|  1720|  1720|   none  |
    +------+------+------+------+---------+

    + Detail: 
        * Instance: 
        +--------------------+---------+-----+-----+-----+-----+---------+
        |                    |         |  Latency  |  Interval | Pipeline|
        |      Instance      |  Module | min | max | min | max |   Type  |
        +--------------------+---------+-----+-----+-----+-----+---------+
        |grp_dct_1d2_fu_207  |dct_1d2  |   97|   97|   97|   97|   none  |
        +--------------------+---------+-----+-----+-----+-----+---------+

        * Loop: 
        +---------------------------------------------+-----+-----+----------+-----------+-----------+------+----------+
        |                                             |  Latency  | Iteration|  Initiation Interval  | Trip |          |
        |                  Loop Name                  | min | max |  Latency |  achieved |   target  | Count| Pipelined|
        +---------------------------------------------+-----+-----+----------+-----------+-----------+------+----------+
        |- Row_DCT_Loop                               |  792|  792|        99|          -|          -|     8|    no    |
        |- Xpose_Row_Outer_Loop_Xpose_Row_Inner_Loop  |   65|   65|         3|          1|          1|    64|    yes   |
        |- Col_DCT_Loop                               |  792|  792|        99|          -|          -|     8|    no    |
        |- Xpose_Col_Outer_Loop_Xpose_Col_Inner_Loop  |   65|   65|         3|          1|          1|    64|    yes   |
        +---------------------------------------------+-----+-----+----------+-----------+-----------+------+----------+



================================================================
== Utilization Estimates
================================================================
* Summary: 
+-----------------+---------+-------+-------+-------+
|       Name      | BRAM_18K| DSP48E|   FF  |  LUT  |
+-----------------+---------+-------+-------+-------+
|DSP              |        -|      -|      -|      -|
|Expression       |        -|      -|    270|    170|
|FIFO             |        -|      -|      -|      -|
|Instance         |        0|      1|    330|    186|
|Memory           |        3|      -|      0|      0|
|Multiplexer      |        -|      -|      -|    361|
|Register         |        -|      -|     98|      -|
+-----------------+---------+-------+-------+-------+
|Total            |        3|      1|    698|    717|
+-----------------+---------+-------+-------+-------+
|Available        |      120|     80|  35200|  17600|
+-----------------+---------+-------+-------+-------+
|Utilization (%)  |        2|      1|      1|      4|
+-----------------+---------+-------+-------+-------+

+ Detail: 
    * Instance: 
    +--------------------+---------+---------+-------+-----+-----+
    |      Instance      |  Module | BRAM_18K| DSP48E|  FF | LUT |
    +--------------------+---------+---------+-------+-----+-----+
    |grp_dct_1d2_fu_207  |dct_1d2  |        0|      1|  330|  186|
    +--------------------+---------+---------+-------+-----+-----+
    |Total               |         |        0|      1|  330|  186|
    +--------------------+---------+---------+-------+-----+-----+

    * DSP48: 
    N/A

    * Memory: 
    +--------------+-------------------+---------+---+----+------+-----+------+-------------+
    |    Memory    |       Module      | BRAM_18K| FF| LUT| Words| Bits| Banks| W*Bits*Banks|
    +--------------+-------------------+---------+---+----+------+-----+------+-------------+
    |row_outbuf_U  |dct_2d_row_outbuf  |        1|  0|   0|    64|   16|     1|         1024|
    |col_outbuf_U  |dct_2d_row_outbuf  |        1|  0|   0|    64|   16|     1|         1024|
    |col_inbuf_U   |dct_2d_row_outbuf  |        1|  0|   0|    64|   16|     1|         1024|
    +--------------+-------------------+---------+---+----+------+-----+------+-------------+
    |Total         |                   |        3|  0|   0|   192|   48|     3|         3072|
    +--------------+-------------------+---------+---+----+------+-----+------+-------------+

    * FIFO: 
    N/A

    * Expression: 
    +--------------------------------+----------+-------+----+----+------------+------------+
    |          Variable Name         | Operation| DSP48E| FF | LUT| Bitwidth P0| Bitwidth P1|
    +--------------------------------+----------+-------+----+----+------------+------------+
    |i_4_fu_228_p2                   |     +    |      0|  17|   9|           4|           1|
    |i_5_fu_335_p2                   |     +    |      0|  17|   9|           4|           1|
    |i_6_fu_299_p2                   |     +    |      0|  17|   9|           4|           1|
    |i_7_fu_406_p2                   |     +    |      0|  17|   9|           4|           1|
    |indvar_flatten_next1_fu_347_p2  |     +    |      0|  26|  12|           7|           1|
    |indvar_flatten_next_fu_240_p2   |     +    |      0|  26|  12|           7|           1|
    |j_2_fu_246_p2                   |     +    |      0|  17|   9|           4|           1|
    |j_3_fu_353_p2                   |     +    |      0|  17|   9|           4|           1|
    |tmp_10_fu_425_p2                |     +    |      0|  29|  13|           8|           8|
    |tmp_12_fu_395_p2                |     +    |      0|  29|  13|           8|           8|
    |tmp_2_fu_288_p2                 |     +    |      0|  29|  13|           8|           8|
    |tmp_5_fu_318_p2                 |     +    |      0|  29|  13|           8|           8|
    |exitcond_flatten1_fu_341_p2     |   icmp   |      0|   0|   4|           7|           8|
    |exitcond_flatten_fu_234_p2      |   icmp   |      0|   0|   4|           7|           8|
    |tmp_4_fu_359_p2                 |   icmp   |      0|   0|   2|           4|           5|
    |tmp_9_fu_329_p2                 |   icmp   |      0|   0|   2|           4|           5|
    |tmp_fu_222_p2                   |   icmp   |      0|   0|   2|           4|           5|
    |tmp_s_fu_252_p2                 |   icmp   |      0|   0|   2|           4|           5|
    |i_1_mid2_fu_258_p3              |  select  |      0|   0|   4|           1|           1|
    |i_3_mid2_fu_365_p3              |  select  |      0|   0|   4|           1|           1|
    |j_1_cast2_mid2_v_fu_373_p3      |  select  |      0|   0|   4|           1|           4|
    |j_cast5_mid2_v_fu_266_p3        |  select  |      0|   0|   4|           1|           4|
    |ap_enable_pp0                   |    xor   |      0|   0|   2|           1|           2|
    |ap_enable_pp1                   |    xor   |      0|   0|   2|           1|           2|
    |ap_enable_reg_pp0_iter1         |    xor   |      0|   0|   2|           1|           2|
    |ap_enable_reg_pp1_iter1         |    xor   |      0|   0|   2|           1|           2|
    +--------------------------------+----------+-------+----+----+------------+------------+
    |Total                           |          |      0| 270| 170|         108|          94|
    +--------------------------------+----------+-------+----+----+------------+------------+

    * Multiplexer: 
    +---------------------------+----+-----------+-----+-----------+
    |            Name           | LUT| Input Size| Bits| Total Bits|
    +---------------------------+----+-----------+-----+-----------+
    |ap_NS_fsm                  |  55|         10|    1|         10|
    |ap_enable_reg_pp0_iter1    |   9|          2|    1|          2|
    |ap_enable_reg_pp0_iter2    |   9|          2|    1|          2|
    |ap_enable_reg_pp1_iter1    |   9|          2|    1|          2|
    |ap_enable_reg_pp1_iter2    |   9|          2|    1|          2|
    |col_inbuf_address0         |  15|          3|    6|         18|
    |col_inbuf_ce0              |  15|          3|    1|          3|
    |col_outbuf_address0        |  15|          3|    6|         18|
    |col_outbuf_ce0             |  15|          3|    1|          3|
    |col_outbuf_we0             |   9|          2|    1|          2|
    |grp_dct_1d2_fu_207_i_2     |  15|          3|    4|         12|
    |grp_dct_1d2_fu_207_i_21    |  15|          3|    4|         12|
    |grp_dct_1d2_fu_207_src_q0  |  15|          3|   16|         48|
    |i_1_phi_fu_155_p4          |   9|          2|    4|          8|
    |i_1_reg_151                |   9|          2|    4|          8|
    |i_2_reg_162                |   9|          2|    4|          8|
    |i_3_phi_fu_200_p4          |   9|          2|    4|          8|
    |i_3_reg_196                |   9|          2|    4|          8|
    |i_reg_117                  |   9|          2|    4|          8|
    |in_block_ce0               |   9|          2|    1|          2|
    |indvar_flatten1_reg_174    |   9|          2|    7|         14|
    |indvar_flatten_reg_129     |   9|          2|    7|         14|
    |j_1_phi_fu_189_p4          |   9|          2|    4|          8|
    |j_1_reg_185                |   9|          2|    4|          8|
    |j_phi_fu_144_p4            |   9|          2|    4|          8|
    |j_reg_140                  |   9|          2|    4|          8|
    |row_outbuf_address0        |  15|          3|    6|         18|
    |row_outbuf_ce0             |  15|          3|    1|          3|
    |row_outbuf_we0             |   9|          2|    1|          2|
    +---------------------------+----+-----------+-----+-----------+
    |Total                      | 361|         75|  107|        267|
    +---------------------------+----+-----------+-----+-----------+

    * Register: 
    +--------------------------------------------+---+----+-----+-----------+
    |                    Name                    | FF| LUT| Bits| Const Bits|
    +--------------------------------------------+---+----+-----+-----------+
    |ap_CS_fsm                                   |  9|   0|    9|          0|
    |ap_enable_reg_pp0_iter0                     |  1|   0|    1|          0|
    |ap_enable_reg_pp0_iter1                     |  1|   0|    1|          0|
    |ap_enable_reg_pp0_iter2                     |  1|   0|    1|          0|
    |ap_enable_reg_pp1_iter0                     |  1|   0|    1|          0|
    |ap_enable_reg_pp1_iter1                     |  1|   0|    1|          0|
    |ap_enable_reg_pp1_iter2                     |  1|   0|    1|          0|
    |ap_reg_grp_dct_1d2_fu_207_ap_start          |  1|   0|    1|          0|
    |ap_reg_pp0_iter1_exitcond_flatten_reg_445   |  1|   0|    1|          0|
    |ap_reg_pp0_iter1_i_1_mid2_reg_454           |  4|   0|    4|          0|
    |ap_reg_pp0_iter1_j_cast5_mid2_v_reg_461     |  4|   0|    4|          0|
    |ap_reg_pp1_iter1_exitcond_flatten1_reg_487  |  1|   0|    1|          0|
    |ap_reg_pp1_iter1_i_3_mid2_reg_496           |  4|   0|    4|          0|
    |ap_reg_pp1_iter1_j_1_cast2_mid2_v_reg_503   |  4|   0|    4|          0|
    |exitcond_flatten1_reg_487                   |  1|   0|    1|          0|
    |exitcond_flatten_reg_445                    |  1|   0|    1|          0|
    |i_1_mid2_reg_454                            |  4|   0|    4|          0|
    |i_1_reg_151                                 |  4|   0|    4|          0|
    |i_2_reg_162                                 |  4|   0|    4|          0|
    |i_3_mid2_reg_496                            |  4|   0|    4|          0|
    |i_3_reg_196                                 |  4|   0|    4|          0|
    |i_4_reg_440                                 |  4|   0|    4|          0|
    |i_5_reg_482                                 |  4|   0|    4|          0|
    |i_reg_117                                   |  4|   0|    4|          0|
    |indvar_flatten1_reg_174                     |  7|   0|    7|          0|
    |indvar_flatten_reg_129                      |  7|   0|    7|          0|
    |j_1_cast2_mid2_v_reg_503                    |  4|   0|    4|          0|
    |j_1_reg_185                                 |  4|   0|    4|          0|
    |j_cast5_mid2_v_reg_461                      |  4|   0|    4|          0|
    |j_reg_140                                   |  4|   0|    4|          0|
    +--------------------------------------------+---+----+-----+-----------+
    |Total                                       | 98|   0|   98|          0|
    +--------------------------------------------+---+----+-----+-----------+



================================================================
== Interface
================================================================
* Summary: 
+--------------------+-----+-----+------------+--------------+--------------+
|      RTL Ports     | Dir | Bits|  Protocol  | Source Object|    C Type    |
+--------------------+-----+-----+------------+--------------+--------------+
|ap_clk              |  in |    1| ap_ctrl_hs |    dct_2d    | return value |
|ap_rst              |  in |    1| ap_ctrl_hs |    dct_2d    | return value |
|ap_start            |  in |    1| ap_ctrl_hs |    dct_2d    | return value |
|ap_done             | out |    1| ap_ctrl_hs |    dct_2d    | return value |
|ap_idle             | out |    1| ap_ctrl_hs |    dct_2d    | return value |
|ap_ready            | out |    1| ap_ctrl_hs |    dct_2d    | return value |
|in_block_address0   | out |    6|  ap_memory |   in_block   |     array    |
|in_block_ce0        | out |    1|  ap_memory |   in_block   |     array    |
|in_block_q0         |  in |   16|  ap_memory |   in_block   |     array    |
|out_block_address0  | out |    6|  ap_memory |   out_block  |     array    |
|out_block_ce0       | out |    1|  ap_memory |   out_block  |     array    |
|out_block_we0       | out |    1|  ap_memory |   out_block  |     array    |
|out_block_d0        | out |   16|  ap_memory |   out_block  |     array    |
+--------------------+-----+-----+------------+--------------+--------------+

