

================================================================
== Vivado HLS Report for 'dct_1d2'
================================================================
* Date:           Wed Apr 20 16:04:54 2022

* Version:        2017.2 (Build 1909853 on Thu Jun 15 18:55:24 MDT 2017)
* Project:        dct.prj
* Solution:       solution3
* Product family: zynq
* Target device:  xc7z010clg400-1


================================================================
== Performance Estimates
================================================================
+ Timing (ns): 
    * Summary: 
    +--------+-------+----------+------------+
    |  Clock | Target| Estimated| Uncertainty|
    +--------+-------+----------+------------+
    |ap_clk  |   8.00|      9.40|        1.00|
    +--------+-------+----------+------------+

+ Latency (clock cycles): 
    * Summary: 
    +-----+-----+-----+-----+---------+
    |  Latency  |  Interval | Pipeline|
    | min | max | min | max |   Type  |
    +-----+-----+-----+-----+---------+
    |   37|   37|   37|   37|   none  |
    +-----+-----+-----+-----+---------+

    + Detail: 
        * Instance: 
        N/A

        * Loop: 
        +------------------+-----+-----+----------+-----------+-----------+------+----------+
        |                  |  Latency  | Iteration|  Initiation Interval  | Trip |          |
        |     Loop Name    | min | max |  Latency |  achieved |   target  | Count| Pipelined|
        +------------------+-----+-----+----------+-----------+-----------+------+----------+
        |- DCT_Outer_Loop  |   35|   35|         8|          4|          1|     8|    yes   |
        +------------------+-----+-----+----------+-----------+-----------+------+----------+

============================================================
+ Verbose Summary: Synthesis Manager
============================================================
InlineROM: 1
ExposeGlobal: 0
============================================================
+ Verbose Summary: CDFG Model
============================================================
IsTopModel: 0
ResetActiveHigh: 1
IsCombinational: 0
IsDatapathOnly: 0
HasWiredReturn: 1
HasMFsm: 0
HasVarLatency: 1
IsPipeline: 0
IsRtlPipelined: 0
IsInstanceOverlapped: 0
IsDontTouch: 0
HasImplIP: 0
IsGatedGlobalClock: 0

+ Individual pipeline summary: 
  * Pipeline-0: initiation interval (II) = 4, depth = 8


============================================================
+ Verbose Summary: Schedule
============================================================
* Number of FSM states: 10
* Pipeline: 1
  Pipeline-0: II = 4, D = 8, States = { 2 3 4 5 6 7 8 9 }
* Dataflow Pipeline: 0

* FSM state transitions: 
1 --> 
	2  / true
2 --> 
	10  / (tmp)
	3  / (!tmp)
3 --> 
	4  / true
4 --> 
	5  / true
5 --> 
	6  / true
6 --> 
	7  / true
7 --> 
	8  / true
8 --> 
	9  / true
9 --> 
	2  / true
10 --> 
* FSM state operations: 

 <State 1>: 1.59ns
ST_1: i_21_read (13)  [1/1] 0.00ns
:0  %i_21_read = call i4 @_ssdm_op_Read.ap_auto.i4(i4 %i_21)

ST_1: i_2_read (14)  [1/1] 0.00ns
:1  %i_2_read = call i4 @_ssdm_op_Read.ap_auto.i4(i4 %i_2)

ST_1: tmp_13 (15)  [1/1] 0.00ns
:2  %tmp_13 = call i7 @_ssdm_op_BitConcatenate.i7.i4.i3(i4 %i_21_read, i3 0)

ST_1: tmp_18_cast (16)  [1/1] 0.00ns
:3  %tmp_18_cast = zext i7 %tmp_13 to i8

ST_1: tmp_14 (17)  [1/1] 0.00ns
:4  %tmp_14 = call i7 @_ssdm_op_BitConcatenate.i7.i4.i3(i4 %i_2_read, i3 0)

ST_1: tmp_15 (18)  [1/1] 0.00ns  loc: dct.c:17
:5  %tmp_15 = zext i7 %tmp_14 to i32

ST_1: src_addr (19)  [1/1] 0.00ns  loc: dct.c:17
:6  %src_addr = getelementptr [64 x i16]* %src, i32 0, i32 %tmp_15

ST_1: tmp_16 (20)  [1/1] 0.00ns
:7  %tmp_16 = or i7 %tmp_14, 1

ST_1: tmp_17 (21)  [1/1] 0.00ns  loc: dct.c:17
:8  %tmp_17 = call i32 @_ssdm_op_BitConcatenate.i32.i25.i7(i25 0, i7 %tmp_16)

ST_1: src_addr_1 (22)  [1/1] 0.00ns  loc: dct.c:17
:9  %src_addr_1 = getelementptr [64 x i16]* %src, i32 0, i32 %tmp_17

ST_1: tmp_18 (23)  [1/1] 0.00ns
:10  %tmp_18 = or i7 %tmp_14, 2

ST_1: tmp_19 (24)  [1/1] 0.00ns  loc: dct.c:17
:11  %tmp_19 = call i32 @_ssdm_op_BitConcatenate.i32.i25.i7(i25 0, i7 %tmp_18)

ST_1: src_addr_2 (25)  [1/1] 0.00ns  loc: dct.c:17
:12  %src_addr_2 = getelementptr [64 x i16]* %src, i32 0, i32 %tmp_19

ST_1: tmp_20 (26)  [1/1] 0.00ns
:13  %tmp_20 = or i7 %tmp_14, 3

ST_1: tmp_21 (27)  [1/1] 0.00ns  loc: dct.c:17
:14  %tmp_21 = call i32 @_ssdm_op_BitConcatenate.i32.i25.i7(i25 0, i7 %tmp_20)

ST_1: src_addr_3 (28)  [1/1] 0.00ns  loc: dct.c:17
:15  %src_addr_3 = getelementptr [64 x i16]* %src, i32 0, i32 %tmp_21

ST_1: tmp_22 (29)  [1/1] 0.00ns
:16  %tmp_22 = or i7 %tmp_14, 4

ST_1: tmp_23 (30)  [1/1] 0.00ns  loc: dct.c:17
:17  %tmp_23 = call i32 @_ssdm_op_BitConcatenate.i32.i25.i7(i25 0, i7 %tmp_22)

ST_1: src_addr_4 (31)  [1/1] 0.00ns  loc: dct.c:17
:18  %src_addr_4 = getelementptr [64 x i16]* %src, i32 0, i32 %tmp_23

ST_1: tmp_24 (32)  [1/1] 0.00ns
:19  %tmp_24 = or i7 %tmp_14, 5

ST_1: tmp_25 (33)  [1/1] 0.00ns  loc: dct.c:17
:20  %tmp_25 = call i32 @_ssdm_op_BitConcatenate.i32.i25.i7(i25 0, i7 %tmp_24)

ST_1: src_addr_5 (34)  [1/1] 0.00ns  loc: dct.c:17
:21  %src_addr_5 = getelementptr [64 x i16]* %src, i32 0, i32 %tmp_25

ST_1: tmp_26 (35)  [1/1] 0.00ns
:22  %tmp_26 = or i7 %tmp_14, 6

ST_1: tmp_27 (36)  [1/1] 0.00ns  loc: dct.c:17
:23  %tmp_27 = call i32 @_ssdm_op_BitConcatenate.i32.i25.i7(i25 0, i7 %tmp_26)

ST_1: src_addr_6 (37)  [1/1] 0.00ns  loc: dct.c:17
:24  %src_addr_6 = getelementptr [64 x i16]* %src, i32 0, i32 %tmp_27

ST_1: tmp_28 (38)  [1/1] 0.00ns
:25  %tmp_28 = or i7 %tmp_14, 7

ST_1: tmp_29 (39)  [1/1] 0.00ns  loc: dct.c:17
:26  %tmp_29 = call i32 @_ssdm_op_BitConcatenate.i32.i25.i7(i25 0, i7 %tmp_28)

ST_1: src_addr_7 (40)  [1/1] 0.00ns  loc: dct.c:17
:27  %src_addr_7 = getelementptr [64 x i16]* %src, i32 0, i32 %tmp_29

ST_1: StgValue_39 (41)  [1/1] 1.59ns  loc: dct.c:13
:28  br label %1


 <State 2>: 3.25ns
ST_2: k (43)  [1/1] 0.00ns
:0  %k = phi i4 [ 0, %0 ], [ %k_1, %2 ]

ST_2: tmp (44)  [1/1] 3.10ns  loc: dct.c:13
:1  %tmp = icmp eq i4 %k, -8

ST_2: k_1 (45)  [1/1] 2.35ns  loc: dct.c:13
:2  %k_1 = add i4 %k, 1

ST_2: StgValue_43 (46)  [1/1] 0.00ns  loc: dct.c:13
:3  br i1 %tmp, label %3, label %2

ST_2: k_cast8 (48)  [1/1] 0.00ns  loc: dct.c:13
:0  %k_cast8 = zext i4 %k to i32

ST_2: k_cast8_cast (49)  [1/1] 0.00ns  loc: dct.c:19
:1  %k_cast8_cast = zext i4 %k to i8

ST_2: tmp_30 (50)  [1/1] 2.32ns  loc: dct.c:19
:2  %tmp_30 = add i8 %tmp_18_cast, %k_cast8_cast

ST_2: dct_coeff_table_1_ad (63)  [1/1] 0.00ns  loc: dct.c:16
:15  %dct_coeff_table_1_ad = getelementptr [8 x i15]* @dct_coeff_table_1, i32 0, i32 %k_cast8

ST_2: dct_coeff_table_1_lo (64)  [2/2] 3.25ns  loc: dct.c:16
:16  %dct_coeff_table_1_lo = load i15* %dct_coeff_table_1_ad, align 2

ST_2: src_load_1 (66)  [2/2] 3.25ns  loc: dct.c:17
:18  %src_load_1 = load i16* %src_addr_1, align 2

ST_2: dct_coeff_table_3_ad (75)  [1/1] 0.00ns  loc: dct.c:16
:27  %dct_coeff_table_3_ad = getelementptr [8 x i15]* @dct_coeff_table_3, i32 0, i32 %k_cast8

ST_2: dct_coeff_table_3_lo (76)  [2/2] 3.25ns  loc: dct.c:16
:28  %dct_coeff_table_3_lo = load i15* %dct_coeff_table_3_ad, align 2

ST_2: src_load_3 (78)  [2/2] 3.25ns  loc: dct.c:17
:30  %src_load_3 = load i16* %src_addr_3, align 2


 <State 3>: 3.25ns
ST_3: dct_coeff_table_0_ad (57)  [1/1] 0.00ns  loc: dct.c:16
:9  %dct_coeff_table_0_ad = getelementptr [8 x i14]* @dct_coeff_table_0, i32 0, i32 %k_cast8

ST_3: dct_coeff_table_0_lo (58)  [2/2] 3.25ns  loc: dct.c:16
:10  %dct_coeff_table_0_lo = load i14* %dct_coeff_table_0_ad, align 2

ST_3: src_load (60)  [2/2] 3.25ns  loc: dct.c:17
:12  %src_load = load i16* %src_addr, align 2

ST_3: dct_coeff_table_1_lo (64)  [1/2] 3.25ns  loc: dct.c:16
:16  %dct_coeff_table_1_lo = load i15* %dct_coeff_table_1_ad, align 2

ST_3: src_load_1 (66)  [1/2] 3.25ns  loc: dct.c:17
:18  %src_load_1 = load i16* %src_addr_1, align 2

ST_3: dct_coeff_table_3_lo (76)  [1/2] 3.25ns  loc: dct.c:16
:28  %dct_coeff_table_3_lo = load i15* %dct_coeff_table_3_ad, align 2

ST_3: src_load_3 (78)  [1/2] 3.25ns  loc: dct.c:17
:30  %src_load_3 = load i16* %src_addr_3, align 2

ST_3: dct_coeff_table_5_ad (87)  [1/1] 0.00ns  loc: dct.c:16
:39  %dct_coeff_table_5_ad = getelementptr [8 x i15]* @dct_coeff_table_5, i32 0, i32 %k_cast8

ST_3: dct_coeff_table_5_lo (88)  [2/2] 3.25ns  loc: dct.c:16
:40  %dct_coeff_table_5_lo = load i15* %dct_coeff_table_5_ad, align 2

ST_3: src_load_5 (90)  [2/2] 3.25ns  loc: dct.c:17
:42  %src_load_5 = load i16* %src_addr_5, align 2


 <State 4>: 6.38ns
ST_4: dct_coeff_table_0_lo (58)  [1/2] 3.25ns  loc: dct.c:16
:10  %dct_coeff_table_0_lo = load i14* %dct_coeff_table_0_ad, align 2

ST_4: src_load (60)  [1/2] 3.25ns  loc: dct.c:17
:12  %src_load = load i16* %src_addr, align 2

ST_4: coeff_1_cast (65)  [1/1] 0.00ns  loc: dct.c:17
:17  %coeff_1_cast = sext i15 %dct_coeff_table_1_lo to i29

ST_4: tmp_6_1_cast (67)  [1/1] 0.00ns  loc: dct.c:17
:19  %tmp_6_1_cast = sext i16 %src_load_1 to i29

ST_4: tmp_7_1 (68)  [1/1] 6.38ns  loc: dct.c:17
:20  %tmp_7_1 = mul i29 %tmp_6_1_cast, %coeff_1_cast

ST_4: dct_coeff_table_2_ad (69)  [1/1] 0.00ns  loc: dct.c:16
:21  %dct_coeff_table_2_ad = getelementptr [8 x i15]* @dct_coeff_table_2, i32 0, i32 %k_cast8

ST_4: dct_coeff_table_2_lo (70)  [2/2] 3.25ns  loc: dct.c:16
:22  %dct_coeff_table_2_lo = load i15* %dct_coeff_table_2_ad, align 2

ST_4: src_load_2 (72)  [2/2] 3.25ns  loc: dct.c:17
:24  %src_load_2 = load i16* %src_addr_2, align 2

ST_4: coeff_3_cast (77)  [1/1] 0.00ns  loc: dct.c:17
:29  %coeff_3_cast = sext i15 %dct_coeff_table_3_lo to i29

ST_4: tmp_6_3_cast (79)  [1/1] 0.00ns  loc: dct.c:17
:31  %tmp_6_3_cast = sext i16 %src_load_3 to i29

ST_4: tmp_7_3 (80)  [1/1] 6.38ns  loc: dct.c:17
:32  %tmp_7_3 = mul i29 %tmp_6_3_cast, %coeff_3_cast

ST_4: dct_coeff_table_4_ad (81)  [1/1] 0.00ns  loc: dct.c:16
:33  %dct_coeff_table_4_ad = getelementptr [8 x i15]* @dct_coeff_table_4, i32 0, i32 %k_cast8

ST_4: dct_coeff_table_4_lo (82)  [2/2] 3.25ns  loc: dct.c:16
:34  %dct_coeff_table_4_lo = load i15* %dct_coeff_table_4_ad, align 2

ST_4: src_load_4 (84)  [2/2] 3.25ns  loc: dct.c:17
:36  %src_load_4 = load i16* %src_addr_4, align 2

ST_4: dct_coeff_table_5_lo (88)  [1/2] 3.25ns  loc: dct.c:16
:40  %dct_coeff_table_5_lo = load i15* %dct_coeff_table_5_ad, align 2

ST_4: src_load_5 (90)  [1/2] 3.25ns  loc: dct.c:17
:42  %src_load_5 = load i16* %src_addr_5, align 2

ST_4: dct_coeff_table_6_ad (93)  [1/1] 0.00ns  loc: dct.c:16
:45  %dct_coeff_table_6_ad = getelementptr [8 x i15]* @dct_coeff_table_6, i32 0, i32 %k_cast8

ST_4: dct_coeff_table_6_lo (94)  [2/2] 3.25ns  loc: dct.c:16
:46  %dct_coeff_table_6_lo = load i15* %dct_coeff_table_6_ad, align 2

ST_4: dct_coeff_table_7_ad (99)  [1/1] 0.00ns  loc: dct.c:16
:51  %dct_coeff_table_7_ad = getelementptr [8 x i15]* @dct_coeff_table_7, i32 0, i32 %k_cast8

ST_4: dct_coeff_table_7_lo (100)  [2/2] 3.25ns  loc: dct.c:16
:52  %dct_coeff_table_7_lo = load i15* %dct_coeff_table_7_ad, align 2


 <State 5>: 6.38ns
ST_5: coeff_cast (59)  [1/1] 0.00ns  loc: dct.c:17
:11  %coeff_cast = zext i14 %dct_coeff_table_0_lo to i29

ST_5: tmp_6_cast (61)  [1/1] 0.00ns  loc: dct.c:17
:13  %tmp_6_cast = sext i16 %src_load to i29

ST_5: tmp_7 (62)  [1/1] 3.36ns  loc: dct.c:17
:14  %tmp_7 = mul i29 %tmp_6_cast, %coeff_cast

ST_5: dct_coeff_table_2_lo (70)  [1/2] 3.25ns  loc: dct.c:16
:22  %dct_coeff_table_2_lo = load i15* %dct_coeff_table_2_ad, align 2

ST_5: src_load_2 (72)  [1/2] 3.25ns  loc: dct.c:17
:24  %src_load_2 = load i16* %src_addr_2, align 2

ST_5: dct_coeff_table_4_lo (82)  [1/2] 3.25ns  loc: dct.c:16
:34  %dct_coeff_table_4_lo = load i15* %dct_coeff_table_4_ad, align 2

ST_5: src_load_4 (84)  [1/2] 3.25ns  loc: dct.c:17
:36  %src_load_4 = load i16* %src_addr_4, align 2

ST_5: coeff_5_cast (89)  [1/1] 0.00ns  loc: dct.c:17
:41  %coeff_5_cast = sext i15 %dct_coeff_table_5_lo to i29

ST_5: tmp_6_5_cast (91)  [1/1] 0.00ns  loc: dct.c:17
:43  %tmp_6_5_cast = sext i16 %src_load_5 to i29

ST_5: tmp_7_5 (92)  [1/1] 6.38ns  loc: dct.c:17
:44  %tmp_7_5 = mul i29 %tmp_6_5_cast, %coeff_5_cast

ST_5: dct_coeff_table_6_lo (94)  [1/2] 3.25ns  loc: dct.c:16
:46  %dct_coeff_table_6_lo = load i15* %dct_coeff_table_6_ad, align 2

ST_5: src_load_6 (96)  [2/2] 3.25ns  loc: dct.c:17
:48  %src_load_6 = load i16* %src_addr_6, align 2

ST_5: dct_coeff_table_7_lo (100)  [1/2] 3.25ns  loc: dct.c:16
:52  %dct_coeff_table_7_lo = load i15* %dct_coeff_table_7_ad, align 2

ST_5: src_load_7 (102)  [2/2] 3.25ns  loc: dct.c:17
:54  %src_load_7 = load i16* %src_addr_7, align 2

ST_5: tmp2 (105)  [1/1] 3.02ns  loc: dct.c:19
:57  %tmp2 = add i29 %tmp_7_1, %tmp_7


 <State 6>: 9.16ns
ST_6: coeff_2_cast (71)  [1/1] 0.00ns  loc: dct.c:17
:23  %coeff_2_cast = sext i15 %dct_coeff_table_2_lo to i29

ST_6: tmp_6_2_cast (73)  [1/1] 0.00ns  loc: dct.c:17
:25  %tmp_6_2_cast = sext i16 %src_load_2 to i29

ST_6: tmp_7_2 (74)  [1/1] 3.36ns  loc: dct.c:17
:26  %tmp_7_2 = mul i29 %tmp_6_2_cast, %coeff_2_cast

ST_6: coeff_4_cast (83)  [1/1] 0.00ns  loc: dct.c:17
:35  %coeff_4_cast = sext i15 %dct_coeff_table_4_lo to i29

ST_6: tmp_6_4_cast (85)  [1/1] 0.00ns  loc: dct.c:17
:37  %tmp_6_4_cast = sext i16 %src_load_4 to i29

ST_6: tmp_7_4 (86)  [1/1] 3.36ns  loc: dct.c:17
:38  %tmp_7_4 = mul i29 %tmp_6_4_cast, %coeff_4_cast

ST_6: src_load_6 (96)  [1/2] 3.25ns  loc: dct.c:17
:48  %src_load_6 = load i16* %src_addr_6, align 2

ST_6: src_load_7 (102)  [1/2] 3.25ns  loc: dct.c:17
:54  %src_load_7 = load i16* %src_addr_7, align 2

ST_6: tmp3 (106)  [1/1] 3.02ns  loc: dct.c:19
:58  %tmp3 = add i29 %tmp_7_3, %tmp_7_2

ST_6: tmp1 (107)  [1/1] 2.78ns  loc: dct.c:19
:59  %tmp1 = add i29 %tmp2, %tmp3

ST_6: tmp5 (108)  [1/1] 3.02ns  loc: dct.c:19
:60  %tmp5 = add i29 %tmp_7_5, %tmp_7_4


 <State 7>: 9.40ns
ST_7: coeff_6_cast (95)  [1/1] 0.00ns  loc: dct.c:17
:47  %coeff_6_cast = sext i15 %dct_coeff_table_6_lo to i29

ST_7: tmp_6_6_cast (97)  [1/1] 0.00ns  loc: dct.c:17
:49  %tmp_6_6_cast = sext i16 %src_load_6 to i29

ST_7: tmp_7_6 (98)  [1/1] 3.36ns  loc: dct.c:17
:50  %tmp_7_6 = mul i29 %tmp_6_6_cast, %coeff_6_cast

ST_7: coeff_7_cast (101)  [1/1] 0.00ns  loc: dct.c:17
:53  %coeff_7_cast = sext i15 %dct_coeff_table_7_lo to i29

ST_7: tmp_6_7_cast (103)  [1/1] 0.00ns  loc: dct.c:17
:55  %tmp_6_7_cast = sext i16 %src_load_7 to i29

ST_7: tmp_7_7 (104)  [1/1] 3.36ns  loc: dct.c:17
:56  %tmp_7_7 = mul i29 %tmp_6_7_cast, %coeff_7_cast

ST_7: tmp7 (109)  [1/1] 3.02ns  loc: dct.c:19
:61  %tmp7 = add i29 %tmp_7_7, 4096

ST_7: tmp6 (110)  [1/1] 3.02ns  loc: dct.c:19
:62  %tmp6 = add i29 %tmp_7_6, %tmp7


 <State 8>: 4.28ns
ST_8: tmp4 (111)  [1/1] 2.14ns  loc: dct.c:19
:63  %tmp4 = add i29 %tmp5, %tmp6

ST_8: tmp_3 (112)  [1/1] 2.14ns  loc: dct.c:19
:64  %tmp_3 = add i29 %tmp1, %tmp4

ST_8: tmp_5 (113)  [1/1] 0.00ns  loc: dct.c:19
:65  %tmp_5 = call i16 @_ssdm_op_PartSelect.i16.i29.i32.i32(i29 %tmp_3, i32 13, i32 28)


 <State 9>: 3.25ns
ST_9: tmp_35_cast (51)  [1/1] 0.00ns  loc: dct.c:19
:3  %tmp_35_cast = zext i8 %tmp_30 to i32

ST_9: dst_addr (52)  [1/1] 0.00ns  loc: dct.c:19
:4  %dst_addr = getelementptr [64 x i16]* %dst, i32 0, i32 %tmp_35_cast

ST_9: empty (53)  [1/1] 0.00ns
:5  %empty = call i32 (...)* @_ssdm_op_SpecLoopTripCount(i64 8, i64 8, i64 8)

ST_9: StgValue_123 (54)  [1/1] 0.00ns  loc: dct.c:13
:6  call void (...)* @_ssdm_op_SpecLoopName([15 x i8]* @p_str) nounwind

ST_9: tmp_s (55)  [1/1] 0.00ns  loc: dct.c:13
:7  %tmp_s = call i32 (...)* @_ssdm_op_SpecRegionBegin([15 x i8]* @p_str) nounwind

ST_9: StgValue_125 (56)  [1/1] 0.00ns  loc: dct.c:14
:8  call void (...)* @_ssdm_op_SpecPipeline(i32 -1, i32 1, i32 1, i32 0, [1 x i8]* @p_str1) nounwind

ST_9: StgValue_126 (114)  [1/1] 3.25ns  loc: dct.c:19
:66  store i16 %tmp_5, i16* %dst_addr, align 2

ST_9: empty_10 (115)  [1/1] 0.00ns  loc: dct.c:20
:67  %empty_10 = call i32 (...)* @_ssdm_op_SpecRegionEnd([15 x i8]* @p_str, i32 %tmp_s) nounwind

ST_9: StgValue_128 (116)  [1/1] 0.00ns  loc: dct.c:13
:68  br label %1


 <State 10>: 0.00ns
ST_10: StgValue_129 (118)  [1/1] 0.00ns  loc: dct.c:21
:0  ret void



============================================================
+ Verbose Summary: Binding
============================================================
STG Binding: 
---------------- STG Properties BEGIN ----------------
- Is combinational: 0
- Is one-state seq: 0
- Is datapath-only: 0
- Is pipelined: 0
- Is top level: 0
Port [ Return ] is wired: 1; IO mode=ap_ctrl_hs:ce=0
Port [ src]:  wired=1; compound=1; hidden=0; nouse=0; global=0; static=0; extern=0; dir=0; type=1; pingpong=0; private_global=0; MemPort=[11]; IO mode=ap_memory:ce=0
Port [ i_2]:  wired=1; compound=0; hidden=0; nouse=0; global=0; static=0; extern=0; dir=0; type=0; pingpong=0; private_global=0; IO mode=ap_none:ce=0
Port [ dst]:  wired=1; compound=1; hidden=0; nouse=0; global=0; static=0; extern=0; dir=1; type=1; pingpong=0; private_global=0; MemPort=[03]; IO mode=ap_memory:ce=0
Port [ i_21]:  wired=1; compound=0; hidden=0; nouse=0; global=0; static=0; extern=0; dir=0; type=0; pingpong=0; private_global=0; IO mode=ap_none:ce=0
Port [ dct_coeff_table_0]:  wired=0; compound=1; hidden=1; nouse=0; global=1; static=1; extern=0; dir=0; type=1; pingpong=0; private_global=1; linkage=7; visibility=0; MemPort=[1]; IO mode=ap_memory:ce=0
Port [ dct_coeff_table_1]:  wired=0; compound=1; hidden=1; nouse=0; global=1; static=1; extern=0; dir=0; type=1; pingpong=0; private_global=1; linkage=7; visibility=0; MemPort=[1]; IO mode=ap_memory:ce=0
Port [ dct_coeff_table_2]:  wired=0; compound=1; hidden=1; nouse=0; global=1; static=1; extern=0; dir=0; type=1; pingpong=0; private_global=1; linkage=7; visibility=0; MemPort=[1]; IO mode=ap_memory:ce=0
Port [ dct_coeff_table_3]:  wired=0; compound=1; hidden=1; nouse=0; global=1; static=1; extern=0; dir=0; type=1; pingpong=0; private_global=1; linkage=7; visibility=0; MemPort=[1]; IO mode=ap_memory:ce=0
Port [ dct_coeff_table_4]:  wired=0; compound=1; hidden=1; nouse=0; global=1; static=1; extern=0; dir=0; type=1; pingpong=0; private_global=1; linkage=7; visibility=0; MemPort=[1]; IO mode=ap_memory:ce=0
Port [ dct_coeff_table_5]:  wired=0; compound=1; hidden=1; nouse=0; global=1; static=1; extern=0; dir=0; type=1; pingpong=0; private_global=1; linkage=7; visibility=0; MemPort=[1]; IO mode=ap_memory:ce=0
Port [ dct_coeff_table_6]:  wired=0; compound=1; hidden=1; nouse=0; global=1; static=1; extern=0; dir=0; type=1; pingpong=0; private_global=1; linkage=7; visibility=0; MemPort=[1]; IO mode=ap_memory:ce=0
Port [ dct_coeff_table_7]:  wired=0; compound=1; hidden=1; nouse=0; global=1; static=1; extern=0; dir=0; type=1; pingpong=0; private_global=1; linkage=7; visibility=0; MemPort=[1]; IO mode=ap_memory:ce=0
---------------- STG Properties END ------------------

---------------- Datapath Model BEGIN ----------------

<LifeTime>
<method=bitvector/>
i_21_read            (read             ) [ 00000000000]
i_2_read             (read             ) [ 00000000000]
tmp_13               (bitconcatenate   ) [ 00000000000]
tmp_18_cast          (zext             ) [ 00111111110]
tmp_14               (bitconcatenate   ) [ 00000000000]
tmp_15               (zext             ) [ 00000000000]
src_addr             (getelementptr    ) [ 00111111110]
tmp_16               (or               ) [ 00000000000]
tmp_17               (bitconcatenate   ) [ 00000000000]
src_addr_1           (getelementptr    ) [ 00111111110]
tmp_18               (or               ) [ 00000000000]
tmp_19               (bitconcatenate   ) [ 00000000000]
src_addr_2           (getelementptr    ) [ 00111111110]
tmp_20               (or               ) [ 00000000000]
tmp_21               (bitconcatenate   ) [ 00000000000]
src_addr_3           (getelementptr    ) [ 00111111110]
tmp_22               (or               ) [ 00000000000]
tmp_23               (bitconcatenate   ) [ 00000000000]
src_addr_4           (getelementptr    ) [ 00111111110]
tmp_24               (or               ) [ 00000000000]
tmp_25               (bitconcatenate   ) [ 00000000000]
src_addr_5           (getelementptr    ) [ 00111111110]
tmp_26               (or               ) [ 00000000000]
tmp_27               (bitconcatenate   ) [ 00000000000]
src_addr_6           (getelementptr    ) [ 00111111110]
tmp_28               (or               ) [ 00000000000]
tmp_29               (bitconcatenate   ) [ 00000000000]
src_addr_7           (getelementptr    ) [ 00111111110]
StgValue_39          (br               ) [ 01111111110]
k                    (phi              ) [ 00100000000]
tmp                  (icmp             ) [ 00111111110]
k_1                  (add              ) [ 01111111110]
StgValue_43          (br               ) [ 00000000000]
k_cast8              (zext             ) [ 00011000000]
k_cast8_cast         (zext             ) [ 00000000000]
tmp_30               (add              ) [ 00111111110]
dct_coeff_table_1_ad (getelementptr    ) [ 00010000000]
dct_coeff_table_3_ad (getelementptr    ) [ 00010000000]
dct_coeff_table_0_ad (getelementptr    ) [ 00001000000]
dct_coeff_table_1_lo (load             ) [ 00001000000]
src_load_1           (load             ) [ 00001000000]
dct_coeff_table_3_lo (load             ) [ 00001000000]
src_load_3           (load             ) [ 00001000000]
dct_coeff_table_5_ad (getelementptr    ) [ 00001000000]
dct_coeff_table_0_lo (load             ) [ 00000100000]
src_load             (load             ) [ 00000100000]
coeff_1_cast         (sext             ) [ 00000000000]
tmp_6_1_cast         (sext             ) [ 00000000000]
tmp_7_1              (mul              ) [ 00000100000]
dct_coeff_table_2_ad (getelementptr    ) [ 00000100000]
coeff_3_cast         (sext             ) [ 00000000000]
tmp_6_3_cast         (sext             ) [ 00000000000]
tmp_7_3              (mul              ) [ 00100110000]
dct_coeff_table_4_ad (getelementptr    ) [ 00000100000]
dct_coeff_table_5_lo (load             ) [ 00000100000]
src_load_5           (load             ) [ 00000100000]
dct_coeff_table_6_ad (getelementptr    ) [ 00000100000]
dct_coeff_table_7_ad (getelementptr    ) [ 00000100000]
coeff_cast           (zext             ) [ 00000000000]
tmp_6_cast           (sext             ) [ 00000000000]
tmp_7                (mul              ) [ 00000000000]
dct_coeff_table_2_lo (load             ) [ 00100010000]
src_load_2           (load             ) [ 00100010000]
dct_coeff_table_4_lo (load             ) [ 00100010000]
src_load_4           (load             ) [ 00100010000]
coeff_5_cast         (sext             ) [ 00000000000]
tmp_6_5_cast         (sext             ) [ 00000000000]
tmp_7_5              (mul              ) [ 00100010000]
dct_coeff_table_6_lo (load             ) [ 00110011000]
dct_coeff_table_7_lo (load             ) [ 00110011000]
tmp2                 (add              ) [ 00100010000]
coeff_2_cast         (sext             ) [ 00000000000]
tmp_6_2_cast         (sext             ) [ 00000000000]
tmp_7_2              (mul              ) [ 00000000000]
coeff_4_cast         (sext             ) [ 00000000000]
tmp_6_4_cast         (sext             ) [ 00000000000]
tmp_7_4              (mul              ) [ 00000000000]
src_load_6           (load             ) [ 00010001000]
src_load_7           (load             ) [ 00010001000]
tmp3                 (add              ) [ 00000000000]
tmp1                 (add              ) [ 00011001100]
tmp5                 (add              ) [ 00011001100]
coeff_6_cast         (sext             ) [ 00000000000]
tmp_6_6_cast         (sext             ) [ 00000000000]
tmp_7_6              (mul              ) [ 00000000000]
coeff_7_cast         (sext             ) [ 00000000000]
tmp_6_7_cast         (sext             ) [ 00000000000]
tmp_7_7              (mul              ) [ 00000000000]
tmp7                 (add              ) [ 00000000000]
tmp6                 (add              ) [ 00001000100]
tmp4                 (add              ) [ 00000000000]
tmp_3                (add              ) [ 00000000000]
tmp_5                (partselect       ) [ 00000100010]
tmp_35_cast          (zext             ) [ 00000000000]
dst_addr             (getelementptr    ) [ 00000000000]
empty                (speclooptripcount) [ 00000000000]
StgValue_123         (specloopname     ) [ 00000000000]
tmp_s                (specregionbegin  ) [ 00000000000]
StgValue_125         (specpipeline     ) [ 00000000000]
StgValue_126         (store            ) [ 00000000000]
empty_10             (specregionend    ) [ 00000000000]
StgValue_128         (br               ) [ 01111111110]
StgValue_129         (ret              ) [ 00000000000]
</LifeTime>

<model>

<comp_list>
<comp id="0" class="1000" name="src">
<pin_list>
<pin id="1" dir="1" index="0" bw="1" slack="0"/>
</pin_list>
<bind>
<StgValue><ssdm name="src"/><MemPortTyVec>1 1 </MemPortTyVec>
</StgValue>
</bind>
</comp>

<comp id="2" class="1000" name="i_2">
<pin_list>
<pin id="3" dir="1" index="0" bw="1" slack="0"/>
</pin_list>
<bind>
<StgValue><ssdm name="i_2"/></StgValue>
</bind>
</comp>

<comp id="4" class="1000" name="dst">
<pin_list>
<pin id="5" dir="1" index="0" bw="1" slack="0"/>
</pin_list>
<bind>
<StgValue><ssdm name="dst"/><MemPortTyVec>0 3 </MemPortTyVec>
</StgValue>
</bind>
</comp>

<comp id="6" class="1000" name="i_21">
<pin_list>
<pin id="7" dir="1" index="0" bw="1" slack="0"/>
</pin_list>
<bind>
<StgValue><ssdm name="i_21"/></StgValue>
</bind>
</comp>

<comp id="8" class="1000" name="dct_coeff_table_0">
<pin_list>
<pin id="9" dir="1" index="0" bw="1" slack="0"/>
</pin_list>
<bind>
<StgValue><ssdm name="dct_coeff_table_0"/><MemPortTyVec>1 </MemPortTyVec>
</StgValue>
</bind>
</comp>

<comp id="10" class="1000" name="dct_coeff_table_1">
<pin_list>
<pin id="11" dir="1" index="0" bw="1" slack="0"/>
</pin_list>
<bind>
<StgValue><ssdm name="dct_coeff_table_1"/><MemPortTyVec>1 </MemPortTyVec>
</StgValue>
</bind>
</comp>

<comp id="12" class="1000" name="dct_coeff_table_2">
<pin_list>
<pin id="13" dir="1" index="0" bw="1" slack="0"/>
</pin_list>
<bind>
<StgValue><ssdm name="dct_coeff_table_2"/><MemPortTyVec>1 </MemPortTyVec>
</StgValue>
</bind>
</comp>

<comp id="14" class="1000" name="dct_coeff_table_3">
<pin_list>
<pin id="15" dir="1" index="0" bw="1" slack="0"/>
</pin_list>
<bind>
<StgValue><ssdm name="dct_coeff_table_3"/><MemPortTyVec>1 </MemPortTyVec>
</StgValue>
</bind>
</comp>

<comp id="16" class="1000" name="dct_coeff_table_4">
<pin_list>
<pin id="17" dir="1" index="0" bw="1" slack="0"/>
</pin_list>
<bind>
<StgValue><ssdm name="dct_coeff_table_4"/><MemPortTyVec>1 </MemPortTyVec>
</StgValue>
</bind>
</comp>

<comp id="18" class="1000" name="dct_coeff_table_5">
<pin_list>
<pin id="19" dir="1" index="0" bw="1" slack="0"/>
</pin_list>
<bind>
<StgValue><ssdm name="dct_coeff_table_5"/><MemPortTyVec>1 </MemPortTyVec>
</StgValue>
</bind>
</comp>

<comp id="20" class="1000" name="dct_coeff_table_6">
<pin_list>
<pin id="21" dir="1" index="0" bw="1" slack="0"/>
</pin_list>
<bind>
<StgValue><ssdm name="dct_coeff_table_6"/><MemPortTyVec>1 </MemPortTyVec>
</StgValue>
</bind>
</comp>

<comp id="22" class="1000" name="dct_coeff_table_7">
<pin_list>
<pin id="23" dir="1" index="0" bw="1" slack="0"/>
</pin_list>
<bind>
<StgValue><ssdm name="dct_coeff_table_7"/><MemPortTyVec>1 </MemPortTyVec>
</StgValue>
</bind>
</comp>

<comp id="24" class="1001" name="const_24">
<pin_list>
<pin id="25" dir="1" index="0" bw="1" slack="0"/>
</pin_list>
<bind>
<StgValue><ssdm name="_ssdm_op_Read.ap_auto.i4"/></StgValue>
</bind>
</comp>

<comp id="26" class="1001" name="const_26">
<pin_list>
<pin id="27" dir="1" index="0" bw="1" slack="0"/>
</pin_list>
<bind>
<StgValue><ssdm name="_ssdm_op_BitConcatenate.i7.i4.i3"/></StgValue>
</bind>
</comp>

<comp id="28" class="1001" name="const_28">
<pin_list>
<pin id="29" dir="1" index="0" bw="1" slack="0"/>
</pin_list>
<bind>
<StgValue><ssdm name=""/></StgValue>
</bind>
</comp>

<comp id="30" class="1001" name="const_30">
<pin_list>
<pin id="31" dir="1" index="0" bw="1" slack="0"/>
</pin_list>
<bind>
<StgValue><ssdm name=""/></StgValue>
</bind>
</comp>

<comp id="32" class="1001" name="const_32">
<pin_list>
<pin id="33" dir="1" index="0" bw="1" slack="0"/>
</pin_list>
<bind>
<StgValue><ssdm name=""/></StgValue>
</bind>
</comp>

<comp id="34" class="1001" name="const_34">
<pin_list>
<pin id="35" dir="1" index="0" bw="1" slack="0"/>
</pin_list>
<bind>
<StgValue><ssdm name="_ssdm_op_BitConcatenate.i32.i25.i7"/></StgValue>
</bind>
</comp>

<comp id="36" class="1001" name="const_36">
<pin_list>
<pin id="37" dir="1" index="0" bw="1" slack="0"/>
</pin_list>
<bind>
<StgValue><ssdm name=""/></StgValue>
</bind>
</comp>

<comp id="38" class="1001" name="const_38">
<pin_list>
<pin id="39" dir="1" index="0" bw="1" slack="0"/>
</pin_list>
<bind>
<StgValue><ssdm name=""/></StgValue>
</bind>
</comp>

<comp id="40" class="1001" name="const_40">
<pin_list>
<pin id="41" dir="1" index="0" bw="1" slack="0"/>
</pin_list>
<bind>
<StgValue><ssdm name=""/></StgValue>
</bind>
</comp>

<comp id="42" class="1001" name="const_42">
<pin_list>
<pin id="43" dir="1" index="0" bw="1" slack="0"/>
</pin_list>
<bind>
<StgValue><ssdm name=""/></StgValue>
</bind>
</comp>

<comp id="44" class="1001" name="const_44">
<pin_list>
<pin id="45" dir="1" index="0" bw="1" slack="0"/>
</pin_list>
<bind>
<StgValue><ssdm name=""/></StgValue>
</bind>
</comp>

<comp id="46" class="1001" name="const_46">
<pin_list>
<pin id="47" dir="1" index="0" bw="1" slack="0"/>
</pin_list>
<bind>
<StgValue><ssdm name=""/></StgValue>
</bind>
</comp>

<comp id="48" class="1001" name="const_48">
<pin_list>
<pin id="49" dir="1" index="0" bw="1" slack="0"/>
</pin_list>
<bind>
<StgValue><ssdm name=""/></StgValue>
</bind>
</comp>

<comp id="50" class="1001" name="const_50">
<pin_list>
<pin id="51" dir="1" index="0" bw="1" slack="1"/>
</pin_list>
<bind>
<StgValue><ssdm name=""/></StgValue>
</bind>
</comp>

<comp id="52" class="1001" name="const_52">
<pin_list>
<pin id="53" dir="1" index="0" bw="1" slack="0"/>
</pin_list>
<bind>
<StgValue><ssdm name=""/></StgValue>
</bind>
</comp>

<comp id="54" class="1001" name="const_54">
<pin_list>
<pin id="55" dir="1" index="0" bw="1" slack="0"/>
</pin_list>
<bind>
<StgValue><ssdm name=""/></StgValue>
</bind>
</comp>

<comp id="56" class="1001" name="const_56">
<pin_list>
<pin id="57" dir="1" index="0" bw="1" slack="0"/>
</pin_list>
<bind>
<StgValue><ssdm name=""/></StgValue>
</bind>
</comp>

<comp id="58" class="1001" name="const_58">
<pin_list>
<pin id="59" dir="1" index="0" bw="1" slack="0"/>
</pin_list>
<bind>
<StgValue><ssdm name="_ssdm_op_PartSelect.i16.i29.i32.i32"/></StgValue>
</bind>
</comp>

<comp id="60" class="1001" name="const_60">
<pin_list>
<pin id="61" dir="1" index="0" bw="1" slack="0"/>
</pin_list>
<bind>
<StgValue><ssdm name=""/></StgValue>
</bind>
</comp>

<comp id="62" class="1001" name="const_62">
<pin_list>
<pin id="63" dir="1" index="0" bw="1" slack="0"/>
</pin_list>
<bind>
<StgValue><ssdm name=""/></StgValue>
</bind>
</comp>

<comp id="64" class="1001" name="const_64">
<pin_list>
<pin id="65" dir="1" index="0" bw="1" slack="2147483647"/>
</pin_list>
<bind>
<StgValue><ssdm name="_ssdm_op_SpecLoopTripCount"/></StgValue>
</bind>
</comp>

<comp id="66" class="1001" name="const_66">
<pin_list>
<pin id="67" dir="1" index="0" bw="1" slack="2147483647"/>
</pin_list>
<bind>
<StgValue><ssdm name=""/></StgValue>
</bind>
</comp>

<comp id="68" class="1001" name="const_68">
<pin_list>
<pin id="69" dir="1" index="0" bw="1" slack="2147483647"/>
</pin_list>
<bind>
<StgValue><ssdm name="_ssdm_op_SpecLoopName"/></StgValue>
</bind>
</comp>

<comp id="70" class="1001" name="const_70">
<pin_list>
<pin id="71" dir="1" index="0" bw="1" slack="2147483647"/>
</pin_list>
<bind>
<StgValue><ssdm name="p_str"/></StgValue>
</bind>
</comp>

<comp id="72" class="1001" name="const_72">
<pin_list>
<pin id="73" dir="1" index="0" bw="1" slack="2147483647"/>
</pin_list>
<bind>
<StgValue><ssdm name="_ssdm_op_SpecRegionBegin"/></StgValue>
</bind>
</comp>

<comp id="74" class="1001" name="const_74">
<pin_list>
<pin id="75" dir="1" index="0" bw="1" slack="2147483647"/>
</pin_list>
<bind>
<StgValue><ssdm name="_ssdm_op_SpecPipeline"/></StgValue>
</bind>
</comp>

<comp id="76" class="1001" name="const_76">
<pin_list>
<pin id="77" dir="1" index="0" bw="1" slack="2147483647"/>
</pin_list>
<bind>
<StgValue><ssdm name=""/></StgValue>
</bind>
</comp>

<comp id="78" class="1001" name="const_78">
<pin_list>
<pin id="79" dir="1" index="0" bw="1" slack="2147483647"/>
</pin_list>
<bind>
<StgValue><ssdm name=""/></StgValue>
</bind>
</comp>

<comp id="80" class="1001" name="const_80">
<pin_list>
<pin id="81" dir="1" index="0" bw="1" slack="2147483647"/>
</pin_list>
<bind>
<StgValue><ssdm name="p_str1"/></StgValue>
</bind>
</comp>

<comp id="82" class="1001" name="const_82">
<pin_list>
<pin id="83" dir="1" index="0" bw="1" slack="2147483647"/>
</pin_list>
<bind>
<StgValue><ssdm name="_ssdm_op_SpecRegionEnd"/></StgValue>
</bind>
</comp>

<comp id="84" class="1004" name="i_21_read_read_fu_84">
<pin_list>
<pin id="85" dir="0" index="0" bw="4" slack="0"/>
<pin id="86" dir="0" index="1" bw="4" slack="0"/>
<pin id="87" dir="1" index="2" bw="4" slack="0"/>
</pin_list>
<bind>
<opcode="read(1150) " fcode="read"/>
<opset="i_21_read/1 "/>
</bind>
</comp>

<comp id="90" class="1004" name="i_2_read_read_fu_90">
<pin_list>
<pin id="91" dir="0" index="0" bw="4" slack="0"/>
<pin id="92" dir="0" index="1" bw="4" slack="0"/>
<pin id="93" dir="1" index="2" bw="4" slack="0"/>
</pin_list>
<bind>
<opcode="read(1150) " fcode="read"/>
<opset="i_2_read/1 "/>
</bind>
</comp>

<comp id="96" class="1004" name="src_addr_gep_fu_96">
<pin_list>
<pin id="97" dir="0" index="0" bw="16" slack="0"/>
<pin id="98" dir="0" index="1" bw="1" slack="0"/>
<pin id="99" dir="0" index="2" bw="7" slack="0"/>
<pin id="100" dir="1" index="3" bw="6" slack="2"/>
</pin_list>
<bind>
<opcode="getelementptr(29) " fcode="getelementptr"/>
<opset="src_addr/1 "/>
</bind>
</comp>

<comp id="103" class="1004" name="src_addr_1_gep_fu_103">
<pin_list>
<pin id="104" dir="0" index="0" bw="16" slack="0"/>
<pin id="105" dir="0" index="1" bw="1" slack="0"/>
<pin id="106" dir="0" index="2" bw="32" slack="0"/>
<pin id="107" dir="1" index="3" bw="6" slack="1"/>
</pin_list>
<bind>
<opcode="getelementptr(29) " fcode="getelementptr"/>
<opset="src_addr_1/1 "/>
</bind>
</comp>

<comp id="110" class="1004" name="src_addr_2_gep_fu_110">
<pin_list>
<pin id="111" dir="0" index="0" bw="16" slack="0"/>
<pin id="112" dir="0" index="1" bw="1" slack="0"/>
<pin id="113" dir="0" index="2" bw="32" slack="0"/>
<pin id="114" dir="1" index="3" bw="6" slack="3"/>
</pin_list>
<bind>
<opcode="getelementptr(29) " fcode="getelementptr"/>
<opset="src_addr_2/1 "/>
</bind>
</comp>

<comp id="117" class="1004" name="src_addr_3_gep_fu_117">
<pin_list>
<pin id="118" dir="0" index="0" bw="16" slack="0"/>
<pin id="119" dir="0" index="1" bw="1" slack="0"/>
<pin id="120" dir="0" index="2" bw="32" slack="0"/>
<pin id="121" dir="1" index="3" bw="6" slack="1"/>
</pin_list>
<bind>
<opcode="getelementptr(29) " fcode="getelementptr"/>
<opset="src_addr_3/1 "/>
</bind>
</comp>

<comp id="124" class="1004" name="src_addr_4_gep_fu_124">
<pin_list>
<pin id="125" dir="0" index="0" bw="16" slack="0"/>
<pin id="126" dir="0" index="1" bw="1" slack="0"/>
<pin id="127" dir="0" index="2" bw="32" slack="0"/>
<pin id="128" dir="1" index="3" bw="6" slack="3"/>
</pin_list>
<bind>
<opcode="getelementptr(29) " fcode="getelementptr"/>
<opset="src_addr_4/1 "/>
</bind>
</comp>

<comp id="131" class="1004" name="src_addr_5_gep_fu_131">
<pin_list>
<pin id="132" dir="0" index="0" bw="16" slack="0"/>
<pin id="133" dir="0" index="1" bw="1" slack="0"/>
<pin id="134" dir="0" index="2" bw="32" slack="0"/>
<pin id="135" dir="1" index="3" bw="6" slack="2"/>
</pin_list>
<bind>
<opcode="getelementptr(29) " fcode="getelementptr"/>
<opset="src_addr_5/1 "/>
</bind>
</comp>

<comp id="138" class="1004" name="src_addr_6_gep_fu_138">
<pin_list>
<pin id="139" dir="0" index="0" bw="16" slack="0"/>
<pin id="140" dir="0" index="1" bw="1" slack="0"/>
<pin id="141" dir="0" index="2" bw="32" slack="0"/>
<pin id="142" dir="1" index="3" bw="6" slack="4"/>
</pin_list>
<bind>
<opcode="getelementptr(29) " fcode="getelementptr"/>
<opset="src_addr_6/1 "/>
</bind>
</comp>

<comp id="145" class="1004" name="src_addr_7_gep_fu_145">
<pin_list>
<pin id="146" dir="0" index="0" bw="16" slack="0"/>
<pin id="147" dir="0" index="1" bw="1" slack="0"/>
<pin id="148" dir="0" index="2" bw="32" slack="0"/>
<pin id="149" dir="1" index="3" bw="6" slack="4"/>
</pin_list>
<bind>
<opcode="getelementptr(29) " fcode="getelementptr"/>
<opset="src_addr_7/1 "/>
</bind>
</comp>

<comp id="152" class="1004" name="dct_coeff_table_1_ad_gep_fu_152">
<pin_list>
<pin id="153" dir="0" index="0" bw="15" slack="0"/>
<pin id="154" dir="0" index="1" bw="1" slack="0"/>
<pin id="155" dir="0" index="2" bw="4" slack="0"/>
<pin id="156" dir="1" index="3" bw="3" slack="0"/>
</pin_list>
<bind>
<opcode="getelementptr(29) " fcode="getelementptr"/>
<opset="dct_coeff_table_1_ad/2 "/>
</bind>
</comp>

<comp id="159" class="1004" name="grp_access_fu_159">
<pin_list>
<pin id="160" dir="0" index="0" bw="3" slack="0"/>
<pin id="161" dir="0" index="1" bw="15" slack="2147483647"/>
<pin id="162" dir="1" index="2" bw="15" slack="1"/>
</pin_list>
<bind>
<opcode="load(27) " fcode="load"/>
<opset="dct_coeff_table_1_lo/2 "/>
</bind>
</comp>

<comp id="164" class="1004" name="grp_access_fu_164">
<pin_list>
<pin id="165" dir="0" index="0" bw="6" slack="1"/>
<pin id="166" dir="0" index="1" bw="16" slack="2147483647"/>
<pin id="180" dir="0" index="3" bw="6" slack="1"/>
<pin id="181" dir="0" index="4" bw="16" slack="2147483647"/>
<pin id="167" dir="1" index="2" bw="16" slack="1"/>
<pin id="182" dir="1" index="5" bw="16" slack="1"/>
</pin_list>
<bind>
<opcode="load(27) " fcode="load"/>
<opset="src_load_1/2 src_load_3/2 src_load/3 src_load_5/3 src_load_2/4 src_load_4/4 src_load_6/5 src_load_7/5 "/>
</bind>
</comp>

<comp id="168" class="1004" name="dct_coeff_table_3_ad_gep_fu_168">
<pin_list>
<pin id="169" dir="0" index="0" bw="15" slack="0"/>
<pin id="170" dir="0" index="1" bw="1" slack="0"/>
<pin id="171" dir="0" index="2" bw="4" slack="0"/>
<pin id="172" dir="1" index="3" bw="3" slack="0"/>
</pin_list>
<bind>
<opcode="getelementptr(29) " fcode="getelementptr"/>
<opset="dct_coeff_table_3_ad/2 "/>
</bind>
</comp>

<comp id="175" class="1004" name="grp_access_fu_175">
<pin_list>
<pin id="176" dir="0" index="0" bw="3" slack="0"/>
<pin id="177" dir="0" index="1" bw="15" slack="2147483647"/>
<pin id="178" dir="1" index="2" bw="15" slack="1"/>
</pin_list>
<bind>
<opcode="load(27) " fcode="load"/>
<opset="dct_coeff_table_3_lo/2 "/>
</bind>
</comp>

<comp id="183" class="1004" name="dct_coeff_table_0_ad_gep_fu_183">
<pin_list>
<pin id="184" dir="0" index="0" bw="14" slack="0"/>
<pin id="185" dir="0" index="1" bw="1" slack="0"/>
<pin id="186" dir="0" index="2" bw="4" slack="1"/>
<pin id="187" dir="1" index="3" bw="3" slack="0"/>
</pin_list>
<bind>
<opcode="getelementptr(29) " fcode="getelementptr"/>
<opset="dct_coeff_table_0_ad/3 "/>
</bind>
</comp>

<comp id="190" class="1004" name="grp_access_fu_190">
<pin_list>
<pin id="191" dir="0" index="0" bw="3" slack="0"/>
<pin id="192" dir="0" index="1" bw="14" slack="2147483647"/>
<pin id="193" dir="1" index="2" bw="14" slack="1"/>
</pin_list>
<bind>
<opcode="load(27) " fcode="load"/>
<opset="dct_coeff_table_0_lo/3 "/>
</bind>
</comp>

<comp id="195" class="1004" name="dct_coeff_table_5_ad_gep_fu_195">
<pin_list>
<pin id="196" dir="0" index="0" bw="15" slack="0"/>
<pin id="197" dir="0" index="1" bw="1" slack="0"/>
<pin id="198" dir="0" index="2" bw="4" slack="1"/>
<pin id="199" dir="1" index="3" bw="3" slack="0"/>
</pin_list>
<bind>
<opcode="getelementptr(29) " fcode="getelementptr"/>
<opset="dct_coeff_table_5_ad/3 "/>
</bind>
</comp>

<comp id="202" class="1004" name="grp_access_fu_202">
<pin_list>
<pin id="203" dir="0" index="0" bw="3" slack="0"/>
<pin id="204" dir="0" index="1" bw="15" slack="2147483647"/>
<pin id="205" dir="1" index="2" bw="15" slack="1"/>
</pin_list>
<bind>
<opcode="load(27) " fcode="load"/>
<opset="dct_coeff_table_5_lo/3 "/>
</bind>
</comp>

<comp id="207" class="1004" name="dct_coeff_table_2_ad_gep_fu_207">
<pin_list>
<pin id="208" dir="0" index="0" bw="15" slack="0"/>
<pin id="209" dir="0" index="1" bw="1" slack="0"/>
<pin id="210" dir="0" index="2" bw="4" slack="2"/>
<pin id="211" dir="1" index="3" bw="3" slack="0"/>
</pin_list>
<bind>
<opcode="getelementptr(29) " fcode="getelementptr"/>
<opset="dct_coeff_table_2_ad/4 "/>
</bind>
</comp>

<comp id="214" class="1004" name="grp_access_fu_214">
<pin_list>
<pin id="215" dir="0" index="0" bw="3" slack="0"/>
<pin id="216" dir="0" index="1" bw="15" slack="2147483647"/>
<pin id="217" dir="1" index="2" bw="15" slack="1"/>
</pin_list>
<bind>
<opcode="load(27) " fcode="load"/>
<opset="dct_coeff_table_2_lo/4 "/>
</bind>
</comp>

<comp id="219" class="1004" name="dct_coeff_table_4_ad_gep_fu_219">
<pin_list>
<pin id="220" dir="0" index="0" bw="15" slack="0"/>
<pin id="221" dir="0" index="1" bw="1" slack="0"/>
<pin id="222" dir="0" index="2" bw="4" slack="2"/>
<pin id="223" dir="1" index="3" bw="3" slack="0"/>
</pin_list>
<bind>
<opcode="getelementptr(29) " fcode="getelementptr"/>
<opset="dct_coeff_table_4_ad/4 "/>
</bind>
</comp>

<comp id="226" class="1004" name="grp_access_fu_226">
<pin_list>
<pin id="227" dir="0" index="0" bw="3" slack="0"/>
<pin id="228" dir="0" index="1" bw="15" slack="2147483647"/>
<pin id="229" dir="1" index="2" bw="15" slack="1"/>
</pin_list>
<bind>
<opcode="load(27) " fcode="load"/>
<opset="dct_coeff_table_4_lo/4 "/>
</bind>
</comp>

<comp id="231" class="1004" name="dct_coeff_table_6_ad_gep_fu_231">
<pin_list>
<pin id="232" dir="0" index="0" bw="15" slack="0"/>
<pin id="233" dir="0" index="1" bw="1" slack="0"/>
<pin id="234" dir="0" index="2" bw="4" slack="2"/>
<pin id="235" dir="1" index="3" bw="3" slack="0"/>
</pin_list>
<bind>
<opcode="getelementptr(29) " fcode="getelementptr"/>
<opset="dct_coeff_table_6_ad/4 "/>
</bind>
</comp>

<comp id="238" class="1004" name="grp_access_fu_238">
<pin_list>
<pin id="239" dir="0" index="0" bw="3" slack="0"/>
<pin id="240" dir="0" index="1" bw="15" slack="2147483647"/>
<pin id="241" dir="1" index="2" bw="15" slack="2"/>
</pin_list>
<bind>
<opcode="load(27) " fcode="load"/>
<opset="dct_coeff_table_6_lo/4 "/>
</bind>
</comp>

<comp id="243" class="1004" name="dct_coeff_table_7_ad_gep_fu_243">
<pin_list>
<pin id="244" dir="0" index="0" bw="15" slack="0"/>
<pin id="245" dir="0" index="1" bw="1" slack="0"/>
<pin id="246" dir="0" index="2" bw="4" slack="2"/>
<pin id="247" dir="1" index="3" bw="3" slack="0"/>
</pin_list>
<bind>
<opcode="getelementptr(29) " fcode="getelementptr"/>
<opset="dct_coeff_table_7_ad/4 "/>
</bind>
</comp>

<comp id="250" class="1004" name="grp_access_fu_250">
<pin_list>
<pin id="251" dir="0" index="0" bw="3" slack="0"/>
<pin id="252" dir="0" index="1" bw="15" slack="2147483647"/>
<pin id="253" dir="1" index="2" bw="15" slack="2"/>
</pin_list>
<bind>
<opcode="load(27) " fcode="load"/>
<opset="dct_coeff_table_7_lo/4 "/>
</bind>
</comp>

<comp id="255" class="1004" name="dst_addr_gep_fu_255">
<pin_list>
<pin id="256" dir="0" index="0" bw="16" slack="0"/>
<pin id="257" dir="0" index="1" bw="1" slack="0"/>
<pin id="258" dir="0" index="2" bw="8" slack="0"/>
<pin id="259" dir="1" index="3" bw="6" slack="0"/>
</pin_list>
<bind>
<opcode="getelementptr(29) " fcode="getelementptr"/>
<opset="dst_addr/9 "/>
</bind>
</comp>

<comp id="262" class="1004" name="StgValue_126_access_fu_262">
<pin_list>
<pin id="263" dir="0" index="0" bw="6" slack="0"/>
<pin id="264" dir="0" index="1" bw="16" slack="1"/>
<pin id="265" dir="1" index="2" bw="16" slack="2147483647"/>
</pin_list>
<bind>
<opcode="store(28) " fcode="store"/>
<opset="StgValue_126/9 "/>
</bind>
</comp>

<comp id="267" class="1005" name="k_reg_267">
<pin_list>
<pin id="268" dir="0" index="0" bw="4" slack="1"/>
<pin id="269" dir="1" index="1" bw="4" slack="1"/>
</pin_list>
<bind>
<opset="k (phireg) "/>
</bind>
</comp>

<comp id="271" class="1004" name="k_phi_fu_271">
<pin_list>
<pin id="272" dir="0" index="0" bw="1" slack="1"/>
<pin id="273" dir="0" index="1" bw="0" slack="2147483647"/>
<pin id="274" dir="0" index="2" bw="4" slack="0"/>
<pin id="275" dir="0" index="3" bw="0" slack="2147483647"/>
<pin id="276" dir="1" index="4" bw="4" slack="0"/>
</pin_list>
<bind>
<opcode="phi(47) " fcode="phi"/>
<opset="k/2 "/>
</bind>
</comp>

<comp id="278" class="1005" name="reg_278">
<pin_list>
<pin id="279" dir="0" index="0" bw="16" slack="1"/>
<pin id="280" dir="1" index="1" bw="16" slack="1"/>
</pin_list>
<bind>
<opset="src_load_1 src_load src_load_2 src_load_6 "/>
</bind>
</comp>

<comp id="282" class="1005" name="reg_282">
<pin_list>
<pin id="283" dir="0" index="0" bw="16" slack="1"/>
<pin id="284" dir="1" index="1" bw="16" slack="1"/>
</pin_list>
<bind>
<opset="src_load_3 src_load_5 src_load_4 src_load_7 "/>
</bind>
</comp>

<comp id="286" class="1004" name="tmp_13_fu_286">
<pin_list>
<pin id="287" dir="0" index="0" bw="7" slack="0"/>
<pin id="288" dir="0" index="1" bw="4" slack="0"/>
<pin id="289" dir="0" index="2" bw="1" slack="0"/>
<pin id="290" dir="1" index="3" bw="7" slack="0"/>
</pin_list>
<bind>
<opcode="bitconcatenate(1004) " fcode="bitconcatenate"/>
<opset="tmp_13/1 "/>
</bind>
</comp>

<comp id="294" class="1004" name="tmp_18_cast_fu_294">
<pin_list>
<pin id="295" dir="0" index="0" bw="7" slack="0"/>
<pin id="296" dir="1" index="1" bw="8" slack="1"/>
</pin_list>
<bind>
<opcode="zext(34) " fcode="zext"/>
<opset="tmp_18_cast/1 "/>
</bind>
</comp>

<comp id="298" class="1004" name="tmp_14_fu_298">
<pin_list>
<pin id="299" dir="0" index="0" bw="7" slack="0"/>
<pin id="300" dir="0" index="1" bw="4" slack="0"/>
<pin id="301" dir="0" index="2" bw="1" slack="0"/>
<pin id="302" dir="1" index="3" bw="7" slack="0"/>
</pin_list>
<bind>
<opcode="bitconcatenate(1004) " fcode="bitconcatenate"/>
<opset="tmp_14/1 "/>
</bind>
</comp>

<comp id="306" class="1004" name="tmp_15_fu_306">
<pin_list>
<pin id="307" dir="0" index="0" bw="7" slack="0"/>
<pin id="308" dir="1" index="1" bw="32" slack="0"/>
</pin_list>
<bind>
<opcode="zext(34) " fcode="zext"/>
<opset="tmp_15/1 "/>
</bind>
</comp>

<comp id="311" class="1004" name="tmp_16_fu_311">
<pin_list>
<pin id="312" dir="0" index="0" bw="7" slack="0"/>
<pin id="313" dir="0" index="1" bw="1" slack="0"/>
<pin id="314" dir="1" index="2" bw="7" slack="0"/>
</pin_list>
<bind>
<opcode="or(24) " fcode="or"/>
<opset="tmp_16/1 "/>
</bind>
</comp>

<comp id="317" class="1004" name="tmp_17_fu_317">
<pin_list>
<pin id="318" dir="0" index="0" bw="32" slack="0"/>
<pin id="319" dir="0" index="1" bw="1" slack="0"/>
<pin id="320" dir="0" index="2" bw="7" slack="0"/>
<pin id="321" dir="1" index="3" bw="32" slack="0"/>
</pin_list>
<bind>
<opcode="bitconcatenate(1004) " fcode="bitconcatenate"/>
<opset="tmp_17/1 "/>
</bind>
</comp>

<comp id="326" class="1004" name="tmp_18_fu_326">
<pin_list>
<pin id="327" dir="0" index="0" bw="7" slack="0"/>
<pin id="328" dir="0" index="1" bw="3" slack="0"/>
<pin id="329" dir="1" index="2" bw="7" slack="0"/>
</pin_list>
<bind>
<opcode="or(24) " fcode="or"/>
<opset="tmp_18/1 "/>
</bind>
</comp>

<comp id="332" class="1004" name="tmp_19_fu_332">
<pin_list>
<pin id="333" dir="0" index="0" bw="32" slack="0"/>
<pin id="334" dir="0" index="1" bw="1" slack="0"/>
<pin id="335" dir="0" index="2" bw="7" slack="0"/>
<pin id="336" dir="1" index="3" bw="32" slack="0"/>
</pin_list>
<bind>
<opcode="bitconcatenate(1004) " fcode="bitconcatenate"/>
<opset="tmp_19/1 "/>
</bind>
</comp>

<comp id="341" class="1004" name="tmp_20_fu_341">
<pin_list>
<pin id="342" dir="0" index="0" bw="7" slack="0"/>
<pin id="343" dir="0" index="1" bw="3" slack="0"/>
<pin id="344" dir="1" index="2" bw="7" slack="0"/>
</pin_list>
<bind>
<opcode="or(24) " fcode="or"/>
<opset="tmp_20/1 "/>
</bind>
</comp>

<comp id="347" class="1004" name="tmp_21_fu_347">
<pin_list>
<pin id="348" dir="0" index="0" bw="32" slack="0"/>
<pin id="349" dir="0" index="1" bw="1" slack="0"/>
<pin id="350" dir="0" index="2" bw="7" slack="0"/>
<pin id="351" dir="1" index="3" bw="32" slack="0"/>
</pin_list>
<bind>
<opcode="bitconcatenate(1004) " fcode="bitconcatenate"/>
<opset="tmp_21/1 "/>
</bind>
</comp>

<comp id="356" class="1004" name="tmp_22_fu_356">
<pin_list>
<pin id="357" dir="0" index="0" bw="7" slack="0"/>
<pin id="358" dir="0" index="1" bw="4" slack="0"/>
<pin id="359" dir="1" index="2" bw="7" slack="0"/>
</pin_list>
<bind>
<opcode="or(24) " fcode="or"/>
<opset="tmp_22/1 "/>
</bind>
</comp>

<comp id="362" class="1004" name="tmp_23_fu_362">
<pin_list>
<pin id="363" dir="0" index="0" bw="32" slack="0"/>
<pin id="364" dir="0" index="1" bw="1" slack="0"/>
<pin id="365" dir="0" index="2" bw="7" slack="0"/>
<pin id="366" dir="1" index="3" bw="32" slack="0"/>
</pin_list>
<bind>
<opcode="bitconcatenate(1004) " fcode="bitconcatenate"/>
<opset="tmp_23/1 "/>
</bind>
</comp>

<comp id="371" class="1004" name="tmp_24_fu_371">
<pin_list>
<pin id="372" dir="0" index="0" bw="7" slack="0"/>
<pin id="373" dir="0" index="1" bw="4" slack="0"/>
<pin id="374" dir="1" index="2" bw="7" slack="0"/>
</pin_list>
<bind>
<opcode="or(24) " fcode="or"/>
<opset="tmp_24/1 "/>
</bind>
</comp>

<comp id="377" class="1004" name="tmp_25_fu_377">
<pin_list>
<pin id="378" dir="0" index="0" bw="32" slack="0"/>
<pin id="379" dir="0" index="1" bw="1" slack="0"/>
<pin id="380" dir="0" index="2" bw="7" slack="0"/>
<pin id="381" dir="1" index="3" bw="32" slack="0"/>
</pin_list>
<bind>
<opcode="bitconcatenate(1004) " fcode="bitconcatenate"/>
<opset="tmp_25/1 "/>
</bind>
</comp>

<comp id="386" class="1004" name="tmp_26_fu_386">
<pin_list>
<pin id="387" dir="0" index="0" bw="7" slack="0"/>
<pin id="388" dir="0" index="1" bw="4" slack="0"/>
<pin id="389" dir="1" index="2" bw="7" slack="0"/>
</pin_list>
<bind>
<opcode="or(24) " fcode="or"/>
<opset="tmp_26/1 "/>
</bind>
</comp>

<comp id="392" class="1004" name="tmp_27_fu_392">
<pin_list>
<pin id="393" dir="0" index="0" bw="32" slack="0"/>
<pin id="394" dir="0" index="1" bw="1" slack="0"/>
<pin id="395" dir="0" index="2" bw="7" slack="0"/>
<pin id="396" dir="1" index="3" bw="32" slack="0"/>
</pin_list>
<bind>
<opcode="bitconcatenate(1004) " fcode="bitconcatenate"/>
<opset="tmp_27/1 "/>
</bind>
</comp>

<comp id="401" class="1004" name="tmp_28_fu_401">
<pin_list>
<pin id="402" dir="0" index="0" bw="7" slack="0"/>
<pin id="403" dir="0" index="1" bw="4" slack="0"/>
<pin id="404" dir="1" index="2" bw="7" slack="0"/>
</pin_list>
<bind>
<opcode="or(24) " fcode="or"/>
<opset="tmp_28/1 "/>
</bind>
</comp>

<comp id="407" class="1004" name="tmp_29_fu_407">
<pin_list>
<pin id="408" dir="0" index="0" bw="32" slack="0"/>
<pin id="409" dir="0" index="1" bw="1" slack="0"/>
<pin id="410" dir="0" index="2" bw="7" slack="0"/>
<pin id="411" dir="1" index="3" bw="32" slack="0"/>
</pin_list>
<bind>
<opcode="bitconcatenate(1004) " fcode="bitconcatenate"/>
<opset="tmp_29/1 "/>
</bind>
</comp>

<comp id="416" class="1004" name="tmp_fu_416">
<pin_list>
<pin id="417" dir="0" index="0" bw="4" slack="0"/>
<pin id="418" dir="0" index="1" bw="4" slack="0"/>
<pin id="419" dir="1" index="2" bw="1" slack="1"/>
</pin_list>
<bind>
<opcode="icmp(45) " fcode="icmp"/>
<opset="tmp/2 "/>
</bind>
</comp>

<comp id="422" class="1004" name="k_1_fu_422">
<pin_list>
<pin id="423" dir="0" index="0" bw="4" slack="0"/>
<pin id="424" dir="0" index="1" bw="1" slack="0"/>
<pin id="425" dir="1" index="2" bw="4" slack="0"/>
</pin_list>
<bind>
<opcode="add(8) " fcode="add"/>
<opset="k_1/2 "/>
</bind>
</comp>

<comp id="428" class="1004" name="k_cast8_fu_428">
<pin_list>
<pin id="429" dir="0" index="0" bw="4" slack="0"/>
<pin id="430" dir="1" index="1" bw="32" slack="0"/>
</pin_list>
<bind>
<opcode="zext(34) " fcode="zext"/>
<opset="k_cast8/2 "/>
</bind>
</comp>

<comp id="434" class="1004" name="k_cast8_cast_fu_434">
<pin_list>
<pin id="435" dir="0" index="0" bw="4" slack="0"/>
<pin id="436" dir="1" index="1" bw="8" slack="0"/>
</pin_list>
<bind>
<opcode="zext(34) " fcode="zext"/>
<opset="k_cast8_cast/2 "/>
</bind>
</comp>

<comp id="438" class="1004" name="tmp_30_fu_438">
<pin_list>
<pin id="439" dir="0" index="0" bw="7" slack="1"/>
<pin id="440" dir="0" index="1" bw="4" slack="0"/>
<pin id="441" dir="1" index="2" bw="8" slack="7"/>
</pin_list>
<bind>
<opcode="add(8) " fcode="add"/>
<opset="tmp_30/2 "/>
</bind>
</comp>

<comp id="443" class="1004" name="coeff_1_cast_fu_443">
<pin_list>
<pin id="444" dir="0" index="0" bw="15" slack="1"/>
<pin id="445" dir="1" index="1" bw="29" slack="0"/>
</pin_list>
<bind>
<opcode="sext(35) " fcode="sext"/>
<opset="coeff_1_cast/4 "/>
</bind>
</comp>

<comp id="446" class="1004" name="tmp_6_1_cast_fu_446">
<pin_list>
<pin id="447" dir="0" index="0" bw="16" slack="1"/>
<pin id="448" dir="1" index="1" bw="29" slack="0"/>
</pin_list>
<bind>
<opcode="sext(35) " fcode="sext"/>
<opset="tmp_6_1_cast/4 "/>
</bind>
</comp>

<comp id="450" class="1004" name="coeff_3_cast_fu_450">
<pin_list>
<pin id="451" dir="0" index="0" bw="15" slack="1"/>
<pin id="452" dir="1" index="1" bw="29" slack="0"/>
</pin_list>
<bind>
<opcode="sext(35) " fcode="sext"/>
<opset="coeff_3_cast/4 "/>
</bind>
</comp>

<comp id="453" class="1004" name="tmp_6_3_cast_fu_453">
<pin_list>
<pin id="454" dir="0" index="0" bw="16" slack="1"/>
<pin id="455" dir="1" index="1" bw="29" slack="0"/>
</pin_list>
<bind>
<opcode="sext(35) " fcode="sext"/>
<opset="tmp_6_3_cast/4 "/>
</bind>
</comp>

<comp id="457" class="1004" name="coeff_cast_fu_457">
<pin_list>
<pin id="458" dir="0" index="0" bw="14" slack="1"/>
<pin id="459" dir="1" index="1" bw="29" slack="0"/>
</pin_list>
<bind>
<opcode="zext(34) " fcode="zext"/>
<opset="coeff_cast/5 "/>
</bind>
</comp>

<comp id="460" class="1004" name="tmp_6_cast_fu_460">
<pin_list>
<pin id="461" dir="0" index="0" bw="16" slack="1"/>
<pin id="462" dir="1" index="1" bw="29" slack="0"/>
</pin_list>
<bind>
<opcode="sext(35) " fcode="sext"/>
<opset="tmp_6_cast/5 "/>
</bind>
</comp>

<comp id="464" class="1004" name="coeff_5_cast_fu_464">
<pin_list>
<pin id="465" dir="0" index="0" bw="15" slack="1"/>
<pin id="466" dir="1" index="1" bw="29" slack="0"/>
</pin_list>
<bind>
<opcode="sext(35) " fcode="sext"/>
<opset="coeff_5_cast/5 "/>
</bind>
</comp>

<comp id="467" class="1004" name="tmp_6_5_cast_fu_467">
<pin_list>
<pin id="468" dir="0" index="0" bw="16" slack="1"/>
<pin id="469" dir="1" index="1" bw="29" slack="0"/>
</pin_list>
<bind>
<opcode="sext(35) " fcode="sext"/>
<opset="tmp_6_5_cast/5 "/>
</bind>
</comp>

<comp id="471" class="1004" name="coeff_2_cast_fu_471">
<pin_list>
<pin id="472" dir="0" index="0" bw="15" slack="1"/>
<pin id="473" dir="1" index="1" bw="29" slack="0"/>
</pin_list>
<bind>
<opcode="sext(35) " fcode="sext"/>
<opset="coeff_2_cast/6 "/>
</bind>
</comp>

<comp id="474" class="1004" name="tmp_6_2_cast_fu_474">
<pin_list>
<pin id="475" dir="0" index="0" bw="16" slack="1"/>
<pin id="476" dir="1" index="1" bw="29" slack="0"/>
</pin_list>
<bind>
<opcode="sext(35) " fcode="sext"/>
<opset="tmp_6_2_cast/6 "/>
</bind>
</comp>

<comp id="478" class="1004" name="coeff_4_cast_fu_478">
<pin_list>
<pin id="479" dir="0" index="0" bw="15" slack="1"/>
<pin id="480" dir="1" index="1" bw="29" slack="0"/>
</pin_list>
<bind>
<opcode="sext(35) " fcode="sext"/>
<opset="coeff_4_cast/6 "/>
</bind>
</comp>

<comp id="481" class="1004" name="tmp_6_4_cast_fu_481">
<pin_list>
<pin id="482" dir="0" index="0" bw="16" slack="1"/>
<pin id="483" dir="1" index="1" bw="29" slack="0"/>
</pin_list>
<bind>
<opcode="sext(35) " fcode="sext"/>
<opset="tmp_6_4_cast/6 "/>
</bind>
</comp>

<comp id="485" class="1004" name="tmp1_fu_485">
<pin_list>
<pin id="486" dir="0" index="0" bw="29" slack="1"/>
<pin id="487" dir="0" index="1" bw="29" slack="0"/>
<pin id="488" dir="1" index="2" bw="29" slack="2"/>
</pin_list>
<bind>
<opcode="add(8) " fcode="add"/>
<opset="tmp1/6 "/>
</bind>
</comp>

<comp id="489" class="1004" name="coeff_6_cast_fu_489">
<pin_list>
<pin id="490" dir="0" index="0" bw="15" slack="2"/>
<pin id="491" dir="1" index="1" bw="29" slack="0"/>
</pin_list>
<bind>
<opcode="sext(35) " fcode="sext"/>
<opset="coeff_6_cast/7 "/>
</bind>
</comp>

<comp id="492" class="1004" name="tmp_6_6_cast_fu_492">
<pin_list>
<pin id="493" dir="0" index="0" bw="16" slack="1"/>
<pin id="494" dir="1" index="1" bw="29" slack="0"/>
</pin_list>
<bind>
<opcode="sext(35) " fcode="sext"/>
<opset="tmp_6_6_cast/7 "/>
</bind>
</comp>

<comp id="496" class="1004" name="coeff_7_cast_fu_496">
<pin_list>
<pin id="497" dir="0" index="0" bw="15" slack="2"/>
<pin id="498" dir="1" index="1" bw="29" slack="0"/>
</pin_list>
<bind>
<opcode="sext(35) " fcode="sext"/>
<opset="coeff_7_cast/7 "/>
</bind>
</comp>

<comp id="499" class="1004" name="tmp_6_7_cast_fu_499">
<pin_list>
<pin id="500" dir="0" index="0" bw="16" slack="1"/>
<pin id="501" dir="1" index="1" bw="29" slack="0"/>
</pin_list>
<bind>
<opcode="sext(35) " fcode="sext"/>
<opset="tmp_6_7_cast/7 "/>
</bind>
</comp>

<comp id="503" class="1004" name="tmp4_fu_503">
<pin_list>
<pin id="504" dir="0" index="0" bw="29" slack="2"/>
<pin id="505" dir="0" index="1" bw="29" slack="1"/>
<pin id="506" dir="1" index="2" bw="29" slack="0"/>
</pin_list>
<bind>
<opcode="add(8) " fcode="add"/>
<opset="tmp4/8 "/>
</bind>
</comp>

<comp id="507" class="1004" name="tmp_3_fu_507">
<pin_list>
<pin id="508" dir="0" index="0" bw="29" slack="2"/>
<pin id="509" dir="0" index="1" bw="29" slack="0"/>
<pin id="510" dir="1" index="2" bw="29" slack="0"/>
</pin_list>
<bind>
<opcode="add(8) " fcode="add"/>
<opset="tmp_3/8 "/>
</bind>
</comp>

<comp id="512" class="1004" name="tmp_5_fu_512">
<pin_list>
<pin id="513" dir="0" index="0" bw="16" slack="0"/>
<pin id="514" dir="0" index="1" bw="29" slack="0"/>
<pin id="515" dir="0" index="2" bw="5" slack="0"/>
<pin id="516" dir="0" index="3" bw="6" slack="0"/>
<pin id="517" dir="1" index="4" bw="16" slack="1"/>
</pin_list>
<bind>
<opcode="partselect(1002) " fcode="partselect"/>
<opset="tmp_5/8 "/>
</bind>
</comp>

<comp id="522" class="1004" name="tmp_35_cast_fu_522">
<pin_list>
<pin id="523" dir="0" index="0" bw="8" slack="7"/>
<pin id="524" dir="1" index="1" bw="32" slack="0"/>
</pin_list>
<bind>
<opcode="zext(34) " fcode="zext"/>
<opset="tmp_35_cast/9 "/>
</bind>
</comp>

<comp id="526" class="1007" name="tmp_7_1_fu_526">
<pin_list>
<pin id="527" dir="0" index="0" bw="16" slack="0"/>
<pin id="528" dir="0" index="1" bw="15" slack="0"/>
<pin id="529" dir="1" index="2" bw="29" slack="1"/>
</pin_list>
<bind>
<opcode="mul(12) " fcode="mul"/>
<opset="tmp_7_1/4 "/>
</bind>
</comp>

<comp id="532" class="1007" name="tmp_7_3_fu_532">
<pin_list>
<pin id="533" dir="0" index="0" bw="16" slack="0"/>
<pin id="534" dir="0" index="1" bw="15" slack="0"/>
<pin id="535" dir="1" index="2" bw="29" slack="2"/>
</pin_list>
<bind>
<opcode="mul(12) " fcode="mul"/>
<opset="tmp_7_3/4 "/>
</bind>
</comp>

<comp id="538" class="1007" name="grp_fu_538">
<pin_list>
<pin id="539" dir="0" index="0" bw="16" slack="0"/>
<pin id="540" dir="0" index="1" bw="14" slack="0"/>
<pin id="541" dir="0" index="2" bw="29" slack="2147483647"/>
<pin id="542" dir="1" index="3" bw="29" slack="1"/>
</pin_list>
<bind>
<opcode="muladd(1172) " fcode="muladd"/>
<opset="tmp_7/5 tmp2/5 "/>
</bind>
</comp>

<comp id="545" class="1007" name="tmp_7_5_fu_545">
<pin_list>
<pin id="546" dir="0" index="0" bw="16" slack="0"/>
<pin id="547" dir="0" index="1" bw="15" slack="0"/>
<pin id="548" dir="1" index="2" bw="29" slack="1"/>
</pin_list>
<bind>
<opcode="mul(12) " fcode="mul"/>
<opset="tmp_7_5/5 "/>
</bind>
</comp>

<comp id="551" class="1007" name="grp_fu_551">
<pin_list>
<pin id="552" dir="0" index="0" bw="16" slack="0"/>
<pin id="553" dir="0" index="1" bw="15" slack="0"/>
<pin id="554" dir="0" index="2" bw="29" slack="2147483647"/>
<pin id="555" dir="1" index="3" bw="29" slack="0"/>
</pin_list>
<bind>
<opcode="muladd(1172) " fcode="muladd"/>
<opset="tmp_7_2/6 tmp3/6 "/>
</bind>
</comp>

<comp id="559" class="1007" name="grp_fu_559">
<pin_list>
<pin id="560" dir="0" index="0" bw="16" slack="0"/>
<pin id="561" dir="0" index="1" bw="15" slack="0"/>
<pin id="562" dir="0" index="2" bw="29" slack="2147483647"/>
<pin id="563" dir="1" index="3" bw="29" slack="2"/>
</pin_list>
<bind>
<opcode="muladd(1172) " fcode="muladd"/>
<opset="tmp_7_4/6 tmp5/6 "/>
</bind>
</comp>

<comp id="566" class="1007" name="grp_fu_566">
<pin_list>
<pin id="567" dir="0" index="0" bw="16" slack="0"/>
<pin id="568" dir="0" index="1" bw="15" slack="0"/>
<pin id="569" dir="0" index="2" bw="29" slack="2147483647"/>
<pin id="570" dir="1" index="3" bw="29" slack="1"/>
</pin_list>
<bind>
<opcode="muladd(1172) " fcode="muladd"/>
<opset="tmp_7_6/7 tmp6/7 "/>
</bind>
</comp>

<comp id="573" class="1007" name="grp_fu_573">
<pin_list>
<pin id="574" dir="0" index="0" bw="16" slack="0"/>
<pin id="575" dir="0" index="1" bw="15" slack="0"/>
<pin id="576" dir="0" index="2" bw="29" slack="0"/>
<pin id="577" dir="1" index="3" bw="29" slack="0"/>
</pin_list>
<bind>
<opcode="muladd(1172) " fcode="muladd"/>
<opset="tmp_7_7/7 tmp7/7 "/>
</bind>
</comp>

<comp id="582" class="1005" name="tmp_18_cast_reg_582">
<pin_list>
<pin id="583" dir="0" index="0" bw="8" slack="1"/>
<pin id="584" dir="1" index="1" bw="8" slack="1"/>
</pin_list>
<bind>
<opset="tmp_18_cast "/>
</bind>
</comp>

<comp id="587" class="1005" name="src_addr_reg_587">
<pin_list>
<pin id="588" dir="0" index="0" bw="6" slack="2"/>
<pin id="589" dir="1" index="1" bw="6" slack="2"/>
</pin_list>
<bind>
<opset="src_addr "/>
</bind>
</comp>

<comp id="592" class="1005" name="src_addr_1_reg_592">
<pin_list>
<pin id="593" dir="0" index="0" bw="6" slack="1"/>
<pin id="594" dir="1" index="1" bw="6" slack="1"/>
</pin_list>
<bind>
<opset="src_addr_1 "/>
</bind>
</comp>

<comp id="597" class="1005" name="src_addr_2_reg_597">
<pin_list>
<pin id="598" dir="0" index="0" bw="6" slack="3"/>
<pin id="599" dir="1" index="1" bw="6" slack="3"/>
</pin_list>
<bind>
<opset="src_addr_2 "/>
</bind>
</comp>

<comp id="602" class="1005" name="src_addr_3_reg_602">
<pin_list>
<pin id="603" dir="0" index="0" bw="6" slack="1"/>
<pin id="604" dir="1" index="1" bw="6" slack="1"/>
</pin_list>
<bind>
<opset="src_addr_3 "/>
</bind>
</comp>

<comp id="607" class="1005" name="src_addr_4_reg_607">
<pin_list>
<pin id="608" dir="0" index="0" bw="6" slack="3"/>
<pin id="609" dir="1" index="1" bw="6" slack="3"/>
</pin_list>
<bind>
<opset="src_addr_4 "/>
</bind>
</comp>

<comp id="612" class="1005" name="src_addr_5_reg_612">
<pin_list>
<pin id="613" dir="0" index="0" bw="6" slack="2"/>
<pin id="614" dir="1" index="1" bw="6" slack="2"/>
</pin_list>
<bind>
<opset="src_addr_5 "/>
</bind>
</comp>

<comp id="617" class="1005" name="src_addr_6_reg_617">
<pin_list>
<pin id="618" dir="0" index="0" bw="6" slack="4"/>
<pin id="619" dir="1" index="1" bw="6" slack="4"/>
</pin_list>
<bind>
<opset="src_addr_6 "/>
</bind>
</comp>

<comp id="622" class="1005" name="src_addr_7_reg_622">
<pin_list>
<pin id="623" dir="0" index="0" bw="6" slack="4"/>
<pin id="624" dir="1" index="1" bw="6" slack="4"/>
</pin_list>
<bind>
<opset="src_addr_7 "/>
</bind>
</comp>

<comp id="627" class="1005" name="tmp_reg_627">
<pin_list>
<pin id="628" dir="0" index="0" bw="1" slack="1"/>
<pin id="629" dir="1" index="1" bw="1" slack="2147483647"/>
</pin_list>
<bind>
<opset="tmp "/>
</bind>
</comp>

<comp id="631" class="1005" name="k_1_reg_631">
<pin_list>
<pin id="632" dir="0" index="0" bw="4" slack="0"/>
<pin id="633" dir="1" index="1" bw="4" slack="0"/>
</pin_list>
<bind>
<opset="k_1 "/>
</bind>
</comp>

<comp id="636" class="1005" name="k_cast8_reg_636">
<pin_list>
<pin id="637" dir="0" index="0" bw="32" slack="1"/>
<pin id="638" dir="1" index="1" bw="32" slack="1"/>
</pin_list>
<bind>
<opset="k_cast8 "/>
</bind>
</comp>

<comp id="646" class="1005" name="tmp_30_reg_646">
<pin_list>
<pin id="647" dir="0" index="0" bw="8" slack="7"/>
<pin id="648" dir="1" index="1" bw="8" slack="7"/>
</pin_list>
<bind>
<opset="tmp_30 "/>
</bind>
</comp>

<comp id="651" class="1005" name="dct_coeff_table_1_ad_reg_651">
<pin_list>
<pin id="652" dir="0" index="0" bw="3" slack="1"/>
<pin id="653" dir="1" index="1" bw="3" slack="1"/>
</pin_list>
<bind>
<opset="dct_coeff_table_1_ad "/>
</bind>
</comp>

<comp id="656" class="1005" name="dct_coeff_table_3_ad_reg_656">
<pin_list>
<pin id="657" dir="0" index="0" bw="3" slack="1"/>
<pin id="658" dir="1" index="1" bw="3" slack="1"/>
</pin_list>
<bind>
<opset="dct_coeff_table_3_ad "/>
</bind>
</comp>

<comp id="661" class="1005" name="dct_coeff_table_0_ad_reg_661">
<pin_list>
<pin id="662" dir="0" index="0" bw="3" slack="1"/>
<pin id="663" dir="1" index="1" bw="3" slack="1"/>
</pin_list>
<bind>
<opset="dct_coeff_table_0_ad "/>
</bind>
</comp>

<comp id="666" class="1005" name="dct_coeff_table_1_lo_reg_666">
<pin_list>
<pin id="667" dir="0" index="0" bw="15" slack="1"/>
<pin id="668" dir="1" index="1" bw="15" slack="1"/>
</pin_list>
<bind>
<opset="dct_coeff_table_1_lo "/>
</bind>
</comp>

<comp id="671" class="1005" name="dct_coeff_table_3_lo_reg_671">
<pin_list>
<pin id="672" dir="0" index="0" bw="15" slack="1"/>
<pin id="673" dir="1" index="1" bw="15" slack="1"/>
</pin_list>
<bind>
<opset="dct_coeff_table_3_lo "/>
</bind>
</comp>

<comp id="676" class="1005" name="dct_coeff_table_5_ad_reg_676">
<pin_list>
<pin id="677" dir="0" index="0" bw="3" slack="1"/>
<pin id="678" dir="1" index="1" bw="3" slack="1"/>
</pin_list>
<bind>
<opset="dct_coeff_table_5_ad "/>
</bind>
</comp>

<comp id="681" class="1005" name="dct_coeff_table_0_lo_reg_681">
<pin_list>
<pin id="682" dir="0" index="0" bw="14" slack="1"/>
<pin id="683" dir="1" index="1" bw="14" slack="1"/>
</pin_list>
<bind>
<opset="dct_coeff_table_0_lo "/>
</bind>
</comp>

<comp id="686" class="1005" name="tmp_7_1_reg_686">
<pin_list>
<pin id="687" dir="0" index="0" bw="29" slack="1"/>
<pin id="688" dir="1" index="1" bw="29" slack="1"/>
</pin_list>
<bind>
<opset="tmp_7_1 "/>
</bind>
</comp>

<comp id="691" class="1005" name="dct_coeff_table_2_ad_reg_691">
<pin_list>
<pin id="692" dir="0" index="0" bw="3" slack="1"/>
<pin id="693" dir="1" index="1" bw="3" slack="1"/>
</pin_list>
<bind>
<opset="dct_coeff_table_2_ad "/>
</bind>
</comp>

<comp id="696" class="1005" name="tmp_7_3_reg_696">
<pin_list>
<pin id="697" dir="0" index="0" bw="29" slack="2"/>
<pin id="698" dir="1" index="1" bw="29" slack="2"/>
</pin_list>
<bind>
<opset="tmp_7_3 "/>
</bind>
</comp>

<comp id="701" class="1005" name="dct_coeff_table_4_ad_reg_701">
<pin_list>
<pin id="702" dir="0" index="0" bw="3" slack="1"/>
<pin id="703" dir="1" index="1" bw="3" slack="1"/>
</pin_list>
<bind>
<opset="dct_coeff_table_4_ad "/>
</bind>
</comp>

<comp id="706" class="1005" name="dct_coeff_table_5_lo_reg_706">
<pin_list>
<pin id="707" dir="0" index="0" bw="15" slack="1"/>
<pin id="708" dir="1" index="1" bw="15" slack="1"/>
</pin_list>
<bind>
<opset="dct_coeff_table_5_lo "/>
</bind>
</comp>

<comp id="711" class="1005" name="dct_coeff_table_6_ad_reg_711">
<pin_list>
<pin id="712" dir="0" index="0" bw="3" slack="1"/>
<pin id="713" dir="1" index="1" bw="3" slack="1"/>
</pin_list>
<bind>
<opset="dct_coeff_table_6_ad "/>
</bind>
</comp>

<comp id="716" class="1005" name="dct_coeff_table_7_ad_reg_716">
<pin_list>
<pin id="717" dir="0" index="0" bw="3" slack="1"/>
<pin id="718" dir="1" index="1" bw="3" slack="1"/>
</pin_list>
<bind>
<opset="dct_coeff_table_7_ad "/>
</bind>
</comp>

<comp id="721" class="1005" name="dct_coeff_table_2_lo_reg_721">
<pin_list>
<pin id="722" dir="0" index="0" bw="15" slack="1"/>
<pin id="723" dir="1" index="1" bw="15" slack="1"/>
</pin_list>
<bind>
<opset="dct_coeff_table_2_lo "/>
</bind>
</comp>

<comp id="726" class="1005" name="dct_coeff_table_4_lo_reg_726">
<pin_list>
<pin id="727" dir="0" index="0" bw="15" slack="1"/>
<pin id="728" dir="1" index="1" bw="15" slack="1"/>
</pin_list>
<bind>
<opset="dct_coeff_table_4_lo "/>
</bind>
</comp>

<comp id="731" class="1005" name="tmp_7_5_reg_731">
<pin_list>
<pin id="732" dir="0" index="0" bw="29" slack="1"/>
<pin id="733" dir="1" index="1" bw="29" slack="1"/>
</pin_list>
<bind>
<opset="tmp_7_5 "/>
</bind>
</comp>

<comp id="736" class="1005" name="dct_coeff_table_6_lo_reg_736">
<pin_list>
<pin id="737" dir="0" index="0" bw="15" slack="2"/>
<pin id="738" dir="1" index="1" bw="15" slack="2"/>
</pin_list>
<bind>
<opset="dct_coeff_table_6_lo "/>
</bind>
</comp>

<comp id="741" class="1005" name="dct_coeff_table_7_lo_reg_741">
<pin_list>
<pin id="742" dir="0" index="0" bw="15" slack="2"/>
<pin id="743" dir="1" index="1" bw="15" slack="2"/>
</pin_list>
<bind>
<opset="dct_coeff_table_7_lo "/>
</bind>
</comp>

<comp id="746" class="1005" name="tmp2_reg_746">
<pin_list>
<pin id="747" dir="0" index="0" bw="29" slack="1"/>
<pin id="748" dir="1" index="1" bw="29" slack="1"/>
</pin_list>
<bind>
<opset="tmp2 "/>
</bind>
</comp>

<comp id="751" class="1005" name="tmp1_reg_751">
<pin_list>
<pin id="752" dir="0" index="0" bw="29" slack="2"/>
<pin id="753" dir="1" index="1" bw="29" slack="2"/>
</pin_list>
<bind>
<opset="tmp1 "/>
</bind>
</comp>

<comp id="756" class="1005" name="tmp5_reg_756">
<pin_list>
<pin id="757" dir="0" index="0" bw="29" slack="2"/>
<pin id="758" dir="1" index="1" bw="29" slack="2"/>
</pin_list>
<bind>
<opset="tmp5 "/>
</bind>
</comp>

<comp id="761" class="1005" name="tmp6_reg_761">
<pin_list>
<pin id="762" dir="0" index="0" bw="29" slack="1"/>
<pin id="763" dir="1" index="1" bw="29" slack="1"/>
</pin_list>
<bind>
<opset="tmp6 "/>
</bind>
</comp>

<comp id="766" class="1005" name="tmp_5_reg_766">
<pin_list>
<pin id="767" dir="0" index="0" bw="16" slack="1"/>
<pin id="768" dir="1" index="1" bw="16" slack="1"/>
</pin_list>
<bind>
<opset="tmp_5 "/>
</bind>
</comp>

</comp_list>

<net_list>
<net id="88"><net_src comp="24" pin="0"/><net_sink comp="84" pin=0"/></net>

<net id="89"><net_src comp="6" pin="0"/><net_sink comp="84" pin=1"/></net>

<net id="94"><net_src comp="24" pin="0"/><net_sink comp="90" pin=0"/></net>

<net id="95"><net_src comp="2" pin="0"/><net_sink comp="90" pin=1"/></net>

<net id="101"><net_src comp="0" pin="0"/><net_sink comp="96" pin=0"/></net>

<net id="102"><net_src comp="30" pin="0"/><net_sink comp="96" pin=1"/></net>

<net id="108"><net_src comp="0" pin="0"/><net_sink comp="103" pin=0"/></net>

<net id="109"><net_src comp="30" pin="0"/><net_sink comp="103" pin=1"/></net>

<net id="115"><net_src comp="0" pin="0"/><net_sink comp="110" pin=0"/></net>

<net id="116"><net_src comp="30" pin="0"/><net_sink comp="110" pin=1"/></net>

<net id="122"><net_src comp="0" pin="0"/><net_sink comp="117" pin=0"/></net>

<net id="123"><net_src comp="30" pin="0"/><net_sink comp="117" pin=1"/></net>

<net id="129"><net_src comp="0" pin="0"/><net_sink comp="124" pin=0"/></net>

<net id="130"><net_src comp="30" pin="0"/><net_sink comp="124" pin=1"/></net>

<net id="136"><net_src comp="0" pin="0"/><net_sink comp="131" pin=0"/></net>

<net id="137"><net_src comp="30" pin="0"/><net_sink comp="131" pin=1"/></net>

<net id="143"><net_src comp="0" pin="0"/><net_sink comp="138" pin=0"/></net>

<net id="144"><net_src comp="30" pin="0"/><net_sink comp="138" pin=1"/></net>

<net id="150"><net_src comp="0" pin="0"/><net_sink comp="145" pin=0"/></net>

<net id="151"><net_src comp="30" pin="0"/><net_sink comp="145" pin=1"/></net>

<net id="157"><net_src comp="10" pin="0"/><net_sink comp="152" pin=0"/></net>

<net id="158"><net_src comp="30" pin="0"/><net_sink comp="152" pin=1"/></net>

<net id="163"><net_src comp="152" pin="3"/><net_sink comp="159" pin=0"/></net>

<net id="173"><net_src comp="14" pin="0"/><net_sink comp="168" pin=0"/></net>

<net id="174"><net_src comp="30" pin="0"/><net_sink comp="168" pin=1"/></net>

<net id="179"><net_src comp="168" pin="3"/><net_sink comp="175" pin=0"/></net>

<net id="188"><net_src comp="8" pin="0"/><net_sink comp="183" pin=0"/></net>

<net id="189"><net_src comp="30" pin="0"/><net_sink comp="183" pin=1"/></net>

<net id="194"><net_src comp="183" pin="3"/><net_sink comp="190" pin=0"/></net>

<net id="200"><net_src comp="18" pin="0"/><net_sink comp="195" pin=0"/></net>

<net id="201"><net_src comp="30" pin="0"/><net_sink comp="195" pin=1"/></net>

<net id="206"><net_src comp="195" pin="3"/><net_sink comp="202" pin=0"/></net>

<net id="212"><net_src comp="12" pin="0"/><net_sink comp="207" pin=0"/></net>

<net id="213"><net_src comp="30" pin="0"/><net_sink comp="207" pin=1"/></net>

<net id="218"><net_src comp="207" pin="3"/><net_sink comp="214" pin=0"/></net>

<net id="224"><net_src comp="16" pin="0"/><net_sink comp="219" pin=0"/></net>

<net id="225"><net_src comp="30" pin="0"/><net_sink comp="219" pin=1"/></net>

<net id="230"><net_src comp="219" pin="3"/><net_sink comp="226" pin=0"/></net>

<net id="236"><net_src comp="20" pin="0"/><net_sink comp="231" pin=0"/></net>

<net id="237"><net_src comp="30" pin="0"/><net_sink comp="231" pin=1"/></net>

<net id="242"><net_src comp="231" pin="3"/><net_sink comp="238" pin=0"/></net>

<net id="248"><net_src comp="22" pin="0"/><net_sink comp="243" pin=0"/></net>

<net id="249"><net_src comp="30" pin="0"/><net_sink comp="243" pin=1"/></net>

<net id="254"><net_src comp="243" pin="3"/><net_sink comp="250" pin=0"/></net>

<net id="260"><net_src comp="4" pin="0"/><net_sink comp="255" pin=0"/></net>

<net id="261"><net_src comp="30" pin="0"/><net_sink comp="255" pin=1"/></net>

<net id="266"><net_src comp="255" pin="3"/><net_sink comp="262" pin=0"/></net>

<net id="270"><net_src comp="50" pin="0"/><net_sink comp="267" pin=0"/></net>

<net id="277"><net_src comp="267" pin="1"/><net_sink comp="271" pin=0"/></net>

<net id="281"><net_src comp="164" pin="2"/><net_sink comp="278" pin=0"/></net>

<net id="285"><net_src comp="164" pin="5"/><net_sink comp="282" pin=0"/></net>

<net id="291"><net_src comp="26" pin="0"/><net_sink comp="286" pin=0"/></net>

<net id="292"><net_src comp="84" pin="2"/><net_sink comp="286" pin=1"/></net>

<net id="293"><net_src comp="28" pin="0"/><net_sink comp="286" pin=2"/></net>

<net id="297"><net_src comp="286" pin="3"/><net_sink comp="294" pin=0"/></net>

<net id="303"><net_src comp="26" pin="0"/><net_sink comp="298" pin=0"/></net>

<net id="304"><net_src comp="90" pin="2"/><net_sink comp="298" pin=1"/></net>

<net id="305"><net_src comp="28" pin="0"/><net_sink comp="298" pin=2"/></net>

<net id="309"><net_src comp="298" pin="3"/><net_sink comp="306" pin=0"/></net>

<net id="310"><net_src comp="306" pin="1"/><net_sink comp="96" pin=2"/></net>

<net id="315"><net_src comp="298" pin="3"/><net_sink comp="311" pin=0"/></net>

<net id="316"><net_src comp="32" pin="0"/><net_sink comp="311" pin=1"/></net>

<net id="322"><net_src comp="34" pin="0"/><net_sink comp="317" pin=0"/></net>

<net id="323"><net_src comp="36" pin="0"/><net_sink comp="317" pin=1"/></net>

<net id="324"><net_src comp="311" pin="2"/><net_sink comp="317" pin=2"/></net>

<net id="325"><net_src comp="317" pin="3"/><net_sink comp="103" pin=2"/></net>

<net id="330"><net_src comp="298" pin="3"/><net_sink comp="326" pin=0"/></net>

<net id="331"><net_src comp="38" pin="0"/><net_sink comp="326" pin=1"/></net>

<net id="337"><net_src comp="34" pin="0"/><net_sink comp="332" pin=0"/></net>

<net id="338"><net_src comp="36" pin="0"/><net_sink comp="332" pin=1"/></net>

<net id="339"><net_src comp="326" pin="2"/><net_sink comp="332" pin=2"/></net>

<net id="340"><net_src comp="332" pin="3"/><net_sink comp="110" pin=2"/></net>

<net id="345"><net_src comp="298" pin="3"/><net_sink comp="341" pin=0"/></net>

<net id="346"><net_src comp="40" pin="0"/><net_sink comp="341" pin=1"/></net>

<net id="352"><net_src comp="34" pin="0"/><net_sink comp="347" pin=0"/></net>

<net id="353"><net_src comp="36" pin="0"/><net_sink comp="347" pin=1"/></net>

<net id="354"><net_src comp="341" pin="2"/><net_sink comp="347" pin=2"/></net>

<net id="355"><net_src comp="347" pin="3"/><net_sink comp="117" pin=2"/></net>

<net id="360"><net_src comp="298" pin="3"/><net_sink comp="356" pin=0"/></net>

<net id="361"><net_src comp="42" pin="0"/><net_sink comp="356" pin=1"/></net>

<net id="367"><net_src comp="34" pin="0"/><net_sink comp="362" pin=0"/></net>

<net id="368"><net_src comp="36" pin="0"/><net_sink comp="362" pin=1"/></net>

<net id="369"><net_src comp="356" pin="2"/><net_sink comp="362" pin=2"/></net>

<net id="370"><net_src comp="362" pin="3"/><net_sink comp="124" pin=2"/></net>

<net id="375"><net_src comp="298" pin="3"/><net_sink comp="371" pin=0"/></net>

<net id="376"><net_src comp="44" pin="0"/><net_sink comp="371" pin=1"/></net>

<net id="382"><net_src comp="34" pin="0"/><net_sink comp="377" pin=0"/></net>

<net id="383"><net_src comp="36" pin="0"/><net_sink comp="377" pin=1"/></net>

<net id="384"><net_src comp="371" pin="2"/><net_sink comp="377" pin=2"/></net>

<net id="385"><net_src comp="377" pin="3"/><net_sink comp="131" pin=2"/></net>

<net id="390"><net_src comp="298" pin="3"/><net_sink comp="386" pin=0"/></net>

<net id="391"><net_src comp="46" pin="0"/><net_sink comp="386" pin=1"/></net>

<net id="397"><net_src comp="34" pin="0"/><net_sink comp="392" pin=0"/></net>

<net id="398"><net_src comp="36" pin="0"/><net_sink comp="392" pin=1"/></net>

<net id="399"><net_src comp="386" pin="2"/><net_sink comp="392" pin=2"/></net>

<net id="400"><net_src comp="392" pin="3"/><net_sink comp="138" pin=2"/></net>

<net id="405"><net_src comp="298" pin="3"/><net_sink comp="401" pin=0"/></net>

<net id="406"><net_src comp="48" pin="0"/><net_sink comp="401" pin=1"/></net>

<net id="412"><net_src comp="34" pin="0"/><net_sink comp="407" pin=0"/></net>

<net id="413"><net_src comp="36" pin="0"/><net_sink comp="407" pin=1"/></net>

<net id="414"><net_src comp="401" pin="2"/><net_sink comp="407" pin=2"/></net>

<net id="415"><net_src comp="407" pin="3"/><net_sink comp="145" pin=2"/></net>

<net id="420"><net_src comp="271" pin="4"/><net_sink comp="416" pin=0"/></net>

<net id="421"><net_src comp="52" pin="0"/><net_sink comp="416" pin=1"/></net>

<net id="426"><net_src comp="271" pin="4"/><net_sink comp="422" pin=0"/></net>

<net id="427"><net_src comp="54" pin="0"/><net_sink comp="422" pin=1"/></net>

<net id="431"><net_src comp="271" pin="4"/><net_sink comp="428" pin=0"/></net>

<net id="432"><net_src comp="428" pin="1"/><net_sink comp="152" pin=2"/></net>

<net id="433"><net_src comp="428" pin="1"/><net_sink comp="168" pin=2"/></net>

<net id="437"><net_src comp="271" pin="4"/><net_sink comp="434" pin=0"/></net>

<net id="442"><net_src comp="434" pin="1"/><net_sink comp="438" pin=1"/></net>

<net id="449"><net_src comp="278" pin="1"/><net_sink comp="446" pin=0"/></net>

<net id="456"><net_src comp="282" pin="1"/><net_sink comp="453" pin=0"/></net>

<net id="463"><net_src comp="278" pin="1"/><net_sink comp="460" pin=0"/></net>

<net id="470"><net_src comp="282" pin="1"/><net_sink comp="467" pin=0"/></net>

<net id="477"><net_src comp="278" pin="1"/><net_sink comp="474" pin=0"/></net>

<net id="484"><net_src comp="282" pin="1"/><net_sink comp="481" pin=0"/></net>

<net id="495"><net_src comp="278" pin="1"/><net_sink comp="492" pin=0"/></net>

<net id="502"><net_src comp="282" pin="1"/><net_sink comp="499" pin=0"/></net>

<net id="511"><net_src comp="503" pin="2"/><net_sink comp="507" pin=1"/></net>

<net id="518"><net_src comp="58" pin="0"/><net_sink comp="512" pin=0"/></net>

<net id="519"><net_src comp="507" pin="2"/><net_sink comp="512" pin=1"/></net>

<net id="520"><net_src comp="60" pin="0"/><net_sink comp="512" pin=2"/></net>

<net id="521"><net_src comp="62" pin="0"/><net_sink comp="512" pin=3"/></net>

<net id="525"><net_src comp="522" pin="1"/><net_sink comp="255" pin=2"/></net>

<net id="530"><net_src comp="446" pin="1"/><net_sink comp="526" pin=0"/></net>

<net id="531"><net_src comp="443" pin="1"/><net_sink comp="526" pin=1"/></net>

<net id="536"><net_src comp="453" pin="1"/><net_sink comp="532" pin=0"/></net>

<net id="537"><net_src comp="450" pin="1"/><net_sink comp="532" pin=1"/></net>

<net id="543"><net_src comp="460" pin="1"/><net_sink comp="538" pin=0"/></net>

<net id="544"><net_src comp="457" pin="1"/><net_sink comp="538" pin=1"/></net>

<net id="549"><net_src comp="467" pin="1"/><net_sink comp="545" pin=0"/></net>

<net id="550"><net_src comp="464" pin="1"/><net_sink comp="545" pin=1"/></net>

<net id="556"><net_src comp="474" pin="1"/><net_sink comp="551" pin=0"/></net>

<net id="557"><net_src comp="471" pin="1"/><net_sink comp="551" pin=1"/></net>

<net id="558"><net_src comp="551" pin="3"/><net_sink comp="485" pin=1"/></net>

<net id="564"><net_src comp="481" pin="1"/><net_sink comp="559" pin=0"/></net>

<net id="565"><net_src comp="478" pin="1"/><net_sink comp="559" pin=1"/></net>

<net id="571"><net_src comp="492" pin="1"/><net_sink comp="566" pin=0"/></net>

<net id="572"><net_src comp="489" pin="1"/><net_sink comp="566" pin=1"/></net>

<net id="578"><net_src comp="499" pin="1"/><net_sink comp="573" pin=0"/></net>

<net id="579"><net_src comp="496" pin="1"/><net_sink comp="573" pin=1"/></net>

<net id="580"><net_src comp="56" pin="0"/><net_sink comp="573" pin=2"/></net>

<net id="581"><net_src comp="573" pin="3"/><net_sink comp="566" pin=1"/></net>

<net id="585"><net_src comp="294" pin="1"/><net_sink comp="582" pin=0"/></net>

<net id="586"><net_src comp="582" pin="1"/><net_sink comp="438" pin=0"/></net>

<net id="590"><net_src comp="96" pin="3"/><net_sink comp="587" pin=0"/></net>

<net id="591"><net_src comp="587" pin="1"/><net_sink comp="164" pin=0"/></net>

<net id="595"><net_src comp="103" pin="3"/><net_sink comp="592" pin=0"/></net>

<net id="596"><net_src comp="592" pin="1"/><net_sink comp="164" pin=0"/></net>

<net id="600"><net_src comp="110" pin="3"/><net_sink comp="597" pin=0"/></net>

<net id="601"><net_src comp="597" pin="1"/><net_sink comp="164" pin=0"/></net>

<net id="605"><net_src comp="117" pin="3"/><net_sink comp="602" pin=0"/></net>

<net id="606"><net_src comp="602" pin="1"/><net_sink comp="164" pin=3"/></net>

<net id="610"><net_src comp="124" pin="3"/><net_sink comp="607" pin=0"/></net>

<net id="611"><net_src comp="607" pin="1"/><net_sink comp="164" pin=3"/></net>

<net id="615"><net_src comp="131" pin="3"/><net_sink comp="612" pin=0"/></net>

<net id="616"><net_src comp="612" pin="1"/><net_sink comp="164" pin=3"/></net>

<net id="620"><net_src comp="138" pin="3"/><net_sink comp="617" pin=0"/></net>

<net id="621"><net_src comp="617" pin="1"/><net_sink comp="164" pin=0"/></net>

<net id="625"><net_src comp="145" pin="3"/><net_sink comp="622" pin=0"/></net>

<net id="626"><net_src comp="622" pin="1"/><net_sink comp="164" pin=3"/></net>

<net id="630"><net_src comp="416" pin="2"/><net_sink comp="627" pin=0"/></net>

<net id="634"><net_src comp="422" pin="2"/><net_sink comp="631" pin=0"/></net>

<net id="635"><net_src comp="631" pin="1"/><net_sink comp="271" pin=2"/></net>

<net id="639"><net_src comp="428" pin="1"/><net_sink comp="636" pin=0"/></net>

<net id="640"><net_src comp="636" pin="1"/><net_sink comp="183" pin=2"/></net>

<net id="641"><net_src comp="636" pin="1"/><net_sink comp="195" pin=2"/></net>

<net id="642"><net_src comp="636" pin="1"/><net_sink comp="207" pin=2"/></net>

<net id="643"><net_src comp="636" pin="1"/><net_sink comp="219" pin=2"/></net>

<net id="644"><net_src comp="636" pin="1"/><net_sink comp="231" pin=2"/></net>

<net id="645"><net_src comp="636" pin="1"/><net_sink comp="243" pin=2"/></net>

<net id="649"><net_src comp="438" pin="2"/><net_sink comp="646" pin=0"/></net>

<net id="650"><net_src comp="646" pin="1"/><net_sink comp="522" pin=0"/></net>

<net id="654"><net_src comp="152" pin="3"/><net_sink comp="651" pin=0"/></net>

<net id="655"><net_src comp="651" pin="1"/><net_sink comp="159" pin=0"/></net>

<net id="659"><net_src comp="168" pin="3"/><net_sink comp="656" pin=0"/></net>

<net id="660"><net_src comp="656" pin="1"/><net_sink comp="175" pin=0"/></net>

<net id="664"><net_src comp="183" pin="3"/><net_sink comp="661" pin=0"/></net>

<net id="665"><net_src comp="661" pin="1"/><net_sink comp="190" pin=0"/></net>

<net id="669"><net_src comp="159" pin="2"/><net_sink comp="666" pin=0"/></net>

<net id="670"><net_src comp="666" pin="1"/><net_sink comp="443" pin=0"/></net>

<net id="674"><net_src comp="175" pin="2"/><net_sink comp="671" pin=0"/></net>

<net id="675"><net_src comp="671" pin="1"/><net_sink comp="450" pin=0"/></net>

<net id="679"><net_src comp="195" pin="3"/><net_sink comp="676" pin=0"/></net>

<net id="680"><net_src comp="676" pin="1"/><net_sink comp="202" pin=0"/></net>

<net id="684"><net_src comp="190" pin="2"/><net_sink comp="681" pin=0"/></net>

<net id="685"><net_src comp="681" pin="1"/><net_sink comp="457" pin=0"/></net>

<net id="689"><net_src comp="526" pin="2"/><net_sink comp="686" pin=0"/></net>

<net id="690"><net_src comp="686" pin="1"/><net_sink comp="538" pin=0"/></net>

<net id="694"><net_src comp="207" pin="3"/><net_sink comp="691" pin=0"/></net>

<net id="695"><net_src comp="691" pin="1"/><net_sink comp="214" pin=0"/></net>

<net id="699"><net_src comp="532" pin="2"/><net_sink comp="696" pin=0"/></net>

<net id="700"><net_src comp="696" pin="1"/><net_sink comp="551" pin=0"/></net>

<net id="704"><net_src comp="219" pin="3"/><net_sink comp="701" pin=0"/></net>

<net id="705"><net_src comp="701" pin="1"/><net_sink comp="226" pin=0"/></net>

<net id="709"><net_src comp="202" pin="2"/><net_sink comp="706" pin=0"/></net>

<net id="710"><net_src comp="706" pin="1"/><net_sink comp="464" pin=0"/></net>

<net id="714"><net_src comp="231" pin="3"/><net_sink comp="711" pin=0"/></net>

<net id="715"><net_src comp="711" pin="1"/><net_sink comp="238" pin=0"/></net>

<net id="719"><net_src comp="243" pin="3"/><net_sink comp="716" pin=0"/></net>

<net id="720"><net_src comp="716" pin="1"/><net_sink comp="250" pin=0"/></net>

<net id="724"><net_src comp="214" pin="2"/><net_sink comp="721" pin=0"/></net>

<net id="725"><net_src comp="721" pin="1"/><net_sink comp="471" pin=0"/></net>

<net id="729"><net_src comp="226" pin="2"/><net_sink comp="726" pin=0"/></net>

<net id="730"><net_src comp="726" pin="1"/><net_sink comp="478" pin=0"/></net>

<net id="734"><net_src comp="545" pin="2"/><net_sink comp="731" pin=0"/></net>

<net id="735"><net_src comp="731" pin="1"/><net_sink comp="559" pin=0"/></net>

<net id="739"><net_src comp="238" pin="2"/><net_sink comp="736" pin=0"/></net>

<net id="740"><net_src comp="736" pin="1"/><net_sink comp="489" pin=0"/></net>

<net id="744"><net_src comp="250" pin="2"/><net_sink comp="741" pin=0"/></net>

<net id="745"><net_src comp="741" pin="1"/><net_sink comp="496" pin=0"/></net>

<net id="749"><net_src comp="538" pin="3"/><net_sink comp="746" pin=0"/></net>

<net id="750"><net_src comp="746" pin="1"/><net_sink comp="485" pin=0"/></net>

<net id="754"><net_src comp="485" pin="2"/><net_sink comp="751" pin=0"/></net>

<net id="755"><net_src comp="751" pin="1"/><net_sink comp="507" pin=0"/></net>

<net id="759"><net_src comp="559" pin="3"/><net_sink comp="756" pin=0"/></net>

<net id="760"><net_src comp="756" pin="1"/><net_sink comp="503" pin=0"/></net>

<net id="764"><net_src comp="566" pin="3"/><net_sink comp="761" pin=0"/></net>

<net id="765"><net_src comp="761" pin="1"/><net_sink comp="503" pin=1"/></net>

<net id="769"><net_src comp="512" pin="4"/><net_sink comp="766" pin=0"/></net>

<net id="770"><net_src comp="766" pin="1"/><net_sink comp="262" pin=1"/></net>

</net_list>

</model> 
---------------- Datapath Model END ------------------

* FSMD analyzer results:
  - Output states:
	Port: dst | {9 }
 - Input state : 
	Port: dct_1d2 : src | {2 3 4 5 6 }
	Port: dct_1d2 : i_2 | {1 }
	Port: dct_1d2 : i_21 | {1 }
	Port: dct_1d2 : dct_coeff_table_0 | {3 4 }
	Port: dct_1d2 : dct_coeff_table_1 | {2 3 }
	Port: dct_1d2 : dct_coeff_table_2 | {4 5 }
	Port: dct_1d2 : dct_coeff_table_3 | {2 3 }
	Port: dct_1d2 : dct_coeff_table_4 | {4 5 }
	Port: dct_1d2 : dct_coeff_table_5 | {3 4 }
	Port: dct_1d2 : dct_coeff_table_6 | {4 5 }
	Port: dct_1d2 : dct_coeff_table_7 | {4 5 }
  - Chain level:
	State 1
		tmp_18_cast : 1
		tmp_15 : 1
		src_addr : 2
		tmp_16 : 1
		tmp_17 : 1
		src_addr_1 : 2
		tmp_18 : 1
		tmp_19 : 1
		src_addr_2 : 2
		tmp_20 : 1
		tmp_21 : 1
		src_addr_3 : 2
		tmp_22 : 1
		tmp_23 : 1
		src_addr_4 : 2
		tmp_24 : 1
		tmp_25 : 1
		src_addr_5 : 2
		tmp_26 : 1
		tmp_27 : 1
		src_addr_6 : 2
		tmp_28 : 1
		tmp_29 : 1
		src_addr_7 : 2
	State 2
		tmp : 1
		k_1 : 1
		StgValue_43 : 2
		k_cast8 : 1
		k_cast8_cast : 1
		tmp_30 : 2
		dct_coeff_table_1_ad : 2
		dct_coeff_table_1_lo : 3
		dct_coeff_table_3_ad : 2
		dct_coeff_table_3_lo : 3
	State 3
		dct_coeff_table_0_lo : 1
		dct_coeff_table_5_lo : 1
	State 4
		tmp_7_1 : 1
		dct_coeff_table_2_lo : 1
		tmp_7_3 : 1
		dct_coeff_table_4_lo : 1
		dct_coeff_table_6_lo : 1
		dct_coeff_table_7_lo : 1
	State 5
		tmp_7 : 1
		tmp_7_5 : 1
		tmp2 : 2
	State 6
		tmp_7_2 : 1
		tmp_7_4 : 1
		tmp3 : 2
		tmp1 : 3
		tmp5 : 2
	State 7
		tmp_7_6 : 1
		tmp_7_7 : 1
		tmp7 : 2
		tmp6 : 3
	State 8
		tmp_3 : 1
		tmp_5 : 2
	State 9
		dst_addr : 1
		StgValue_126 : 2
		empty_10 : 1
	State 10


============================================================
+ Verbose Summary: Datapath Resource usage 
============================================================

* Functional unit list:
|----------|----------------------|---------|---------|---------|
| Operation|    Functional Unit   |  DSP48E |    FF   |   LUT   |
|----------|----------------------|---------|---------|---------|
|          |      k_1_fu_422      |    0    |    17   |    9    |
|          |     tmp_30_fu_438    |    0    |    26   |    12   |
|    add   |      tmp1_fu_485     |    0    |    92   |    34   |
|          |      tmp4_fu_503     |    0    |    0    |    29   |
|          |     tmp_3_fu_507     |    0    |    0    |    29   |
|----------|----------------------|---------|---------|---------|
|          |      grp_fu_538      |    1    |    0    |    0    |
|          |      grp_fu_551      |    1    |    0    |    0    |
|  muladd  |      grp_fu_559      |    1    |    0    |    0    |
|          |      grp_fu_566      |    1    |    0    |    0    |
|          |      grp_fu_573      |    1    |    0    |    0    |
|----------|----------------------|---------|---------|---------|
|          |    tmp_7_1_fu_526    |    1    |    0    |    0    |
|    mul   |    tmp_7_3_fu_532    |    1    |    0    |    0    |
|          |    tmp_7_5_fu_545    |    1    |    0    |    0    |
|----------|----------------------|---------|---------|---------|
|   icmp   |      tmp_fu_416      |    0    |    0    |    2    |
|----------|----------------------|---------|---------|---------|
|   read   | i_21_read_read_fu_84 |    0    |    0    |    0    |
|          |  i_2_read_read_fu_90 |    0    |    0    |    0    |
|----------|----------------------|---------|---------|---------|
|          |     tmp_13_fu_286    |    0    |    0    |    0    |
|          |     tmp_14_fu_298    |    0    |    0    |    0    |
|          |     tmp_17_fu_317    |    0    |    0    |    0    |
|          |     tmp_19_fu_332    |    0    |    0    |    0    |
|bitconcatenate|     tmp_21_fu_347    |    0    |    0    |    0    |
|          |     tmp_23_fu_362    |    0    |    0    |    0    |
|          |     tmp_25_fu_377    |    0    |    0    |    0    |
|          |     tmp_27_fu_392    |    0    |    0    |    0    |
|          |     tmp_29_fu_407    |    0    |    0    |    0    |
|----------|----------------------|---------|---------|---------|
|          |  tmp_18_cast_fu_294  |    0    |    0    |    0    |
|          |     tmp_15_fu_306    |    0    |    0    |    0    |
|   zext   |    k_cast8_fu_428    |    0    |    0    |    0    |
|          |  k_cast8_cast_fu_434 |    0    |    0    |    0    |
|          |   coeff_cast_fu_457  |    0    |    0    |    0    |
|          |  tmp_35_cast_fu_522  |    0    |    0    |    0    |
|----------|----------------------|---------|---------|---------|
|          |     tmp_16_fu_311    |    0    |    0    |    0    |
|          |     tmp_18_fu_326    |    0    |    0    |    0    |
|          |     tmp_20_fu_341    |    0    |    0    |    0    |
|    or    |     tmp_22_fu_356    |    0    |    0    |    0    |
|          |     tmp_24_fu_371    |    0    |    0    |    0    |
|          |     tmp_26_fu_386    |    0    |    0    |    0    |
|          |     tmp_28_fu_401    |    0    |    0    |    0    |
|----------|----------------------|---------|---------|---------|
|          |  coeff_1_cast_fu_443 |    0    |    0    |    0    |
|          |  tmp_6_1_cast_fu_446 |    0    |    0    |    0    |
|          |  coeff_3_cast_fu_450 |    0    |    0    |    0    |
|          |  tmp_6_3_cast_fu_453 |    0    |    0    |    0    |
|          |   tmp_6_cast_fu_460  |    0    |    0    |    0    |
|          |  coeff_5_cast_fu_464 |    0    |    0    |    0    |
|          |  tmp_6_5_cast_fu_467 |    0    |    0    |    0    |
|   sext   |  coeff_2_cast_fu_471 |    0    |    0    |    0    |
|          |  tmp_6_2_cast_fu_474 |    0    |    0    |    0    |
|          |  coeff_4_cast_fu_478 |    0    |    0    |    0    |
|          |  tmp_6_4_cast_fu_481 |    0    |    0    |    0    |
|          |  coeff_6_cast_fu_489 |    0    |    0    |    0    |
|          |  tmp_6_6_cast_fu_492 |    0    |    0    |    0    |
|          |  coeff_7_cast_fu_496 |    0    |    0    |    0    |
|          |  tmp_6_7_cast_fu_499 |    0    |    0    |    0    |
|----------|----------------------|---------|---------|---------|
|partselect|     tmp_5_fu_512     |    0    |    0    |    0    |
|----------|----------------------|---------|---------|---------|
|   Total  |                      |    8    |   135   |   115   |
|----------|----------------------|---------|---------|---------|

Memories:
N/A

* Register list:
+----------------------------+--------+
|                            |   FF   |
+----------------------------+--------+
|dct_coeff_table_0_ad_reg_661|    3   |
|dct_coeff_table_0_lo_reg_681|   14   |
|dct_coeff_table_1_ad_reg_651|    3   |
|dct_coeff_table_1_lo_reg_666|   15   |
|dct_coeff_table_2_ad_reg_691|    3   |
|dct_coeff_table_2_lo_reg_721|   15   |
|dct_coeff_table_3_ad_reg_656|    3   |
|dct_coeff_table_3_lo_reg_671|   15   |
|dct_coeff_table_4_ad_reg_701|    3   |
|dct_coeff_table_4_lo_reg_726|   15   |
|dct_coeff_table_5_ad_reg_676|    3   |
|dct_coeff_table_5_lo_reg_706|   15   |
|dct_coeff_table_6_ad_reg_711|    3   |
|dct_coeff_table_6_lo_reg_736|   15   |
|dct_coeff_table_7_ad_reg_716|    3   |
|dct_coeff_table_7_lo_reg_741|   15   |
|         k_1_reg_631        |    4   |
|       k_cast8_reg_636      |   32   |
|          k_reg_267         |    4   |
|           reg_278          |   16   |
|           reg_282          |   16   |
|     src_addr_1_reg_592     |    6   |
|     src_addr_2_reg_597     |    6   |
|     src_addr_3_reg_602     |    6   |
|     src_addr_4_reg_607     |    6   |
|     src_addr_5_reg_612     |    6   |
|     src_addr_6_reg_617     |    6   |
|     src_addr_7_reg_622     |    6   |
|      src_addr_reg_587      |    6   |
|        tmp1_reg_751        |   29   |
|        tmp2_reg_746        |   29   |
|        tmp5_reg_756        |   29   |
|        tmp6_reg_761        |   29   |
|     tmp_18_cast_reg_582    |    8   |
|       tmp_30_reg_646       |    8   |
|        tmp_5_reg_766       |   16   |
|       tmp_7_1_reg_686      |   29   |
|       tmp_7_3_reg_696      |   29   |
|       tmp_7_5_reg_731      |   29   |
|         tmp_reg_627        |    1   |
+----------------------------+--------+
|            Total           |   499  |
+----------------------------+--------+

* Multiplexer (MUX) list: 
|-------------------|------|------|------|--------||---------||---------|
|        Comp       |  Pin | Size |  BW  | S x BW ||  Delay  ||   LUT   |
|-------------------|------|------|------|--------||---------||---------|
| grp_access_fu_159 |  p0  |   2  |   3  |    6   ||    9    |
| grp_access_fu_164 |  p0  |   4  |   6  |   24   ||    21   |
| grp_access_fu_164 |  p3  |   4  |   6  |   24   ||    21   |
| grp_access_fu_175 |  p0  |   2  |   3  |    6   ||    9    |
| grp_access_fu_190 |  p0  |   2  |   3  |    6   ||    9    |
| grp_access_fu_202 |  p0  |   2  |   3  |    6   ||    9    |
| grp_access_fu_214 |  p0  |   2  |   3  |    6   ||    9    |
| grp_access_fu_226 |  p0  |   2  |   3  |    6   ||    9    |
| grp_access_fu_238 |  p0  |   2  |   3  |    6   ||    9    |
| grp_access_fu_250 |  p0  |   2  |   3  |    6   ||    9    |
|     grp_fu_538    |  p0  |   2  |  16  |   32   ||    9    |
|     grp_fu_551    |  p0  |   2  |  16  |   32   ||    9    |
|     grp_fu_559    |  p0  |   2  |  16  |   32   ||    9    |
|     grp_fu_566    |  p1  |   2  |  15  |   30   ||    9    |
|-------------------|------|------|------|--------||---------||---------|
|       Total       |      |      |      |   222  ||  22.972 ||   150   |
|-------------------|------|------|------|--------||---------||---------|



* Summary:
+-----------+--------+--------+--------+--------+
|           | DSP48E |  Delay |   FF   |   LUT  |
+-----------+--------+--------+--------+--------+
|  Function |    8   |    -   |   135  |   115  |
|   Memory  |    -   |    -   |    -   |    -   |
|Multiplexer|    -   |   22   |    -   |   150  |
|  Register |    -   |    -   |   499  |    -   |
+-----------+--------+--------+--------+--------+
|   Total   |    8   |   22   |   634  |   265  |
+-----------+--------+--------+--------+--------+
