

================================================================
== Vivado HLS Report for 'energy'
================================================================
* Date:           Wed May 25 15:39:39 2022

* Version:        2017.2 (Build 1909853 on Thu Jun 15 18:55:24 MDT 2017)
* Project:        final_project_hls_energy
* Solution:       solution1
* Product family: zynq
* Target device:  xc7z010clg400-1


================================================================
== Performance Estimates
================================================================
+ Timing (ns): 
    * Summary: 
    +--------+-------+----------+------------+
    |  Clock | Target| Estimated| Uncertainty|
    +--------+-------+----------+------------+
    |ap_clk  |   8.00|      6.38|        1.00|
    +--------+-------+----------+------------+

+ Latency (clock cycles): 
    * Summary: 
    +-----+-----+-----+-----+---------+
    |  Latency  |  Interval | Pipeline|
    | min | max | min | max |   Type  |
    +-----+-----+-----+-----+---------+
    |    0|    0|    1|    1|   none  |
    +-----+-----+-----+-----+---------+

    + Detail: 
        * Instance: 
        N/A

        * Loop: 
        N/A



================================================================
== Utilization Estimates
================================================================
* Summary: 
+-----------------+---------+-------+-------+-------+
|       Name      | BRAM_18K| DSP48E|   FF  |  LUT  |
+-----------------+---------+-------+-------+-------+
|DSP              |        -|      1|      -|      -|
|Expression       |        -|      -|      -|      -|
|FIFO             |        -|      -|      -|      -|
|Instance         |        -|      -|      -|      -|
|Memory           |        -|      -|      -|      -|
|Multiplexer      |        -|      -|      -|     36|
|Register         |        -|      -|     18|      -|
+-----------------+---------+-------+-------+-------+
|Total            |        0|      1|     18|     36|
+-----------------+---------+-------+-------+-------+
|Available        |      120|     80|  35200|  17600|
+-----------------+---------+-------+-------+-------+
|Utilization (%)  |        0|      1|   ~0  |   ~0  |
+-----------------+---------+-------+-------+-------+

+ Detail: 
    * Instance: 
    N/A

    * DSP48: 
    +-------------------------+----------------------+-----------+
    |         Instance        |        Module        | Expression|
    +-------------------------+----------------------+-----------+
    |energy_mul_mul_16bkb_U0  |energy_mul_mul_16bkb  |  i0 * i0  |
    +-------------------------+----------------------+-----------+

    * Memory: 
    N/A

    * FIFO: 
    N/A

    * Expression: 
    N/A

    * Multiplexer: 
    +-----------------+----+-----------+-----+-----------+
    |       Name      | LUT| Input Size| Bits| Total Bits|
    +-----------------+----+-----------+-----+-----------+
    |x_ap_vld_in_sig  |   9|          2|    1|          2|
    |x_ap_vld_preg    |   9|          2|    1|          2|
    |x_blk_n          |   9|          2|    1|          2|
    |x_in_sig         |   9|          2|   16|         32|
    +-----------------+----+-----------+-----+-----------+
    |Total            |  36|          8|   19|         38|
    +-----------------+----+-----------+-----+-----------+

    * Register: 
    +---------------+----+----+-----+-----------+
    |      Name     | FF | LUT| Bits| Const Bits|
    +---------------+----+----+-----+-----------+
    |ap_CS_fsm      |   1|   0|    1|          0|
    |x_ap_vld_preg  |   1|   0|    1|          0|
    |x_preg         |  16|   0|   16|          0|
    +---------------+----+----+-----+-----------+
    |Total          |  18|   0|   18|          0|
    +---------------+----+----+-----+-----------+



================================================================
== Interface
================================================================
* Summary: 
+----------+-----+-----+--------------+--------------+--------------+
| RTL Ports| Dir | Bits|   Protocol   | Source Object|    C Type    |
+----------+-----+-----+--------------+--------------+--------------+
|ap_clk    |  in |    1| ap_ctrl_none |    energy    | return value |
|ap_rst    |  in |    1| ap_ctrl_none |    energy    | return value |
|y         | out |   16|    ap_vld    |       y      |    pointer   |
|y_ap_vld  | out |    1|    ap_vld    |       y      |    pointer   |
|x         |  in |   16|    ap_vld    |       x      |    scalar    |
|x_ap_vld  |  in |    1|    ap_vld    |       x      |    scalar    |
+----------+-----+-----+--------------+--------------+--------------+

============================================================
+ Verbose Summary: Synthesis Manager
============================================================
InlineROM: 1
ExposeGlobal: 0
============================================================
+ Verbose Summary: CDFG Model
============================================================
IsTopModel: 1
ResetActiveHigh: 1
IsCombinational: 2
IsDatapathOnly: 2
HasWiredReturn: 1
HasMFsm: 0
HasVarLatency: 0
IsPipeline: 0
IsRtlPipelined: 0
IsInstanceOverlapped: 0
IsDontTouch: 0
HasImplIP: 0
IsGatedGlobalClock: 0


============================================================
+ Verbose Summary: Schedule
============================================================
* Number of FSM states: 1
* Pipeline: 0
* Dataflow Pipeline: 0

* FSM state transitions: 
1 --> 
* FSM state operations: 

 <State 1>: 6.38ns
ST_1: StgValue_2 (3)  [1/1] 0.00ns
:0  call void (...)* @_ssdm_op_SpecBitsMap(i16* %y) nounwind, !map !7

ST_1: StgValue_3 (4)  [1/1] 0.00ns
:1  call void (...)* @_ssdm_op_SpecBitsMap(i16 %x) nounwind, !map !13

ST_1: StgValue_4 (5)  [1/1] 0.00ns
:2  call void (...)* @_ssdm_op_SpecTopModule([7 x i8]* @energy_str) nounwind

ST_1: x_read (6)  [1/1] 0.00ns
:3  %x_read = call i16 @_ssdm_op_Read.ap_vld.i16(i16 %x) nounwind

ST_1: StgValue_6 (7)  [1/1] 0.00ns  loc: final_project_hls_energy/energy.c:5
:4  call void (...)* @_ssdm_op_SpecInterface(i16* %y, [7 x i8]* @p_str, i32 0, i32 0, [1 x i8]* @p_str1, i32 0, i32 0, [1 x i8]* @p_str1, [1 x i8]* @p_str1, [1 x i8]* @p_str1, i32 0, i32 0, i32 0, i32 0, [1 x i8]* @p_str1, [1 x i8]* @p_str1) nounwind

ST_1: StgValue_7 (8)  [1/1] 0.00ns  loc: final_project_hls_energy/energy.c:5
:5  call void (...)* @_ssdm_op_SpecInterface(i16 %x, [7 x i8]* @p_str, i32 0, i32 0, [1 x i8]* @p_str1, i32 0, i32 0, [1 x i8]* @p_str1, [1 x i8]* @p_str1, [1 x i8]* @p_str1, i32 0, i32 0, i32 0, i32 0, [1 x i8]* @p_str1, [1 x i8]* @p_str1) nounwind

ST_1: StgValue_8 (9)  [1/1] 0.00ns  loc: final_project_hls_energy/energy.c:5
:6  call void (...)* @_ssdm_op_SpecInterface(i32 0, [13 x i8]* @p_str2, i32 0, i32 0, [1 x i8]* @p_str1, i32 0, i32 0, [1 x i8]* @p_str1, [1 x i8]* @p_str1, [1 x i8]* @p_str1, i32 0, i32 0, i32 0, i32 0, [1 x i8]* @p_str1, [1 x i8]* @p_str1) nounwind

ST_1: tmp_1 (10)  [1/1] 6.38ns  loc: final_project_hls_energy/energy.c:5
:7  %tmp_1 = mul i16 %x_read, %x_read

ST_1: StgValue_10 (11)  [1/1] 0.00ns  loc: final_project_hls_energy/energy.c:5
:8  call void @_ssdm_op_Write.ap_vld.i16P(i16* %y, i16 %tmp_1) nounwind

ST_1: StgValue_11 (12)  [1/1] 0.00ns  loc: final_project_hls_energy/energy.c:6
:9  ret void



============================================================
+ Verbose Summary: Binding
============================================================
STG Binding: 
---------------- STG Properties BEGIN ----------------
- Is combinational: 0
- Is one-state seq: 1
- Is datapath-only: 0
- Is pipelined: 0
- Is top level: 1
Port [ Return ] is wired: 1; IO mode=ap_ctrl_none:ce=0
Port [ y]:  wired=1; compound=0; hidden=0; nouse=0; global=0; static=0; extern=0; dir=1; type=0; pingpong=0; private_global=0; IO mode=ap_vld:ce=0
Port [ x]:  wired=1; compound=0; hidden=0; nouse=0; global=0; static=0; extern=0; dir=0; type=0; pingpong=0; private_global=0; IO mode=ap_vld:ce=0
---------------- STG Properties END ------------------

---------------- Datapath Model BEGIN ----------------

<LifeTime>
<method=bitvector/>
StgValue_2  (specbitsmap  ) [ 00]
StgValue_3  (specbitsmap  ) [ 00]
StgValue_4  (spectopmodule) [ 00]
x_read      (read         ) [ 00]
StgValue_6  (specinterface) [ 00]
StgValue_7  (specinterface) [ 00]
StgValue_8  (specinterface) [ 00]
tmp_1       (mul          ) [ 00]
StgValue_10 (write        ) [ 00]
StgValue_11 (ret          ) [ 00]
</LifeTime>

<model>

<comp_list>
<comp id="0" class="1000" name="y">
<pin_list>
<pin id="1" dir="1" index="0" bw="1" slack="0"/>
</pin_list>
<bind>
<StgValue><ssdm name="y"/></StgValue>
</bind>
</comp>

<comp id="2" class="1000" name="x">
<pin_list>
<pin id="3" dir="1" index="0" bw="1" slack="0"/>
</pin_list>
<bind>
<StgValue><ssdm name="x"/></StgValue>
</bind>
</comp>

<comp id="4" class="1001" name="const_4">
<pin_list>
<pin id="5" dir="1" index="0" bw="1" slack="2147483647"/>
</pin_list>
<bind>
<StgValue><ssdm name="_ssdm_op_SpecBitsMap"/></StgValue>
</bind>
</comp>

<comp id="6" class="1001" name="const_6">
<pin_list>
<pin id="7" dir="1" index="0" bw="1" slack="2147483647"/>
</pin_list>
<bind>
<StgValue><ssdm name="_ssdm_op_SpecTopModule"/></StgValue>
</bind>
</comp>

<comp id="8" class="1001" name="const_8">
<pin_list>
<pin id="9" dir="1" index="0" bw="1" slack="2147483647"/>
</pin_list>
<bind>
<StgValue><ssdm name="energy_str"/></StgValue>
</bind>
</comp>

<comp id="10" class="1001" name="const_10">
<pin_list>
<pin id="11" dir="1" index="0" bw="1" slack="0"/>
</pin_list>
<bind>
<StgValue><ssdm name="_ssdm_op_Read.ap_vld.i16"/></StgValue>
</bind>
</comp>

<comp id="12" class="1001" name="const_12">
<pin_list>
<pin id="13" dir="1" index="0" bw="1" slack="2147483647"/>
</pin_list>
<bind>
<StgValue><ssdm name="_ssdm_op_SpecInterface"/></StgValue>
</bind>
</comp>

<comp id="14" class="1001" name="const_14">
<pin_list>
<pin id="15" dir="1" index="0" bw="1" slack="2147483647"/>
</pin_list>
<bind>
<StgValue><ssdm name="p_str"/></StgValue>
</bind>
</comp>

<comp id="16" class="1001" name="const_16">
<pin_list>
<pin id="17" dir="1" index="0" bw="1" slack="2147483647"/>
</pin_list>
<bind>
<StgValue><ssdm name=""/></StgValue>
</bind>
</comp>

<comp id="18" class="1001" name="const_18">
<pin_list>
<pin id="19" dir="1" index="0" bw="1" slack="2147483647"/>
</pin_list>
<bind>
<StgValue><ssdm name="p_str1"/></StgValue>
</bind>
</comp>

<comp id="20" class="1001" name="const_20">
<pin_list>
<pin id="21" dir="1" index="0" bw="1" slack="2147483647"/>
</pin_list>
<bind>
<StgValue><ssdm name="p_str2"/></StgValue>
</bind>
</comp>

<comp id="22" class="1001" name="const_22">
<pin_list>
<pin id="23" dir="1" index="0" bw="1" slack="0"/>
</pin_list>
<bind>
<StgValue><ssdm name="_ssdm_op_Write.ap_vld.i16P"/></StgValue>
</bind>
</comp>

<comp id="24" class="1004" name="x_read_read_fu_24">
<pin_list>
<pin id="25" dir="0" index="0" bw="16" slack="0"/>
<pin id="26" dir="0" index="1" bw="16" slack="0"/>
<pin id="27" dir="1" index="2" bw="16" slack="0"/>
</pin_list>
<bind>
<opcode="read(1150) " fcode="read"/>
<opset="x_read/1 "/>
</bind>
</comp>

<comp id="30" class="1004" name="StgValue_10_write_fu_30">
<pin_list>
<pin id="31" dir="0" index="0" bw="0" slack="0"/>
<pin id="32" dir="0" index="1" bw="16" slack="0"/>
<pin id="33" dir="0" index="2" bw="16" slack="0"/>
<pin id="34" dir="1" index="3" bw="0" slack="2147483647"/>
</pin_list>
<bind>
<opcode="write(1151) " fcode="write"/>
<opset="StgValue_10/1 "/>
</bind>
</comp>

<comp id="37" class="1007" name="tmp_1_fu_37">
<pin_list>
<pin id="38" dir="0" index="0" bw="16" slack="0"/>
<pin id="39" dir="0" index="1" bw="16" slack="0"/>
<pin id="40" dir="1" index="2" bw="16" slack="0"/>
</pin_list>
<bind>
<opcode="mul(12) " fcode="mul"/>
<opset="tmp_1/1 "/>
</bind>
</comp>

</comp_list>

<net_list>
<net id="28"><net_src comp="10" pin="0"/><net_sink comp="24" pin=0"/></net>

<net id="29"><net_src comp="2" pin="0"/><net_sink comp="24" pin=1"/></net>

<net id="35"><net_src comp="22" pin="0"/><net_sink comp="30" pin=0"/></net>

<net id="36"><net_src comp="0" pin="0"/><net_sink comp="30" pin=1"/></net>

<net id="41"><net_src comp="24" pin="2"/><net_sink comp="37" pin=0"/></net>

<net id="42"><net_src comp="24" pin="2"/><net_sink comp="37" pin=1"/></net>

<net id="43"><net_src comp="37" pin="2"/><net_sink comp="30" pin=2"/></net>

</net_list>

</model> 
---------------- Datapath Model END ------------------

* FSMD analyzer results:
  - Output states:
	Port: y | {1 }
 - Input state : 
	Port: energy : x | {1 }
  - Chain level:
	State 1
		StgValue_10 : 1


============================================================
+ Verbose Summary: Datapath Resource usage 
============================================================

* Functional unit list:
|----------|-------------------------|---------|
| Operation|     Functional Unit     |  DSP48E |
|----------|-------------------------|---------|
|    mul   |       tmp_1_fu_37       |    1    |
|----------|-------------------------|---------|
|   read   |    x_read_read_fu_24    |    0    |
|----------|-------------------------|---------|
|   write  | StgValue_10_write_fu_30 |    0    |
|----------|-------------------------|---------|
|   Total  |                         |    1    |
|----------|-------------------------|---------|

Memories:
N/A

* Register list:
N/A

* Multiplexer (MUX) list: 
|--------|------|------|------|--------|
|  Comp  |  Pin | Size |  BW  | S x BW |
|--------|------|------|------|--------|
|  Total |      |      |      |    0   |
|--------|------|------|------|--------|



* Summary:
+-----------+--------+
|           | DSP48E |
+-----------+--------+
|  Function |    1   |
|   Memory  |    -   |
|Multiplexer|    -   |
|  Register |    -   |
+-----------+--------+
|   Total   |    1   |
+-----------+--------+
