

================================================================
== Vivado HLS Report for 'Loop_Col_DCT_Loop_pr'
================================================================
* Date:           Wed Apr 20 16:12:33 2022

* Version:        2017.2 (Build 1909853 on Thu Jun 15 18:55:24 MDT 2017)
* Project:        dct.prj
* Solution:       solution6
* Product family: zynq
* Target device:  xc7z010clg400-1


================================================================
== Performance Estimates
================================================================
+ Timing (ns): 
    * Summary: 
    +--------+-------+----------+------------+
    |  Clock | Target| Estimated| Uncertainty|
    +--------+-------+----------+------------+
    |ap_clk  |   8.00|      9.40|        1.00|
    +--------+-------+----------+------------+

+ Latency (clock cycles): 
    * Summary: 
    +-----+-----+-----+-----+---------+
    |  Latency  |  Interval | Pipeline|
    | min | max | min | max |   Type  |
    +-----+-----+-----+-----+---------+
    |  121|  121|  121|  121|   none  |
    +-----+-----+-----+-----+---------+

    + Detail: 
        * Instance: 
        N/A

        * Loop: 
        +-------------------+-----+-----+----------+-----------+-----------+------+----------+
        |                   |  Latency  | Iteration|  Initiation Interval  | Trip |          |
        |     Loop Name     | min | max |  Latency |  achieved |   target  | Count| Pipelined|
        +-------------------+-----+-----+----------+-----------+-----------+------+----------+
        |- Col_DCT_Loop     |  120|  120|        15|          -|          -|     8|    no    |
        | + DCT_Outer_Loop  |   12|   12|         6|          1|          1|     8|    yes   |
        +-------------------+-----+-----+----------+-----------+-----------+------+----------+

============================================================
+ Verbose Summary: Synthesis Manager
============================================================
InlineROM: 1
ExposeGlobal: 0
============================================================
+ Verbose Summary: CDFG Model
============================================================
IsTopModel: 0
ResetActiveHigh: 1
IsCombinational: 2
IsDatapathOnly: 0
HasWiredReturn: 1
HasMFsm: 0
HasVarLatency: 1
IsPipeline: 0
IsRtlPipelined: 0
IsInstanceOverlapped: 0
IsDontTouch: 0
HasImplIP: 0
IsGatedGlobalClock: 0

+ Individual pipeline summary: 
  * Pipeline-0: initiation interval (II) = 1, depth = 6


============================================================
+ Verbose Summary: Schedule
============================================================
* Number of FSM states: 9
* Pipeline: 1
  Pipeline-0: II = 1, D = 6, States = { 3 4 5 6 7 8 }
* Dataflow Pipeline: 0

* FSM state transitions: 
1 --> 
	2  / true
2 --> 
	3  / (!tmp_5)
3 --> 
	9  / (tmp_i)
	4  / (!tmp_i)
4 --> 
	5  / true
5 --> 
	6  / true
6 --> 
	7  / true
7 --> 
	8  / true
8 --> 
	3  / true
9 --> 
	2  / true
* FSM state operations: 

 <State 1>: 1.59ns
ST_1: StgValue_10 (18)  [1/1] 1.59ns
newFuncRoot:0  br label %.preheader1.i


 <State 2>: 3.10ns
ST_2: i_2_i (20)  [1/1] 0.00ns
.preheader1.i:0  %i_2_i = phi i4 [ 0, %newFuncRoot ], [ %i, %.preheader1.i.loopexit ]

ST_2: tmp_5 (21)  [1/1] 3.10ns  loc: dct.c:43->dct.c:87
.preheader1.i:1  %tmp_5 = icmp eq i4 %i_2_i, -8

ST_2: i (22)  [1/1] 2.35ns  loc: dct.c:43->dct.c:87
.preheader1.i:2  %i = add i4 %i_2_i, 1

ST_2: StgValue_14 (23)  [1/1] 0.00ns  loc: dct.c:43->dct.c:87
.preheader1.i:3  br i1 %tmp_5, label %.preheader.i.exitStub, label %0

ST_2: empty (25)  [1/1] 0.00ns
:0  %empty = call i32 (...)* @_ssdm_op_SpecLoopTripCount(i64 8, i64 8, i64 8) nounwind

ST_2: StgValue_16 (26)  [1/1] 0.00ns  loc: dct.c:43->dct.c:87
:1  call void (...)* @_ssdm_op_SpecLoopName([13 x i8]* @p_str7) nounwind

ST_2: i_2_i1_cast_i (27)  [1/1] 0.00ns  loc: dct.c:43->dct.c:87
:2  %i_2_i1_cast_i = zext i4 %i_2_i to i32

ST_2: tmp_s (28)  [1/1] 0.00ns  loc: dct.c:43->dct.c:87
:3  %tmp_s = call i7 @_ssdm_op_BitConcatenate.i7.i4.i3(i4 %i_2_i, i3 0)

ST_2: tmp_18_cast (29)  [1/1] 0.00ns  loc: dct.c:4->dct.c:44->dct.c:87
:4  %tmp_18_cast = zext i7 %tmp_s to i8

ST_2: col_inbuf_0_addr (30)  [1/1] 0.00ns  loc: dct.c:43->dct.c:87
:5  %col_inbuf_0_addr = getelementptr [8 x i16]* %col_inbuf_0, i32 0, i32 %i_2_i1_cast_i

ST_2: col_inbuf_1_addr (31)  [1/1] 0.00ns  loc: dct.c:43->dct.c:87
:6  %col_inbuf_1_addr = getelementptr [8 x i16]* %col_inbuf_1, i32 0, i32 %i_2_i1_cast_i

ST_2: col_inbuf_2_addr (32)  [1/1] 0.00ns  loc: dct.c:43->dct.c:87
:7  %col_inbuf_2_addr = getelementptr [8 x i16]* %col_inbuf_2, i32 0, i32 %i_2_i1_cast_i

ST_2: col_inbuf_3_addr (33)  [1/1] 0.00ns  loc: dct.c:43->dct.c:87
:8  %col_inbuf_3_addr = getelementptr [8 x i16]* %col_inbuf_3, i32 0, i32 %i_2_i1_cast_i

ST_2: col_inbuf_4_addr (34)  [1/1] 0.00ns  loc: dct.c:43->dct.c:87
:9  %col_inbuf_4_addr = getelementptr [8 x i16]* %col_inbuf_4, i32 0, i32 %i_2_i1_cast_i

ST_2: col_inbuf_5_addr (35)  [1/1] 0.00ns  loc: dct.c:43->dct.c:87
:10  %col_inbuf_5_addr = getelementptr [8 x i16]* %col_inbuf_5, i32 0, i32 %i_2_i1_cast_i

ST_2: col_inbuf_6_addr (36)  [1/1] 0.00ns  loc: dct.c:43->dct.c:87
:11  %col_inbuf_6_addr = getelementptr [8 x i16]* %col_inbuf_6, i32 0, i32 %i_2_i1_cast_i

ST_2: col_inbuf_7_addr (37)  [1/1] 0.00ns  loc: dct.c:43->dct.c:87
:12  %col_inbuf_7_addr = getelementptr [8 x i16]* %col_inbuf_7, i32 0, i32 %i_2_i1_cast_i

ST_2: StgValue_28 (38)  [1/1] 1.59ns  loc: dct.c:13->dct.c:44->dct.c:87
:13  br label %1

ST_2: StgValue_29 (117)  [1/1] 0.00ns
.preheader.i.exitStub:0  ret void


 <State 3>: 3.25ns
ST_3: k_i (40)  [1/1] 0.00ns
:0  %k_i = phi i4 [ 0, %0 ], [ %k, %2 ]

ST_3: tmp_i (41)  [1/1] 3.10ns  loc: dct.c:13->dct.c:44->dct.c:87
:1  %tmp_i = icmp eq i4 %k_i, -8

ST_3: k (42)  [1/1] 2.35ns  loc: dct.c:13->dct.c:44->dct.c:87
:2  %k = add i4 %k_i, 1

ST_3: StgValue_33 (43)  [1/1] 0.00ns  loc: dct.c:13->dct.c:44->dct.c:87
:3  br i1 %tmp_i, label %.preheader1.i.loopexit, label %2

ST_3: k_cast1_i (45)  [1/1] 0.00ns  loc: dct.c:13->dct.c:44->dct.c:87
:0  %k_cast1_i = zext i4 %k_i to i32

ST_3: k_cast1_i_cast (46)  [1/1] 0.00ns  loc: dct.c:19->dct.c:44->dct.c:87
:1  %k_cast1_i_cast = zext i4 %k_i to i8

ST_3: tmp_6 (47)  [1/1] 2.32ns  loc: dct.c:19->dct.c:44->dct.c:87
:2  %tmp_6 = add i8 %tmp_18_cast, %k_cast1_i_cast

ST_3: dct_coeff_table_1_ad (60)  [1/1] 0.00ns  loc: dct.c:16->dct.c:44->dct.c:87
:15  %dct_coeff_table_1_ad = getelementptr [8 x i15]* @dct_coeff_table_1, i32 0, i32 %k_cast1_i

ST_3: dct_coeff_table_1_lo (61)  [2/2] 3.25ns  loc: dct.c:16->dct.c:44->dct.c:87
:16  %dct_coeff_table_1_lo = load i15* %dct_coeff_table_1_ad, align 2

ST_3: col_inbuf_1_load (63)  [2/2] 2.32ns  loc: dct.c:43->dct.c:87
:18  %col_inbuf_1_load = load i16* %col_inbuf_1_addr, align 2

ST_3: dct_coeff_table_3_ad (72)  [1/1] 0.00ns  loc: dct.c:16->dct.c:44->dct.c:87
:27  %dct_coeff_table_3_ad = getelementptr [8 x i15]* @dct_coeff_table_3, i32 0, i32 %k_cast1_i

ST_3: dct_coeff_table_3_lo (73)  [2/2] 3.25ns  loc: dct.c:16->dct.c:44->dct.c:87
:28  %dct_coeff_table_3_lo = load i15* %dct_coeff_table_3_ad, align 2

ST_3: col_inbuf_3_load (75)  [2/2] 2.32ns  loc: dct.c:43->dct.c:87
:30  %col_inbuf_3_load = load i16* %col_inbuf_3_addr, align 2

ST_3: dct_coeff_table_5_ad (84)  [1/1] 0.00ns  loc: dct.c:16->dct.c:44->dct.c:87
:39  %dct_coeff_table_5_ad = getelementptr [8 x i15]* @dct_coeff_table_5, i32 0, i32 %k_cast1_i

ST_3: dct_coeff_table_5_lo (85)  [2/2] 3.25ns  loc: dct.c:16->dct.c:44->dct.c:87
:40  %dct_coeff_table_5_lo = load i15* %dct_coeff_table_5_ad, align 2

ST_3: col_inbuf_5_load (87)  [2/2] 2.32ns  loc: dct.c:43->dct.c:87
:42  %col_inbuf_5_load = load i16* %col_inbuf_5_addr, align 2


 <State 4>: 3.25ns
ST_4: dct_coeff_table_0_ad (54)  [1/1] 0.00ns  loc: dct.c:16->dct.c:44->dct.c:87
:9  %dct_coeff_table_0_ad = getelementptr [8 x i14]* @dct_coeff_table_0, i32 0, i32 %k_cast1_i

ST_4: dct_coeff_table_0_lo (55)  [2/2] 3.25ns  loc: dct.c:16->dct.c:44->dct.c:87
:10  %dct_coeff_table_0_lo = load i14* %dct_coeff_table_0_ad, align 2

ST_4: col_inbuf_0_load (57)  [2/2] 2.32ns  loc: dct.c:43->dct.c:87
:12  %col_inbuf_0_load = load i16* %col_inbuf_0_addr, align 2

ST_4: dct_coeff_table_1_lo (61)  [1/2] 3.25ns  loc: dct.c:16->dct.c:44->dct.c:87
:16  %dct_coeff_table_1_lo = load i15* %dct_coeff_table_1_ad, align 2

ST_4: col_inbuf_1_load (63)  [1/2] 2.32ns  loc: dct.c:43->dct.c:87
:18  %col_inbuf_1_load = load i16* %col_inbuf_1_addr, align 2

ST_4: dct_coeff_table_2_ad (66)  [1/1] 0.00ns  loc: dct.c:16->dct.c:44->dct.c:87
:21  %dct_coeff_table_2_ad = getelementptr [8 x i15]* @dct_coeff_table_2, i32 0, i32 %k_cast1_i

ST_4: dct_coeff_table_2_lo (67)  [2/2] 3.25ns  loc: dct.c:16->dct.c:44->dct.c:87
:22  %dct_coeff_table_2_lo = load i15* %dct_coeff_table_2_ad, align 2

ST_4: col_inbuf_2_load (69)  [2/2] 2.32ns  loc: dct.c:43->dct.c:87
:24  %col_inbuf_2_load = load i16* %col_inbuf_2_addr, align 2

ST_4: dct_coeff_table_3_lo (73)  [1/2] 3.25ns  loc: dct.c:16->dct.c:44->dct.c:87
:28  %dct_coeff_table_3_lo = load i15* %dct_coeff_table_3_ad, align 2

ST_4: col_inbuf_3_load (75)  [1/2] 2.32ns  loc: dct.c:43->dct.c:87
:30  %col_inbuf_3_load = load i16* %col_inbuf_3_addr, align 2

ST_4: dct_coeff_table_4_ad (78)  [1/1] 0.00ns  loc: dct.c:16->dct.c:44->dct.c:87
:33  %dct_coeff_table_4_ad = getelementptr [8 x i15]* @dct_coeff_table_4, i32 0, i32 %k_cast1_i

ST_4: dct_coeff_table_4_lo (79)  [2/2] 3.25ns  loc: dct.c:16->dct.c:44->dct.c:87
:34  %dct_coeff_table_4_lo = load i15* %dct_coeff_table_4_ad, align 2

ST_4: col_inbuf_4_load (81)  [2/2] 2.32ns  loc: dct.c:43->dct.c:87
:36  %col_inbuf_4_load = load i16* %col_inbuf_4_addr, align 2

ST_4: dct_coeff_table_5_lo (85)  [1/2] 3.25ns  loc: dct.c:16->dct.c:44->dct.c:87
:40  %dct_coeff_table_5_lo = load i15* %dct_coeff_table_5_ad, align 2

ST_4: col_inbuf_5_load (87)  [1/2] 2.32ns  loc: dct.c:43->dct.c:87
:42  %col_inbuf_5_load = load i16* %col_inbuf_5_addr, align 2

ST_4: dct_coeff_table_6_ad (90)  [1/1] 0.00ns  loc: dct.c:16->dct.c:44->dct.c:87
:45  %dct_coeff_table_6_ad = getelementptr [8 x i15]* @dct_coeff_table_6, i32 0, i32 %k_cast1_i

ST_4: dct_coeff_table_6_lo (91)  [2/2] 3.25ns  loc: dct.c:16->dct.c:44->dct.c:87
:46  %dct_coeff_table_6_lo = load i15* %dct_coeff_table_6_ad, align 2

ST_4: col_inbuf_6_load (93)  [2/2] 2.32ns  loc: dct.c:43->dct.c:87
:48  %col_inbuf_6_load = load i16* %col_inbuf_6_addr, align 2

ST_4: dct_coeff_table_7_ad (96)  [1/1] 0.00ns  loc: dct.c:16->dct.c:44->dct.c:87
:51  %dct_coeff_table_7_ad = getelementptr [8 x i15]* @dct_coeff_table_7, i32 0, i32 %k_cast1_i

ST_4: dct_coeff_table_7_lo (97)  [2/2] 3.25ns  loc: dct.c:16->dct.c:44->dct.c:87
:52  %dct_coeff_table_7_lo = load i15* %dct_coeff_table_7_ad, align 2

ST_4: col_inbuf_7_load (99)  [2/2] 2.32ns  loc: dct.c:43->dct.c:87
:54  %col_inbuf_7_load = load i16* %col_inbuf_7_addr, align 2


 <State 5>: 6.38ns
ST_5: dct_coeff_table_0_lo (55)  [1/2] 3.25ns  loc: dct.c:16->dct.c:44->dct.c:87
:10  %dct_coeff_table_0_lo = load i14* %dct_coeff_table_0_ad, align 2

ST_5: col_inbuf_0_load (57)  [1/2] 2.32ns  loc: dct.c:43->dct.c:87
:12  %col_inbuf_0_load = load i16* %col_inbuf_0_addr, align 2

ST_5: coeff_1_cast_i (62)  [1/1] 0.00ns  loc: dct.c:16->dct.c:44->dct.c:87
:17  %coeff_1_cast_i = sext i15 %dct_coeff_table_1_lo to i29

ST_5: tmp_2_1_cast_i (64)  [1/1] 0.00ns  loc: dct.c:17->dct.c:44->dct.c:87
:19  %tmp_2_1_cast_i = sext i16 %col_inbuf_1_load to i29

ST_5: tmp_3_1_i (65)  [1/1] 6.38ns  loc: dct.c:17->dct.c:44->dct.c:87
:20  %tmp_3_1_i = mul i29 %coeff_1_cast_i, %tmp_2_1_cast_i

ST_5: dct_coeff_table_2_lo (67)  [1/2] 3.25ns  loc: dct.c:16->dct.c:44->dct.c:87
:22  %dct_coeff_table_2_lo = load i15* %dct_coeff_table_2_ad, align 2

ST_5: col_inbuf_2_load (69)  [1/2] 2.32ns  loc: dct.c:43->dct.c:87
:24  %col_inbuf_2_load = load i16* %col_inbuf_2_addr, align 2

ST_5: coeff_3_cast_i (74)  [1/1] 0.00ns  loc: dct.c:16->dct.c:44->dct.c:87
:29  %coeff_3_cast_i = sext i15 %dct_coeff_table_3_lo to i29

ST_5: tmp_2_3_cast_i (76)  [1/1] 0.00ns  loc: dct.c:17->dct.c:44->dct.c:87
:31  %tmp_2_3_cast_i = sext i16 %col_inbuf_3_load to i29

ST_5: tmp_3_3_i (77)  [1/1] 6.38ns  loc: dct.c:17->dct.c:44->dct.c:87
:32  %tmp_3_3_i = mul i29 %coeff_3_cast_i, %tmp_2_3_cast_i

ST_5: dct_coeff_table_4_lo (79)  [1/2] 3.25ns  loc: dct.c:16->dct.c:44->dct.c:87
:34  %dct_coeff_table_4_lo = load i15* %dct_coeff_table_4_ad, align 2

ST_5: col_inbuf_4_load (81)  [1/2] 2.32ns  loc: dct.c:43->dct.c:87
:36  %col_inbuf_4_load = load i16* %col_inbuf_4_addr, align 2

ST_5: coeff_5_cast_i (86)  [1/1] 0.00ns  loc: dct.c:16->dct.c:44->dct.c:87
:41  %coeff_5_cast_i = sext i15 %dct_coeff_table_5_lo to i29

ST_5: tmp_2_5_cast_i (88)  [1/1] 0.00ns  loc: dct.c:17->dct.c:44->dct.c:87
:43  %tmp_2_5_cast_i = sext i16 %col_inbuf_5_load to i29

ST_5: tmp_3_5_i (89)  [1/1] 6.38ns  loc: dct.c:17->dct.c:44->dct.c:87
:44  %tmp_3_5_i = mul i29 %coeff_5_cast_i, %tmp_2_5_cast_i

ST_5: dct_coeff_table_6_lo (91)  [1/2] 3.25ns  loc: dct.c:16->dct.c:44->dct.c:87
:46  %dct_coeff_table_6_lo = load i15* %dct_coeff_table_6_ad, align 2

ST_5: col_inbuf_6_load (93)  [1/2] 2.32ns  loc: dct.c:43->dct.c:87
:48  %col_inbuf_6_load = load i16* %col_inbuf_6_addr, align 2

ST_5: dct_coeff_table_7_lo (97)  [1/2] 3.25ns  loc: dct.c:16->dct.c:44->dct.c:87
:52  %dct_coeff_table_7_lo = load i15* %dct_coeff_table_7_ad, align 2

ST_5: col_inbuf_7_load (99)  [1/2] 2.32ns  loc: dct.c:43->dct.c:87
:54  %col_inbuf_7_load = load i16* %col_inbuf_7_addr, align 2


 <State 6>: 9.40ns
ST_6: coeff_cast_i (56)  [1/1] 0.00ns  loc: dct.c:16->dct.c:44->dct.c:87
:11  %coeff_cast_i = zext i14 %dct_coeff_table_0_lo to i29

ST_6: tmp_2_cast_i (58)  [1/1] 0.00ns  loc: dct.c:17->dct.c:44->dct.c:87
:13  %tmp_2_cast_i = sext i16 %col_inbuf_0_load to i29

ST_6: tmp_3_i (59)  [1/1] 3.36ns  loc: dct.c:17->dct.c:44->dct.c:87
:14  %tmp_3_i = mul i29 %coeff_cast_i, %tmp_2_cast_i

ST_6: coeff_2_cast_i (68)  [1/1] 0.00ns  loc: dct.c:16->dct.c:44->dct.c:87
:23  %coeff_2_cast_i = sext i15 %dct_coeff_table_2_lo to i29

ST_6: tmp_2_2_cast_i (70)  [1/1] 0.00ns  loc: dct.c:17->dct.c:44->dct.c:87
:25  %tmp_2_2_cast_i = sext i16 %col_inbuf_2_load to i29

ST_6: tmp_3_2_i (71)  [1/1] 3.36ns  loc: dct.c:17->dct.c:44->dct.c:87
:26  %tmp_3_2_i = mul i29 %coeff_2_cast_i, %tmp_2_2_cast_i

ST_6: coeff_4_cast_i (80)  [1/1] 0.00ns  loc: dct.c:16->dct.c:44->dct.c:87
:35  %coeff_4_cast_i = sext i15 %dct_coeff_table_4_lo to i29

ST_6: tmp_2_4_cast_i (82)  [1/1] 0.00ns  loc: dct.c:17->dct.c:44->dct.c:87
:37  %tmp_2_4_cast_i = sext i16 %col_inbuf_4_load to i29

ST_6: tmp_3_4_i (83)  [1/1] 3.36ns  loc: dct.c:17->dct.c:44->dct.c:87
:38  %tmp_3_4_i = mul i29 %coeff_4_cast_i, %tmp_2_4_cast_i

ST_6: coeff_6_cast_i (92)  [1/1] 0.00ns  loc: dct.c:16->dct.c:44->dct.c:87
:47  %coeff_6_cast_i = sext i15 %dct_coeff_table_6_lo to i29

ST_6: tmp_2_6_cast_i (94)  [1/1] 0.00ns  loc: dct.c:17->dct.c:44->dct.c:87
:49  %tmp_2_6_cast_i = sext i16 %col_inbuf_6_load to i29

ST_6: tmp_3_6_i (95)  [1/1] 3.36ns  loc: dct.c:17->dct.c:44->dct.c:87
:50  %tmp_3_6_i = mul i29 %coeff_6_cast_i, %tmp_2_6_cast_i

ST_6: coeff_7_cast_i (98)  [1/1] 0.00ns  loc: dct.c:16->dct.c:44->dct.c:87
:53  %coeff_7_cast_i = sext i15 %dct_coeff_table_7_lo to i29

ST_6: tmp_2_7_cast_i (100)  [1/1] 0.00ns  loc: dct.c:17->dct.c:44->dct.c:87
:55  %tmp_2_7_cast_i = sext i16 %col_inbuf_7_load to i29

ST_6: tmp_3_7_i (101)  [1/1] 3.36ns  loc: dct.c:17->dct.c:44->dct.c:87
:56  %tmp_3_7_i = mul i29 %coeff_7_cast_i, %tmp_2_7_cast_i

ST_6: tmp1 (102)  [1/1] 3.02ns  loc: dct.c:19->dct.c:44->dct.c:87
:57  %tmp1 = add i29 %tmp_3_1_i, %tmp_3_i

ST_6: tmp2 (103)  [1/1] 3.02ns  loc: dct.c:19->dct.c:44->dct.c:87
:58  %tmp2 = add i29 %tmp_3_3_i, %tmp_3_2_i

ST_6: tmp (104)  [1/1] 2.78ns  loc: dct.c:19->dct.c:44->dct.c:87
:59  %tmp = add i29 %tmp1, %tmp2

ST_6: tmp4 (105)  [1/1] 3.02ns  loc: dct.c:19->dct.c:44->dct.c:87
:60  %tmp4 = add i29 %tmp_3_5_i, %tmp_3_4_i

ST_6: tmp6 (106)  [1/1] 3.02ns  loc: dct.c:19->dct.c:44->dct.c:87
:61  %tmp6 = add i29 %tmp_3_7_i, 4096

ST_6: tmp5 (107)  [1/1] 3.02ns  loc: dct.c:19->dct.c:44->dct.c:87
:62  %tmp5 = add i29 %tmp_3_6_i, %tmp6


 <State 7>: 4.28ns
ST_7: tmp3 (108)  [1/1] 2.14ns  loc: dct.c:19->dct.c:44->dct.c:87
:63  %tmp3 = add i29 %tmp4, %tmp5

ST_7: tmp_9_i (109)  [1/1] 2.14ns  loc: dct.c:19->dct.c:44->dct.c:87
:64  %tmp_9_i = add i29 %tmp, %tmp3

ST_7: tmp_1_i (110)  [1/1] 0.00ns  loc: dct.c:19->dct.c:44->dct.c:87
:65  %tmp_1_i = call i16 @_ssdm_op_PartSelect.i16.i29.i32.i32(i29 %tmp_9_i, i32 13, i32 28)


 <State 8>: 3.25ns
ST_8: tmp_19_cast (48)  [1/1] 0.00ns  loc: dct.c:19->dct.c:44->dct.c:87
:3  %tmp_19_cast = zext i8 %tmp_6 to i32

ST_8: col_outbuf_i_addr (49)  [1/1] 0.00ns  loc: dct.c:19->dct.c:44->dct.c:87
:4  %col_outbuf_i_addr = getelementptr [64 x i16]* %col_outbuf_i, i32 0, i32 %tmp_19_cast

ST_8: empty_18 (50)  [1/1] 0.00ns
:5  %empty_18 = call i32 (...)* @_ssdm_op_SpecLoopTripCount(i64 8, i64 8, i64 8) nounwind

ST_8: StgValue_113 (51)  [1/1] 0.00ns  loc: dct.c:13->dct.c:44->dct.c:87
:6  call void (...)* @_ssdm_op_SpecLoopName([15 x i8]* @p_str) nounwind

ST_8: tmp_5_i (52)  [1/1] 0.00ns  loc: dct.c:13->dct.c:44->dct.c:87
:7  %tmp_5_i = call i32 (...)* @_ssdm_op_SpecRegionBegin([15 x i8]* @p_str) nounwind

ST_8: StgValue_115 (53)  [1/1] 0.00ns  loc: dct.c:14->dct.c:44->dct.c:87
:8  call void (...)* @_ssdm_op_SpecPipeline(i32 -1, i32 1, i32 1, i32 0, [1 x i8]* @p_str1) nounwind

ST_8: StgValue_116 (111)  [1/1] 3.25ns  loc: dct.c:19->dct.c:44->dct.c:87
:66  store i16 %tmp_1_i, i16* %col_outbuf_i_addr, align 2

ST_8: empty_19 (112)  [1/1] 0.00ns  loc: dct.c:20->dct.c:44->dct.c:87
:67  %empty_19 = call i32 (...)* @_ssdm_op_SpecRegionEnd([15 x i8]* @p_str, i32 %tmp_5_i) nounwind

ST_8: StgValue_118 (113)  [1/1] 0.00ns  loc: dct.c:13->dct.c:44->dct.c:87
:68  br label %1


 <State 9>: 0.00ns
ST_9: StgValue_119 (115)  [1/1] 0.00ns
.preheader1.i.loopexit:0  br label %.preheader1.i



============================================================
+ Verbose Summary: Binding
============================================================
STG Binding: 
---------------- STG Properties BEGIN ----------------
- Is combinational: 0
- Is one-state seq: 0
- Is datapath-only: 0
- Is pipelined: 0
- Is top level: 0
Port [ Return ] is wired: 1; IO mode=ap_ctrl_hs:ce=0
Port [ col_inbuf_0]:  wired=1; compound=1; hidden=0; nouse=0; global=0; static=0; extern=0; dir=0; type=1; pingpong=1; private_global=0; MemPort=[13]; IO mode=ap_memory:ce=0
Port [ col_inbuf_1]:  wired=1; compound=1; hidden=0; nouse=0; global=0; static=0; extern=0; dir=0; type=1; pingpong=1; private_global=0; MemPort=[13]; IO mode=ap_memory:ce=0
Port [ col_inbuf_2]:  wired=1; compound=1; hidden=0; nouse=0; global=0; static=0; extern=0; dir=0; type=1; pingpong=1; private_global=0; MemPort=[13]; IO mode=ap_memory:ce=0
Port [ col_inbuf_3]:  wired=1; compound=1; hidden=0; nouse=0; global=0; static=0; extern=0; dir=0; type=1; pingpong=1; private_global=0; MemPort=[13]; IO mode=ap_memory:ce=0
Port [ col_inbuf_4]:  wired=1; compound=1; hidden=0; nouse=0; global=0; static=0; extern=0; dir=0; type=1; pingpong=1; private_global=0; MemPort=[13]; IO mode=ap_memory:ce=0
Port [ col_inbuf_5]:  wired=1; compound=1; hidden=0; nouse=0; global=0; static=0; extern=0; dir=0; type=1; pingpong=1; private_global=0; MemPort=[13]; IO mode=ap_memory:ce=0
Port [ col_inbuf_6]:  wired=1; compound=1; hidden=0; nouse=0; global=0; static=0; extern=0; dir=0; type=1; pingpong=1; private_global=0; MemPort=[13]; IO mode=ap_memory:ce=0
Port [ col_inbuf_7]:  wired=1; compound=1; hidden=0; nouse=0; global=0; static=0; extern=0; dir=0; type=1; pingpong=1; private_global=0; MemPort=[13]; IO mode=ap_memory:ce=0
Port [ col_outbuf_i]:  wired=1; compound=1; hidden=0; nouse=0; global=0; static=0; extern=0; dir=1; type=1; pingpong=1; private_global=0; MemPort=[03]; IO mode=ap_memory:ce=0
Port [ dct_coeff_table_0]:  wired=0; compound=1; hidden=1; nouse=0; global=1; static=1; extern=0; dir=0; type=1; pingpong=0; private_global=0; linkage=7; visibility=0; MemPort=[1]; IO mode=ap_memory:ce=0
Port [ dct_coeff_table_1]:  wired=0; compound=1; hidden=1; nouse=0; global=1; static=1; extern=0; dir=0; type=1; pingpong=0; private_global=0; linkage=7; visibility=0; MemPort=[1]; IO mode=ap_memory:ce=0
Port [ dct_coeff_table_2]:  wired=0; compound=1; hidden=1; nouse=0; global=1; static=1; extern=0; dir=0; type=1; pingpong=0; private_global=0; linkage=7; visibility=0; MemPort=[1]; IO mode=ap_memory:ce=0
Port [ dct_coeff_table_3]:  wired=0; compound=1; hidden=1; nouse=0; global=1; static=1; extern=0; dir=0; type=1; pingpong=0; private_global=0; linkage=7; visibility=0; MemPort=[1]; IO mode=ap_memory:ce=0
Port [ dct_coeff_table_4]:  wired=0; compound=1; hidden=1; nouse=0; global=1; static=1; extern=0; dir=0; type=1; pingpong=0; private_global=0; linkage=7; visibility=0; MemPort=[1]; IO mode=ap_memory:ce=0
Port [ dct_coeff_table_5]:  wired=0; compound=1; hidden=1; nouse=0; global=1; static=1; extern=0; dir=0; type=1; pingpong=0; private_global=0; linkage=7; visibility=0; MemPort=[1]; IO mode=ap_memory:ce=0
Port [ dct_coeff_table_6]:  wired=0; compound=1; hidden=1; nouse=0; global=1; static=1; extern=0; dir=0; type=1; pingpong=0; private_global=0; linkage=7; visibility=0; MemPort=[1]; IO mode=ap_memory:ce=0
Port [ dct_coeff_table_7]:  wired=0; compound=1; hidden=1; nouse=0; global=1; static=1; extern=0; dir=0; type=1; pingpong=0; private_global=0; linkage=7; visibility=0; MemPort=[1]; IO mode=ap_memory:ce=0
---------------- STG Properties END ------------------

---------------- Datapath Model BEGIN ----------------

<LifeTime>
<method=bitvector/>
StgValue_10          (br               ) [ 0111111111]
i_2_i                (phi              ) [ 0010000000]
tmp_5                (icmp             ) [ 0011111111]
i                    (add              ) [ 0111111111]
StgValue_14          (br               ) [ 0000000000]
empty                (speclooptripcount) [ 0000000000]
StgValue_16          (specloopname     ) [ 0000000000]
i_2_i1_cast_i        (zext             ) [ 0000000000]
tmp_s                (bitconcatenate   ) [ 0000000000]
tmp_18_cast          (zext             ) [ 0001111110]
col_inbuf_0_addr     (getelementptr    ) [ 0001111110]
col_inbuf_1_addr     (getelementptr    ) [ 0001111110]
col_inbuf_2_addr     (getelementptr    ) [ 0001111110]
col_inbuf_3_addr     (getelementptr    ) [ 0001111110]
col_inbuf_4_addr     (getelementptr    ) [ 0001111110]
col_inbuf_5_addr     (getelementptr    ) [ 0001111110]
col_inbuf_6_addr     (getelementptr    ) [ 0001111110]
col_inbuf_7_addr     (getelementptr    ) [ 0001111110]
StgValue_28          (br               ) [ 0011111111]
StgValue_29          (ret              ) [ 0000000000]
k_i                  (phi              ) [ 0001000000]
tmp_i                (icmp             ) [ 0011111111]
k                    (add              ) [ 0011111111]
StgValue_33          (br               ) [ 0000000000]
k_cast1_i            (zext             ) [ 0001100000]
k_cast1_i_cast       (zext             ) [ 0000000000]
tmp_6                (add              ) [ 0001111110]
dct_coeff_table_1_ad (getelementptr    ) [ 0001100000]
dct_coeff_table_3_ad (getelementptr    ) [ 0001100000]
dct_coeff_table_5_ad (getelementptr    ) [ 0001100000]
dct_coeff_table_0_ad (getelementptr    ) [ 0001010000]
dct_coeff_table_1_lo (load             ) [ 0001010000]
col_inbuf_1_load     (load             ) [ 0001010000]
dct_coeff_table_2_ad (getelementptr    ) [ 0001010000]
dct_coeff_table_3_lo (load             ) [ 0001010000]
col_inbuf_3_load     (load             ) [ 0001010000]
dct_coeff_table_4_ad (getelementptr    ) [ 0001010000]
dct_coeff_table_5_lo (load             ) [ 0001010000]
col_inbuf_5_load     (load             ) [ 0001010000]
dct_coeff_table_6_ad (getelementptr    ) [ 0001010000]
dct_coeff_table_7_ad (getelementptr    ) [ 0001010000]
dct_coeff_table_0_lo (load             ) [ 0001001000]
col_inbuf_0_load     (load             ) [ 0001001000]
coeff_1_cast_i       (sext             ) [ 0000000000]
tmp_2_1_cast_i       (sext             ) [ 0000000000]
tmp_3_1_i            (mul              ) [ 0001001000]
dct_coeff_table_2_lo (load             ) [ 0001001000]
col_inbuf_2_load     (load             ) [ 0001001000]
coeff_3_cast_i       (sext             ) [ 0000000000]
tmp_2_3_cast_i       (sext             ) [ 0000000000]
tmp_3_3_i            (mul              ) [ 0001001000]
dct_coeff_table_4_lo (load             ) [ 0001001000]
col_inbuf_4_load     (load             ) [ 0001001000]
coeff_5_cast_i       (sext             ) [ 0000000000]
tmp_2_5_cast_i       (sext             ) [ 0000000000]
tmp_3_5_i            (mul              ) [ 0001001000]
dct_coeff_table_6_lo (load             ) [ 0001001000]
col_inbuf_6_load     (load             ) [ 0001001000]
dct_coeff_table_7_lo (load             ) [ 0001001000]
col_inbuf_7_load     (load             ) [ 0001001000]
coeff_cast_i         (zext             ) [ 0000000000]
tmp_2_cast_i         (sext             ) [ 0000000000]
tmp_3_i              (mul              ) [ 0000000000]
coeff_2_cast_i       (sext             ) [ 0000000000]
tmp_2_2_cast_i       (sext             ) [ 0000000000]
tmp_3_2_i            (mul              ) [ 0000000000]
coeff_4_cast_i       (sext             ) [ 0000000000]
tmp_2_4_cast_i       (sext             ) [ 0000000000]
tmp_3_4_i            (mul              ) [ 0000000000]
coeff_6_cast_i       (sext             ) [ 0000000000]
tmp_2_6_cast_i       (sext             ) [ 0000000000]
tmp_3_6_i            (mul              ) [ 0000000000]
coeff_7_cast_i       (sext             ) [ 0000000000]
tmp_2_7_cast_i       (sext             ) [ 0000000000]
tmp_3_7_i            (mul              ) [ 0000000000]
tmp1                 (add              ) [ 0000000000]
tmp2                 (add              ) [ 0000000000]
tmp                  (add              ) [ 0001000100]
tmp4                 (add              ) [ 0001000100]
tmp6                 (add              ) [ 0000000000]
tmp5                 (add              ) [ 0001000100]
tmp3                 (add              ) [ 0000000000]
tmp_9_i              (add              ) [ 0000000000]
tmp_1_i              (partselect       ) [ 0001000010]
tmp_19_cast          (zext             ) [ 0000000000]
col_outbuf_i_addr    (getelementptr    ) [ 0000000000]
empty_18             (speclooptripcount) [ 0000000000]
StgValue_113         (specloopname     ) [ 0000000000]
tmp_5_i              (specregionbegin  ) [ 0000000000]
StgValue_115         (specpipeline     ) [ 0000000000]
StgValue_116         (store            ) [ 0000000000]
empty_19             (specregionend    ) [ 0000000000]
StgValue_118         (br               ) [ 0011111111]
StgValue_119         (br               ) [ 0111111111]
</LifeTime>

<model>

<comp_list>
<comp id="0" class="1000" name="col_inbuf_0">
<pin_list>
<pin id="1" dir="1" index="0" bw="1" slack="0"/>
</pin_list>
<bind>
<StgValue><ssdm name="col_inbuf_0"/><MemPortTyVec>1 3 </MemPortTyVec>
</StgValue>
</bind>
</comp>

<comp id="2" class="1000" name="col_inbuf_1">
<pin_list>
<pin id="3" dir="1" index="0" bw="1" slack="0"/>
</pin_list>
<bind>
<StgValue><ssdm name="col_inbuf_1"/><MemPortTyVec>1 3 </MemPortTyVec>
</StgValue>
</bind>
</comp>

<comp id="4" class="1000" name="col_inbuf_2">
<pin_list>
<pin id="5" dir="1" index="0" bw="1" slack="0"/>
</pin_list>
<bind>
<StgValue><ssdm name="col_inbuf_2"/><MemPortTyVec>1 3 </MemPortTyVec>
</StgValue>
</bind>
</comp>

<comp id="6" class="1000" name="col_inbuf_3">
<pin_list>
<pin id="7" dir="1" index="0" bw="1" slack="0"/>
</pin_list>
<bind>
<StgValue><ssdm name="col_inbuf_3"/><MemPortTyVec>1 3 </MemPortTyVec>
</StgValue>
</bind>
</comp>

<comp id="8" class="1000" name="col_inbuf_4">
<pin_list>
<pin id="9" dir="1" index="0" bw="1" slack="0"/>
</pin_list>
<bind>
<StgValue><ssdm name="col_inbuf_4"/><MemPortTyVec>1 3 </MemPortTyVec>
</StgValue>
</bind>
</comp>

<comp id="10" class="1000" name="col_inbuf_5">
<pin_list>
<pin id="11" dir="1" index="0" bw="1" slack="0"/>
</pin_list>
<bind>
<StgValue><ssdm name="col_inbuf_5"/><MemPortTyVec>1 3 </MemPortTyVec>
</StgValue>
</bind>
</comp>

<comp id="12" class="1000" name="col_inbuf_6">
<pin_list>
<pin id="13" dir="1" index="0" bw="1" slack="0"/>
</pin_list>
<bind>
<StgValue><ssdm name="col_inbuf_6"/><MemPortTyVec>1 3 </MemPortTyVec>
</StgValue>
</bind>
</comp>

<comp id="14" class="1000" name="col_inbuf_7">
<pin_list>
<pin id="15" dir="1" index="0" bw="1" slack="0"/>
</pin_list>
<bind>
<StgValue><ssdm name="col_inbuf_7"/><MemPortTyVec>1 3 </MemPortTyVec>
</StgValue>
</bind>
</comp>

<comp id="16" class="1000" name="col_outbuf_i">
<pin_list>
<pin id="17" dir="1" index="0" bw="1" slack="0"/>
</pin_list>
<bind>
<StgValue><ssdm name="col_outbuf_i"/><MemPortTyVec>0 3 </MemPortTyVec>
</StgValue>
</bind>
</comp>

<comp id="18" class="1000" name="dct_coeff_table_0">
<pin_list>
<pin id="19" dir="1" index="0" bw="1" slack="0"/>
</pin_list>
<bind>
<StgValue><ssdm name="dct_coeff_table_0"/><MemPortTyVec>1 </MemPortTyVec>
</StgValue>
</bind>
</comp>

<comp id="20" class="1000" name="dct_coeff_table_1">
<pin_list>
<pin id="21" dir="1" index="0" bw="1" slack="0"/>
</pin_list>
<bind>
<StgValue><ssdm name="dct_coeff_table_1"/><MemPortTyVec>1 </MemPortTyVec>
</StgValue>
</bind>
</comp>

<comp id="22" class="1000" name="dct_coeff_table_2">
<pin_list>
<pin id="23" dir="1" index="0" bw="1" slack="0"/>
</pin_list>
<bind>
<StgValue><ssdm name="dct_coeff_table_2"/><MemPortTyVec>1 </MemPortTyVec>
</StgValue>
</bind>
</comp>

<comp id="24" class="1000" name="dct_coeff_table_3">
<pin_list>
<pin id="25" dir="1" index="0" bw="1" slack="0"/>
</pin_list>
<bind>
<StgValue><ssdm name="dct_coeff_table_3"/><MemPortTyVec>1 </MemPortTyVec>
</StgValue>
</bind>
</comp>

<comp id="26" class="1000" name="dct_coeff_table_4">
<pin_list>
<pin id="27" dir="1" index="0" bw="1" slack="0"/>
</pin_list>
<bind>
<StgValue><ssdm name="dct_coeff_table_4"/><MemPortTyVec>1 </MemPortTyVec>
</StgValue>
</bind>
</comp>

<comp id="28" class="1000" name="dct_coeff_table_5">
<pin_list>
<pin id="29" dir="1" index="0" bw="1" slack="0"/>
</pin_list>
<bind>
<StgValue><ssdm name="dct_coeff_table_5"/><MemPortTyVec>1 </MemPortTyVec>
</StgValue>
</bind>
</comp>

<comp id="30" class="1000" name="dct_coeff_table_6">
<pin_list>
<pin id="31" dir="1" index="0" bw="1" slack="0"/>
</pin_list>
<bind>
<StgValue><ssdm name="dct_coeff_table_6"/><MemPortTyVec>1 </MemPortTyVec>
</StgValue>
</bind>
</comp>

<comp id="32" class="1000" name="dct_coeff_table_7">
<pin_list>
<pin id="33" dir="1" index="0" bw="1" slack="0"/>
</pin_list>
<bind>
<StgValue><ssdm name="dct_coeff_table_7"/><MemPortTyVec>1 </MemPortTyVec>
</StgValue>
</bind>
</comp>

<comp id="34" class="1001" name="const_34">
<pin_list>
<pin id="35" dir="1" index="0" bw="1" slack="1"/>
</pin_list>
<bind>
<StgValue><ssdm name=""/></StgValue>
</bind>
</comp>

<comp id="36" class="1001" name="const_36">
<pin_list>
<pin id="37" dir="1" index="0" bw="1" slack="0"/>
</pin_list>
<bind>
<StgValue><ssdm name=""/></StgValue>
</bind>
</comp>

<comp id="38" class="1001" name="const_38">
<pin_list>
<pin id="39" dir="1" index="0" bw="1" slack="0"/>
</pin_list>
<bind>
<StgValue><ssdm name=""/></StgValue>
</bind>
</comp>

<comp id="40" class="1001" name="const_40">
<pin_list>
<pin id="41" dir="1" index="0" bw="1" slack="2147483647"/>
</pin_list>
<bind>
<StgValue><ssdm name="_ssdm_op_SpecLoopTripCount"/></StgValue>
</bind>
</comp>

<comp id="42" class="1001" name="const_42">
<pin_list>
<pin id="43" dir="1" index="0" bw="1" slack="2147483647"/>
</pin_list>
<bind>
<StgValue><ssdm name=""/></StgValue>
</bind>
</comp>

<comp id="44" class="1001" name="const_44">
<pin_list>
<pin id="45" dir="1" index="0" bw="1" slack="2147483647"/>
</pin_list>
<bind>
<StgValue><ssdm name="_ssdm_op_SpecLoopName"/></StgValue>
</bind>
</comp>

<comp id="46" class="1001" name="const_46">
<pin_list>
<pin id="47" dir="1" index="0" bw="1" slack="2147483647"/>
</pin_list>
<bind>
<StgValue><ssdm name="p_str7"/></StgValue>
</bind>
</comp>

<comp id="48" class="1001" name="const_48">
<pin_list>
<pin id="49" dir="1" index="0" bw="1" slack="0"/>
</pin_list>
<bind>
<StgValue><ssdm name="_ssdm_op_BitConcatenate.i7.i4.i3"/></StgValue>
</bind>
</comp>

<comp id="50" class="1001" name="const_50">
<pin_list>
<pin id="51" dir="1" index="0" bw="1" slack="0"/>
</pin_list>
<bind>
<StgValue><ssdm name=""/></StgValue>
</bind>
</comp>

<comp id="52" class="1001" name="const_52">
<pin_list>
<pin id="53" dir="1" index="0" bw="1" slack="0"/>
</pin_list>
<bind>
<StgValue><ssdm name=""/></StgValue>
</bind>
</comp>

<comp id="54" class="1001" name="const_54">
<pin_list>
<pin id="55" dir="1" index="0" bw="1" slack="0"/>
</pin_list>
<bind>
<StgValue><ssdm name=""/></StgValue>
</bind>
</comp>

<comp id="56" class="1001" name="const_56">
<pin_list>
<pin id="57" dir="1" index="0" bw="1" slack="0"/>
</pin_list>
<bind>
<StgValue><ssdm name="_ssdm_op_PartSelect.i16.i29.i32.i32"/></StgValue>
</bind>
</comp>

<comp id="58" class="1001" name="const_58">
<pin_list>
<pin id="59" dir="1" index="0" bw="1" slack="0"/>
</pin_list>
<bind>
<StgValue><ssdm name=""/></StgValue>
</bind>
</comp>

<comp id="60" class="1001" name="const_60">
<pin_list>
<pin id="61" dir="1" index="0" bw="1" slack="0"/>
</pin_list>
<bind>
<StgValue><ssdm name=""/></StgValue>
</bind>
</comp>

<comp id="62" class="1001" name="const_62">
<pin_list>
<pin id="63" dir="1" index="0" bw="1" slack="2147483647"/>
</pin_list>
<bind>
<StgValue><ssdm name="p_str"/></StgValue>
</bind>
</comp>

<comp id="64" class="1001" name="const_64">
<pin_list>
<pin id="65" dir="1" index="0" bw="1" slack="2147483647"/>
</pin_list>
<bind>
<StgValue><ssdm name="_ssdm_op_SpecRegionBegin"/></StgValue>
</bind>
</comp>

<comp id="66" class="1001" name="const_66">
<pin_list>
<pin id="67" dir="1" index="0" bw="1" slack="2147483647"/>
</pin_list>
<bind>
<StgValue><ssdm name="_ssdm_op_SpecPipeline"/></StgValue>
</bind>
</comp>

<comp id="68" class="1001" name="const_68">
<pin_list>
<pin id="69" dir="1" index="0" bw="1" slack="2147483647"/>
</pin_list>
<bind>
<StgValue><ssdm name=""/></StgValue>
</bind>
</comp>

<comp id="70" class="1001" name="const_70">
<pin_list>
<pin id="71" dir="1" index="0" bw="1" slack="2147483647"/>
</pin_list>
<bind>
<StgValue><ssdm name=""/></StgValue>
</bind>
</comp>

<comp id="72" class="1001" name="const_72">
<pin_list>
<pin id="73" dir="1" index="0" bw="1" slack="2147483647"/>
</pin_list>
<bind>
<StgValue><ssdm name="p_str1"/></StgValue>
</bind>
</comp>

<comp id="74" class="1001" name="const_74">
<pin_list>
<pin id="75" dir="1" index="0" bw="1" slack="2147483647"/>
</pin_list>
<bind>
<StgValue><ssdm name="_ssdm_op_SpecRegionEnd"/></StgValue>
</bind>
</comp>

<comp id="76" class="1004" name="col_inbuf_0_addr_gep_fu_76">
<pin_list>
<pin id="77" dir="0" index="0" bw="16" slack="0"/>
<pin id="78" dir="0" index="1" bw="1" slack="0"/>
<pin id="79" dir="0" index="2" bw="4" slack="0"/>
<pin id="80" dir="1" index="3" bw="3" slack="2"/>
</pin_list>
<bind>
<opcode="getelementptr(29) " fcode="getelementptr"/>
<opset="col_inbuf_0_addr/2 "/>
</bind>
</comp>

<comp id="83" class="1004" name="col_inbuf_1_addr_gep_fu_83">
<pin_list>
<pin id="84" dir="0" index="0" bw="16" slack="0"/>
<pin id="85" dir="0" index="1" bw="1" slack="0"/>
<pin id="86" dir="0" index="2" bw="4" slack="0"/>
<pin id="87" dir="1" index="3" bw="3" slack="1"/>
</pin_list>
<bind>
<opcode="getelementptr(29) " fcode="getelementptr"/>
<opset="col_inbuf_1_addr/2 "/>
</bind>
</comp>

<comp id="90" class="1004" name="col_inbuf_2_addr_gep_fu_90">
<pin_list>
<pin id="91" dir="0" index="0" bw="16" slack="0"/>
<pin id="92" dir="0" index="1" bw="1" slack="0"/>
<pin id="93" dir="0" index="2" bw="4" slack="0"/>
<pin id="94" dir="1" index="3" bw="3" slack="2"/>
</pin_list>
<bind>
<opcode="getelementptr(29) " fcode="getelementptr"/>
<opset="col_inbuf_2_addr/2 "/>
</bind>
</comp>

<comp id="97" class="1004" name="col_inbuf_3_addr_gep_fu_97">
<pin_list>
<pin id="98" dir="0" index="0" bw="16" slack="0"/>
<pin id="99" dir="0" index="1" bw="1" slack="0"/>
<pin id="100" dir="0" index="2" bw="4" slack="0"/>
<pin id="101" dir="1" index="3" bw="3" slack="1"/>
</pin_list>
<bind>
<opcode="getelementptr(29) " fcode="getelementptr"/>
<opset="col_inbuf_3_addr/2 "/>
</bind>
</comp>

<comp id="104" class="1004" name="col_inbuf_4_addr_gep_fu_104">
<pin_list>
<pin id="105" dir="0" index="0" bw="16" slack="0"/>
<pin id="106" dir="0" index="1" bw="1" slack="0"/>
<pin id="107" dir="0" index="2" bw="4" slack="0"/>
<pin id="108" dir="1" index="3" bw="3" slack="2"/>
</pin_list>
<bind>
<opcode="getelementptr(29) " fcode="getelementptr"/>
<opset="col_inbuf_4_addr/2 "/>
</bind>
</comp>

<comp id="111" class="1004" name="col_inbuf_5_addr_gep_fu_111">
<pin_list>
<pin id="112" dir="0" index="0" bw="16" slack="0"/>
<pin id="113" dir="0" index="1" bw="1" slack="0"/>
<pin id="114" dir="0" index="2" bw="4" slack="0"/>
<pin id="115" dir="1" index="3" bw="3" slack="1"/>
</pin_list>
<bind>
<opcode="getelementptr(29) " fcode="getelementptr"/>
<opset="col_inbuf_5_addr/2 "/>
</bind>
</comp>

<comp id="118" class="1004" name="col_inbuf_6_addr_gep_fu_118">
<pin_list>
<pin id="119" dir="0" index="0" bw="16" slack="0"/>
<pin id="120" dir="0" index="1" bw="1" slack="0"/>
<pin id="121" dir="0" index="2" bw="4" slack="0"/>
<pin id="122" dir="1" index="3" bw="3" slack="2"/>
</pin_list>
<bind>
<opcode="getelementptr(29) " fcode="getelementptr"/>
<opset="col_inbuf_6_addr/2 "/>
</bind>
</comp>

<comp id="125" class="1004" name="col_inbuf_7_addr_gep_fu_125">
<pin_list>
<pin id="126" dir="0" index="0" bw="16" slack="0"/>
<pin id="127" dir="0" index="1" bw="1" slack="0"/>
<pin id="128" dir="0" index="2" bw="4" slack="0"/>
<pin id="129" dir="1" index="3" bw="3" slack="2"/>
</pin_list>
<bind>
<opcode="getelementptr(29) " fcode="getelementptr"/>
<opset="col_inbuf_7_addr/2 "/>
</bind>
</comp>

<comp id="132" class="1004" name="dct_coeff_table_1_ad_gep_fu_132">
<pin_list>
<pin id="133" dir="0" index="0" bw="15" slack="0"/>
<pin id="134" dir="0" index="1" bw="1" slack="0"/>
<pin id="135" dir="0" index="2" bw="4" slack="0"/>
<pin id="136" dir="1" index="3" bw="3" slack="0"/>
</pin_list>
<bind>
<opcode="getelementptr(29) " fcode="getelementptr"/>
<opset="dct_coeff_table_1_ad/3 "/>
</bind>
</comp>

<comp id="139" class="1004" name="grp_access_fu_139">
<pin_list>
<pin id="140" dir="0" index="0" bw="3" slack="0"/>
<pin id="141" dir="0" index="1" bw="15" slack="2147483647"/>
<pin id="142" dir="1" index="2" bw="15" slack="1"/>
</pin_list>
<bind>
<opcode="load(27) " fcode="load"/>
<opset="dct_coeff_table_1_lo/3 "/>
</bind>
</comp>

<comp id="144" class="1004" name="grp_access_fu_144">
<pin_list>
<pin id="145" dir="0" index="0" bw="3" slack="1"/>
<pin id="146" dir="0" index="1" bw="16" slack="2147483647"/>
<pin id="147" dir="1" index="2" bw="16" slack="1"/>
</pin_list>
<bind>
<opcode="load(27) " fcode="load"/>
<opset="col_inbuf_1_load/3 "/>
</bind>
</comp>

<comp id="148" class="1004" name="dct_coeff_table_3_ad_gep_fu_148">
<pin_list>
<pin id="149" dir="0" index="0" bw="15" slack="0"/>
<pin id="150" dir="0" index="1" bw="1" slack="0"/>
<pin id="151" dir="0" index="2" bw="4" slack="0"/>
<pin id="152" dir="1" index="3" bw="3" slack="0"/>
</pin_list>
<bind>
<opcode="getelementptr(29) " fcode="getelementptr"/>
<opset="dct_coeff_table_3_ad/3 "/>
</bind>
</comp>

<comp id="155" class="1004" name="grp_access_fu_155">
<pin_list>
<pin id="156" dir="0" index="0" bw="3" slack="0"/>
<pin id="157" dir="0" index="1" bw="15" slack="2147483647"/>
<pin id="158" dir="1" index="2" bw="15" slack="1"/>
</pin_list>
<bind>
<opcode="load(27) " fcode="load"/>
<opset="dct_coeff_table_3_lo/3 "/>
</bind>
</comp>

<comp id="160" class="1004" name="grp_access_fu_160">
<pin_list>
<pin id="161" dir="0" index="0" bw="3" slack="1"/>
<pin id="162" dir="0" index="1" bw="16" slack="2147483647"/>
<pin id="163" dir="1" index="2" bw="16" slack="1"/>
</pin_list>
<bind>
<opcode="load(27) " fcode="load"/>
<opset="col_inbuf_3_load/3 "/>
</bind>
</comp>

<comp id="164" class="1004" name="dct_coeff_table_5_ad_gep_fu_164">
<pin_list>
<pin id="165" dir="0" index="0" bw="15" slack="0"/>
<pin id="166" dir="0" index="1" bw="1" slack="0"/>
<pin id="167" dir="0" index="2" bw="4" slack="0"/>
<pin id="168" dir="1" index="3" bw="3" slack="0"/>
</pin_list>
<bind>
<opcode="getelementptr(29) " fcode="getelementptr"/>
<opset="dct_coeff_table_5_ad/3 "/>
</bind>
</comp>

<comp id="171" class="1004" name="grp_access_fu_171">
<pin_list>
<pin id="172" dir="0" index="0" bw="3" slack="0"/>
<pin id="173" dir="0" index="1" bw="15" slack="2147483647"/>
<pin id="174" dir="1" index="2" bw="15" slack="1"/>
</pin_list>
<bind>
<opcode="load(27) " fcode="load"/>
<opset="dct_coeff_table_5_lo/3 "/>
</bind>
</comp>

<comp id="176" class="1004" name="grp_access_fu_176">
<pin_list>
<pin id="177" dir="0" index="0" bw="3" slack="1"/>
<pin id="178" dir="0" index="1" bw="16" slack="2147483647"/>
<pin id="179" dir="1" index="2" bw="16" slack="1"/>
</pin_list>
<bind>
<opcode="load(27) " fcode="load"/>
<opset="col_inbuf_5_load/3 "/>
</bind>
</comp>

<comp id="180" class="1004" name="dct_coeff_table_0_ad_gep_fu_180">
<pin_list>
<pin id="181" dir="0" index="0" bw="14" slack="0"/>
<pin id="182" dir="0" index="1" bw="1" slack="0"/>
<pin id="183" dir="0" index="2" bw="4" slack="1"/>
<pin id="184" dir="1" index="3" bw="3" slack="0"/>
</pin_list>
<bind>
<opcode="getelementptr(29) " fcode="getelementptr"/>
<opset="dct_coeff_table_0_ad/4 "/>
</bind>
</comp>

<comp id="187" class="1004" name="grp_access_fu_187">
<pin_list>
<pin id="188" dir="0" index="0" bw="3" slack="0"/>
<pin id="189" dir="0" index="1" bw="14" slack="2147483647"/>
<pin id="190" dir="1" index="2" bw="14" slack="1"/>
</pin_list>
<bind>
<opcode="load(27) " fcode="load"/>
<opset="dct_coeff_table_0_lo/4 "/>
</bind>
</comp>

<comp id="192" class="1004" name="grp_access_fu_192">
<pin_list>
<pin id="193" dir="0" index="0" bw="3" slack="2"/>
<pin id="194" dir="0" index="1" bw="16" slack="2147483647"/>
<pin id="195" dir="1" index="2" bw="16" slack="1"/>
</pin_list>
<bind>
<opcode="load(27) " fcode="load"/>
<opset="col_inbuf_0_load/4 "/>
</bind>
</comp>

<comp id="196" class="1004" name="dct_coeff_table_2_ad_gep_fu_196">
<pin_list>
<pin id="197" dir="0" index="0" bw="15" slack="0"/>
<pin id="198" dir="0" index="1" bw="1" slack="0"/>
<pin id="199" dir="0" index="2" bw="4" slack="1"/>
<pin id="200" dir="1" index="3" bw="3" slack="0"/>
</pin_list>
<bind>
<opcode="getelementptr(29) " fcode="getelementptr"/>
<opset="dct_coeff_table_2_ad/4 "/>
</bind>
</comp>

<comp id="203" class="1004" name="grp_access_fu_203">
<pin_list>
<pin id="204" dir="0" index="0" bw="3" slack="0"/>
<pin id="205" dir="0" index="1" bw="15" slack="2147483647"/>
<pin id="206" dir="1" index="2" bw="15" slack="1"/>
</pin_list>
<bind>
<opcode="load(27) " fcode="load"/>
<opset="dct_coeff_table_2_lo/4 "/>
</bind>
</comp>

<comp id="208" class="1004" name="grp_access_fu_208">
<pin_list>
<pin id="209" dir="0" index="0" bw="3" slack="2"/>
<pin id="210" dir="0" index="1" bw="16" slack="2147483647"/>
<pin id="211" dir="1" index="2" bw="16" slack="1"/>
</pin_list>
<bind>
<opcode="load(27) " fcode="load"/>
<opset="col_inbuf_2_load/4 "/>
</bind>
</comp>

<comp id="212" class="1004" name="dct_coeff_table_4_ad_gep_fu_212">
<pin_list>
<pin id="213" dir="0" index="0" bw="15" slack="0"/>
<pin id="214" dir="0" index="1" bw="1" slack="0"/>
<pin id="215" dir="0" index="2" bw="4" slack="1"/>
<pin id="216" dir="1" index="3" bw="3" slack="0"/>
</pin_list>
<bind>
<opcode="getelementptr(29) " fcode="getelementptr"/>
<opset="dct_coeff_table_4_ad/4 "/>
</bind>
</comp>

<comp id="219" class="1004" name="grp_access_fu_219">
<pin_list>
<pin id="220" dir="0" index="0" bw="3" slack="0"/>
<pin id="221" dir="0" index="1" bw="15" slack="2147483647"/>
<pin id="222" dir="1" index="2" bw="15" slack="1"/>
</pin_list>
<bind>
<opcode="load(27) " fcode="load"/>
<opset="dct_coeff_table_4_lo/4 "/>
</bind>
</comp>

<comp id="224" class="1004" name="grp_access_fu_224">
<pin_list>
<pin id="225" dir="0" index="0" bw="3" slack="2"/>
<pin id="226" dir="0" index="1" bw="16" slack="2147483647"/>
<pin id="227" dir="1" index="2" bw="16" slack="1"/>
</pin_list>
<bind>
<opcode="load(27) " fcode="load"/>
<opset="col_inbuf_4_load/4 "/>
</bind>
</comp>

<comp id="228" class="1004" name="dct_coeff_table_6_ad_gep_fu_228">
<pin_list>
<pin id="229" dir="0" index="0" bw="15" slack="0"/>
<pin id="230" dir="0" index="1" bw="1" slack="0"/>
<pin id="231" dir="0" index="2" bw="4" slack="1"/>
<pin id="232" dir="1" index="3" bw="3" slack="0"/>
</pin_list>
<bind>
<opcode="getelementptr(29) " fcode="getelementptr"/>
<opset="dct_coeff_table_6_ad/4 "/>
</bind>
</comp>

<comp id="235" class="1004" name="grp_access_fu_235">
<pin_list>
<pin id="236" dir="0" index="0" bw="3" slack="0"/>
<pin id="237" dir="0" index="1" bw="15" slack="2147483647"/>
<pin id="238" dir="1" index="2" bw="15" slack="1"/>
</pin_list>
<bind>
<opcode="load(27) " fcode="load"/>
<opset="dct_coeff_table_6_lo/4 "/>
</bind>
</comp>

<comp id="240" class="1004" name="grp_access_fu_240">
<pin_list>
<pin id="241" dir="0" index="0" bw="3" slack="2"/>
<pin id="242" dir="0" index="1" bw="16" slack="2147483647"/>
<pin id="243" dir="1" index="2" bw="16" slack="1"/>
</pin_list>
<bind>
<opcode="load(27) " fcode="load"/>
<opset="col_inbuf_6_load/4 "/>
</bind>
</comp>

<comp id="244" class="1004" name="dct_coeff_table_7_ad_gep_fu_244">
<pin_list>
<pin id="245" dir="0" index="0" bw="15" slack="0"/>
<pin id="246" dir="0" index="1" bw="1" slack="0"/>
<pin id="247" dir="0" index="2" bw="4" slack="1"/>
<pin id="248" dir="1" index="3" bw="3" slack="0"/>
</pin_list>
<bind>
<opcode="getelementptr(29) " fcode="getelementptr"/>
<opset="dct_coeff_table_7_ad/4 "/>
</bind>
</comp>

<comp id="251" class="1004" name="grp_access_fu_251">
<pin_list>
<pin id="252" dir="0" index="0" bw="3" slack="0"/>
<pin id="253" dir="0" index="1" bw="15" slack="2147483647"/>
<pin id="254" dir="1" index="2" bw="15" slack="1"/>
</pin_list>
<bind>
<opcode="load(27) " fcode="load"/>
<opset="dct_coeff_table_7_lo/4 "/>
</bind>
</comp>

<comp id="256" class="1004" name="grp_access_fu_256">
<pin_list>
<pin id="257" dir="0" index="0" bw="3" slack="2"/>
<pin id="258" dir="0" index="1" bw="16" slack="2147483647"/>
<pin id="259" dir="1" index="2" bw="16" slack="1"/>
</pin_list>
<bind>
<opcode="load(27) " fcode="load"/>
<opset="col_inbuf_7_load/4 "/>
</bind>
</comp>

<comp id="260" class="1004" name="col_outbuf_i_addr_gep_fu_260">
<pin_list>
<pin id="261" dir="0" index="0" bw="16" slack="0"/>
<pin id="262" dir="0" index="1" bw="1" slack="0"/>
<pin id="263" dir="0" index="2" bw="8" slack="0"/>
<pin id="264" dir="1" index="3" bw="6" slack="0"/>
</pin_list>
<bind>
<opcode="getelementptr(29) " fcode="getelementptr"/>
<opset="col_outbuf_i_addr/8 "/>
</bind>
</comp>

<comp id="267" class="1004" name="StgValue_116_access_fu_267">
<pin_list>
<pin id="268" dir="0" index="0" bw="6" slack="0"/>
<pin id="269" dir="0" index="1" bw="16" slack="1"/>
<pin id="270" dir="1" index="2" bw="16" slack="2147483647"/>
</pin_list>
<bind>
<opcode="store(28) " fcode="store"/>
<opset="StgValue_116/8 "/>
</bind>
</comp>

<comp id="272" class="1005" name="i_2_i_reg_272">
<pin_list>
<pin id="273" dir="0" index="0" bw="4" slack="1"/>
<pin id="274" dir="1" index="1" bw="4" slack="1"/>
</pin_list>
<bind>
<opset="i_2_i (phireg) "/>
</bind>
</comp>

<comp id="276" class="1004" name="i_2_i_phi_fu_276">
<pin_list>
<pin id="277" dir="0" index="0" bw="1" slack="1"/>
<pin id="278" dir="0" index="1" bw="0" slack="2147483647"/>
<pin id="279" dir="0" index="2" bw="4" slack="0"/>
<pin id="280" dir="0" index="3" bw="0" slack="2147483647"/>
<pin id="281" dir="1" index="4" bw="4" slack="0"/>
</pin_list>
<bind>
<opcode="phi(47) " fcode="phi"/>
<opset="i_2_i/2 "/>
</bind>
</comp>

<comp id="283" class="1005" name="k_i_reg_283">
<pin_list>
<pin id="284" dir="0" index="0" bw="4" slack="1"/>
<pin id="285" dir="1" index="1" bw="4" slack="1"/>
</pin_list>
<bind>
<opset="k_i (phireg) "/>
</bind>
</comp>

<comp id="287" class="1004" name="k_i_phi_fu_287">
<pin_list>
<pin id="288" dir="0" index="0" bw="1" slack="1"/>
<pin id="289" dir="0" index="1" bw="0" slack="2147483647"/>
<pin id="290" dir="0" index="2" bw="4" slack="0"/>
<pin id="291" dir="0" index="3" bw="0" slack="2147483647"/>
<pin id="292" dir="1" index="4" bw="4" slack="0"/>
</pin_list>
<bind>
<opcode="phi(47) " fcode="phi"/>
<opset="k_i/3 "/>
</bind>
</comp>

<comp id="294" class="1004" name="tmp_5_fu_294">
<pin_list>
<pin id="295" dir="0" index="0" bw="4" slack="0"/>
<pin id="296" dir="0" index="1" bw="4" slack="0"/>
<pin id="297" dir="1" index="2" bw="1" slack="1"/>
</pin_list>
<bind>
<opcode="icmp(45) " fcode="icmp"/>
<opset="tmp_5/2 "/>
</bind>
</comp>

<comp id="300" class="1004" name="i_fu_300">
<pin_list>
<pin id="301" dir="0" index="0" bw="4" slack="0"/>
<pin id="302" dir="0" index="1" bw="1" slack="0"/>
<pin id="303" dir="1" index="2" bw="4" slack="0"/>
</pin_list>
<bind>
<opcode="add(8) " fcode="add"/>
<opset="i/2 "/>
</bind>
</comp>

<comp id="306" class="1004" name="i_2_i1_cast_i_fu_306">
<pin_list>
<pin id="307" dir="0" index="0" bw="4" slack="0"/>
<pin id="308" dir="1" index="1" bw="32" slack="0"/>
</pin_list>
<bind>
<opcode="zext(34) " fcode="zext"/>
<opset="i_2_i1_cast_i/2 "/>
</bind>
</comp>

<comp id="318" class="1004" name="tmp_s_fu_318">
<pin_list>
<pin id="319" dir="0" index="0" bw="7" slack="0"/>
<pin id="320" dir="0" index="1" bw="4" slack="0"/>
<pin id="321" dir="0" index="2" bw="1" slack="0"/>
<pin id="322" dir="1" index="3" bw="7" slack="0"/>
</pin_list>
<bind>
<opcode="bitconcatenate(1004) " fcode="bitconcatenate"/>
<opset="tmp_s/2 "/>
</bind>
</comp>

<comp id="326" class="1004" name="tmp_18_cast_fu_326">
<pin_list>
<pin id="327" dir="0" index="0" bw="7" slack="0"/>
<pin id="328" dir="1" index="1" bw="8" slack="1"/>
</pin_list>
<bind>
<opcode="zext(34) " fcode="zext"/>
<opset="tmp_18_cast/2 "/>
</bind>
</comp>

<comp id="330" class="1004" name="tmp_i_fu_330">
<pin_list>
<pin id="331" dir="0" index="0" bw="4" slack="0"/>
<pin id="332" dir="0" index="1" bw="4" slack="0"/>
<pin id="333" dir="1" index="2" bw="1" slack="1"/>
</pin_list>
<bind>
<opcode="icmp(45) " fcode="icmp"/>
<opset="tmp_i/3 "/>
</bind>
</comp>

<comp id="336" class="1004" name="k_fu_336">
<pin_list>
<pin id="337" dir="0" index="0" bw="4" slack="0"/>
<pin id="338" dir="0" index="1" bw="1" slack="0"/>
<pin id="339" dir="1" index="2" bw="4" slack="0"/>
</pin_list>
<bind>
<opcode="add(8) " fcode="add"/>
<opset="k/3 "/>
</bind>
</comp>

<comp id="342" class="1004" name="k_cast1_i_fu_342">
<pin_list>
<pin id="343" dir="0" index="0" bw="4" slack="0"/>
<pin id="344" dir="1" index="1" bw="32" slack="0"/>
</pin_list>
<bind>
<opcode="zext(34) " fcode="zext"/>
<opset="k_cast1_i/3 "/>
</bind>
</comp>

<comp id="349" class="1004" name="k_cast1_i_cast_fu_349">
<pin_list>
<pin id="350" dir="0" index="0" bw="4" slack="0"/>
<pin id="351" dir="1" index="1" bw="8" slack="0"/>
</pin_list>
<bind>
<opcode="zext(34) " fcode="zext"/>
<opset="k_cast1_i_cast/3 "/>
</bind>
</comp>

<comp id="353" class="1004" name="tmp_6_fu_353">
<pin_list>
<pin id="354" dir="0" index="0" bw="7" slack="1"/>
<pin id="355" dir="0" index="1" bw="4" slack="0"/>
<pin id="356" dir="1" index="2" bw="8" slack="5"/>
</pin_list>
<bind>
<opcode="add(8) " fcode="add"/>
<opset="tmp_6/3 "/>
</bind>
</comp>

<comp id="358" class="1004" name="coeff_1_cast_i_fu_358">
<pin_list>
<pin id="359" dir="0" index="0" bw="15" slack="1"/>
<pin id="360" dir="1" index="1" bw="29" slack="0"/>
</pin_list>
<bind>
<opcode="sext(35) " fcode="sext"/>
<opset="coeff_1_cast_i/5 "/>
</bind>
</comp>

<comp id="361" class="1004" name="tmp_2_1_cast_i_fu_361">
<pin_list>
<pin id="362" dir="0" index="0" bw="16" slack="1"/>
<pin id="363" dir="1" index="1" bw="29" slack="0"/>
</pin_list>
<bind>
<opcode="sext(35) " fcode="sext"/>
<opset="tmp_2_1_cast_i/5 "/>
</bind>
</comp>

<comp id="364" class="1004" name="coeff_3_cast_i_fu_364">
<pin_list>
<pin id="365" dir="0" index="0" bw="15" slack="1"/>
<pin id="366" dir="1" index="1" bw="29" slack="0"/>
</pin_list>
<bind>
<opcode="sext(35) " fcode="sext"/>
<opset="coeff_3_cast_i/5 "/>
</bind>
</comp>

<comp id="367" class="1004" name="tmp_2_3_cast_i_fu_367">
<pin_list>
<pin id="368" dir="0" index="0" bw="16" slack="1"/>
<pin id="369" dir="1" index="1" bw="29" slack="0"/>
</pin_list>
<bind>
<opcode="sext(35) " fcode="sext"/>
<opset="tmp_2_3_cast_i/5 "/>
</bind>
</comp>

<comp id="370" class="1004" name="coeff_5_cast_i_fu_370">
<pin_list>
<pin id="371" dir="0" index="0" bw="15" slack="1"/>
<pin id="372" dir="1" index="1" bw="29" slack="0"/>
</pin_list>
<bind>
<opcode="sext(35) " fcode="sext"/>
<opset="coeff_5_cast_i/5 "/>
</bind>
</comp>

<comp id="373" class="1004" name="tmp_2_5_cast_i_fu_373">
<pin_list>
<pin id="374" dir="0" index="0" bw="16" slack="1"/>
<pin id="375" dir="1" index="1" bw="29" slack="0"/>
</pin_list>
<bind>
<opcode="sext(35) " fcode="sext"/>
<opset="tmp_2_5_cast_i/5 "/>
</bind>
</comp>

<comp id="376" class="1004" name="coeff_cast_i_fu_376">
<pin_list>
<pin id="377" dir="0" index="0" bw="14" slack="1"/>
<pin id="378" dir="1" index="1" bw="29" slack="0"/>
</pin_list>
<bind>
<opcode="zext(34) " fcode="zext"/>
<opset="coeff_cast_i/6 "/>
</bind>
</comp>

<comp id="379" class="1004" name="tmp_2_cast_i_fu_379">
<pin_list>
<pin id="380" dir="0" index="0" bw="16" slack="1"/>
<pin id="381" dir="1" index="1" bw="29" slack="0"/>
</pin_list>
<bind>
<opcode="sext(35) " fcode="sext"/>
<opset="tmp_2_cast_i/6 "/>
</bind>
</comp>

<comp id="382" class="1004" name="coeff_2_cast_i_fu_382">
<pin_list>
<pin id="383" dir="0" index="0" bw="15" slack="1"/>
<pin id="384" dir="1" index="1" bw="29" slack="0"/>
</pin_list>
<bind>
<opcode="sext(35) " fcode="sext"/>
<opset="coeff_2_cast_i/6 "/>
</bind>
</comp>

<comp id="385" class="1004" name="tmp_2_2_cast_i_fu_385">
<pin_list>
<pin id="386" dir="0" index="0" bw="16" slack="1"/>
<pin id="387" dir="1" index="1" bw="29" slack="0"/>
</pin_list>
<bind>
<opcode="sext(35) " fcode="sext"/>
<opset="tmp_2_2_cast_i/6 "/>
</bind>
</comp>

<comp id="388" class="1004" name="coeff_4_cast_i_fu_388">
<pin_list>
<pin id="389" dir="0" index="0" bw="15" slack="1"/>
<pin id="390" dir="1" index="1" bw="29" slack="0"/>
</pin_list>
<bind>
<opcode="sext(35) " fcode="sext"/>
<opset="coeff_4_cast_i/6 "/>
</bind>
</comp>

<comp id="391" class="1004" name="tmp_2_4_cast_i_fu_391">
<pin_list>
<pin id="392" dir="0" index="0" bw="16" slack="1"/>
<pin id="393" dir="1" index="1" bw="29" slack="0"/>
</pin_list>
<bind>
<opcode="sext(35) " fcode="sext"/>
<opset="tmp_2_4_cast_i/6 "/>
</bind>
</comp>

<comp id="394" class="1004" name="coeff_6_cast_i_fu_394">
<pin_list>
<pin id="395" dir="0" index="0" bw="15" slack="1"/>
<pin id="396" dir="1" index="1" bw="29" slack="0"/>
</pin_list>
<bind>
<opcode="sext(35) " fcode="sext"/>
<opset="coeff_6_cast_i/6 "/>
</bind>
</comp>

<comp id="397" class="1004" name="tmp_2_6_cast_i_fu_397">
<pin_list>
<pin id="398" dir="0" index="0" bw="16" slack="1"/>
<pin id="399" dir="1" index="1" bw="29" slack="0"/>
</pin_list>
<bind>
<opcode="sext(35) " fcode="sext"/>
<opset="tmp_2_6_cast_i/6 "/>
</bind>
</comp>

<comp id="400" class="1004" name="coeff_7_cast_i_fu_400">
<pin_list>
<pin id="401" dir="0" index="0" bw="15" slack="1"/>
<pin id="402" dir="1" index="1" bw="29" slack="0"/>
</pin_list>
<bind>
<opcode="sext(35) " fcode="sext"/>
<opset="coeff_7_cast_i/6 "/>
</bind>
</comp>

<comp id="403" class="1004" name="tmp_2_7_cast_i_fu_403">
<pin_list>
<pin id="404" dir="0" index="0" bw="16" slack="1"/>
<pin id="405" dir="1" index="1" bw="29" slack="0"/>
</pin_list>
<bind>
<opcode="sext(35) " fcode="sext"/>
<opset="tmp_2_7_cast_i/6 "/>
</bind>
</comp>

<comp id="406" class="1004" name="tmp_fu_406">
<pin_list>
<pin id="407" dir="0" index="0" bw="29" slack="0"/>
<pin id="408" dir="0" index="1" bw="29" slack="0"/>
<pin id="409" dir="1" index="2" bw="29" slack="1"/>
</pin_list>
<bind>
<opcode="add(8) " fcode="add"/>
<opset="tmp/6 "/>
</bind>
</comp>

<comp id="410" class="1004" name="tmp3_fu_410">
<pin_list>
<pin id="411" dir="0" index="0" bw="29" slack="1"/>
<pin id="412" dir="0" index="1" bw="29" slack="1"/>
<pin id="413" dir="1" index="2" bw="29" slack="0"/>
</pin_list>
<bind>
<opcode="add(8) " fcode="add"/>
<opset="tmp3/7 "/>
</bind>
</comp>

<comp id="414" class="1004" name="tmp_9_i_fu_414">
<pin_list>
<pin id="415" dir="0" index="0" bw="29" slack="1"/>
<pin id="416" dir="0" index="1" bw="29" slack="0"/>
<pin id="417" dir="1" index="2" bw="29" slack="0"/>
</pin_list>
<bind>
<opcode="add(8) " fcode="add"/>
<opset="tmp_9_i/7 "/>
</bind>
</comp>

<comp id="419" class="1004" name="tmp_1_i_fu_419">
<pin_list>
<pin id="420" dir="0" index="0" bw="16" slack="0"/>
<pin id="421" dir="0" index="1" bw="29" slack="0"/>
<pin id="422" dir="0" index="2" bw="5" slack="0"/>
<pin id="423" dir="0" index="3" bw="6" slack="0"/>
<pin id="424" dir="1" index="4" bw="16" slack="1"/>
</pin_list>
<bind>
<opcode="partselect(1002) " fcode="partselect"/>
<opset="tmp_1_i/7 "/>
</bind>
</comp>

<comp id="429" class="1004" name="tmp_19_cast_fu_429">
<pin_list>
<pin id="430" dir="0" index="0" bw="8" slack="5"/>
<pin id="431" dir="1" index="1" bw="32" slack="0"/>
</pin_list>
<bind>
<opcode="zext(34) " fcode="zext"/>
<opset="tmp_19_cast/8 "/>
</bind>
</comp>

<comp id="433" class="1007" name="tmp_3_1_i_fu_433">
<pin_list>
<pin id="434" dir="0" index="0" bw="15" slack="0"/>
<pin id="435" dir="0" index="1" bw="16" slack="0"/>
<pin id="436" dir="1" index="2" bw="29" slack="1"/>
</pin_list>
<bind>
<opcode="mul(12) " fcode="mul"/>
<opset="tmp_3_1_i/5 "/>
</bind>
</comp>

<comp id="439" class="1007" name="tmp_3_3_i_fu_439">
<pin_list>
<pin id="440" dir="0" index="0" bw="15" slack="0"/>
<pin id="441" dir="0" index="1" bw="16" slack="0"/>
<pin id="442" dir="1" index="2" bw="29" slack="1"/>
</pin_list>
<bind>
<opcode="mul(12) " fcode="mul"/>
<opset="tmp_3_3_i/5 "/>
</bind>
</comp>

<comp id="445" class="1007" name="tmp_3_5_i_fu_445">
<pin_list>
<pin id="446" dir="0" index="0" bw="15" slack="0"/>
<pin id="447" dir="0" index="1" bw="16" slack="0"/>
<pin id="448" dir="1" index="2" bw="29" slack="1"/>
</pin_list>
<bind>
<opcode="mul(12) " fcode="mul"/>
<opset="tmp_3_5_i/5 "/>
</bind>
</comp>

<comp id="451" class="1007" name="grp_fu_451">
<pin_list>
<pin id="452" dir="0" index="0" bw="14" slack="0"/>
<pin id="453" dir="0" index="1" bw="16" slack="0"/>
<pin id="454" dir="0" index="2" bw="29" slack="2147483647"/>
<pin id="455" dir="1" index="3" bw="29" slack="0"/>
</pin_list>
<bind>
<opcode="muladd(1172) " fcode="muladd"/>
<opset="tmp_3_i/6 tmp1/6 "/>
</bind>
</comp>

<comp id="459" class="1007" name="grp_fu_459">
<pin_list>
<pin id="460" dir="0" index="0" bw="15" slack="0"/>
<pin id="461" dir="0" index="1" bw="16" slack="0"/>
<pin id="462" dir="0" index="2" bw="29" slack="2147483647"/>
<pin id="463" dir="1" index="3" bw="29" slack="0"/>
</pin_list>
<bind>
<opcode="muladd(1172) " fcode="muladd"/>
<opset="tmp_3_2_i/6 tmp2/6 "/>
</bind>
</comp>

<comp id="467" class="1007" name="grp_fu_467">
<pin_list>
<pin id="468" dir="0" index="0" bw="15" slack="0"/>
<pin id="469" dir="0" index="1" bw="16" slack="0"/>
<pin id="470" dir="0" index="2" bw="29" slack="2147483647"/>
<pin id="471" dir="1" index="3" bw="29" slack="1"/>
</pin_list>
<bind>
<opcode="muladd(1172) " fcode="muladd"/>
<opset="tmp_3_4_i/6 tmp4/6 "/>
</bind>
</comp>

<comp id="474" class="1007" name="grp_fu_474">
<pin_list>
<pin id="475" dir="0" index="0" bw="15" slack="0"/>
<pin id="476" dir="0" index="1" bw="16" slack="0"/>
<pin id="477" dir="0" index="2" bw="29" slack="2147483647"/>
<pin id="478" dir="1" index="3" bw="29" slack="1"/>
</pin_list>
<bind>
<opcode="muladd(1172) " fcode="muladd"/>
<opset="tmp_3_6_i/6 tmp5/6 "/>
</bind>
</comp>

<comp id="481" class="1007" name="grp_fu_481">
<pin_list>
<pin id="482" dir="0" index="0" bw="15" slack="0"/>
<pin id="483" dir="0" index="1" bw="16" slack="0"/>
<pin id="484" dir="0" index="2" bw="29" slack="0"/>
<pin id="485" dir="1" index="3" bw="29" slack="0"/>
</pin_list>
<bind>
<opcode="muladd(1172) " fcode="muladd"/>
<opset="tmp_3_7_i/6 tmp6/6 "/>
</bind>
</comp>

<comp id="490" class="1005" name="tmp_5_reg_490">
<pin_list>
<pin id="491" dir="0" index="0" bw="1" slack="1"/>
<pin id="492" dir="1" index="1" bw="1" slack="2147483647"/>
</pin_list>
<bind>
<opset="tmp_5 "/>
</bind>
</comp>

<comp id="494" class="1005" name="i_reg_494">
<pin_list>
<pin id="495" dir="0" index="0" bw="4" slack="0"/>
<pin id="496" dir="1" index="1" bw="4" slack="0"/>
</pin_list>
<bind>
<opset="i "/>
</bind>
</comp>

<comp id="499" class="1005" name="tmp_18_cast_reg_499">
<pin_list>
<pin id="500" dir="0" index="0" bw="8" slack="1"/>
<pin id="501" dir="1" index="1" bw="8" slack="1"/>
</pin_list>
<bind>
<opset="tmp_18_cast "/>
</bind>
</comp>

<comp id="504" class="1005" name="col_inbuf_0_addr_reg_504">
<pin_list>
<pin id="505" dir="0" index="0" bw="3" slack="2"/>
<pin id="506" dir="1" index="1" bw="3" slack="2"/>
</pin_list>
<bind>
<opset="col_inbuf_0_addr "/>
</bind>
</comp>

<comp id="509" class="1005" name="col_inbuf_1_addr_reg_509">
<pin_list>
<pin id="510" dir="0" index="0" bw="3" slack="1"/>
<pin id="511" dir="1" index="1" bw="3" slack="1"/>
</pin_list>
<bind>
<opset="col_inbuf_1_addr "/>
</bind>
</comp>

<comp id="514" class="1005" name="col_inbuf_2_addr_reg_514">
<pin_list>
<pin id="515" dir="0" index="0" bw="3" slack="2"/>
<pin id="516" dir="1" index="1" bw="3" slack="2"/>
</pin_list>
<bind>
<opset="col_inbuf_2_addr "/>
</bind>
</comp>

<comp id="519" class="1005" name="col_inbuf_3_addr_reg_519">
<pin_list>
<pin id="520" dir="0" index="0" bw="3" slack="1"/>
<pin id="521" dir="1" index="1" bw="3" slack="1"/>
</pin_list>
<bind>
<opset="col_inbuf_3_addr "/>
</bind>
</comp>

<comp id="524" class="1005" name="col_inbuf_4_addr_reg_524">
<pin_list>
<pin id="525" dir="0" index="0" bw="3" slack="2"/>
<pin id="526" dir="1" index="1" bw="3" slack="2"/>
</pin_list>
<bind>
<opset="col_inbuf_4_addr "/>
</bind>
</comp>

<comp id="529" class="1005" name="col_inbuf_5_addr_reg_529">
<pin_list>
<pin id="530" dir="0" index="0" bw="3" slack="1"/>
<pin id="531" dir="1" index="1" bw="3" slack="1"/>
</pin_list>
<bind>
<opset="col_inbuf_5_addr "/>
</bind>
</comp>

<comp id="534" class="1005" name="col_inbuf_6_addr_reg_534">
<pin_list>
<pin id="535" dir="0" index="0" bw="3" slack="2"/>
<pin id="536" dir="1" index="1" bw="3" slack="2"/>
</pin_list>
<bind>
<opset="col_inbuf_6_addr "/>
</bind>
</comp>

<comp id="539" class="1005" name="col_inbuf_7_addr_reg_539">
<pin_list>
<pin id="540" dir="0" index="0" bw="3" slack="2"/>
<pin id="541" dir="1" index="1" bw="3" slack="2"/>
</pin_list>
<bind>
<opset="col_inbuf_7_addr "/>
</bind>
</comp>

<comp id="544" class="1005" name="tmp_i_reg_544">
<pin_list>
<pin id="545" dir="0" index="0" bw="1" slack="1"/>
<pin id="546" dir="1" index="1" bw="1" slack="2147483647"/>
</pin_list>
<bind>
<opset="tmp_i "/>
</bind>
</comp>

<comp id="548" class="1005" name="k_reg_548">
<pin_list>
<pin id="549" dir="0" index="0" bw="4" slack="0"/>
<pin id="550" dir="1" index="1" bw="4" slack="0"/>
</pin_list>
<bind>
<opset="k "/>
</bind>
</comp>

<comp id="553" class="1005" name="k_cast1_i_reg_553">
<pin_list>
<pin id="554" dir="0" index="0" bw="32" slack="1"/>
<pin id="555" dir="1" index="1" bw="32" slack="1"/>
</pin_list>
<bind>
<opset="k_cast1_i "/>
</bind>
</comp>

<comp id="562" class="1005" name="tmp_6_reg_562">
<pin_list>
<pin id="563" dir="0" index="0" bw="8" slack="5"/>
<pin id="564" dir="1" index="1" bw="8" slack="5"/>
</pin_list>
<bind>
<opset="tmp_6 "/>
</bind>
</comp>

<comp id="567" class="1005" name="dct_coeff_table_1_ad_reg_567">
<pin_list>
<pin id="568" dir="0" index="0" bw="3" slack="1"/>
<pin id="569" dir="1" index="1" bw="3" slack="1"/>
</pin_list>
<bind>
<opset="dct_coeff_table_1_ad "/>
</bind>
</comp>

<comp id="572" class="1005" name="dct_coeff_table_3_ad_reg_572">
<pin_list>
<pin id="573" dir="0" index="0" bw="3" slack="1"/>
<pin id="574" dir="1" index="1" bw="3" slack="1"/>
</pin_list>
<bind>
<opset="dct_coeff_table_3_ad "/>
</bind>
</comp>

<comp id="577" class="1005" name="dct_coeff_table_5_ad_reg_577">
<pin_list>
<pin id="578" dir="0" index="0" bw="3" slack="1"/>
<pin id="579" dir="1" index="1" bw="3" slack="1"/>
</pin_list>
<bind>
<opset="dct_coeff_table_5_ad "/>
</bind>
</comp>

<comp id="582" class="1005" name="dct_coeff_table_0_ad_reg_582">
<pin_list>
<pin id="583" dir="0" index="0" bw="3" slack="1"/>
<pin id="584" dir="1" index="1" bw="3" slack="1"/>
</pin_list>
<bind>
<opset="dct_coeff_table_0_ad "/>
</bind>
</comp>

<comp id="587" class="1005" name="dct_coeff_table_1_lo_reg_587">
<pin_list>
<pin id="588" dir="0" index="0" bw="15" slack="1"/>
<pin id="589" dir="1" index="1" bw="15" slack="1"/>
</pin_list>
<bind>
<opset="dct_coeff_table_1_lo "/>
</bind>
</comp>

<comp id="592" class="1005" name="col_inbuf_1_load_reg_592">
<pin_list>
<pin id="593" dir="0" index="0" bw="16" slack="1"/>
<pin id="594" dir="1" index="1" bw="16" slack="1"/>
</pin_list>
<bind>
<opset="col_inbuf_1_load "/>
</bind>
</comp>

<comp id="597" class="1005" name="dct_coeff_table_2_ad_reg_597">
<pin_list>
<pin id="598" dir="0" index="0" bw="3" slack="1"/>
<pin id="599" dir="1" index="1" bw="3" slack="1"/>
</pin_list>
<bind>
<opset="dct_coeff_table_2_ad "/>
</bind>
</comp>

<comp id="602" class="1005" name="dct_coeff_table_3_lo_reg_602">
<pin_list>
<pin id="603" dir="0" index="0" bw="15" slack="1"/>
<pin id="604" dir="1" index="1" bw="15" slack="1"/>
</pin_list>
<bind>
<opset="dct_coeff_table_3_lo "/>
</bind>
</comp>

<comp id="607" class="1005" name="col_inbuf_3_load_reg_607">
<pin_list>
<pin id="608" dir="0" index="0" bw="16" slack="1"/>
<pin id="609" dir="1" index="1" bw="16" slack="1"/>
</pin_list>
<bind>
<opset="col_inbuf_3_load "/>
</bind>
</comp>

<comp id="612" class="1005" name="dct_coeff_table_4_ad_reg_612">
<pin_list>
<pin id="613" dir="0" index="0" bw="3" slack="1"/>
<pin id="614" dir="1" index="1" bw="3" slack="1"/>
</pin_list>
<bind>
<opset="dct_coeff_table_4_ad "/>
</bind>
</comp>

<comp id="617" class="1005" name="dct_coeff_table_5_lo_reg_617">
<pin_list>
<pin id="618" dir="0" index="0" bw="15" slack="1"/>
<pin id="619" dir="1" index="1" bw="15" slack="1"/>
</pin_list>
<bind>
<opset="dct_coeff_table_5_lo "/>
</bind>
</comp>

<comp id="622" class="1005" name="col_inbuf_5_load_reg_622">
<pin_list>
<pin id="623" dir="0" index="0" bw="16" slack="1"/>
<pin id="624" dir="1" index="1" bw="16" slack="1"/>
</pin_list>
<bind>
<opset="col_inbuf_5_load "/>
</bind>
</comp>

<comp id="627" class="1005" name="dct_coeff_table_6_ad_reg_627">
<pin_list>
<pin id="628" dir="0" index="0" bw="3" slack="1"/>
<pin id="629" dir="1" index="1" bw="3" slack="1"/>
</pin_list>
<bind>
<opset="dct_coeff_table_6_ad "/>
</bind>
</comp>

<comp id="632" class="1005" name="dct_coeff_table_7_ad_reg_632">
<pin_list>
<pin id="633" dir="0" index="0" bw="3" slack="1"/>
<pin id="634" dir="1" index="1" bw="3" slack="1"/>
</pin_list>
<bind>
<opset="dct_coeff_table_7_ad "/>
</bind>
</comp>

<comp id="637" class="1005" name="dct_coeff_table_0_lo_reg_637">
<pin_list>
<pin id="638" dir="0" index="0" bw="14" slack="1"/>
<pin id="639" dir="1" index="1" bw="14" slack="1"/>
</pin_list>
<bind>
<opset="dct_coeff_table_0_lo "/>
</bind>
</comp>

<comp id="642" class="1005" name="col_inbuf_0_load_reg_642">
<pin_list>
<pin id="643" dir="0" index="0" bw="16" slack="1"/>
<pin id="644" dir="1" index="1" bw="16" slack="1"/>
</pin_list>
<bind>
<opset="col_inbuf_0_load "/>
</bind>
</comp>

<comp id="647" class="1005" name="tmp_3_1_i_reg_647">
<pin_list>
<pin id="648" dir="0" index="0" bw="29" slack="1"/>
<pin id="649" dir="1" index="1" bw="29" slack="1"/>
</pin_list>
<bind>
<opset="tmp_3_1_i "/>
</bind>
</comp>

<comp id="652" class="1005" name="dct_coeff_table_2_lo_reg_652">
<pin_list>
<pin id="653" dir="0" index="0" bw="15" slack="1"/>
<pin id="654" dir="1" index="1" bw="15" slack="1"/>
</pin_list>
<bind>
<opset="dct_coeff_table_2_lo "/>
</bind>
</comp>

<comp id="657" class="1005" name="col_inbuf_2_load_reg_657">
<pin_list>
<pin id="658" dir="0" index="0" bw="16" slack="1"/>
<pin id="659" dir="1" index="1" bw="16" slack="1"/>
</pin_list>
<bind>
<opset="col_inbuf_2_load "/>
</bind>
</comp>

<comp id="662" class="1005" name="tmp_3_3_i_reg_662">
<pin_list>
<pin id="663" dir="0" index="0" bw="29" slack="1"/>
<pin id="664" dir="1" index="1" bw="29" slack="1"/>
</pin_list>
<bind>
<opset="tmp_3_3_i "/>
</bind>
</comp>

<comp id="667" class="1005" name="dct_coeff_table_4_lo_reg_667">
<pin_list>
<pin id="668" dir="0" index="0" bw="15" slack="1"/>
<pin id="669" dir="1" index="1" bw="15" slack="1"/>
</pin_list>
<bind>
<opset="dct_coeff_table_4_lo "/>
</bind>
</comp>

<comp id="672" class="1005" name="col_inbuf_4_load_reg_672">
<pin_list>
<pin id="673" dir="0" index="0" bw="16" slack="1"/>
<pin id="674" dir="1" index="1" bw="16" slack="1"/>
</pin_list>
<bind>
<opset="col_inbuf_4_load "/>
</bind>
</comp>

<comp id="677" class="1005" name="tmp_3_5_i_reg_677">
<pin_list>
<pin id="678" dir="0" index="0" bw="29" slack="1"/>
<pin id="679" dir="1" index="1" bw="29" slack="1"/>
</pin_list>
<bind>
<opset="tmp_3_5_i "/>
</bind>
</comp>

<comp id="682" class="1005" name="dct_coeff_table_6_lo_reg_682">
<pin_list>
<pin id="683" dir="0" index="0" bw="15" slack="1"/>
<pin id="684" dir="1" index="1" bw="15" slack="1"/>
</pin_list>
<bind>
<opset="dct_coeff_table_6_lo "/>
</bind>
</comp>

<comp id="687" class="1005" name="col_inbuf_6_load_reg_687">
<pin_list>
<pin id="688" dir="0" index="0" bw="16" slack="1"/>
<pin id="689" dir="1" index="1" bw="16" slack="1"/>
</pin_list>
<bind>
<opset="col_inbuf_6_load "/>
</bind>
</comp>

<comp id="692" class="1005" name="dct_coeff_table_7_lo_reg_692">
<pin_list>
<pin id="693" dir="0" index="0" bw="15" slack="1"/>
<pin id="694" dir="1" index="1" bw="15" slack="1"/>
</pin_list>
<bind>
<opset="dct_coeff_table_7_lo "/>
</bind>
</comp>

<comp id="697" class="1005" name="col_inbuf_7_load_reg_697">
<pin_list>
<pin id="698" dir="0" index="0" bw="16" slack="1"/>
<pin id="699" dir="1" index="1" bw="16" slack="1"/>
</pin_list>
<bind>
<opset="col_inbuf_7_load "/>
</bind>
</comp>

<comp id="702" class="1005" name="tmp_reg_702">
<pin_list>
<pin id="703" dir="0" index="0" bw="29" slack="1"/>
<pin id="704" dir="1" index="1" bw="29" slack="1"/>
</pin_list>
<bind>
<opset="tmp "/>
</bind>
</comp>

<comp id="707" class="1005" name="tmp4_reg_707">
<pin_list>
<pin id="708" dir="0" index="0" bw="29" slack="1"/>
<pin id="709" dir="1" index="1" bw="29" slack="1"/>
</pin_list>
<bind>
<opset="tmp4 "/>
</bind>
</comp>

<comp id="712" class="1005" name="tmp5_reg_712">
<pin_list>
<pin id="713" dir="0" index="0" bw="29" slack="1"/>
<pin id="714" dir="1" index="1" bw="29" slack="1"/>
</pin_list>
<bind>
<opset="tmp5 "/>
</bind>
</comp>

<comp id="717" class="1005" name="tmp_1_i_reg_717">
<pin_list>
<pin id="718" dir="0" index="0" bw="16" slack="1"/>
<pin id="719" dir="1" index="1" bw="16" slack="1"/>
</pin_list>
<bind>
<opset="tmp_1_i "/>
</bind>
</comp>

</comp_list>

<net_list>
<net id="81"><net_src comp="0" pin="0"/><net_sink comp="76" pin=0"/></net>

<net id="82"><net_src comp="52" pin="0"/><net_sink comp="76" pin=1"/></net>

<net id="88"><net_src comp="2" pin="0"/><net_sink comp="83" pin=0"/></net>

<net id="89"><net_src comp="52" pin="0"/><net_sink comp="83" pin=1"/></net>

<net id="95"><net_src comp="4" pin="0"/><net_sink comp="90" pin=0"/></net>

<net id="96"><net_src comp="52" pin="0"/><net_sink comp="90" pin=1"/></net>

<net id="102"><net_src comp="6" pin="0"/><net_sink comp="97" pin=0"/></net>

<net id="103"><net_src comp="52" pin="0"/><net_sink comp="97" pin=1"/></net>

<net id="109"><net_src comp="8" pin="0"/><net_sink comp="104" pin=0"/></net>

<net id="110"><net_src comp="52" pin="0"/><net_sink comp="104" pin=1"/></net>

<net id="116"><net_src comp="10" pin="0"/><net_sink comp="111" pin=0"/></net>

<net id="117"><net_src comp="52" pin="0"/><net_sink comp="111" pin=1"/></net>

<net id="123"><net_src comp="12" pin="0"/><net_sink comp="118" pin=0"/></net>

<net id="124"><net_src comp="52" pin="0"/><net_sink comp="118" pin=1"/></net>

<net id="130"><net_src comp="14" pin="0"/><net_sink comp="125" pin=0"/></net>

<net id="131"><net_src comp="52" pin="0"/><net_sink comp="125" pin=1"/></net>

<net id="137"><net_src comp="20" pin="0"/><net_sink comp="132" pin=0"/></net>

<net id="138"><net_src comp="52" pin="0"/><net_sink comp="132" pin=1"/></net>

<net id="143"><net_src comp="132" pin="3"/><net_sink comp="139" pin=0"/></net>

<net id="153"><net_src comp="24" pin="0"/><net_sink comp="148" pin=0"/></net>

<net id="154"><net_src comp="52" pin="0"/><net_sink comp="148" pin=1"/></net>

<net id="159"><net_src comp="148" pin="3"/><net_sink comp="155" pin=0"/></net>

<net id="169"><net_src comp="28" pin="0"/><net_sink comp="164" pin=0"/></net>

<net id="170"><net_src comp="52" pin="0"/><net_sink comp="164" pin=1"/></net>

<net id="175"><net_src comp="164" pin="3"/><net_sink comp="171" pin=0"/></net>

<net id="185"><net_src comp="18" pin="0"/><net_sink comp="180" pin=0"/></net>

<net id="186"><net_src comp="52" pin="0"/><net_sink comp="180" pin=1"/></net>

<net id="191"><net_src comp="180" pin="3"/><net_sink comp="187" pin=0"/></net>

<net id="201"><net_src comp="22" pin="0"/><net_sink comp="196" pin=0"/></net>

<net id="202"><net_src comp="52" pin="0"/><net_sink comp="196" pin=1"/></net>

<net id="207"><net_src comp="196" pin="3"/><net_sink comp="203" pin=0"/></net>

<net id="217"><net_src comp="26" pin="0"/><net_sink comp="212" pin=0"/></net>

<net id="218"><net_src comp="52" pin="0"/><net_sink comp="212" pin=1"/></net>

<net id="223"><net_src comp="212" pin="3"/><net_sink comp="219" pin=0"/></net>

<net id="233"><net_src comp="30" pin="0"/><net_sink comp="228" pin=0"/></net>

<net id="234"><net_src comp="52" pin="0"/><net_sink comp="228" pin=1"/></net>

<net id="239"><net_src comp="228" pin="3"/><net_sink comp="235" pin=0"/></net>

<net id="249"><net_src comp="32" pin="0"/><net_sink comp="244" pin=0"/></net>

<net id="250"><net_src comp="52" pin="0"/><net_sink comp="244" pin=1"/></net>

<net id="255"><net_src comp="244" pin="3"/><net_sink comp="251" pin=0"/></net>

<net id="265"><net_src comp="16" pin="0"/><net_sink comp="260" pin=0"/></net>

<net id="266"><net_src comp="52" pin="0"/><net_sink comp="260" pin=1"/></net>

<net id="271"><net_src comp="260" pin="3"/><net_sink comp="267" pin=0"/></net>

<net id="275"><net_src comp="34" pin="0"/><net_sink comp="272" pin=0"/></net>

<net id="282"><net_src comp="272" pin="1"/><net_sink comp="276" pin=0"/></net>

<net id="286"><net_src comp="34" pin="0"/><net_sink comp="283" pin=0"/></net>

<net id="293"><net_src comp="283" pin="1"/><net_sink comp="287" pin=0"/></net>

<net id="298"><net_src comp="276" pin="4"/><net_sink comp="294" pin=0"/></net>

<net id="299"><net_src comp="36" pin="0"/><net_sink comp="294" pin=1"/></net>

<net id="304"><net_src comp="276" pin="4"/><net_sink comp="300" pin=0"/></net>

<net id="305"><net_src comp="38" pin="0"/><net_sink comp="300" pin=1"/></net>

<net id="309"><net_src comp="276" pin="4"/><net_sink comp="306" pin=0"/></net>

<net id="310"><net_src comp="306" pin="1"/><net_sink comp="76" pin=2"/></net>

<net id="311"><net_src comp="306" pin="1"/><net_sink comp="83" pin=2"/></net>

<net id="312"><net_src comp="306" pin="1"/><net_sink comp="90" pin=2"/></net>

<net id="313"><net_src comp="306" pin="1"/><net_sink comp="97" pin=2"/></net>

<net id="314"><net_src comp="306" pin="1"/><net_sink comp="104" pin=2"/></net>

<net id="315"><net_src comp="306" pin="1"/><net_sink comp="111" pin=2"/></net>

<net id="316"><net_src comp="306" pin="1"/><net_sink comp="118" pin=2"/></net>

<net id="317"><net_src comp="306" pin="1"/><net_sink comp="125" pin=2"/></net>

<net id="323"><net_src comp="48" pin="0"/><net_sink comp="318" pin=0"/></net>

<net id="324"><net_src comp="276" pin="4"/><net_sink comp="318" pin=1"/></net>

<net id="325"><net_src comp="50" pin="0"/><net_sink comp="318" pin=2"/></net>

<net id="329"><net_src comp="318" pin="3"/><net_sink comp="326" pin=0"/></net>

<net id="334"><net_src comp="287" pin="4"/><net_sink comp="330" pin=0"/></net>

<net id="335"><net_src comp="36" pin="0"/><net_sink comp="330" pin=1"/></net>

<net id="340"><net_src comp="287" pin="4"/><net_sink comp="336" pin=0"/></net>

<net id="341"><net_src comp="38" pin="0"/><net_sink comp="336" pin=1"/></net>

<net id="345"><net_src comp="287" pin="4"/><net_sink comp="342" pin=0"/></net>

<net id="346"><net_src comp="342" pin="1"/><net_sink comp="132" pin=2"/></net>

<net id="347"><net_src comp="342" pin="1"/><net_sink comp="148" pin=2"/></net>

<net id="348"><net_src comp="342" pin="1"/><net_sink comp="164" pin=2"/></net>

<net id="352"><net_src comp="287" pin="4"/><net_sink comp="349" pin=0"/></net>

<net id="357"><net_src comp="349" pin="1"/><net_sink comp="353" pin=1"/></net>

<net id="418"><net_src comp="410" pin="2"/><net_sink comp="414" pin=1"/></net>

<net id="425"><net_src comp="56" pin="0"/><net_sink comp="419" pin=0"/></net>

<net id="426"><net_src comp="414" pin="2"/><net_sink comp="419" pin=1"/></net>

<net id="427"><net_src comp="58" pin="0"/><net_sink comp="419" pin=2"/></net>

<net id="428"><net_src comp="60" pin="0"/><net_sink comp="419" pin=3"/></net>

<net id="432"><net_src comp="429" pin="1"/><net_sink comp="260" pin=2"/></net>

<net id="437"><net_src comp="358" pin="1"/><net_sink comp="433" pin=0"/></net>

<net id="438"><net_src comp="361" pin="1"/><net_sink comp="433" pin=1"/></net>

<net id="443"><net_src comp="364" pin="1"/><net_sink comp="439" pin=0"/></net>

<net id="444"><net_src comp="367" pin="1"/><net_sink comp="439" pin=1"/></net>

<net id="449"><net_src comp="370" pin="1"/><net_sink comp="445" pin=0"/></net>

<net id="450"><net_src comp="373" pin="1"/><net_sink comp="445" pin=1"/></net>

<net id="456"><net_src comp="376" pin="1"/><net_sink comp="451" pin=0"/></net>

<net id="457"><net_src comp="379" pin="1"/><net_sink comp="451" pin=1"/></net>

<net id="458"><net_src comp="451" pin="3"/><net_sink comp="406" pin=0"/></net>

<net id="464"><net_src comp="382" pin="1"/><net_sink comp="459" pin=0"/></net>

<net id="465"><net_src comp="385" pin="1"/><net_sink comp="459" pin=1"/></net>

<net id="466"><net_src comp="459" pin="3"/><net_sink comp="406" pin=1"/></net>

<net id="472"><net_src comp="388" pin="1"/><net_sink comp="467" pin=0"/></net>

<net id="473"><net_src comp="391" pin="1"/><net_sink comp="467" pin=1"/></net>

<net id="479"><net_src comp="394" pin="1"/><net_sink comp="474" pin=0"/></net>

<net id="480"><net_src comp="397" pin="1"/><net_sink comp="474" pin=1"/></net>

<net id="486"><net_src comp="400" pin="1"/><net_sink comp="481" pin=0"/></net>

<net id="487"><net_src comp="403" pin="1"/><net_sink comp="481" pin=1"/></net>

<net id="488"><net_src comp="54" pin="0"/><net_sink comp="481" pin=2"/></net>

<net id="489"><net_src comp="481" pin="3"/><net_sink comp="474" pin=1"/></net>

<net id="493"><net_src comp="294" pin="2"/><net_sink comp="490" pin=0"/></net>

<net id="497"><net_src comp="300" pin="2"/><net_sink comp="494" pin=0"/></net>

<net id="498"><net_src comp="494" pin="1"/><net_sink comp="276" pin=2"/></net>

<net id="502"><net_src comp="326" pin="1"/><net_sink comp="499" pin=0"/></net>

<net id="503"><net_src comp="499" pin="1"/><net_sink comp="353" pin=0"/></net>

<net id="507"><net_src comp="76" pin="3"/><net_sink comp="504" pin=0"/></net>

<net id="508"><net_src comp="504" pin="1"/><net_sink comp="192" pin=0"/></net>

<net id="512"><net_src comp="83" pin="3"/><net_sink comp="509" pin=0"/></net>

<net id="513"><net_src comp="509" pin="1"/><net_sink comp="144" pin=0"/></net>

<net id="517"><net_src comp="90" pin="3"/><net_sink comp="514" pin=0"/></net>

<net id="518"><net_src comp="514" pin="1"/><net_sink comp="208" pin=0"/></net>

<net id="522"><net_src comp="97" pin="3"/><net_sink comp="519" pin=0"/></net>

<net id="523"><net_src comp="519" pin="1"/><net_sink comp="160" pin=0"/></net>

<net id="527"><net_src comp="104" pin="3"/><net_sink comp="524" pin=0"/></net>

<net id="528"><net_src comp="524" pin="1"/><net_sink comp="224" pin=0"/></net>

<net id="532"><net_src comp="111" pin="3"/><net_sink comp="529" pin=0"/></net>

<net id="533"><net_src comp="529" pin="1"/><net_sink comp="176" pin=0"/></net>

<net id="537"><net_src comp="118" pin="3"/><net_sink comp="534" pin=0"/></net>

<net id="538"><net_src comp="534" pin="1"/><net_sink comp="240" pin=0"/></net>

<net id="542"><net_src comp="125" pin="3"/><net_sink comp="539" pin=0"/></net>

<net id="543"><net_src comp="539" pin="1"/><net_sink comp="256" pin=0"/></net>

<net id="547"><net_src comp="330" pin="2"/><net_sink comp="544" pin=0"/></net>

<net id="551"><net_src comp="336" pin="2"/><net_sink comp="548" pin=0"/></net>

<net id="552"><net_src comp="548" pin="1"/><net_sink comp="287" pin=2"/></net>

<net id="556"><net_src comp="342" pin="1"/><net_sink comp="553" pin=0"/></net>

<net id="557"><net_src comp="553" pin="1"/><net_sink comp="180" pin=2"/></net>

<net id="558"><net_src comp="553" pin="1"/><net_sink comp="196" pin=2"/></net>

<net id="559"><net_src comp="553" pin="1"/><net_sink comp="212" pin=2"/></net>

<net id="560"><net_src comp="553" pin="1"/><net_sink comp="228" pin=2"/></net>

<net id="561"><net_src comp="553" pin="1"/><net_sink comp="244" pin=2"/></net>

<net id="565"><net_src comp="353" pin="2"/><net_sink comp="562" pin=0"/></net>

<net id="566"><net_src comp="562" pin="1"/><net_sink comp="429" pin=0"/></net>

<net id="570"><net_src comp="132" pin="3"/><net_sink comp="567" pin=0"/></net>

<net id="571"><net_src comp="567" pin="1"/><net_sink comp="139" pin=0"/></net>

<net id="575"><net_src comp="148" pin="3"/><net_sink comp="572" pin=0"/></net>

<net id="576"><net_src comp="572" pin="1"/><net_sink comp="155" pin=0"/></net>

<net id="580"><net_src comp="164" pin="3"/><net_sink comp="577" pin=0"/></net>

<net id="581"><net_src comp="577" pin="1"/><net_sink comp="171" pin=0"/></net>

<net id="585"><net_src comp="180" pin="3"/><net_sink comp="582" pin=0"/></net>

<net id="586"><net_src comp="582" pin="1"/><net_sink comp="187" pin=0"/></net>

<net id="590"><net_src comp="139" pin="2"/><net_sink comp="587" pin=0"/></net>

<net id="591"><net_src comp="587" pin="1"/><net_sink comp="358" pin=0"/></net>

<net id="595"><net_src comp="144" pin="2"/><net_sink comp="592" pin=0"/></net>

<net id="596"><net_src comp="592" pin="1"/><net_sink comp="361" pin=0"/></net>

<net id="600"><net_src comp="196" pin="3"/><net_sink comp="597" pin=0"/></net>

<net id="601"><net_src comp="597" pin="1"/><net_sink comp="203" pin=0"/></net>

<net id="605"><net_src comp="155" pin="2"/><net_sink comp="602" pin=0"/></net>

<net id="606"><net_src comp="602" pin="1"/><net_sink comp="364" pin=0"/></net>

<net id="610"><net_src comp="160" pin="2"/><net_sink comp="607" pin=0"/></net>

<net id="611"><net_src comp="607" pin="1"/><net_sink comp="367" pin=0"/></net>

<net id="615"><net_src comp="212" pin="3"/><net_sink comp="612" pin=0"/></net>

<net id="616"><net_src comp="612" pin="1"/><net_sink comp="219" pin=0"/></net>

<net id="620"><net_src comp="171" pin="2"/><net_sink comp="617" pin=0"/></net>

<net id="621"><net_src comp="617" pin="1"/><net_sink comp="370" pin=0"/></net>

<net id="625"><net_src comp="176" pin="2"/><net_sink comp="622" pin=0"/></net>

<net id="626"><net_src comp="622" pin="1"/><net_sink comp="373" pin=0"/></net>

<net id="630"><net_src comp="228" pin="3"/><net_sink comp="627" pin=0"/></net>

<net id="631"><net_src comp="627" pin="1"/><net_sink comp="235" pin=0"/></net>

<net id="635"><net_src comp="244" pin="3"/><net_sink comp="632" pin=0"/></net>

<net id="636"><net_src comp="632" pin="1"/><net_sink comp="251" pin=0"/></net>

<net id="640"><net_src comp="187" pin="2"/><net_sink comp="637" pin=0"/></net>

<net id="641"><net_src comp="637" pin="1"/><net_sink comp="376" pin=0"/></net>

<net id="645"><net_src comp="192" pin="2"/><net_sink comp="642" pin=0"/></net>

<net id="646"><net_src comp="642" pin="1"/><net_sink comp="379" pin=0"/></net>

<net id="650"><net_src comp="433" pin="2"/><net_sink comp="647" pin=0"/></net>

<net id="651"><net_src comp="647" pin="1"/><net_sink comp="451" pin=0"/></net>

<net id="655"><net_src comp="203" pin="2"/><net_sink comp="652" pin=0"/></net>

<net id="656"><net_src comp="652" pin="1"/><net_sink comp="382" pin=0"/></net>

<net id="660"><net_src comp="208" pin="2"/><net_sink comp="657" pin=0"/></net>

<net id="661"><net_src comp="657" pin="1"/><net_sink comp="385" pin=0"/></net>

<net id="665"><net_src comp="439" pin="2"/><net_sink comp="662" pin=0"/></net>

<net id="666"><net_src comp="662" pin="1"/><net_sink comp="459" pin=0"/></net>

<net id="670"><net_src comp="219" pin="2"/><net_sink comp="667" pin=0"/></net>

<net id="671"><net_src comp="667" pin="1"/><net_sink comp="388" pin=0"/></net>

<net id="675"><net_src comp="224" pin="2"/><net_sink comp="672" pin=0"/></net>

<net id="676"><net_src comp="672" pin="1"/><net_sink comp="391" pin=0"/></net>

<net id="680"><net_src comp="445" pin="2"/><net_sink comp="677" pin=0"/></net>

<net id="681"><net_src comp="677" pin="1"/><net_sink comp="467" pin=0"/></net>

<net id="685"><net_src comp="235" pin="2"/><net_sink comp="682" pin=0"/></net>

<net id="686"><net_src comp="682" pin="1"/><net_sink comp="394" pin=0"/></net>

<net id="690"><net_src comp="240" pin="2"/><net_sink comp="687" pin=0"/></net>

<net id="691"><net_src comp="687" pin="1"/><net_sink comp="397" pin=0"/></net>

<net id="695"><net_src comp="251" pin="2"/><net_sink comp="692" pin=0"/></net>

<net id="696"><net_src comp="692" pin="1"/><net_sink comp="400" pin=0"/></net>

<net id="700"><net_src comp="256" pin="2"/><net_sink comp="697" pin=0"/></net>

<net id="701"><net_src comp="697" pin="1"/><net_sink comp="403" pin=0"/></net>

<net id="705"><net_src comp="406" pin="2"/><net_sink comp="702" pin=0"/></net>

<net id="706"><net_src comp="702" pin="1"/><net_sink comp="414" pin=0"/></net>

<net id="710"><net_src comp="467" pin="3"/><net_sink comp="707" pin=0"/></net>

<net id="711"><net_src comp="707" pin="1"/><net_sink comp="410" pin=0"/></net>

<net id="715"><net_src comp="474" pin="3"/><net_sink comp="712" pin=0"/></net>

<net id="716"><net_src comp="712" pin="1"/><net_sink comp="410" pin=1"/></net>

<net id="720"><net_src comp="419" pin="4"/><net_sink comp="717" pin=0"/></net>

<net id="721"><net_src comp="717" pin="1"/><net_sink comp="267" pin=1"/></net>

</net_list>

</model> 
---------------- Datapath Model END ------------------

* FSMD analyzer results:
  - Output states:
	Port: col_outbuf_i | {8 }
 - Input state : 
	Port: Loop_Col_DCT_Loop_pr : col_inbuf_0 | {4 5 }
	Port: Loop_Col_DCT_Loop_pr : col_inbuf_1 | {3 4 }
	Port: Loop_Col_DCT_Loop_pr : col_inbuf_2 | {4 5 }
	Port: Loop_Col_DCT_Loop_pr : col_inbuf_3 | {3 4 }
	Port: Loop_Col_DCT_Loop_pr : col_inbuf_4 | {4 5 }
	Port: Loop_Col_DCT_Loop_pr : col_inbuf_5 | {3 4 }
	Port: Loop_Col_DCT_Loop_pr : col_inbuf_6 | {4 5 }
	Port: Loop_Col_DCT_Loop_pr : col_inbuf_7 | {4 5 }
	Port: Loop_Col_DCT_Loop_pr : dct_coeff_table_0 | {4 5 }
	Port: Loop_Col_DCT_Loop_pr : dct_coeff_table_1 | {3 4 }
	Port: Loop_Col_DCT_Loop_pr : dct_coeff_table_2 | {4 5 }
	Port: Loop_Col_DCT_Loop_pr : dct_coeff_table_3 | {3 4 }
	Port: Loop_Col_DCT_Loop_pr : dct_coeff_table_4 | {4 5 }
	Port: Loop_Col_DCT_Loop_pr : dct_coeff_table_5 | {3 4 }
	Port: Loop_Col_DCT_Loop_pr : dct_coeff_table_6 | {4 5 }
	Port: Loop_Col_DCT_Loop_pr : dct_coeff_table_7 | {4 5 }
  - Chain level:
	State 1
	State 2
		tmp_5 : 1
		i : 1
		StgValue_14 : 2
		i_2_i1_cast_i : 1
		tmp_s : 1
		tmp_18_cast : 2
		col_inbuf_0_addr : 2
		col_inbuf_1_addr : 2
		col_inbuf_2_addr : 2
		col_inbuf_3_addr : 2
		col_inbuf_4_addr : 2
		col_inbuf_5_addr : 2
		col_inbuf_6_addr : 2
		col_inbuf_7_addr : 2
	State 3
		tmp_i : 1
		k : 1
		StgValue_33 : 2
		k_cast1_i : 1
		k_cast1_i_cast : 1
		tmp_6 : 2
		dct_coeff_table_1_ad : 2
		dct_coeff_table_1_lo : 3
		dct_coeff_table_3_ad : 2
		dct_coeff_table_3_lo : 3
		dct_coeff_table_5_ad : 2
		dct_coeff_table_5_lo : 3
	State 4
		dct_coeff_table_0_lo : 1
		dct_coeff_table_2_lo : 1
		dct_coeff_table_4_lo : 1
		dct_coeff_table_6_lo : 1
		dct_coeff_table_7_lo : 1
	State 5
		tmp_3_1_i : 1
		tmp_3_3_i : 1
		tmp_3_5_i : 1
	State 6
		tmp_3_i : 1
		tmp_3_2_i : 1
		tmp_3_4_i : 1
		tmp_3_6_i : 1
		tmp_3_7_i : 1
		tmp1 : 2
		tmp2 : 2
		tmp : 3
		tmp4 : 2
		tmp6 : 2
		tmp5 : 3
	State 7
		tmp_9_i : 1
		tmp_1_i : 2
	State 8
		col_outbuf_i_addr : 1
		StgValue_116 : 2
		empty_19 : 1
	State 9


============================================================
+ Verbose Summary: Datapath Resource usage 
============================================================

* Functional unit list:
|----------|-----------------------|---------|---------|---------|
| Operation|    Functional Unit    |  DSP48E |    FF   |   LUT   |
|----------|-----------------------|---------|---------|---------|
|          |        i_fu_300       |    0    |    17   |    9    |
|          |        k_fu_336       |    0    |    17   |    9    |
|    add   |      tmp_6_fu_353     |    0    |    26   |    12   |
|          |       tmp_fu_406      |    0    |    92   |    34   |
|          |      tmp3_fu_410      |    0    |    0    |    29   |
|          |     tmp_9_i_fu_414    |    0    |    0    |    29   |
|----------|-----------------------|---------|---------|---------|
|          |       grp_fu_451      |    1    |    0    |    0    |
|          |       grp_fu_459      |    1    |    0    |    0    |
|  muladd  |       grp_fu_467      |    1    |    0    |    0    |
|          |       grp_fu_474      |    1    |    0    |    0    |
|          |       grp_fu_481      |    1    |    0    |    0    |
|----------|-----------------------|---------|---------|---------|
|   icmp   |      tmp_5_fu_294     |    0    |    0    |    2    |
|          |      tmp_i_fu_330     |    0    |    0    |    2    |
|----------|-----------------------|---------|---------|---------|
|          |    tmp_3_1_i_fu_433   |    1    |    0    |    0    |
|    mul   |    tmp_3_3_i_fu_439   |    1    |    0    |    0    |
|          |    tmp_3_5_i_fu_445   |    1    |    0    |    0    |
|----------|-----------------------|---------|---------|---------|
|          |  i_2_i1_cast_i_fu_306 |    0    |    0    |    0    |
|          |   tmp_18_cast_fu_326  |    0    |    0    |    0    |
|   zext   |    k_cast1_i_fu_342   |    0    |    0    |    0    |
|          | k_cast1_i_cast_fu_349 |    0    |    0    |    0    |
|          |  coeff_cast_i_fu_376  |    0    |    0    |    0    |
|          |   tmp_19_cast_fu_429  |    0    |    0    |    0    |
|----------|-----------------------|---------|---------|---------|
|bitconcatenate|      tmp_s_fu_318     |    0    |    0    |    0    |
|----------|-----------------------|---------|---------|---------|
|          | coeff_1_cast_i_fu_358 |    0    |    0    |    0    |
|          | tmp_2_1_cast_i_fu_361 |    0    |    0    |    0    |
|          | coeff_3_cast_i_fu_364 |    0    |    0    |    0    |
|          | tmp_2_3_cast_i_fu_367 |    0    |    0    |    0    |
|          | coeff_5_cast_i_fu_370 |    0    |    0    |    0    |
|          | tmp_2_5_cast_i_fu_373 |    0    |    0    |    0    |
|          |  tmp_2_cast_i_fu_379  |    0    |    0    |    0    |
|   sext   | coeff_2_cast_i_fu_382 |    0    |    0    |    0    |
|          | tmp_2_2_cast_i_fu_385 |    0    |    0    |    0    |
|          | coeff_4_cast_i_fu_388 |    0    |    0    |    0    |
|          | tmp_2_4_cast_i_fu_391 |    0    |    0    |    0    |
|          | coeff_6_cast_i_fu_394 |    0    |    0    |    0    |
|          | tmp_2_6_cast_i_fu_397 |    0    |    0    |    0    |
|          | coeff_7_cast_i_fu_400 |    0    |    0    |    0    |
|          | tmp_2_7_cast_i_fu_403 |    0    |    0    |    0    |
|----------|-----------------------|---------|---------|---------|
|partselect|     tmp_1_i_fu_419    |    0    |    0    |    0    |
|----------|-----------------------|---------|---------|---------|
|   Total  |                       |    8    |   152   |   126   |
|----------|-----------------------|---------|---------|---------|

Memories:
N/A

* Register list:
+----------------------------+--------+
|                            |   FF   |
+----------------------------+--------+
|  col_inbuf_0_addr_reg_504  |    3   |
|  col_inbuf_0_load_reg_642  |   16   |
|  col_inbuf_1_addr_reg_509  |    3   |
|  col_inbuf_1_load_reg_592  |   16   |
|  col_inbuf_2_addr_reg_514  |    3   |
|  col_inbuf_2_load_reg_657  |   16   |
|  col_inbuf_3_addr_reg_519  |    3   |
|  col_inbuf_3_load_reg_607  |   16   |
|  col_inbuf_4_addr_reg_524  |    3   |
|  col_inbuf_4_load_reg_672  |   16   |
|  col_inbuf_5_addr_reg_529  |    3   |
|  col_inbuf_5_load_reg_622  |   16   |
|  col_inbuf_6_addr_reg_534  |    3   |
|  col_inbuf_6_load_reg_687  |   16   |
|  col_inbuf_7_addr_reg_539  |    3   |
|  col_inbuf_7_load_reg_697  |   16   |
|dct_coeff_table_0_ad_reg_582|    3   |
|dct_coeff_table_0_lo_reg_637|   14   |
|dct_coeff_table_1_ad_reg_567|    3   |
|dct_coeff_table_1_lo_reg_587|   15   |
|dct_coeff_table_2_ad_reg_597|    3   |
|dct_coeff_table_2_lo_reg_652|   15   |
|dct_coeff_table_3_ad_reg_572|    3   |
|dct_coeff_table_3_lo_reg_602|   15   |
|dct_coeff_table_4_ad_reg_612|    3   |
|dct_coeff_table_4_lo_reg_667|   15   |
|dct_coeff_table_5_ad_reg_577|    3   |
|dct_coeff_table_5_lo_reg_617|   15   |
|dct_coeff_table_6_ad_reg_627|    3   |
|dct_coeff_table_6_lo_reg_682|   15   |
|dct_coeff_table_7_ad_reg_632|    3   |
|dct_coeff_table_7_lo_reg_692|   15   |
|        i_2_i_reg_272       |    4   |
|          i_reg_494         |    4   |
|      k_cast1_i_reg_553     |   32   |
|         k_i_reg_283        |    4   |
|          k_reg_548         |    4   |
|        tmp4_reg_707        |   29   |
|        tmp5_reg_712        |   29   |
|     tmp_18_cast_reg_499    |    8   |
|       tmp_1_i_reg_717      |   16   |
|      tmp_3_1_i_reg_647     |   29   |
|      tmp_3_3_i_reg_662     |   29   |
|      tmp_3_5_i_reg_677     |   29   |
|        tmp_5_reg_490       |    1   |
|        tmp_6_reg_562       |    8   |
|        tmp_i_reg_544       |    1   |
|         tmp_reg_702        |   29   |
+----------------------------+--------+
|            Total           |   551  |
+----------------------------+--------+

* Multiplexer (MUX) list: 
|-------------------|------|------|------|--------||---------||---------|
|        Comp       |  Pin | Size |  BW  | S x BW ||  Delay  ||   LUT   |
|-------------------|------|------|------|--------||---------||---------|
| grp_access_fu_139 |  p0  |   2  |   3  |    6   ||    9    |
| grp_access_fu_155 |  p0  |   2  |   3  |    6   ||    9    |
| grp_access_fu_171 |  p0  |   2  |   3  |    6   ||    9    |
| grp_access_fu_187 |  p0  |   2  |   3  |    6   ||    9    |
| grp_access_fu_203 |  p0  |   2  |   3  |    6   ||    9    |
| grp_access_fu_219 |  p0  |   2  |   3  |    6   ||    9    |
| grp_access_fu_235 |  p0  |   2  |   3  |    6   ||    9    |
| grp_access_fu_251 |  p0  |   2  |   3  |    6   ||    9    |
|     grp_fu_451    |  p0  |   2  |  14  |   28   ||    9    |
|     grp_fu_459    |  p0  |   2  |  15  |   30   ||    9    |
|     grp_fu_467    |  p0  |   2  |  15  |   30   ||    9    |
|     grp_fu_474    |  p1  |   2  |  16  |   32   ||    9    |
|-------------------|------|------|------|--------||---------||---------|
|       Total       |      |      |      |   168  ||  19.056 ||   108   |
|-------------------|------|------|------|--------||---------||---------|



* Summary:
+-----------+--------+--------+--------+--------+
|           | DSP48E |  Delay |   FF   |   LUT  |
+-----------+--------+--------+--------+--------+
|  Function |    8   |    -   |   152  |   126  |
|   Memory  |    -   |    -   |    -   |    -   |
|Multiplexer|    -   |   19   |    -   |   108  |
|  Register |    -   |    -   |   551  |    -   |
+-----------+--------+--------+--------+--------+
|   Total   |    8   |   19   |   703  |   234  |
+-----------+--------+--------+--------+--------+
