

================================================================
== Vivado HLS Report for 'dct_1d2'
================================================================
* Date:           Wed Apr 20 15:58:04 2022

* Version:        2017.2 (Build 1909853 on Thu Jun 15 18:55:24 MDT 2017)
* Project:        dct.prj
* Solution:       solution1
* Product family: zynq
* Target device:  xc7z010clg400-1


================================================================
== Performance Estimates
================================================================
+ Timing (ns): 
    * Summary: 
    +--------+-------+----------+------------+
    |  Clock | Target| Estimated| Uncertainty|
    +--------+-------+----------+------------+
    |ap_clk  |   8.00|      6.38|        1.00|
    +--------+-------+----------+------------+

+ Latency (clock cycles): 
    * Summary: 
    +-----+-----+-----+-----+---------+
    |  Latency  |  Interval | Pipeline|
    | min | max | min | max |   Type  |
    +-----+-----+-----+-----+---------+
    |  209|  209|  209|  209|   none  |
    +-----+-----+-----+-----+---------+

    + Detail: 
        * Instance: 
        N/A

        * Loop: 
        +-------------------+-----+-----+----------+-----------+-----------+------+----------+
        |                   |  Latency  | Iteration|  Initiation Interval  | Trip |          |
        |     Loop Name     | min | max |  Latency |  achieved |   target  | Count| Pipelined|
        +-------------------+-----+-----+----------+-----------+-----------+------+----------+
        |- DCT_Outer_Loop   |  208|  208|        26|          -|          -|     8|    no    |
        | + DCT_Inner_Loop  |   24|   24|         3|          -|          -|     8|    no    |
        +-------------------+-----+-----+----------+-----------+-----------+------+----------+



================================================================
== Utilization Estimates
================================================================
* Summary: 
+-----------------+---------+-------+-------+-------+
|       Name      | BRAM_18K| DSP48E|   FF  |  LUT  |
+-----------------+---------+-------+-------+-------+
|DSP              |        -|      1|      -|      -|
|Expression       |        -|      -|    213|     95|
|FIFO             |        -|      -|      -|      -|
|Instance         |        -|      -|      -|      -|
|Memory           |        0|      -|     15|     15|
|Multiplexer      |        -|      -|      -|     60|
|Register         |        -|      -|    102|      -|
+-----------------+---------+-------+-------+-------+
|Total            |        0|      1|    330|    170|
+-----------------+---------+-------+-------+-------+
|Available        |      120|     80|  35200|  17600|
+-----------------+---------+-------+-------+-------+
|Utilization (%)  |        0|      1|   ~0  |   ~0  |
+-----------------+---------+-------+-------+-------+

+ Detail: 
    * Instance: 
    N/A

    * DSP48: 
    +-------------------------+----------------------+--------------+
    |         Instance        |        Module        |  Expression  |
    +-------------------------+----------------------+--------------+
    |dct_mac_muladd_15cud_U0  |dct_mac_muladd_15cud  | i0 + i1 * i2 |
    +-------------------------+----------------------+--------------+

    * Memory: 
    +-------------------+----------------------+---------+----+----+------+-----+------+-------------+
    |       Memory      |        Module        | BRAM_18K| FF | LUT| Words| Bits| Banks| W*Bits*Banks|
    +-------------------+----------------------+---------+----+----+------+-----+------+-------------+
    |dct_coeff_table_U  |dct_1d2_dct_coeffbkb  |        0|  15|  15|    64|   15|     1|          960|
    +-------------------+----------------------+---------+----+----+------+-----+------+-------------+
    |Total              |                      |        0|  15|  15|    64|   15|     1|          960|
    +-------------------+----------------------+---------+----+----+------+-----+------+-------------+

    * FIFO: 
    N/A

    * Expression: 
    +------------------+----------+-------+----+----+------------+------------+
    |   Variable Name  | Operation| DSP48E| FF | LUT| Bitwidth P0| Bitwidth P1|
    +------------------+----------+-------+----+----+------------+------------+
    |k_1_fu_183_p2     |     +    |      0|  17|   9|           4|           1|
    |n_1_fu_219_p2     |     +    |      0|  17|   9|           4|           1|
    |tmp_17_fu_155_p2  |     +    |      0|  29|  13|           8|           8|
    |tmp_19_fu_193_p2  |     +    |      0|  29|  13|           8|           8|
    |tmp_20_fu_203_p2  |     +    |      0|  29|  13|           8|           8|
    |tmp_3_fu_229_p2   |     +    |      0|  92|  34|          13|          29|
    |tmp_fu_177_p2     |   icmp   |      0|   0|   2|           4|           5|
    |tmp_s_fu_213_p2   |   icmp   |      0|   0|   2|           4|           5|
    +------------------+----------+-------+----+----+------------+------------+
    |Total             |          |      0| 213|  95|          53|          65|
    +------------------+----------+-------+----+----+------------+------------+

    * Multiplexer: 
    +--------------+----+-----------+-----+-----------+
    |     Name     | LUT| Input Size| Bits| Total Bits|
    +--------------+----+-----------+-----+-----------+
    |ap_NS_fsm     |  33|          6|    1|          6|
    |k_reg_93      |   9|          2|    4|          8|
    |n_reg_104     |   9|          2|    4|          8|
    |tmp1_reg_115  |   9|          2|   32|         64|
    +--------------+----+-----------+-----+-----------+
    |Total         |  60|         12|   41|         86|
    +--------------+----+-----------+-----+-----------+

    * Register: 
    +------------------------------+----+----+-----+-----------+
    |             Name             | FF | LUT| Bits| Const Bits|
    +------------------------------+----+----+-----+-----------+
    |ap_CS_fsm                     |   5|   0|    5|          0|
    |dct_coeff_table_load_reg_306  |  15|   0|   15|          0|
    |dst_addr_reg_270              |   6|   0|    6|          0|
    |k_1_reg_283                   |   4|   0|    4|          0|
    |k_reg_93                      |   4|   0|    4|          0|
    |n_1_reg_301                   |   4|   0|    4|          0|
    |n_reg_104                     |   4|   0|    4|          0|
    |src_load_reg_311              |  16|   0|   16|          0|
    |tmp1_reg_115                  |  32|   0|   32|          0|
    |tmp_20_cast_reg_260           |   4|   0|    8|          4|
    |tmp_22_cast_reg_265           |   4|   0|    8|          4|
    |tmp_25_cast_reg_275           |   4|   0|    8|          4|
    +------------------------------+----+----+-----+-----------+
    |Total                         | 102|   0|  114|         12|
    +------------------------------+----+----+-----+-----------+



================================================================
== Interface
================================================================
* Summary: 
+--------------+-----+-----+------------+--------------+--------------+
|   RTL Ports  | Dir | Bits|  Protocol  | Source Object|    C Type    |
+--------------+-----+-----+------------+--------------+--------------+
|ap_clk        |  in |    1| ap_ctrl_hs |    dct_1d2   | return value |
|ap_rst        |  in |    1| ap_ctrl_hs |    dct_1d2   | return value |
|ap_start      |  in |    1| ap_ctrl_hs |    dct_1d2   | return value |
|ap_done       | out |    1| ap_ctrl_hs |    dct_1d2   | return value |
|ap_idle       | out |    1| ap_ctrl_hs |    dct_1d2   | return value |
|ap_ready      | out |    1| ap_ctrl_hs |    dct_1d2   | return value |
|src_address0  | out |    6|  ap_memory |      src     |     array    |
|src_ce0       | out |    1|  ap_memory |      src     |     array    |
|src_q0        |  in |   16|  ap_memory |      src     |     array    |
|i_2           |  in |    4|   ap_none  |      i_2     |    scalar    |
|dst_address0  | out |    6|  ap_memory |      dst     |     array    |
|dst_ce0       | out |    1|  ap_memory |      dst     |     array    |
|dst_we0       | out |    1|  ap_memory |      dst     |     array    |
|dst_d0        | out |   16|  ap_memory |      dst     |     array    |
|i_21          |  in |    4|   ap_none  |     i_21     |    scalar    |
+--------------+-----+-----+------------+--------------+--------------+

